[2022-07-19 06:29:53,305] {processor.py:163} INFO - Started process (PID=81047) to work on /usr/local/lib/python3.8/site-packages/airflow/example_dags/subdags/subdag.py
[2022-07-19 06:29:53,306] {processor.py:620} INFO - Processing file /usr/local/lib/python3.8/site-packages/airflow/example_dags/subdags/subdag.py for tasks to queue
[2022-07-19 06:29:53,306] {logging_mixin.py:109} INFO - [2022-07-19 06:29:53,306] {dagbag.py:500} INFO - Filling up the DagBag from /usr/local/lib/python3.8/site-packages/airflow/example_dags/subdags/subdag.py
[2022-07-19 06:29:53,319] {processor.py:634} WARNING - No viable dags retrieved from /usr/local/lib/python3.8/site-packages/airflow/example_dags/subdags/subdag.py
[2022-07-19 06:29:53,321] {processor.py:171} INFO - Processing /usr/local/lib/python3.8/site-packages/airflow/example_dags/subdags/subdag.py took 0.018 seconds
[2022-07-19 06:30:25,654] {processor.py:163} INFO - Started process (PID=81454) to work on /usr/local/lib/python3.8/site-packages/airflow/example_dags/subdags/subdag.py
[2022-07-19 06:30:25,655] {processor.py:620} INFO - Processing file /usr/local/lib/python3.8/site-packages/airflow/example_dags/subdags/subdag.py for tasks to queue
[2022-07-19 06:30:25,655] {logging_mixin.py:109} INFO - [2022-07-19 06:30:25,655] {dagbag.py:500} INFO - Filling up the DagBag from /usr/local/lib/python3.8/site-packages/airflow/example_dags/subdags/subdag.py
[2022-07-19 06:30:25,661] {processor.py:634} WARNING - No viable dags retrieved from /usr/local/lib/python3.8/site-packages/airflow/example_dags/subdags/subdag.py
[2022-07-19 06:30:25,663] {processor.py:171} INFO - Processing /usr/local/lib/python3.8/site-packages/airflow/example_dags/subdags/subdag.py took 0.010 seconds
[2022-07-19 06:31:00,013] {processor.py:163} INFO - Started process (PID=82205) to work on /usr/local/lib/python3.8/site-packages/airflow/example_dags/subdags/subdag.py
[2022-07-19 06:31:00,014] {processor.py:620} INFO - Processing file /usr/local/lib/python3.8/site-packages/airflow/example_dags/subdags/subdag.py for tasks to queue
[2022-07-19 06:31:00,014] {logging_mixin.py:109} INFO - [2022-07-19 06:31:00,014] {dagbag.py:500} INFO - Filling up the DagBag from /usr/local/lib/python3.8/site-packages/airflow/example_dags/subdags/subdag.py
[2022-07-19 06:31:00,021] {processor.py:634} WARNING - No viable dags retrieved from /usr/local/lib/python3.8/site-packages/airflow/example_dags/subdags/subdag.py
[2022-07-19 06:31:00,022] {processor.py:171} INFO - Processing /usr/local/lib/python3.8/site-packages/airflow/example_dags/subdags/subdag.py took 0.011 seconds
[2022-07-19 06:31:31,499] {processor.py:163} INFO - Started process (PID=82574) to work on /usr/local/lib/python3.8/site-packages/airflow/example_dags/subdags/subdag.py
[2022-07-19 06:31:31,499] {processor.py:620} INFO - Processing file /usr/local/lib/python3.8/site-packages/airflow/example_dags/subdags/subdag.py for tasks to queue
[2022-07-19 06:31:31,500] {logging_mixin.py:109} INFO - [2022-07-19 06:31:31,500] {dagbag.py:500} INFO - Filling up the DagBag from /usr/local/lib/python3.8/site-packages/airflow/example_dags/subdags/subdag.py
[2022-07-19 06:31:31,512] {processor.py:634} WARNING - No viable dags retrieved from /usr/local/lib/python3.8/site-packages/airflow/example_dags/subdags/subdag.py
[2022-07-19 06:31:31,514] {processor.py:171} INFO - Processing /usr/local/lib/python3.8/site-packages/airflow/example_dags/subdags/subdag.py took 0.019 seconds
[2022-07-19 06:32:04,773] {processor.py:163} INFO - Started process (PID=82953) to work on /usr/local/lib/python3.8/site-packages/airflow/example_dags/subdags/subdag.py
[2022-07-19 06:32:04,774] {processor.py:620} INFO - Processing file /usr/local/lib/python3.8/site-packages/airflow/example_dags/subdags/subdag.py for tasks to queue
[2022-07-19 06:32:04,775] {logging_mixin.py:109} INFO - [2022-07-19 06:32:04,775] {dagbag.py:500} INFO - Filling up the DagBag from /usr/local/lib/python3.8/site-packages/airflow/example_dags/subdags/subdag.py
[2022-07-19 06:32:04,790] {processor.py:634} WARNING - No viable dags retrieved from /usr/local/lib/python3.8/site-packages/airflow/example_dags/subdags/subdag.py
[2022-07-19 06:32:04,792] {processor.py:171} INFO - Processing /usr/local/lib/python3.8/site-packages/airflow/example_dags/subdags/subdag.py took 0.025 seconds
[2022-07-19 06:32:38,469] {processor.py:163} INFO - Started process (PID=83745) to work on /usr/local/lib/python3.8/site-packages/airflow/example_dags/subdags/subdag.py
[2022-07-19 06:32:38,471] {processor.py:620} INFO - Processing file /usr/local/lib/python3.8/site-packages/airflow/example_dags/subdags/subdag.py for tasks to queue
[2022-07-19 06:32:38,471] {logging_mixin.py:109} INFO - [2022-07-19 06:32:38,471] {dagbag.py:500} INFO - Filling up the DagBag from /usr/local/lib/python3.8/site-packages/airflow/example_dags/subdags/subdag.py
[2022-07-19 06:32:38,486] {processor.py:634} WARNING - No viable dags retrieved from /usr/local/lib/python3.8/site-packages/airflow/example_dags/subdags/subdag.py
[2022-07-19 06:32:38,488] {processor.py:171} INFO - Processing /usr/local/lib/python3.8/site-packages/airflow/example_dags/subdags/subdag.py took 0.023 seconds
[2022-07-19 06:33:11,770] {processor.py:163} INFO - Started process (PID=84507) to work on /usr/local/lib/python3.8/site-packages/airflow/example_dags/subdags/subdag.py
[2022-07-19 06:33:11,771] {processor.py:620} INFO - Processing file /usr/local/lib/python3.8/site-packages/airflow/example_dags/subdags/subdag.py for tasks to queue
[2022-07-19 06:33:11,771] {logging_mixin.py:109} INFO - [2022-07-19 06:33:11,771] {dagbag.py:500} INFO - Filling up the DagBag from /usr/local/lib/python3.8/site-packages/airflow/example_dags/subdags/subdag.py
[2022-07-19 06:33:11,780] {processor.py:634} WARNING - No viable dags retrieved from /usr/local/lib/python3.8/site-packages/airflow/example_dags/subdags/subdag.py
[2022-07-19 06:33:11,781] {processor.py:171} INFO - Processing /usr/local/lib/python3.8/site-packages/airflow/example_dags/subdags/subdag.py took 0.016 seconds
[2022-07-19 06:33:44,832] {processor.py:163} INFO - Started process (PID=84861) to work on /usr/local/lib/python3.8/site-packages/airflow/example_dags/subdags/subdag.py
[2022-07-19 06:33:44,833] {processor.py:620} INFO - Processing file /usr/local/lib/python3.8/site-packages/airflow/example_dags/subdags/subdag.py for tasks to queue
[2022-07-19 06:33:44,833] {logging_mixin.py:109} INFO - [2022-07-19 06:33:44,833] {dagbag.py:500} INFO - Filling up the DagBag from /usr/local/lib/python3.8/site-packages/airflow/example_dags/subdags/subdag.py
[2022-07-19 06:33:44,849] {processor.py:634} WARNING - No viable dags retrieved from /usr/local/lib/python3.8/site-packages/airflow/example_dags/subdags/subdag.py
[2022-07-19 06:33:44,852] {processor.py:171} INFO - Processing /usr/local/lib/python3.8/site-packages/airflow/example_dags/subdags/subdag.py took 0.025 seconds
[2022-07-19 06:34:16,463] {processor.py:163} INFO - Started process (PID=85221) to work on /usr/local/lib/python3.8/site-packages/airflow/example_dags/subdags/subdag.py
[2022-07-19 06:34:16,464] {processor.py:620} INFO - Processing file /usr/local/lib/python3.8/site-packages/airflow/example_dags/subdags/subdag.py for tasks to queue
[2022-07-19 06:34:16,464] {logging_mixin.py:109} INFO - [2022-07-19 06:34:16,464] {dagbag.py:500} INFO - Filling up the DagBag from /usr/local/lib/python3.8/site-packages/airflow/example_dags/subdags/subdag.py
[2022-07-19 06:34:16,473] {processor.py:634} WARNING - No viable dags retrieved from /usr/local/lib/python3.8/site-packages/airflow/example_dags/subdags/subdag.py
[2022-07-19 06:34:16,474] {processor.py:171} INFO - Processing /usr/local/lib/python3.8/site-packages/airflow/example_dags/subdags/subdag.py took 0.013 seconds
[2022-07-19 06:34:48,595] {processor.py:163} INFO - Started process (PID=85571) to work on /usr/local/lib/python3.8/site-packages/airflow/example_dags/subdags/subdag.py
[2022-07-19 06:34:48,597] {processor.py:620} INFO - Processing file /usr/local/lib/python3.8/site-packages/airflow/example_dags/subdags/subdag.py for tasks to queue
[2022-07-19 06:34:48,597] {logging_mixin.py:109} INFO - [2022-07-19 06:34:48,597] {dagbag.py:500} INFO - Filling up the DagBag from /usr/local/lib/python3.8/site-packages/airflow/example_dags/subdags/subdag.py
[2022-07-19 06:34:48,614] {processor.py:634} WARNING - No viable dags retrieved from /usr/local/lib/python3.8/site-packages/airflow/example_dags/subdags/subdag.py
[2022-07-19 06:34:48,616] {processor.py:171} INFO - Processing /usr/local/lib/python3.8/site-packages/airflow/example_dags/subdags/subdag.py took 0.026 seconds
[2022-07-19 06:35:21,444] {processor.py:163} INFO - Started process (PID=85968) to work on /usr/local/lib/python3.8/site-packages/airflow/example_dags/subdags/subdag.py
[2022-07-19 06:35:21,445] {processor.py:620} INFO - Processing file /usr/local/lib/python3.8/site-packages/airflow/example_dags/subdags/subdag.py for tasks to queue
[2022-07-19 06:35:21,446] {logging_mixin.py:109} INFO - [2022-07-19 06:35:21,446] {dagbag.py:500} INFO - Filling up the DagBag from /usr/local/lib/python3.8/site-packages/airflow/example_dags/subdags/subdag.py
[2022-07-19 06:35:21,460] {processor.py:634} WARNING - No viable dags retrieved from /usr/local/lib/python3.8/site-packages/airflow/example_dags/subdags/subdag.py
[2022-07-19 06:35:21,462] {processor.py:171} INFO - Processing /usr/local/lib/python3.8/site-packages/airflow/example_dags/subdags/subdag.py took 0.022 seconds
[2022-07-19 06:35:54,101] {processor.py:163} INFO - Started process (PID=86332) to work on /usr/local/lib/python3.8/site-packages/airflow/example_dags/subdags/subdag.py
[2022-07-19 06:35:54,102] {processor.py:620} INFO - Processing file /usr/local/lib/python3.8/site-packages/airflow/example_dags/subdags/subdag.py for tasks to queue
[2022-07-19 06:35:54,102] {logging_mixin.py:109} INFO - [2022-07-19 06:35:54,102] {dagbag.py:500} INFO - Filling up the DagBag from /usr/local/lib/python3.8/site-packages/airflow/example_dags/subdags/subdag.py
[2022-07-19 06:35:54,110] {processor.py:634} WARNING - No viable dags retrieved from /usr/local/lib/python3.8/site-packages/airflow/example_dags/subdags/subdag.py
[2022-07-19 06:35:54,111] {processor.py:171} INFO - Processing /usr/local/lib/python3.8/site-packages/airflow/example_dags/subdags/subdag.py took 0.011 seconds
[2022-07-19 06:36:25,347] {processor.py:163} INFO - Started process (PID=86666) to work on /usr/local/lib/python3.8/site-packages/airflow/example_dags/subdags/subdag.py
[2022-07-19 06:36:25,349] {processor.py:620} INFO - Processing file /usr/local/lib/python3.8/site-packages/airflow/example_dags/subdags/subdag.py for tasks to queue
[2022-07-19 06:36:25,351] {logging_mixin.py:109} INFO - [2022-07-19 06:36:25,351] {dagbag.py:500} INFO - Filling up the DagBag from /usr/local/lib/python3.8/site-packages/airflow/example_dags/subdags/subdag.py
[2022-07-19 06:36:25,367] {processor.py:634} WARNING - No viable dags retrieved from /usr/local/lib/python3.8/site-packages/airflow/example_dags/subdags/subdag.py
[2022-07-19 06:36:25,370] {processor.py:171} INFO - Processing /usr/local/lib/python3.8/site-packages/airflow/example_dags/subdags/subdag.py took 0.030 seconds
[2022-07-19 06:36:58,572] {processor.py:163} INFO - Started process (PID=87393) to work on /usr/local/lib/python3.8/site-packages/airflow/example_dags/subdags/subdag.py
[2022-07-19 06:36:58,573] {processor.py:620} INFO - Processing file /usr/local/lib/python3.8/site-packages/airflow/example_dags/subdags/subdag.py for tasks to queue
[2022-07-19 06:36:58,573] {logging_mixin.py:109} INFO - [2022-07-19 06:36:58,573] {dagbag.py:500} INFO - Filling up the DagBag from /usr/local/lib/python3.8/site-packages/airflow/example_dags/subdags/subdag.py
[2022-07-19 06:36:58,588] {processor.py:634} WARNING - No viable dags retrieved from /usr/local/lib/python3.8/site-packages/airflow/example_dags/subdags/subdag.py
[2022-07-19 06:36:58,590] {processor.py:171} INFO - Processing /usr/local/lib/python3.8/site-packages/airflow/example_dags/subdags/subdag.py took 0.022 seconds
[2022-07-19 06:37:30,599] {processor.py:163} INFO - Started process (PID=88794) to work on /usr/local/lib/python3.8/site-packages/airflow/example_dags/subdags/subdag.py
[2022-07-19 06:37:30,600] {processor.py:620} INFO - Processing file /usr/local/lib/python3.8/site-packages/airflow/example_dags/subdags/subdag.py for tasks to queue
[2022-07-19 06:37:30,600] {logging_mixin.py:109} INFO - [2022-07-19 06:37:30,600] {dagbag.py:500} INFO - Filling up the DagBag from /usr/local/lib/python3.8/site-packages/airflow/example_dags/subdags/subdag.py
[2022-07-19 06:37:30,609] {processor.py:634} WARNING - No viable dags retrieved from /usr/local/lib/python3.8/site-packages/airflow/example_dags/subdags/subdag.py
[2022-07-19 06:37:30,611] {processor.py:171} INFO - Processing /usr/local/lib/python3.8/site-packages/airflow/example_dags/subdags/subdag.py took 0.015 seconds
[2022-07-19 06:38:03,190] {processor.py:163} INFO - Started process (PID=89554) to work on /usr/local/lib/python3.8/site-packages/airflow/example_dags/subdags/subdag.py
[2022-07-19 06:38:03,191] {processor.py:620} INFO - Processing file /usr/local/lib/python3.8/site-packages/airflow/example_dags/subdags/subdag.py for tasks to queue
[2022-07-19 06:38:03,191] {logging_mixin.py:109} INFO - [2022-07-19 06:38:03,191] {dagbag.py:500} INFO - Filling up the DagBag from /usr/local/lib/python3.8/site-packages/airflow/example_dags/subdags/subdag.py
[2022-07-19 06:38:03,207] {processor.py:634} WARNING - No viable dags retrieved from /usr/local/lib/python3.8/site-packages/airflow/example_dags/subdags/subdag.py
[2022-07-19 06:38:03,210] {processor.py:171} INFO - Processing /usr/local/lib/python3.8/site-packages/airflow/example_dags/subdags/subdag.py took 0.026 seconds
[2022-07-19 06:38:35,406] {processor.py:163} INFO - Started process (PID=89906) to work on /usr/local/lib/python3.8/site-packages/airflow/example_dags/subdags/subdag.py
[2022-07-19 06:38:35,407] {processor.py:620} INFO - Processing file /usr/local/lib/python3.8/site-packages/airflow/example_dags/subdags/subdag.py for tasks to queue
[2022-07-19 06:38:35,408] {logging_mixin.py:109} INFO - [2022-07-19 06:38:35,408] {dagbag.py:500} INFO - Filling up the DagBag from /usr/local/lib/python3.8/site-packages/airflow/example_dags/subdags/subdag.py
[2022-07-19 06:38:35,427] {processor.py:634} WARNING - No viable dags retrieved from /usr/local/lib/python3.8/site-packages/airflow/example_dags/subdags/subdag.py
[2022-07-19 06:38:35,429] {processor.py:171} INFO - Processing /usr/local/lib/python3.8/site-packages/airflow/example_dags/subdags/subdag.py took 0.030 seconds
[2022-07-19 06:39:08,586] {processor.py:163} INFO - Started process (PID=90285) to work on /usr/local/lib/python3.8/site-packages/airflow/example_dags/subdags/subdag.py
[2022-07-19 06:39:08,587] {processor.py:620} INFO - Processing file /usr/local/lib/python3.8/site-packages/airflow/example_dags/subdags/subdag.py for tasks to queue
[2022-07-19 06:39:08,587] {logging_mixin.py:109} INFO - [2022-07-19 06:39:08,587] {dagbag.py:500} INFO - Filling up the DagBag from /usr/local/lib/python3.8/site-packages/airflow/example_dags/subdags/subdag.py
[2022-07-19 06:39:08,595] {processor.py:634} WARNING - No viable dags retrieved from /usr/local/lib/python3.8/site-packages/airflow/example_dags/subdags/subdag.py
[2022-07-19 06:39:08,597] {processor.py:171} INFO - Processing /usr/local/lib/python3.8/site-packages/airflow/example_dags/subdags/subdag.py took 0.012 seconds
[2022-07-19 06:39:41,161] {processor.py:163} INFO - Started process (PID=90631) to work on /usr/local/lib/python3.8/site-packages/airflow/example_dags/subdags/subdag.py
[2022-07-19 06:39:41,162] {processor.py:620} INFO - Processing file /usr/local/lib/python3.8/site-packages/airflow/example_dags/subdags/subdag.py for tasks to queue
[2022-07-19 06:39:41,162] {logging_mixin.py:109} INFO - [2022-07-19 06:39:41,162] {dagbag.py:500} INFO - Filling up the DagBag from /usr/local/lib/python3.8/site-packages/airflow/example_dags/subdags/subdag.py
[2022-07-19 06:39:41,169] {processor.py:634} WARNING - No viable dags retrieved from /usr/local/lib/python3.8/site-packages/airflow/example_dags/subdags/subdag.py
[2022-07-19 06:39:41,171] {processor.py:171} INFO - Processing /usr/local/lib/python3.8/site-packages/airflow/example_dags/subdags/subdag.py took 0.012 seconds
[2022-07-19 06:40:11,564] {processor.py:163} INFO - Started process (PID=91000) to work on /usr/local/lib/python3.8/site-packages/airflow/example_dags/subdags/subdag.py
[2022-07-19 06:40:11,565] {processor.py:620} INFO - Processing file /usr/local/lib/python3.8/site-packages/airflow/example_dags/subdags/subdag.py for tasks to queue
[2022-07-19 06:40:11,566] {logging_mixin.py:109} INFO - [2022-07-19 06:40:11,566] {dagbag.py:500} INFO - Filling up the DagBag from /usr/local/lib/python3.8/site-packages/airflow/example_dags/subdags/subdag.py
[2022-07-19 06:40:11,581] {processor.py:634} WARNING - No viable dags retrieved from /usr/local/lib/python3.8/site-packages/airflow/example_dags/subdags/subdag.py
[2022-07-19 06:40:11,583] {processor.py:171} INFO - Processing /usr/local/lib/python3.8/site-packages/airflow/example_dags/subdags/subdag.py took 0.024 seconds
[2022-07-19 06:40:42,886] {processor.py:163} INFO - Started process (PID=91340) to work on /usr/local/lib/python3.8/site-packages/airflow/example_dags/subdags/subdag.py
[2022-07-19 06:40:42,887] {processor.py:620} INFO - Processing file /usr/local/lib/python3.8/site-packages/airflow/example_dags/subdags/subdag.py for tasks to queue
[2022-07-19 06:40:42,888] {logging_mixin.py:109} INFO - [2022-07-19 06:40:42,888] {dagbag.py:500} INFO - Filling up the DagBag from /usr/local/lib/python3.8/site-packages/airflow/example_dags/subdags/subdag.py
[2022-07-19 06:40:42,904] {processor.py:634} WARNING - No viable dags retrieved from /usr/local/lib/python3.8/site-packages/airflow/example_dags/subdags/subdag.py
[2022-07-19 06:40:42,906] {processor.py:171} INFO - Processing /usr/local/lib/python3.8/site-packages/airflow/example_dags/subdags/subdag.py took 0.027 seconds
[2022-07-19 06:41:15,323] {processor.py:163} INFO - Started process (PID=91704) to work on /usr/local/lib/python3.8/site-packages/airflow/example_dags/subdags/subdag.py
[2022-07-19 06:41:15,325] {processor.py:620} INFO - Processing file /usr/local/lib/python3.8/site-packages/airflow/example_dags/subdags/subdag.py for tasks to queue
[2022-07-19 06:41:15,326] {logging_mixin.py:109} INFO - [2022-07-19 06:41:15,326] {dagbag.py:500} INFO - Filling up the DagBag from /usr/local/lib/python3.8/site-packages/airflow/example_dags/subdags/subdag.py
[2022-07-19 06:41:15,340] {processor.py:634} WARNING - No viable dags retrieved from /usr/local/lib/python3.8/site-packages/airflow/example_dags/subdags/subdag.py
[2022-07-19 06:41:15,343] {processor.py:171} INFO - Processing /usr/local/lib/python3.8/site-packages/airflow/example_dags/subdags/subdag.py took 0.025 seconds
[2022-07-19 06:41:48,597] {processor.py:163} INFO - Started process (PID=92065) to work on /usr/local/lib/python3.8/site-packages/airflow/example_dags/subdags/subdag.py
[2022-07-19 06:41:48,598] {processor.py:620} INFO - Processing file /usr/local/lib/python3.8/site-packages/airflow/example_dags/subdags/subdag.py for tasks to queue
[2022-07-19 06:41:48,599] {logging_mixin.py:109} INFO - [2022-07-19 06:41:48,599] {dagbag.py:500} INFO - Filling up the DagBag from /usr/local/lib/python3.8/site-packages/airflow/example_dags/subdags/subdag.py
[2022-07-19 06:41:48,615] {processor.py:634} WARNING - No viable dags retrieved from /usr/local/lib/python3.8/site-packages/airflow/example_dags/subdags/subdag.py
[2022-07-19 06:41:48,618] {processor.py:171} INFO - Processing /usr/local/lib/python3.8/site-packages/airflow/example_dags/subdags/subdag.py took 0.028 seconds
[2022-07-19 06:42:20,699] {processor.py:163} INFO - Started process (PID=92427) to work on /usr/local/lib/python3.8/site-packages/airflow/example_dags/subdags/subdag.py
[2022-07-19 06:42:20,700] {processor.py:620} INFO - Processing file /usr/local/lib/python3.8/site-packages/airflow/example_dags/subdags/subdag.py for tasks to queue
[2022-07-19 06:42:20,701] {logging_mixin.py:109} INFO - [2022-07-19 06:42:20,701] {dagbag.py:500} INFO - Filling up the DagBag from /usr/local/lib/python3.8/site-packages/airflow/example_dags/subdags/subdag.py
[2022-07-19 06:42:20,713] {processor.py:634} WARNING - No viable dags retrieved from /usr/local/lib/python3.8/site-packages/airflow/example_dags/subdags/subdag.py
[2022-07-19 06:42:20,715] {processor.py:171} INFO - Processing /usr/local/lib/python3.8/site-packages/airflow/example_dags/subdags/subdag.py took 0.019 seconds
[2022-07-19 06:42:53,411] {processor.py:163} INFO - Started process (PID=92788) to work on /usr/local/lib/python3.8/site-packages/airflow/example_dags/subdags/subdag.py
[2022-07-19 06:42:53,412] {processor.py:620} INFO - Processing file /usr/local/lib/python3.8/site-packages/airflow/example_dags/subdags/subdag.py for tasks to queue
[2022-07-19 06:42:53,412] {logging_mixin.py:109} INFO - [2022-07-19 06:42:53,412] {dagbag.py:500} INFO - Filling up the DagBag from /usr/local/lib/python3.8/site-packages/airflow/example_dags/subdags/subdag.py
[2022-07-19 06:42:53,425] {processor.py:634} WARNING - No viable dags retrieved from /usr/local/lib/python3.8/site-packages/airflow/example_dags/subdags/subdag.py
[2022-07-19 06:42:53,427] {processor.py:171} INFO - Processing /usr/local/lib/python3.8/site-packages/airflow/example_dags/subdags/subdag.py took 0.020 seconds
[2022-07-19 06:43:24,378] {processor.py:163} INFO - Started process (PID=93208) to work on /usr/local/lib/python3.8/site-packages/airflow/example_dags/subdags/subdag.py
[2022-07-19 06:43:24,379] {processor.py:620} INFO - Processing file /usr/local/lib/python3.8/site-packages/airflow/example_dags/subdags/subdag.py for tasks to queue
[2022-07-19 06:43:24,380] {logging_mixin.py:109} INFO - [2022-07-19 06:43:24,380] {dagbag.py:500} INFO - Filling up the DagBag from /usr/local/lib/python3.8/site-packages/airflow/example_dags/subdags/subdag.py
[2022-07-19 06:43:24,391] {processor.py:634} WARNING - No viable dags retrieved from /usr/local/lib/python3.8/site-packages/airflow/example_dags/subdags/subdag.py
[2022-07-19 06:43:24,392] {processor.py:171} INFO - Processing /usr/local/lib/python3.8/site-packages/airflow/example_dags/subdags/subdag.py took 0.018 seconds
[2022-07-19 06:43:58,925] {processor.py:163} INFO - Started process (PID=93665) to work on /usr/local/lib/python3.8/site-packages/airflow/example_dags/subdags/subdag.py
[2022-07-19 06:43:58,926] {processor.py:620} INFO - Processing file /usr/local/lib/python3.8/site-packages/airflow/example_dags/subdags/subdag.py for tasks to queue
[2022-07-19 06:43:58,927] {logging_mixin.py:109} INFO - [2022-07-19 06:43:58,927] {dagbag.py:500} INFO - Filling up the DagBag from /usr/local/lib/python3.8/site-packages/airflow/example_dags/subdags/subdag.py
[2022-07-19 06:43:58,943] {processor.py:634} WARNING - No viable dags retrieved from /usr/local/lib/python3.8/site-packages/airflow/example_dags/subdags/subdag.py
[2022-07-19 06:43:58,945] {processor.py:171} INFO - Processing /usr/local/lib/python3.8/site-packages/airflow/example_dags/subdags/subdag.py took 0.025 seconds
[2022-07-19 06:44:29,291] {processor.py:163} INFO - Started process (PID=94037) to work on /usr/local/lib/python3.8/site-packages/airflow/example_dags/subdags/subdag.py
[2022-07-19 06:44:29,291] {processor.py:620} INFO - Processing file /usr/local/lib/python3.8/site-packages/airflow/example_dags/subdags/subdag.py for tasks to queue
[2022-07-19 06:44:29,292] {logging_mixin.py:109} INFO - [2022-07-19 06:44:29,291] {dagbag.py:500} INFO - Filling up the DagBag from /usr/local/lib/python3.8/site-packages/airflow/example_dags/subdags/subdag.py
[2022-07-19 06:44:29,303] {processor.py:634} WARNING - No viable dags retrieved from /usr/local/lib/python3.8/site-packages/airflow/example_dags/subdags/subdag.py
[2022-07-19 06:44:29,305] {processor.py:171} INFO - Processing /usr/local/lib/python3.8/site-packages/airflow/example_dags/subdags/subdag.py took 0.018 seconds
[2022-07-19 06:44:57,428] {processor.py:163} INFO - Started process (PID=94439) to work on /usr/local/lib/python3.8/site-packages/airflow/example_dags/subdags/subdag.py
[2022-07-19 06:44:57,429] {processor.py:620} INFO - Processing file /usr/local/lib/python3.8/site-packages/airflow/example_dags/subdags/subdag.py for tasks to queue
[2022-07-19 06:44:57,430] {logging_mixin.py:109} INFO - [2022-07-19 06:44:57,430] {dagbag.py:500} INFO - Filling up the DagBag from /usr/local/lib/python3.8/site-packages/airflow/example_dags/subdags/subdag.py
[2022-07-19 06:44:57,445] {processor.py:634} WARNING - No viable dags retrieved from /usr/local/lib/python3.8/site-packages/airflow/example_dags/subdags/subdag.py
[2022-07-19 06:44:57,447] {processor.py:171} INFO - Processing /usr/local/lib/python3.8/site-packages/airflow/example_dags/subdags/subdag.py took 0.023 seconds
[2022-07-19 06:45:29,962] {processor.py:163} INFO - Started process (PID=95029) to work on /usr/local/lib/python3.8/site-packages/airflow/example_dags/subdags/subdag.py
[2022-07-19 06:45:29,963] {processor.py:620} INFO - Processing file /usr/local/lib/python3.8/site-packages/airflow/example_dags/subdags/subdag.py for tasks to queue
[2022-07-19 06:45:29,963] {logging_mixin.py:109} INFO - [2022-07-19 06:45:29,963] {dagbag.py:500} INFO - Filling up the DagBag from /usr/local/lib/python3.8/site-packages/airflow/example_dags/subdags/subdag.py
[2022-07-19 06:45:29,973] {processor.py:634} WARNING - No viable dags retrieved from /usr/local/lib/python3.8/site-packages/airflow/example_dags/subdags/subdag.py
[2022-07-19 06:45:29,976] {processor.py:171} INFO - Processing /usr/local/lib/python3.8/site-packages/airflow/example_dags/subdags/subdag.py took 0.016 seconds
[2022-07-19 06:46:00,522] {processor.py:163} INFO - Started process (PID=95543) to work on /usr/local/lib/python3.8/site-packages/airflow/example_dags/subdags/subdag.py
[2022-07-19 06:46:00,523] {processor.py:620} INFO - Processing file /usr/local/lib/python3.8/site-packages/airflow/example_dags/subdags/subdag.py for tasks to queue
[2022-07-19 06:46:00,523] {logging_mixin.py:109} INFO - [2022-07-19 06:46:00,523] {dagbag.py:500} INFO - Filling up the DagBag from /usr/local/lib/python3.8/site-packages/airflow/example_dags/subdags/subdag.py
[2022-07-19 06:46:00,533] {processor.py:634} WARNING - No viable dags retrieved from /usr/local/lib/python3.8/site-packages/airflow/example_dags/subdags/subdag.py
[2022-07-19 06:46:00,534] {processor.py:171} INFO - Processing /usr/local/lib/python3.8/site-packages/airflow/example_dags/subdags/subdag.py took 0.017 seconds
[2022-07-19 06:46:32,525] {processor.py:163} INFO - Started process (PID=95898) to work on /usr/local/lib/python3.8/site-packages/airflow/example_dags/subdags/subdag.py
[2022-07-19 06:46:32,526] {processor.py:620} INFO - Processing file /usr/local/lib/python3.8/site-packages/airflow/example_dags/subdags/subdag.py for tasks to queue
[2022-07-19 06:46:32,527] {logging_mixin.py:109} INFO - [2022-07-19 06:46:32,527] {dagbag.py:500} INFO - Filling up the DagBag from /usr/local/lib/python3.8/site-packages/airflow/example_dags/subdags/subdag.py
[2022-07-19 06:46:32,542] {processor.py:634} WARNING - No viable dags retrieved from /usr/local/lib/python3.8/site-packages/airflow/example_dags/subdags/subdag.py
[2022-07-19 06:46:32,544] {processor.py:171} INFO - Processing /usr/local/lib/python3.8/site-packages/airflow/example_dags/subdags/subdag.py took 0.025 seconds
[2022-07-19 06:47:04,555] {processor.py:163} INFO - Started process (PID=96440) to work on /usr/local/lib/python3.8/site-packages/airflow/example_dags/subdags/subdag.py
[2022-07-19 06:47:04,556] {processor.py:620} INFO - Processing file /usr/local/lib/python3.8/site-packages/airflow/example_dags/subdags/subdag.py for tasks to queue
[2022-07-19 06:47:04,556] {logging_mixin.py:109} INFO - [2022-07-19 06:47:04,556] {dagbag.py:500} INFO - Filling up the DagBag from /usr/local/lib/python3.8/site-packages/airflow/example_dags/subdags/subdag.py
[2022-07-19 06:47:04,563] {processor.py:634} WARNING - No viable dags retrieved from /usr/local/lib/python3.8/site-packages/airflow/example_dags/subdags/subdag.py
[2022-07-19 06:47:04,564] {processor.py:171} INFO - Processing /usr/local/lib/python3.8/site-packages/airflow/example_dags/subdags/subdag.py took 0.011 seconds
[2022-07-19 06:47:29,064] {processor.py:163} INFO - Started process (PID=96777) to work on /usr/local/lib/python3.8/site-packages/airflow/example_dags/subdags/subdag.py
[2022-07-19 06:47:29,065] {processor.py:620} INFO - Processing file /usr/local/lib/python3.8/site-packages/airflow/example_dags/subdags/subdag.py for tasks to queue
[2022-07-19 06:47:29,065] {logging_mixin.py:109} INFO - [2022-07-19 06:47:29,065] {dagbag.py:500} INFO - Filling up the DagBag from /usr/local/lib/python3.8/site-packages/airflow/example_dags/subdags/subdag.py
[2022-07-19 06:47:29,075] {processor.py:634} WARNING - No viable dags retrieved from /usr/local/lib/python3.8/site-packages/airflow/example_dags/subdags/subdag.py
[2022-07-19 06:47:29,076] {processor.py:171} INFO - Processing /usr/local/lib/python3.8/site-packages/airflow/example_dags/subdags/subdag.py took 0.016 seconds
[2022-07-19 06:47:59,867] {processor.py:163} INFO - Started process (PID=97391) to work on /usr/local/lib/python3.8/site-packages/airflow/example_dags/subdags/subdag.py
[2022-07-19 06:47:59,868] {processor.py:620} INFO - Processing file /usr/local/lib/python3.8/site-packages/airflow/example_dags/subdags/subdag.py for tasks to queue
[2022-07-19 06:47:59,869] {logging_mixin.py:109} INFO - [2022-07-19 06:47:59,869] {dagbag.py:500} INFO - Filling up the DagBag from /usr/local/lib/python3.8/site-packages/airflow/example_dags/subdags/subdag.py
[2022-07-19 06:47:59,879] {processor.py:634} WARNING - No viable dags retrieved from /usr/local/lib/python3.8/site-packages/airflow/example_dags/subdags/subdag.py
[2022-07-19 06:47:59,882] {processor.py:171} INFO - Processing /usr/local/lib/python3.8/site-packages/airflow/example_dags/subdags/subdag.py took 0.018 seconds
[2022-07-19 06:48:31,017] {processor.py:163} INFO - Started process (PID=98456) to work on /usr/local/lib/python3.8/site-packages/airflow/example_dags/subdags/subdag.py
[2022-07-19 06:48:31,018] {processor.py:620} INFO - Processing file /usr/local/lib/python3.8/site-packages/airflow/example_dags/subdags/subdag.py for tasks to queue
[2022-07-19 06:48:31,018] {logging_mixin.py:109} INFO - [2022-07-19 06:48:31,018] {dagbag.py:500} INFO - Filling up the DagBag from /usr/local/lib/python3.8/site-packages/airflow/example_dags/subdags/subdag.py
[2022-07-19 06:48:31,030] {processor.py:634} WARNING - No viable dags retrieved from /usr/local/lib/python3.8/site-packages/airflow/example_dags/subdags/subdag.py
[2022-07-19 06:48:31,031] {processor.py:171} INFO - Processing /usr/local/lib/python3.8/site-packages/airflow/example_dags/subdags/subdag.py took 0.017 seconds
[2022-07-19 06:49:17,277] {processor.py:163} INFO - Started process (PID=410) to work on /usr/local/lib/python3.8/site-packages/airflow/example_dags/subdags/subdag.py
[2022-07-19 06:49:17,277] {processor.py:620} INFO - Processing file /usr/local/lib/python3.8/site-packages/airflow/example_dags/subdags/subdag.py for tasks to queue
[2022-07-19 06:49:17,277] {logging_mixin.py:109} INFO - [2022-07-19 06:49:17,277] {dagbag.py:500} INFO - Filling up the DagBag from /usr/local/lib/python3.8/site-packages/airflow/example_dags/subdags/subdag.py
[2022-07-19 06:49:17,285] {processor.py:634} WARNING - No viable dags retrieved from /usr/local/lib/python3.8/site-packages/airflow/example_dags/subdags/subdag.py
[2022-07-19 06:49:17,287] {processor.py:171} INFO - Processing /usr/local/lib/python3.8/site-packages/airflow/example_dags/subdags/subdag.py took 0.013 seconds
[2022-07-19 06:49:48,281] {processor.py:163} INFO - Started process (PID=1640) to work on /usr/local/lib/python3.8/site-packages/airflow/example_dags/subdags/subdag.py
[2022-07-19 06:49:48,282] {processor.py:620} INFO - Processing file /usr/local/lib/python3.8/site-packages/airflow/example_dags/subdags/subdag.py for tasks to queue
[2022-07-19 06:49:48,283] {logging_mixin.py:109} INFO - [2022-07-19 06:49:48,282] {dagbag.py:500} INFO - Filling up the DagBag from /usr/local/lib/python3.8/site-packages/airflow/example_dags/subdags/subdag.py
[2022-07-19 06:49:48,298] {processor.py:634} WARNING - No viable dags retrieved from /usr/local/lib/python3.8/site-packages/airflow/example_dags/subdags/subdag.py
[2022-07-19 06:49:48,300] {processor.py:171} INFO - Processing /usr/local/lib/python3.8/site-packages/airflow/example_dags/subdags/subdag.py took 0.024 seconds
[2022-07-19 06:50:19,268] {processor.py:163} INFO - Started process (PID=2042) to work on /usr/local/lib/python3.8/site-packages/airflow/example_dags/subdags/subdag.py
[2022-07-19 06:50:19,269] {processor.py:620} INFO - Processing file /usr/local/lib/python3.8/site-packages/airflow/example_dags/subdags/subdag.py for tasks to queue
[2022-07-19 06:50:19,269] {logging_mixin.py:109} INFO - [2022-07-19 06:50:19,269] {dagbag.py:500} INFO - Filling up the DagBag from /usr/local/lib/python3.8/site-packages/airflow/example_dags/subdags/subdag.py
[2022-07-19 06:50:19,282] {processor.py:634} WARNING - No viable dags retrieved from /usr/local/lib/python3.8/site-packages/airflow/example_dags/subdags/subdag.py
[2022-07-19 06:50:19,284] {processor.py:171} INFO - Processing /usr/local/lib/python3.8/site-packages/airflow/example_dags/subdags/subdag.py took 0.020 seconds
[2022-07-19 06:50:51,405] {processor.py:163} INFO - Started process (PID=2401) to work on /usr/local/lib/python3.8/site-packages/airflow/example_dags/subdags/subdag.py
[2022-07-19 06:50:51,406] {processor.py:620} INFO - Processing file /usr/local/lib/python3.8/site-packages/airflow/example_dags/subdags/subdag.py for tasks to queue
[2022-07-19 06:50:51,406] {logging_mixin.py:109} INFO - [2022-07-19 06:50:51,406] {dagbag.py:500} INFO - Filling up the DagBag from /usr/local/lib/python3.8/site-packages/airflow/example_dags/subdags/subdag.py
[2022-07-19 06:50:51,418] {processor.py:634} WARNING - No viable dags retrieved from /usr/local/lib/python3.8/site-packages/airflow/example_dags/subdags/subdag.py
[2022-07-19 06:50:51,420] {processor.py:171} INFO - Processing /usr/local/lib/python3.8/site-packages/airflow/example_dags/subdags/subdag.py took 0.019 seconds
[2022-07-19 06:51:22,287] {processor.py:163} INFO - Started process (PID=3436) to work on /usr/local/lib/python3.8/site-packages/airflow/example_dags/subdags/subdag.py
[2022-07-19 06:51:22,289] {processor.py:620} INFO - Processing file /usr/local/lib/python3.8/site-packages/airflow/example_dags/subdags/subdag.py for tasks to queue
[2022-07-19 06:51:22,289] {logging_mixin.py:109} INFO - [2022-07-19 06:51:22,289] {dagbag.py:500} INFO - Filling up the DagBag from /usr/local/lib/python3.8/site-packages/airflow/example_dags/subdags/subdag.py
[2022-07-19 06:51:22,305] {processor.py:634} WARNING - No viable dags retrieved from /usr/local/lib/python3.8/site-packages/airflow/example_dags/subdags/subdag.py
[2022-07-19 06:51:22,307] {processor.py:171} INFO - Processing /usr/local/lib/python3.8/site-packages/airflow/example_dags/subdags/subdag.py took 0.025 seconds
[2022-07-19 06:51:54,360] {processor.py:163} INFO - Started process (PID=3811) to work on /usr/local/lib/python3.8/site-packages/airflow/example_dags/subdags/subdag.py
[2022-07-19 06:51:54,361] {processor.py:620} INFO - Processing file /usr/local/lib/python3.8/site-packages/airflow/example_dags/subdags/subdag.py for tasks to queue
[2022-07-19 06:51:54,362] {logging_mixin.py:109} INFO - [2022-07-19 06:51:54,362] {dagbag.py:500} INFO - Filling up the DagBag from /usr/local/lib/python3.8/site-packages/airflow/example_dags/subdags/subdag.py
[2022-07-19 06:51:54,378] {processor.py:634} WARNING - No viable dags retrieved from /usr/local/lib/python3.8/site-packages/airflow/example_dags/subdags/subdag.py
[2022-07-19 06:51:54,380] {processor.py:171} INFO - Processing /usr/local/lib/python3.8/site-packages/airflow/example_dags/subdags/subdag.py took 0.028 seconds
[2022-07-19 06:52:25,215] {processor.py:163} INFO - Started process (PID=4161) to work on /usr/local/lib/python3.8/site-packages/airflow/example_dags/subdags/subdag.py
[2022-07-19 06:52:25,216] {processor.py:620} INFO - Processing file /usr/local/lib/python3.8/site-packages/airflow/example_dags/subdags/subdag.py for tasks to queue
[2022-07-19 06:52:25,216] {logging_mixin.py:109} INFO - [2022-07-19 06:52:25,216] {dagbag.py:500} INFO - Filling up the DagBag from /usr/local/lib/python3.8/site-packages/airflow/example_dags/subdags/subdag.py
[2022-07-19 06:52:25,228] {processor.py:634} WARNING - No viable dags retrieved from /usr/local/lib/python3.8/site-packages/airflow/example_dags/subdags/subdag.py
[2022-07-19 06:52:25,230] {processor.py:171} INFO - Processing /usr/local/lib/python3.8/site-packages/airflow/example_dags/subdags/subdag.py took 0.017 seconds
[2022-07-19 06:52:56,693] {processor.py:163} INFO - Started process (PID=4737) to work on /usr/local/lib/python3.8/site-packages/airflow/example_dags/subdags/subdag.py
[2022-07-19 06:52:56,694] {processor.py:620} INFO - Processing file /usr/local/lib/python3.8/site-packages/airflow/example_dags/subdags/subdag.py for tasks to queue
[2022-07-19 06:52:56,694] {logging_mixin.py:109} INFO - [2022-07-19 06:52:56,694] {dagbag.py:500} INFO - Filling up the DagBag from /usr/local/lib/python3.8/site-packages/airflow/example_dags/subdags/subdag.py
[2022-07-19 06:52:56,711] {processor.py:634} WARNING - No viable dags retrieved from /usr/local/lib/python3.8/site-packages/airflow/example_dags/subdags/subdag.py
[2022-07-19 06:52:56,714] {processor.py:171} INFO - Processing /usr/local/lib/python3.8/site-packages/airflow/example_dags/subdags/subdag.py took 0.027 seconds
[2022-07-19 06:53:27,611] {processor.py:163} INFO - Started process (PID=5084) to work on /usr/local/lib/python3.8/site-packages/airflow/example_dags/subdags/subdag.py
[2022-07-19 06:53:27,612] {processor.py:620} INFO - Processing file /usr/local/lib/python3.8/site-packages/airflow/example_dags/subdags/subdag.py for tasks to queue
[2022-07-19 06:53:27,613] {logging_mixin.py:109} INFO - [2022-07-19 06:53:27,613] {dagbag.py:500} INFO - Filling up the DagBag from /usr/local/lib/python3.8/site-packages/airflow/example_dags/subdags/subdag.py
[2022-07-19 06:53:27,628] {processor.py:634} WARNING - No viable dags retrieved from /usr/local/lib/python3.8/site-packages/airflow/example_dags/subdags/subdag.py
[2022-07-19 06:53:27,630] {processor.py:171} INFO - Processing /usr/local/lib/python3.8/site-packages/airflow/example_dags/subdags/subdag.py took 0.025 seconds
[2022-07-19 06:53:58,700] {processor.py:163} INFO - Started process (PID=5457) to work on /usr/local/lib/python3.8/site-packages/airflow/example_dags/subdags/subdag.py
[2022-07-19 06:53:58,700] {processor.py:620} INFO - Processing file /usr/local/lib/python3.8/site-packages/airflow/example_dags/subdags/subdag.py for tasks to queue
[2022-07-19 06:53:58,701] {logging_mixin.py:109} INFO - [2022-07-19 06:53:58,701] {dagbag.py:500} INFO - Filling up the DagBag from /usr/local/lib/python3.8/site-packages/airflow/example_dags/subdags/subdag.py
[2022-07-19 06:53:58,707] {processor.py:634} WARNING - No viable dags retrieved from /usr/local/lib/python3.8/site-packages/airflow/example_dags/subdags/subdag.py
[2022-07-19 06:53:58,708] {processor.py:171} INFO - Processing /usr/local/lib/python3.8/site-packages/airflow/example_dags/subdags/subdag.py took 0.009 seconds
[2022-07-19 06:54:29,676] {processor.py:163} INFO - Started process (PID=5808) to work on /usr/local/lib/python3.8/site-packages/airflow/example_dags/subdags/subdag.py
[2022-07-19 06:54:29,677] {processor.py:620} INFO - Processing file /usr/local/lib/python3.8/site-packages/airflow/example_dags/subdags/subdag.py for tasks to queue
[2022-07-19 06:54:29,678] {logging_mixin.py:109} INFO - [2022-07-19 06:54:29,678] {dagbag.py:500} INFO - Filling up the DagBag from /usr/local/lib/python3.8/site-packages/airflow/example_dags/subdags/subdag.py
[2022-07-19 06:54:29,691] {processor.py:634} WARNING - No viable dags retrieved from /usr/local/lib/python3.8/site-packages/airflow/example_dags/subdags/subdag.py
[2022-07-19 06:54:29,693] {processor.py:171} INFO - Processing /usr/local/lib/python3.8/site-packages/airflow/example_dags/subdags/subdag.py took 0.021 seconds
[2022-07-19 06:55:00,795] {processor.py:163} INFO - Started process (PID=6211) to work on /usr/local/lib/python3.8/site-packages/airflow/example_dags/subdags/subdag.py
[2022-07-19 06:55:00,796] {processor.py:620} INFO - Processing file /usr/local/lib/python3.8/site-packages/airflow/example_dags/subdags/subdag.py for tasks to queue
[2022-07-19 06:55:00,797] {logging_mixin.py:109} INFO - [2022-07-19 06:55:00,797] {dagbag.py:500} INFO - Filling up the DagBag from /usr/local/lib/python3.8/site-packages/airflow/example_dags/subdags/subdag.py
[2022-07-19 06:55:00,815] {processor.py:634} WARNING - No viable dags retrieved from /usr/local/lib/python3.8/site-packages/airflow/example_dags/subdags/subdag.py
[2022-07-19 06:55:00,817] {processor.py:171} INFO - Processing /usr/local/lib/python3.8/site-packages/airflow/example_dags/subdags/subdag.py took 0.028 seconds
[2022-07-19 06:55:31,864] {processor.py:163} INFO - Started process (PID=6604) to work on /usr/local/lib/python3.8/site-packages/airflow/example_dags/subdags/subdag.py
[2022-07-19 06:55:31,865] {processor.py:620} INFO - Processing file /usr/local/lib/python3.8/site-packages/airflow/example_dags/subdags/subdag.py for tasks to queue
[2022-07-19 06:55:31,866] {logging_mixin.py:109} INFO - [2022-07-19 06:55:31,866] {dagbag.py:500} INFO - Filling up the DagBag from /usr/local/lib/python3.8/site-packages/airflow/example_dags/subdags/subdag.py
[2022-07-19 06:55:31,881] {processor.py:634} WARNING - No viable dags retrieved from /usr/local/lib/python3.8/site-packages/airflow/example_dags/subdags/subdag.py
[2022-07-19 06:55:31,884] {processor.py:171} INFO - Processing /usr/local/lib/python3.8/site-packages/airflow/example_dags/subdags/subdag.py took 0.025 seconds
[2022-07-19 06:56:02,886] {processor.py:163} INFO - Started process (PID=7014) to work on /usr/local/lib/python3.8/site-packages/airflow/example_dags/subdags/subdag.py
[2022-07-19 06:56:02,887] {processor.py:620} INFO - Processing file /usr/local/lib/python3.8/site-packages/airflow/example_dags/subdags/subdag.py for tasks to queue
[2022-07-19 06:56:02,888] {logging_mixin.py:109} INFO - [2022-07-19 06:56:02,888] {dagbag.py:500} INFO - Filling up the DagBag from /usr/local/lib/python3.8/site-packages/airflow/example_dags/subdags/subdag.py
[2022-07-19 06:56:02,904] {processor.py:634} WARNING - No viable dags retrieved from /usr/local/lib/python3.8/site-packages/airflow/example_dags/subdags/subdag.py
[2022-07-19 06:56:02,906] {processor.py:171} INFO - Processing /usr/local/lib/python3.8/site-packages/airflow/example_dags/subdags/subdag.py took 0.025 seconds
[2022-07-19 06:56:33,759] {processor.py:163} INFO - Started process (PID=7439) to work on /usr/local/lib/python3.8/site-packages/airflow/example_dags/subdags/subdag.py
[2022-07-19 06:56:33,760] {processor.py:620} INFO - Processing file /usr/local/lib/python3.8/site-packages/airflow/example_dags/subdags/subdag.py for tasks to queue
[2022-07-19 06:56:33,761] {logging_mixin.py:109} INFO - [2022-07-19 06:56:33,761] {dagbag.py:500} INFO - Filling up the DagBag from /usr/local/lib/python3.8/site-packages/airflow/example_dags/subdags/subdag.py
[2022-07-19 06:56:33,776] {processor.py:634} WARNING - No viable dags retrieved from /usr/local/lib/python3.8/site-packages/airflow/example_dags/subdags/subdag.py
[2022-07-19 06:56:33,778] {processor.py:171} INFO - Processing /usr/local/lib/python3.8/site-packages/airflow/example_dags/subdags/subdag.py took 0.022 seconds
[2022-07-19 06:57:04,565] {processor.py:163} INFO - Started process (PID=7813) to work on /usr/local/lib/python3.8/site-packages/airflow/example_dags/subdags/subdag.py
[2022-07-19 06:57:04,566] {processor.py:620} INFO - Processing file /usr/local/lib/python3.8/site-packages/airflow/example_dags/subdags/subdag.py for tasks to queue
[2022-07-19 06:57:04,567] {logging_mixin.py:109} INFO - [2022-07-19 06:57:04,567] {dagbag.py:500} INFO - Filling up the DagBag from /usr/local/lib/python3.8/site-packages/airflow/example_dags/subdags/subdag.py
[2022-07-19 06:57:04,582] {processor.py:634} WARNING - No viable dags retrieved from /usr/local/lib/python3.8/site-packages/airflow/example_dags/subdags/subdag.py
[2022-07-19 06:57:04,584] {processor.py:171} INFO - Processing /usr/local/lib/python3.8/site-packages/airflow/example_dags/subdags/subdag.py took 0.024 seconds
[2022-07-19 06:57:36,613] {processor.py:163} INFO - Started process (PID=8195) to work on /usr/local/lib/python3.8/site-packages/airflow/example_dags/subdags/subdag.py
[2022-07-19 06:57:36,614] {processor.py:620} INFO - Processing file /usr/local/lib/python3.8/site-packages/airflow/example_dags/subdags/subdag.py for tasks to queue
[2022-07-19 06:57:36,615] {logging_mixin.py:109} INFO - [2022-07-19 06:57:36,615] {dagbag.py:500} INFO - Filling up the DagBag from /usr/local/lib/python3.8/site-packages/airflow/example_dags/subdags/subdag.py
[2022-07-19 06:57:36,631] {processor.py:634} WARNING - No viable dags retrieved from /usr/local/lib/python3.8/site-packages/airflow/example_dags/subdags/subdag.py
[2022-07-19 06:57:36,633] {processor.py:171} INFO - Processing /usr/local/lib/python3.8/site-packages/airflow/example_dags/subdags/subdag.py took 0.025 seconds
[2022-07-19 06:58:07,604] {processor.py:163} INFO - Started process (PID=8535) to work on /usr/local/lib/python3.8/site-packages/airflow/example_dags/subdags/subdag.py
[2022-07-19 06:58:07,605] {processor.py:620} INFO - Processing file /usr/local/lib/python3.8/site-packages/airflow/example_dags/subdags/subdag.py for tasks to queue
[2022-07-19 06:58:07,606] {logging_mixin.py:109} INFO - [2022-07-19 06:58:07,606] {dagbag.py:500} INFO - Filling up the DagBag from /usr/local/lib/python3.8/site-packages/airflow/example_dags/subdags/subdag.py
[2022-07-19 06:58:07,621] {processor.py:634} WARNING - No viable dags retrieved from /usr/local/lib/python3.8/site-packages/airflow/example_dags/subdags/subdag.py
[2022-07-19 06:58:07,624] {processor.py:171} INFO - Processing /usr/local/lib/python3.8/site-packages/airflow/example_dags/subdags/subdag.py took 0.026 seconds
[2022-07-19 06:58:39,780] {processor.py:163} INFO - Started process (PID=8902) to work on /usr/local/lib/python3.8/site-packages/airflow/example_dags/subdags/subdag.py
[2022-07-19 06:58:39,780] {processor.py:620} INFO - Processing file /usr/local/lib/python3.8/site-packages/airflow/example_dags/subdags/subdag.py for tasks to queue
[2022-07-19 06:58:39,781] {logging_mixin.py:109} INFO - [2022-07-19 06:58:39,781] {dagbag.py:500} INFO - Filling up the DagBag from /usr/local/lib/python3.8/site-packages/airflow/example_dags/subdags/subdag.py
[2022-07-19 06:58:39,796] {processor.py:634} WARNING - No viable dags retrieved from /usr/local/lib/python3.8/site-packages/airflow/example_dags/subdags/subdag.py
[2022-07-19 06:58:39,798] {processor.py:171} INFO - Processing /usr/local/lib/python3.8/site-packages/airflow/example_dags/subdags/subdag.py took 0.024 seconds
[2022-07-19 06:59:10,865] {processor.py:163} INFO - Started process (PID=9988) to work on /usr/local/lib/python3.8/site-packages/airflow/example_dags/subdags/subdag.py
[2022-07-19 06:59:10,867] {processor.py:620} INFO - Processing file /usr/local/lib/python3.8/site-packages/airflow/example_dags/subdags/subdag.py for tasks to queue
[2022-07-19 06:59:10,867] {logging_mixin.py:109} INFO - [2022-07-19 06:59:10,867] {dagbag.py:500} INFO - Filling up the DagBag from /usr/local/lib/python3.8/site-packages/airflow/example_dags/subdags/subdag.py
[2022-07-19 06:59:10,882] {processor.py:634} WARNING - No viable dags retrieved from /usr/local/lib/python3.8/site-packages/airflow/example_dags/subdags/subdag.py
[2022-07-19 06:59:10,884] {processor.py:171} INFO - Processing /usr/local/lib/python3.8/site-packages/airflow/example_dags/subdags/subdag.py took 0.023 seconds
