[2022-09-27 06:27:46,656] {taskinstance.py:1035} INFO - Dependencies all met for <TaskInstance: recruitment-airflow.S3ToElasticsearch scheduled__2022-09-26T00:00:00+00:00 [queued]>
[2022-09-27 06:27:46,676] {taskinstance.py:1035} INFO - Dependencies all met for <TaskInstance: recruitment-airflow.S3ToElasticsearch scheduled__2022-09-26T00:00:00+00:00 [queued]>
[2022-09-27 06:27:46,677] {taskinstance.py:1241} INFO - 
--------------------------------------------------------------------------------
[2022-09-27 06:27:46,678] {taskinstance.py:1242} INFO - Starting attempt 1 of 1
[2022-09-27 06:27:46,679] {taskinstance.py:1243} INFO - 
--------------------------------------------------------------------------------
[2022-09-27 06:27:46,740] {taskinstance.py:1262} INFO - Executing <Task(BashOperator): S3ToElasticsearch> on 2022-09-26 00:00:00+00:00
[2022-09-27 06:27:46,742] {standard_task_runner.py:52} INFO - Started process 306 to run task
[2022-09-27 06:27:46,745] {standard_task_runner.py:76} INFO - Running: ['airflow', 'tasks', 'run', 'recruitment-airflow', 'S3ToElasticsearch', 'scheduled__2022-09-26T00:00:00+00:00', '--job-id', '9', '--raw', '--subdir', 'DAGS_FOLDER/recruitment_pipeline.py', '--cfg-path', '/tmp/tmpnu1eohsv', '--error-file', '/tmp/tmpaq4y45qf']
[2022-09-27 06:27:46,746] {standard_task_runner.py:77} INFO - Job 9: Subtask S3ToElasticsearch
[2022-09-27 06:27:46,823] {logging_mixin.py:109} INFO - Running <TaskInstance: recruitment-airflow.S3ToElasticsearch scheduled__2022-09-26T00:00:00+00:00 [running]> on host pipeline
[2022-09-27 06:27:46,870] {logging_mixin.py:109} WARNING - /usr/local/lib/python3.8/site-packages/airflow/models/xcom.py:323 SAWarning: TypeDecorator UtcDateTime(timezone=True) will not produce a cache key because the ``cache_ok`` attribute is not set to True.  This can have significant performance implications including some performance degradations in comparison to prior SQLAlchemy versions.  Set this attribute to True if this type object's state is safe to use in a cache key, or False to disable this warning. (Background on this error at: https://sqlalche.me/e/14/cprf)
[2022-09-27 06:27:46,887] {logging_mixin.py:109} WARNING - /usr/local/lib/python3.8/site-packages/airflow/models/renderedtifields.py:126 SAWarning: TypeDecorator UtcDateTime(timezone=True) will not produce a cache key because the ``cache_ok`` attribute is not set to True.  This can have significant performance implications including some performance degradations in comparison to prior SQLAlchemy versions.  Set this attribute to True if this type object's state is safe to use in a cache key, or False to disable this warning. (Background on this error at: https://sqlalche.me/e/14/cprf)
[2022-09-27 06:27:46,924] {logging_mixin.py:109} WARNING - /usr/local/lib/python3.8/site-packages/airflow/models/renderedtifields.py:162 SAWarning: Coercing Subquery object into a select() for use in IN(); please pass a select() construct explicitly
[2022-09-27 06:27:46,928] {logging_mixin.py:109} WARNING - /usr/local/lib/python3.8/site-packages/airflow/models/renderedtifields.py:159 SAWarning: TypeDecorator UtcDateTime(timezone=True) will not produce a cache key because the ``cache_ok`` attribute is not set to True.  This can have significant performance implications including some performance degradations in comparison to prior SQLAlchemy versions.  Set this attribute to True if this type object's state is safe to use in a cache key, or False to disable this warning. (Background on this error at: https://sqlalche.me/e/14/cprf)
[2022-09-27 06:27:46,942] {taskinstance.py:1427} INFO - Exporting the following env vars:
AIRFLOW_CTX_DAG_OWNER=airflow
AIRFLOW_CTX_DAG_ID=recruitment-airflow
AIRFLOW_CTX_TASK_ID=S3ToElasticsearch
AIRFLOW_CTX_EXECUTION_DATE=2022-09-26T00:00:00+00:00
AIRFLOW_CTX_DAG_RUN_ID=scheduled__2022-09-26T00:00:00+00:00
[2022-09-27 06:27:46,944] {subprocess.py:62} INFO - Tmp dir root location: 
 /tmp
[2022-09-27 06:27:46,945] {subprocess.py:74} INFO - Running command: ['bash', '-c', 'python /opt/pipeline/script/S3ToElasticsearch.py']
[2022-09-27 06:27:46,950] {subprocess.py:85} INFO - Output:
[2022-09-27 06:27:51,242] {subprocess.py:89} INFO - /opt/pipeline/script/S3ToElasticsearch.py:88: ElasticsearchWarning: Elasticsearch built-in security features are not enabled. Without authentication, your cluster could be accessible to anyone. See https://www.elastic.co/guide/en/elasticsearch/reference/7.16/security-minimal-setup.html to enable security.
[2022-09-27 06:27:51,243] {subprocess.py:89} INFO -   es.update(index=ES_INDEX, id=doc_id, doc=dict_data, doc_as_upsert=True)
[2022-09-27 06:27:51,244] {subprocess.py:89} INFO - programmers/
[2022-09-27 06:27:51,247] {subprocess.py:89} INFO - programmers/111퍼센트데이터 엔지니어.json
[2022-09-27 06:27:51,248] {subprocess.py:89} INFO - programmers/AB180Data Scientist (데이터 사이언티스트)(병역특례 가능).json
[2022-09-27 06:27:51,249] {subprocess.py:89} INFO - programmers/Gauss LabsAI Engineer.json
[2022-09-27 06:27:51,250] {subprocess.py:89} INFO - programmers/VETEC백엔드 개발자.json
[2022-09-27 06:27:51,251] {subprocess.py:89} INFO - programmers/WATCHAML 엔지니어.json
[2022-09-27 06:27:51,252] {subprocess.py:89} INFO - programmers/XinicsDevOps 엔지니어.json
[2022-09-27 06:27:51,253] {subprocess.py:89} INFO - programmers/고위드데이터 분석가(Data Analyst).json
[2022-09-27 06:27:51,255] {subprocess.py:89} INFO - programmers/네오사피엔스데이터 엔지니어.json
[2022-09-27 06:27:51,256] {subprocess.py:89} INFO - programmers/데브시스터즈Data Platform Software Engineer (Senior_Junior).json
[2022-09-27 06:27:51,257] {subprocess.py:89} INFO - programmers/룩코데이터 크롤링 및 시스템 구축 엔지니어.json
[2022-09-27 06:27:51,258] {subprocess.py:89} INFO - programmers/릴리커버백엔드 경력 개발자 모집.json
[2022-09-27 06:27:51,259] {subprocess.py:89} INFO - programmers/마크애니[부산지역] 선별관제 솔루션 필드 엔지니어 부문.json
[2022-09-27 06:27:51,260] {subprocess.py:89} INFO - programmers/메쉬코리아ML Engineer.json
[2022-09-27 06:27:51,261] {subprocess.py:89} INFO - programmers/메쉬코리아데이터 엔지니어.json
[2022-09-27 06:27:51,262] {subprocess.py:89} INFO - programmers/바로고Data Engineer (Data ETL Engineer).json
[2022-09-27 06:27:51,263] {subprocess.py:89} INFO - programmers/바로고Public Cloud Engineer.json
[2022-09-27 06:27:51,264] {subprocess.py:89} INFO - programmers/버킷플레이스(오늘의집)Software Engineer (산업기능요원).json
[2022-09-27 06:27:51,265] {subprocess.py:89} INFO - programmers/버킷플레이스(오늘의집)Software Engineer, Data.json
[2022-09-27 06:27:51,266] {subprocess.py:89} INFO - programmers/버킷플레이스(오늘의집)[전문연구요원] Software Engineer, Data.json
[2022-09-27 06:27:51,267] {subprocess.py:89} INFO - programmers/빅픽처팀NLP _ TTS 연구원 , 데이터 엔지니어, 데이터 사이언스.json
[2022-09-27 06:27:51,268] {subprocess.py:89} INFO - programmers/빅픽처팀데이터 엔지니어.json
[2022-09-27 06:27:51,269] {subprocess.py:89} INFO - programmers/스테이지파이브데이터 엔지니어.json
[2022-09-27 06:27:51,270] {subprocess.py:89} INFO - programmers/스트리미데이터 엔지니어.json
[2022-09-27 06:27:51,270] {subprocess.py:89} INFO - programmers/스페이스워크Data Scientist.json
[2022-09-27 06:27:51,271] {subprocess.py:89} INFO - programmers/스페이스워크ML Engineering (강화학습 기반 건축설계 자동화 엔진 개발).json
[2022-09-27 06:27:51,273] {subprocess.py:89} INFO - programmers/싱크테크노웹풀스택 (데이터융합 웹서비스 플랫폼 개발).json
[2022-09-27 06:27:51,274] {subprocess.py:89} INFO - programmers/쏘마Back-end Engineer (백엔드 엔지니어).json
[2022-09-27 06:27:51,276] {subprocess.py:89} INFO - programmers/쏘마Data Engineer (데이터 엔지니어).json
[2022-09-27 06:27:51,278] {subprocess.py:89} INFO - programmers/쏘마Detection Engineer.json
[2022-09-27 06:27:51,278] {subprocess.py:89} INFO - programmers/아비커스(R&D) 플랫폼 개발 MLOps.json
[2022-09-27 06:27:51,280] {subprocess.py:89} INFO - programmers/아비커스Machine Learning Engineer.json
[2022-09-27 06:27:51,281] {subprocess.py:89} INFO - programmers/아비커스Perception Engineer.json
[2022-09-27 06:27:51,281] {subprocess.py:89} INFO - programmers/아이트AI PM(팀장 이상 급) 및 개발자(AI, 빅데이터 분야).json
[2022-09-27 06:27:51,283] {subprocess.py:89} INFO - programmers/아티언스서버 개발자.json
[2022-09-27 06:27:51,284] {subprocess.py:89} INFO - programmers/어뮤즈랩AI 미디어 개발자.json
[2022-09-27 06:27:51,286] {subprocess.py:89} INFO - programmers/어센트코리아데이터수집 플랫폼개발자.json
[2022-09-27 06:27:51,287] {subprocess.py:89} INFO - programmers/어센트코리아빅데이터플랫폼개발자.json
[2022-09-27 06:27:51,288] {subprocess.py:89} INFO - programmers/오비이랩데이터 분석 알고리즘 개발자(석_박사급).json
[2022-09-27 06:27:51,289] {subprocess.py:89} INFO - programmers/오케스트로Data Scientist.json
[2022-09-27 06:27:51,290] {subprocess.py:89} INFO - programmers/오케스트로Deep learning Engineer.json
[2022-09-27 06:27:51,291] {subprocess.py:89} INFO - programmers/올거나이즈코리아[AI Startup] AI Researcher _ Engineer.json
[2022-09-27 06:27:51,292] {subprocess.py:89} INFO - programmers/와디즈데이터 분석가.json
[2022-09-27 06:27:51,293] {subprocess.py:89} INFO - programmers/웨이브릿지[웨이브릿지] DW Engineer.json
[2022-09-27 06:27:51,294] {subprocess.py:89} INFO - programmers/위메이드Data Engineer.json
[2022-09-27 06:27:51,295] {subprocess.py:89} INFO - programmers/이노팸Visual  Geo-localization  Researcher.json
[2022-09-27 06:27:51,296] {subprocess.py:89} INFO - programmers/인젠트클라우드 사업실(마이데이터, APIM) 개발자.json
[2022-09-27 06:27:51,298] {subprocess.py:89} INFO - programmers/인포보스[인포보스]인공지능개발팀(산업기능요원, 전문연구요원 가능).json
[2022-09-27 06:27:51,299] {subprocess.py:89} INFO - programmers/인플루엔셜[윌라] 데이터 엔지니어.json
[2022-09-27 06:27:51,300] {subprocess.py:89} INFO - programmers/잉클산업용 설비 데이터 분석가.json
[2022-09-27 06:27:51,302] {subprocess.py:89} INFO - programmers/제네시스랩Data Scientist.json
[2022-09-27 06:27:51,303] {subprocess.py:89} INFO - programmers/케어마인드AI 엔지니어.json
[2022-09-27 06:27:51,304] {subprocess.py:89} INFO - programmers/쿤텍AI_DATA Engineer.json
[2022-09-27 06:27:51,305] {subprocess.py:89} INFO - programmers/쿤텍데이터 개발자.json
[2022-09-27 06:27:51,306] {subprocess.py:89} INFO - programmers/쿤텍클라우드 데이터 엔지니어(Data Engineer).json
[2022-09-27 06:27:51,307] {subprocess.py:89} INFO - programmers/클로봇[기업부설연구소] Robotics Perception 개발.json
[2022-09-27 06:27:51,307] {subprocess.py:89} INFO - programmers/클로봇[기업부설연구소] Visual_LiDAR SLAM 개발.json
[2022-09-27 06:27:51,308] {subprocess.py:89} INFO - programmers/클로봇[기업부설연구소] 자율주행 개발.json
[2022-09-27 06:27:51,309] {subprocess.py:89} INFO - programmers/페이타랩[패스오더] 데이터 엔지니어(그로스해커).json
[2022-09-27 06:27:51,311] {subprocess.py:89} INFO - programmers/페이타랩[패스오더] 백엔드 개발자 (Spring, Python, MSA).json
[2022-09-27 06:27:51,312] {subprocess.py:89} INFO - programmers/페이타랩[패스오더] 백엔드(Spring, Python, MSA)개발자 (병역특례 산업기능요원 보충역_전직가능).json
[2022-09-27 06:27:51,312] {subprocess.py:89} INFO - programmers/포커스미디어코리아Data Engineer.json
[2022-09-27 06:27:51,314] {subprocess.py:89} INFO - programmers/프렌트립데이터 엔지니어(Data Engineer).json
[2022-09-27 06:27:51,314] {subprocess.py:89} INFO - programmers/해줌[에너지 IT기업 해줌] 백엔드 개발자.json
[2022-09-27 06:27:51,315] {subprocess.py:93} INFO - Command exited with return code 0
[2022-09-27 06:27:51,321] {logging_mixin.py:109} WARNING - /usr/local/lib/python3.8/site-packages/airflow/models/xcom.py:103 SAWarning: TypeDecorator UtcDateTime(timezone=True) will not produce a cache key because the ``cache_ok`` attribute is not set to True.  This can have significant performance implications including some performance degradations in comparison to prior SQLAlchemy versions.  Set this attribute to True if this type object's state is safe to use in a cache key, or False to disable this warning. (Background on this error at: https://sqlalche.me/e/14/cprf)
[2022-09-27 06:27:51,380] {taskinstance.py:1270} INFO - Marking task as SUCCESS. dag_id=recruitment-airflow, task_id=S3ToElasticsearch, execution_date=20220926T000000, start_date=20220927T062746, end_date=20220927T062751
[2022-09-27 06:27:51,479] {local_task_job.py:154} INFO - Task exited with return code 0
[2022-09-27 06:27:51,514] {local_task_job.py:264} INFO - 0 downstream tasks scheduled from follow-on schedule check
[2022-09-27 06:27:51,516] {logging_mixin.py:109} WARNING - /usr/local/lib/python3.8/site-packages/airflow/models/dag.py:1069 SADeprecationWarning: Query.value() is deprecated and will be removed in a future release.  Please use Query.with_entities() in combination with Query.scalar() (deprecated since: 1.4)
[2022-09-27 06:27:51,517] {logging_mixin.py:109} WARNING - /usr/local/lib/python3.8/site-packages/airflow/models/dag.py:1069 SADeprecationWarning: Query.values() is deprecated and will be removed in a future release.  Please use Query.with_entities() (deprecated since: 1.4)
