[2022-09-27 06:27:05,008] {taskinstance.py:1035} INFO - Dependencies all met for <TaskInstance: recruitment-airflow.KafkaToS3 scheduled__2022-09-26T00:00:00+00:00 [queued]>
[2022-09-27 06:27:05,031] {taskinstance.py:1035} INFO - Dependencies all met for <TaskInstance: recruitment-airflow.KafkaToS3 scheduled__2022-09-26T00:00:00+00:00 [queued]>
[2022-09-27 06:27:05,032] {taskinstance.py:1241} INFO - 
--------------------------------------------------------------------------------
[2022-09-27 06:27:05,033] {taskinstance.py:1242} INFO - Starting attempt 1 of 1
[2022-09-27 06:27:05,034] {taskinstance.py:1243} INFO - 
--------------------------------------------------------------------------------
[2022-09-27 06:27:05,120] {taskinstance.py:1262} INFO - Executing <Task(BashOperator): KafkaToS3> on 2022-09-26 00:00:00+00:00
[2022-09-27 06:27:05,123] {standard_task_runner.py:52} INFO - Started process 299 to run task
[2022-09-27 06:27:05,126] {standard_task_runner.py:76} INFO - Running: ['airflow', 'tasks', 'run', 'recruitment-airflow', 'KafkaToS3', 'scheduled__2022-09-26T00:00:00+00:00', '--job-id', '8', '--raw', '--subdir', 'DAGS_FOLDER/recruitment_pipeline.py', '--cfg-path', '/tmp/tmpbf0vgd1p', '--error-file', '/tmp/tmpjfg23g1f']
[2022-09-27 06:27:05,127] {standard_task_runner.py:77} INFO - Job 8: Subtask KafkaToS3
[2022-09-27 06:27:05,206] {logging_mixin.py:109} INFO - Running <TaskInstance: recruitment-airflow.KafkaToS3 scheduled__2022-09-26T00:00:00+00:00 [running]> on host pipeline
[2022-09-27 06:27:05,250] {logging_mixin.py:109} WARNING - /usr/local/lib/python3.8/site-packages/airflow/models/xcom.py:323 SAWarning: TypeDecorator UtcDateTime(timezone=True) will not produce a cache key because the ``cache_ok`` attribute is not set to True.  This can have significant performance implications including some performance degradations in comparison to prior SQLAlchemy versions.  Set this attribute to True if this type object's state is safe to use in a cache key, or False to disable this warning. (Background on this error at: https://sqlalche.me/e/14/cprf)
[2022-09-27 06:27:05,269] {logging_mixin.py:109} WARNING - /usr/local/lib/python3.8/site-packages/airflow/models/renderedtifields.py:126 SAWarning: TypeDecorator UtcDateTime(timezone=True) will not produce a cache key because the ``cache_ok`` attribute is not set to True.  This can have significant performance implications including some performance degradations in comparison to prior SQLAlchemy versions.  Set this attribute to True if this type object's state is safe to use in a cache key, or False to disable this warning. (Background on this error at: https://sqlalche.me/e/14/cprf)
[2022-09-27 06:27:05,305] {logging_mixin.py:109} WARNING - /usr/local/lib/python3.8/site-packages/airflow/models/renderedtifields.py:162 SAWarning: Coercing Subquery object into a select() for use in IN(); please pass a select() construct explicitly
[2022-09-27 06:27:05,311] {logging_mixin.py:109} WARNING - /usr/local/lib/python3.8/site-packages/airflow/models/renderedtifields.py:159 SAWarning: TypeDecorator UtcDateTime(timezone=True) will not produce a cache key because the ``cache_ok`` attribute is not set to True.  This can have significant performance implications including some performance degradations in comparison to prior SQLAlchemy versions.  Set this attribute to True if this type object's state is safe to use in a cache key, or False to disable this warning. (Background on this error at: https://sqlalche.me/e/14/cprf)
[2022-09-27 06:27:05,323] {taskinstance.py:1427} INFO - Exporting the following env vars:
AIRFLOW_CTX_DAG_OWNER=airflow
AIRFLOW_CTX_DAG_ID=recruitment-airflow
AIRFLOW_CTX_TASK_ID=KafkaToS3
AIRFLOW_CTX_EXECUTION_DATE=2022-09-26T00:00:00+00:00
AIRFLOW_CTX_DAG_RUN_ID=scheduled__2022-09-26T00:00:00+00:00
[2022-09-27 06:27:05,324] {subprocess.py:62} INFO - Tmp dir root location: 
 /tmp
[2022-09-27 06:27:05,325] {subprocess.py:74} INFO - Running command: ['bash', '-c', 'python /opt/pipeline/script/KafkaToS3.py']
[2022-09-27 06:27:05,330] {subprocess.py:85} INFO - Output:
[2022-09-27 06:27:44,914] {subprocess.py:89} INFO - 1번 째 연결 실패
[2022-09-27 06:27:44,917] {subprocess.py:89} INFO - 2번 째 연결 성공
[2022-09-27 06:27:44,918] {subprocess.py:89} INFO - <class 'kafka.consumer.group.KafkaConsumer'>
[2022-09-27 06:27:44,919] {subprocess.py:89} INFO - programmers/빅픽처팀NLP _ TTS 연구원 , 데이터 엔지니어, 데이터 사이언스.json is stored in S3
[2022-09-27 06:27:44,957] {subprocess.py:93} INFO - Command exited with return code 0
[2022-09-27 06:27:44,964] {logging_mixin.py:109} WARNING - /usr/local/lib/python3.8/site-packages/airflow/models/xcom.py:103 SAWarning: TypeDecorator UtcDateTime(timezone=True) will not produce a cache key because the ``cache_ok`` attribute is not set to True.  This can have significant performance implications including some performance degradations in comparison to prior SQLAlchemy versions.  Set this attribute to True if this type object's state is safe to use in a cache key, or False to disable this warning. (Background on this error at: https://sqlalche.me/e/14/cprf)
[2022-09-27 06:27:45,024] {taskinstance.py:1270} INFO - Marking task as SUCCESS. dag_id=recruitment-airflow, task_id=KafkaToS3, execution_date=20220926T000000, start_date=20220927T062705, end_date=20220927T062745
[2022-09-27 06:27:45,111] {local_task_job.py:154} INFO - Task exited with return code 0
[2022-09-27 06:27:45,190] {local_task_job.py:264} INFO - 2 downstream tasks scheduled from follow-on schedule check
[2022-09-27 06:27:45,192] {logging_mixin.py:109} WARNING - /usr/local/lib/python3.8/site-packages/airflow/models/dag.py:1069 SADeprecationWarning: Query.value() is deprecated and will be removed in a future release.  Please use Query.with_entities() in combination with Query.scalar() (deprecated since: 1.4)
[2022-09-27 06:27:45,194] {logging_mixin.py:109} WARNING - /usr/local/lib/python3.8/site-packages/airflow/models/dag.py:1069 SADeprecationWarning: Query.values() is deprecated and will be removed in a future release.  Please use Query.with_entities() (deprecated since: 1.4)
