[2022-09-27 06:09:20,412] {processor.py:163} INFO - Started process (PID=61) to work on /usr/local/lib/python3.8/site-packages/airflow/example_dags/example_xcom.py
[2022-09-27 06:09:20,414] {processor.py:620} INFO - Processing file /usr/local/lib/python3.8/site-packages/airflow/example_dags/example_xcom.py for tasks to queue
[2022-09-27 06:09:20,415] {logging_mixin.py:109} INFO - [2022-09-27 06:09:20,415] {dagbag.py:500} INFO - Filling up the DagBag from /usr/local/lib/python3.8/site-packages/airflow/example_dags/example_xcom.py
[2022-09-27 06:09:20,444] {processor.py:632} INFO - DAG(s) dict_keys(['example_xcom']) retrieved from /usr/local/lib/python3.8/site-packages/airflow/example_dags/example_xcom.py
[2022-09-27 06:09:20,449] {logging_mixin.py:109} WARNING - /usr/local/lib/python3.8/site-packages/airflow/models/serialized_dag.py:120 SAWarning: TypeDecorator UtcDateTime(timezone=True) will not produce a cache key because the ``cache_ok`` attribute is not set to True.  This can have significant performance implications including some performance degradations in comparison to prior SQLAlchemy versions.  Set this attribute to True if this type object's state is safe to use in a cache key, or False to disable this warning. (Background on this error at: https://sqlalche.me/e/14/cprf)
[2022-09-27 06:09:20,593] {logging_mixin.py:109} INFO - [2022-09-27 06:09:20,593] {dag.py:2389} INFO - Sync 1 DAGs
[2022-09-27 06:09:20,599] {logging_mixin.py:109} WARNING - /usr/local/lib/python3.8/site-packages/airflow/models/dag.py:2426 SAWarning: TypeDecorator UtcDateTime(timezone=True) will not produce a cache key because the ``cache_ok`` attribute is not set to True.  This can have significant performance implications including some performance degradations in comparison to prior SQLAlchemy versions.  Set this attribute to True if this type object's state is safe to use in a cache key, or False to disable this warning. (Background on this error at: https://sqlalche.me/e/14/cprf)
[2022-09-27 06:09:20,607] {logging_mixin.py:109} INFO - [2022-09-27 06:09:20,607] {dag.py:2921} INFO - Setting next_dagrun for example_xcom to 2021-01-01T00:00:00+00:00
[2022-09-27 06:09:20,643] {processor.py:171} INFO - Processing /usr/local/lib/python3.8/site-packages/airflow/example_dags/example_xcom.py took 0.235 seconds
[2022-09-27 06:09:59,615] {processor.py:163} INFO - Started process (PID=104) to work on /usr/local/lib/python3.8/site-packages/airflow/example_dags/example_xcom.py
[2022-09-27 06:09:59,616] {processor.py:620} INFO - Processing file /usr/local/lib/python3.8/site-packages/airflow/example_dags/example_xcom.py for tasks to queue
[2022-09-27 06:09:59,617] {logging_mixin.py:109} INFO - [2022-09-27 06:09:59,617] {dagbag.py:500} INFO - Filling up the DagBag from /usr/local/lib/python3.8/site-packages/airflow/example_dags/example_xcom.py
[2022-09-27 06:09:59,636] {processor.py:632} INFO - DAG(s) dict_keys(['example_xcom']) retrieved from /usr/local/lib/python3.8/site-packages/airflow/example_dags/example_xcom.py
[2022-09-27 06:09:59,640] {logging_mixin.py:109} WARNING - /usr/local/lib/python3.8/site-packages/airflow/models/serialized_dag.py:120 SAWarning: TypeDecorator UtcDateTime(timezone=True) will not produce a cache key because the ``cache_ok`` attribute is not set to True.  This can have significant performance implications including some performance degradations in comparison to prior SQLAlchemy versions.  Set this attribute to True if this type object's state is safe to use in a cache key, or False to disable this warning. (Background on this error at: https://sqlalche.me/e/14/cprf)
[2022-09-27 06:09:59,778] {logging_mixin.py:109} INFO - [2022-09-27 06:09:59,778] {dag.py:2389} INFO - Sync 1 DAGs
[2022-09-27 06:09:59,785] {logging_mixin.py:109} WARNING - /usr/local/lib/python3.8/site-packages/airflow/models/dag.py:2426 SAWarning: TypeDecorator UtcDateTime(timezone=True) will not produce a cache key because the ``cache_ok`` attribute is not set to True.  This can have significant performance implications including some performance degradations in comparison to prior SQLAlchemy versions.  Set this attribute to True if this type object's state is safe to use in a cache key, or False to disable this warning. (Background on this error at: https://sqlalche.me/e/14/cprf)
[2022-09-27 06:09:59,793] {logging_mixin.py:109} INFO - [2022-09-27 06:09:59,793] {dag.py:2921} INFO - Setting next_dagrun for example_xcom to 2021-01-01T00:00:00+00:00
[2022-09-27 06:09:59,824] {processor.py:171} INFO - Processing /usr/local/lib/python3.8/site-packages/airflow/example_dags/example_xcom.py took 0.211 seconds
[2022-09-27 06:10:42,347] {processor.py:163} INFO - Started process (PID=152) to work on /usr/local/lib/python3.8/site-packages/airflow/example_dags/example_xcom.py
[2022-09-27 06:10:42,348] {processor.py:620} INFO - Processing file /usr/local/lib/python3.8/site-packages/airflow/example_dags/example_xcom.py for tasks to queue
[2022-09-27 06:10:42,350] {logging_mixin.py:109} INFO - [2022-09-27 06:10:42,350] {dagbag.py:500} INFO - Filling up the DagBag from /usr/local/lib/python3.8/site-packages/airflow/example_dags/example_xcom.py
[2022-09-27 06:10:42,376] {processor.py:632} INFO - DAG(s) dict_keys(['example_xcom']) retrieved from /usr/local/lib/python3.8/site-packages/airflow/example_dags/example_xcom.py
[2022-09-27 06:10:42,381] {logging_mixin.py:109} WARNING - /usr/local/lib/python3.8/site-packages/airflow/models/serialized_dag.py:120 SAWarning: TypeDecorator UtcDateTime(timezone=True) will not produce a cache key because the ``cache_ok`` attribute is not set to True.  This can have significant performance implications including some performance degradations in comparison to prior SQLAlchemy versions.  Set this attribute to True if this type object's state is safe to use in a cache key, or False to disable this warning. (Background on this error at: https://sqlalche.me/e/14/cprf)
[2022-09-27 06:10:42,526] {logging_mixin.py:109} INFO - [2022-09-27 06:10:42,526] {dag.py:2389} INFO - Sync 1 DAGs
[2022-09-27 06:10:42,533] {logging_mixin.py:109} WARNING - /usr/local/lib/python3.8/site-packages/airflow/models/dag.py:2426 SAWarning: TypeDecorator UtcDateTime(timezone=True) will not produce a cache key because the ``cache_ok`` attribute is not set to True.  This can have significant performance implications including some performance degradations in comparison to prior SQLAlchemy versions.  Set this attribute to True if this type object's state is safe to use in a cache key, or False to disable this warning. (Background on this error at: https://sqlalche.me/e/14/cprf)
[2022-09-27 06:10:42,540] {logging_mixin.py:109} INFO - [2022-09-27 06:10:42,540] {dag.py:2921} INFO - Setting next_dagrun for example_xcom to 2021-01-01T00:00:00+00:00
[2022-09-27 06:10:42,575] {processor.py:171} INFO - Processing /usr/local/lib/python3.8/site-packages/airflow/example_dags/example_xcom.py took 0.233 seconds
[2022-09-27 06:11:23,412] {processor.py:163} INFO - Started process (PID=186) to work on /usr/local/lib/python3.8/site-packages/airflow/example_dags/example_xcom.py
[2022-09-27 06:11:23,413] {processor.py:620} INFO - Processing file /usr/local/lib/python3.8/site-packages/airflow/example_dags/example_xcom.py for tasks to queue
[2022-09-27 06:11:23,414] {logging_mixin.py:109} INFO - [2022-09-27 06:11:23,414] {dagbag.py:500} INFO - Filling up the DagBag from /usr/local/lib/python3.8/site-packages/airflow/example_dags/example_xcom.py
[2022-09-27 06:11:23,436] {processor.py:632} INFO - DAG(s) dict_keys(['example_xcom']) retrieved from /usr/local/lib/python3.8/site-packages/airflow/example_dags/example_xcom.py
[2022-09-27 06:11:23,441] {logging_mixin.py:109} WARNING - /usr/local/lib/python3.8/site-packages/airflow/models/serialized_dag.py:120 SAWarning: TypeDecorator UtcDateTime(timezone=True) will not produce a cache key because the ``cache_ok`` attribute is not set to True.  This can have significant performance implications including some performance degradations in comparison to prior SQLAlchemy versions.  Set this attribute to True if this type object's state is safe to use in a cache key, or False to disable this warning. (Background on this error at: https://sqlalche.me/e/14/cprf)
[2022-09-27 06:11:23,607] {logging_mixin.py:109} INFO - [2022-09-27 06:11:23,607] {dag.py:2389} INFO - Sync 1 DAGs
[2022-09-27 06:11:23,614] {logging_mixin.py:109} WARNING - /usr/local/lib/python3.8/site-packages/airflow/models/dag.py:2426 SAWarning: TypeDecorator UtcDateTime(timezone=True) will not produce a cache key because the ``cache_ok`` attribute is not set to True.  This can have significant performance implications including some performance degradations in comparison to prior SQLAlchemy versions.  Set this attribute to True if this type object's state is safe to use in a cache key, or False to disable this warning. (Background on this error at: https://sqlalche.me/e/14/cprf)
[2022-09-27 06:11:23,625] {logging_mixin.py:109} INFO - [2022-09-27 06:11:23,625] {dag.py:2921} INFO - Setting next_dagrun for example_xcom to 2021-01-01T00:00:00+00:00
[2022-09-27 06:11:23,665] {processor.py:171} INFO - Processing /usr/local/lib/python3.8/site-packages/airflow/example_dags/example_xcom.py took 0.254 seconds
[2022-09-27 06:12:05,865] {processor.py:163} INFO - Started process (PID=223) to work on /usr/local/lib/python3.8/site-packages/airflow/example_dags/example_xcom.py
[2022-09-27 06:12:05,867] {processor.py:620} INFO - Processing file /usr/local/lib/python3.8/site-packages/airflow/example_dags/example_xcom.py for tasks to queue
[2022-09-27 06:12:05,868] {logging_mixin.py:109} INFO - [2022-09-27 06:12:05,868] {dagbag.py:500} INFO - Filling up the DagBag from /usr/local/lib/python3.8/site-packages/airflow/example_dags/example_xcom.py
[2022-09-27 06:12:05,900] {processor.py:632} INFO - DAG(s) dict_keys(['example_xcom']) retrieved from /usr/local/lib/python3.8/site-packages/airflow/example_dags/example_xcom.py
[2022-09-27 06:12:05,903] {logging_mixin.py:109} WARNING - /usr/local/lib/python3.8/site-packages/airflow/models/serialized_dag.py:120 SAWarning: TypeDecorator UtcDateTime(timezone=True) will not produce a cache key because the ``cache_ok`` attribute is not set to True.  This can have significant performance implications including some performance degradations in comparison to prior SQLAlchemy versions.  Set this attribute to True if this type object's state is safe to use in a cache key, or False to disable this warning. (Background on this error at: https://sqlalche.me/e/14/cprf)
[2022-09-27 06:12:06,041] {logging_mixin.py:109} INFO - [2022-09-27 06:12:06,041] {dag.py:2389} INFO - Sync 1 DAGs
[2022-09-27 06:12:06,048] {logging_mixin.py:109} WARNING - /usr/local/lib/python3.8/site-packages/airflow/models/dag.py:2426 SAWarning: TypeDecorator UtcDateTime(timezone=True) will not produce a cache key because the ``cache_ok`` attribute is not set to True.  This can have significant performance implications including some performance degradations in comparison to prior SQLAlchemy versions.  Set this attribute to True if this type object's state is safe to use in a cache key, or False to disable this warning. (Background on this error at: https://sqlalche.me/e/14/cprf)
[2022-09-27 06:12:06,055] {logging_mixin.py:109} INFO - [2022-09-27 06:12:06,055] {dag.py:2921} INFO - Setting next_dagrun for example_xcom to 2021-01-01T00:00:00+00:00
[2022-09-27 06:12:06,089] {processor.py:171} INFO - Processing /usr/local/lib/python3.8/site-packages/airflow/example_dags/example_xcom.py took 0.229 seconds
