[2022-09-27 06:09:09,798] {processor.py:163} INFO - Started process (PID=52) to work on /usr/local/lib/python3.8/site-packages/airflow/example_dags/example_nested_branch_dag.py
[2022-09-27 06:09:09,800] {processor.py:620} INFO - Processing file /usr/local/lib/python3.8/site-packages/airflow/example_dags/example_nested_branch_dag.py for tasks to queue
[2022-09-27 06:09:09,801] {logging_mixin.py:109} INFO - [2022-09-27 06:09:09,801] {dagbag.py:500} INFO - Filling up the DagBag from /usr/local/lib/python3.8/site-packages/airflow/example_dags/example_nested_branch_dag.py
[2022-09-27 06:09:09,827] {processor.py:632} INFO - DAG(s) dict_keys(['example_nested_branch_dag']) retrieved from /usr/local/lib/python3.8/site-packages/airflow/example_dags/example_nested_branch_dag.py
[2022-09-27 06:09:09,831] {logging_mixin.py:109} WARNING - /usr/local/lib/python3.8/site-packages/airflow/models/serialized_dag.py:120 SAWarning: TypeDecorator UtcDateTime(timezone=True) will not produce a cache key because the ``cache_ok`` attribute is not set to True.  This can have significant performance implications including some performance degradations in comparison to prior SQLAlchemy versions.  Set this attribute to True if this type object's state is safe to use in a cache key, or False to disable this warning. (Background on this error at: https://sqlalche.me/e/14/cprf)
[2022-09-27 06:09:09,844] {logging_mixin.py:109} INFO - [2022-09-27 06:09:09,844] {dag.py:2389} INFO - Sync 1 DAGs
[2022-09-27 06:09:09,852] {logging_mixin.py:109} WARNING - /usr/local/lib/python3.8/site-packages/airflow/models/dag.py:2426 SAWarning: TypeDecorator UtcDateTime(timezone=True) will not produce a cache key because the ``cache_ok`` attribute is not set to True.  This can have significant performance implications including some performance degradations in comparison to prior SQLAlchemy versions.  Set this attribute to True if this type object's state is safe to use in a cache key, or False to disable this warning. (Background on this error at: https://sqlalche.me/e/14/cprf)
[2022-09-27 06:09:09,860] {logging_mixin.py:109} INFO - [2022-09-27 06:09:09,860] {dag.py:2921} INFO - Setting next_dagrun for example_nested_branch_dag to 2022-09-26 00:00:00+00:00
[2022-09-27 06:09:09,894] {processor.py:171} INFO - Processing /usr/local/lib/python3.8/site-packages/airflow/example_dags/example_nested_branch_dag.py took 0.100 seconds
[2022-09-27 06:09:49,171] {processor.py:163} INFO - Started process (PID=86) to work on /usr/local/lib/python3.8/site-packages/airflow/example_dags/example_nested_branch_dag.py
[2022-09-27 06:09:49,174] {processor.py:620} INFO - Processing file /usr/local/lib/python3.8/site-packages/airflow/example_dags/example_nested_branch_dag.py for tasks to queue
[2022-09-27 06:09:49,177] {logging_mixin.py:109} INFO - [2022-09-27 06:09:49,177] {dagbag.py:500} INFO - Filling up the DagBag from /usr/local/lib/python3.8/site-packages/airflow/example_dags/example_nested_branch_dag.py
[2022-09-27 06:09:49,209] {processor.py:632} INFO - DAG(s) dict_keys(['example_nested_branch_dag']) retrieved from /usr/local/lib/python3.8/site-packages/airflow/example_dags/example_nested_branch_dag.py
[2022-09-27 06:09:49,214] {logging_mixin.py:109} WARNING - /usr/local/lib/python3.8/site-packages/airflow/models/serialized_dag.py:120 SAWarning: TypeDecorator UtcDateTime(timezone=True) will not produce a cache key because the ``cache_ok`` attribute is not set to True.  This can have significant performance implications including some performance degradations in comparison to prior SQLAlchemy versions.  Set this attribute to True if this type object's state is safe to use in a cache key, or False to disable this warning. (Background on this error at: https://sqlalche.me/e/14/cprf)
[2022-09-27 06:09:49,226] {logging_mixin.py:109} INFO - [2022-09-27 06:09:49,226] {dag.py:2389} INFO - Sync 1 DAGs
[2022-09-27 06:09:49,234] {logging_mixin.py:109} WARNING - /usr/local/lib/python3.8/site-packages/airflow/models/dag.py:2426 SAWarning: TypeDecorator UtcDateTime(timezone=True) will not produce a cache key because the ``cache_ok`` attribute is not set to True.  This can have significant performance implications including some performance degradations in comparison to prior SQLAlchemy versions.  Set this attribute to True if this type object's state is safe to use in a cache key, or False to disable this warning. (Background on this error at: https://sqlalche.me/e/14/cprf)
[2022-09-27 06:09:49,243] {logging_mixin.py:109} INFO - [2022-09-27 06:09:49,243] {dag.py:2921} INFO - Setting next_dagrun for example_nested_branch_dag to 2022-09-26 00:00:00+00:00
[2022-09-27 06:09:49,273] {processor.py:171} INFO - Processing /usr/local/lib/python3.8/site-packages/airflow/example_dags/example_nested_branch_dag.py took 0.106 seconds
[2022-09-27 06:10:30,112] {processor.py:163} INFO - Started process (PID=142) to work on /usr/local/lib/python3.8/site-packages/airflow/example_dags/example_nested_branch_dag.py
[2022-09-27 06:10:30,113] {processor.py:620} INFO - Processing file /usr/local/lib/python3.8/site-packages/airflow/example_dags/example_nested_branch_dag.py for tasks to queue
[2022-09-27 06:10:30,115] {logging_mixin.py:109} INFO - [2022-09-27 06:10:30,115] {dagbag.py:500} INFO - Filling up the DagBag from /usr/local/lib/python3.8/site-packages/airflow/example_dags/example_nested_branch_dag.py
[2022-09-27 06:10:30,132] {processor.py:632} INFO - DAG(s) dict_keys(['example_nested_branch_dag']) retrieved from /usr/local/lib/python3.8/site-packages/airflow/example_dags/example_nested_branch_dag.py
[2022-09-27 06:10:30,135] {logging_mixin.py:109} WARNING - /usr/local/lib/python3.8/site-packages/airflow/models/serialized_dag.py:120 SAWarning: TypeDecorator UtcDateTime(timezone=True) will not produce a cache key because the ``cache_ok`` attribute is not set to True.  This can have significant performance implications including some performance degradations in comparison to prior SQLAlchemy versions.  Set this attribute to True if this type object's state is safe to use in a cache key, or False to disable this warning. (Background on this error at: https://sqlalche.me/e/14/cprf)
[2022-09-27 06:10:30,145] {logging_mixin.py:109} INFO - [2022-09-27 06:10:30,145] {dag.py:2389} INFO - Sync 1 DAGs
[2022-09-27 06:10:30,152] {logging_mixin.py:109} WARNING - /usr/local/lib/python3.8/site-packages/airflow/models/dag.py:2426 SAWarning: TypeDecorator UtcDateTime(timezone=True) will not produce a cache key because the ``cache_ok`` attribute is not set to True.  This can have significant performance implications including some performance degradations in comparison to prior SQLAlchemy versions.  Set this attribute to True if this type object's state is safe to use in a cache key, or False to disable this warning. (Background on this error at: https://sqlalche.me/e/14/cprf)
[2022-09-27 06:10:30,159] {logging_mixin.py:109} INFO - [2022-09-27 06:10:30,159] {dag.py:2921} INFO - Setting next_dagrun for example_nested_branch_dag to 2022-09-26 00:00:00+00:00
[2022-09-27 06:10:30,203] {processor.py:171} INFO - Processing /usr/local/lib/python3.8/site-packages/airflow/example_dags/example_nested_branch_dag.py took 0.095 seconds
[2022-09-27 06:11:11,603] {processor.py:163} INFO - Started process (PID=176) to work on /usr/local/lib/python3.8/site-packages/airflow/example_dags/example_nested_branch_dag.py
[2022-09-27 06:11:11,604] {processor.py:620} INFO - Processing file /usr/local/lib/python3.8/site-packages/airflow/example_dags/example_nested_branch_dag.py for tasks to queue
[2022-09-27 06:11:11,605] {logging_mixin.py:109} INFO - [2022-09-27 06:11:11,605] {dagbag.py:500} INFO - Filling up the DagBag from /usr/local/lib/python3.8/site-packages/airflow/example_dags/example_nested_branch_dag.py
[2022-09-27 06:11:11,619] {processor.py:632} INFO - DAG(s) dict_keys(['example_nested_branch_dag']) retrieved from /usr/local/lib/python3.8/site-packages/airflow/example_dags/example_nested_branch_dag.py
[2022-09-27 06:11:11,623] {logging_mixin.py:109} WARNING - /usr/local/lib/python3.8/site-packages/airflow/models/serialized_dag.py:120 SAWarning: TypeDecorator UtcDateTime(timezone=True) will not produce a cache key because the ``cache_ok`` attribute is not set to True.  This can have significant performance implications including some performance degradations in comparison to prior SQLAlchemy versions.  Set this attribute to True if this type object's state is safe to use in a cache key, or False to disable this warning. (Background on this error at: https://sqlalche.me/e/14/cprf)
[2022-09-27 06:11:11,634] {logging_mixin.py:109} INFO - [2022-09-27 06:11:11,634] {dag.py:2389} INFO - Sync 1 DAGs
[2022-09-27 06:11:11,641] {logging_mixin.py:109} WARNING - /usr/local/lib/python3.8/site-packages/airflow/models/dag.py:2426 SAWarning: TypeDecorator UtcDateTime(timezone=True) will not produce a cache key because the ``cache_ok`` attribute is not set to True.  This can have significant performance implications including some performance degradations in comparison to prior SQLAlchemy versions.  Set this attribute to True if this type object's state is safe to use in a cache key, or False to disable this warning. (Background on this error at: https://sqlalche.me/e/14/cprf)
[2022-09-27 06:11:11,648] {logging_mixin.py:109} INFO - [2022-09-27 06:11:11,648] {dag.py:2921} INFO - Setting next_dagrun for example_nested_branch_dag to 2022-09-26 00:00:00+00:00
[2022-09-27 06:11:11,694] {processor.py:171} INFO - Processing /usr/local/lib/python3.8/site-packages/airflow/example_dags/example_nested_branch_dag.py took 0.093 seconds
[2022-09-27 06:11:52,551] {processor.py:163} INFO - Started process (PID=211) to work on /usr/local/lib/python3.8/site-packages/airflow/example_dags/example_nested_branch_dag.py
[2022-09-27 06:11:52,553] {processor.py:620} INFO - Processing file /usr/local/lib/python3.8/site-packages/airflow/example_dags/example_nested_branch_dag.py for tasks to queue
[2022-09-27 06:11:52,555] {logging_mixin.py:109} INFO - [2022-09-27 06:11:52,555] {dagbag.py:500} INFO - Filling up the DagBag from /usr/local/lib/python3.8/site-packages/airflow/example_dags/example_nested_branch_dag.py
[2022-09-27 06:11:52,583] {processor.py:632} INFO - DAG(s) dict_keys(['example_nested_branch_dag']) retrieved from /usr/local/lib/python3.8/site-packages/airflow/example_dags/example_nested_branch_dag.py
[2022-09-27 06:11:52,589] {logging_mixin.py:109} WARNING - /usr/local/lib/python3.8/site-packages/airflow/models/serialized_dag.py:120 SAWarning: TypeDecorator UtcDateTime(timezone=True) will not produce a cache key because the ``cache_ok`` attribute is not set to True.  This can have significant performance implications including some performance degradations in comparison to prior SQLAlchemy versions.  Set this attribute to True if this type object's state is safe to use in a cache key, or False to disable this warning. (Background on this error at: https://sqlalche.me/e/14/cprf)
[2022-09-27 06:11:52,605] {logging_mixin.py:109} INFO - [2022-09-27 06:11:52,605] {dag.py:2389} INFO - Sync 1 DAGs
[2022-09-27 06:11:52,615] {logging_mixin.py:109} WARNING - /usr/local/lib/python3.8/site-packages/airflow/models/dag.py:2426 SAWarning: TypeDecorator UtcDateTime(timezone=True) will not produce a cache key because the ``cache_ok`` attribute is not set to True.  This can have significant performance implications including some performance degradations in comparison to prior SQLAlchemy versions.  Set this attribute to True if this type object's state is safe to use in a cache key, or False to disable this warning. (Background on this error at: https://sqlalche.me/e/14/cprf)
[2022-09-27 06:11:52,626] {logging_mixin.py:109} INFO - [2022-09-27 06:11:52,626] {dag.py:2921} INFO - Setting next_dagrun for example_nested_branch_dag to 2022-09-26 00:00:00+00:00
[2022-09-27 06:11:52,676] {processor.py:171} INFO - Processing /usr/local/lib/python3.8/site-packages/airflow/example_dags/example_nested_branch_dag.py took 0.128 seconds
