[2022-09-27 06:09:33,540] {processor.py:163} INFO - Started process (PID=72) to work on /usr/local/lib/python3.8/site-packages/airflow/example_dags/example_branch_labels.py
[2022-09-27 06:09:33,544] {processor.py:620} INFO - Processing file /usr/local/lib/python3.8/site-packages/airflow/example_dags/example_branch_labels.py for tasks to queue
[2022-09-27 06:09:33,545] {logging_mixin.py:109} INFO - [2022-09-27 06:09:33,545] {dagbag.py:500} INFO - Filling up the DagBag from /usr/local/lib/python3.8/site-packages/airflow/example_dags/example_branch_labels.py
[2022-09-27 06:09:33,571] {processor.py:632} INFO - DAG(s) dict_keys(['example_branch_labels']) retrieved from /usr/local/lib/python3.8/site-packages/airflow/example_dags/example_branch_labels.py
[2022-09-27 06:09:33,575] {logging_mixin.py:109} WARNING - /usr/local/lib/python3.8/site-packages/airflow/models/serialized_dag.py:120 SAWarning: TypeDecorator UtcDateTime(timezone=True) will not produce a cache key because the ``cache_ok`` attribute is not set to True.  This can have significant performance implications including some performance degradations in comparison to prior SQLAlchemy versions.  Set this attribute to True if this type object's state is safe to use in a cache key, or False to disable this warning. (Background on this error at: https://sqlalche.me/e/14/cprf)
[2022-09-27 06:09:33,584] {logging_mixin.py:109} INFO - [2022-09-27 06:09:33,584] {dag.py:2389} INFO - Sync 1 DAGs
[2022-09-27 06:09:33,591] {logging_mixin.py:109} WARNING - /usr/local/lib/python3.8/site-packages/airflow/models/dag.py:2426 SAWarning: TypeDecorator UtcDateTime(timezone=True) will not produce a cache key because the ``cache_ok`` attribute is not set to True.  This can have significant performance implications including some performance degradations in comparison to prior SQLAlchemy versions.  Set this attribute to True if this type object's state is safe to use in a cache key, or False to disable this warning. (Background on this error at: https://sqlalche.me/e/14/cprf)
[2022-09-27 06:09:33,599] {logging_mixin.py:109} INFO - [2022-09-27 06:09:33,599] {dag.py:2921} INFO - Setting next_dagrun for example_branch_labels to 2022-09-26 00:00:00+00:00
[2022-09-27 06:09:33,643] {processor.py:171} INFO - Processing /usr/local/lib/python3.8/site-packages/airflow/example_dags/example_branch_labels.py took 0.106 seconds
[2022-09-27 06:10:14,466] {processor.py:163} INFO - Started process (PID=129) to work on /usr/local/lib/python3.8/site-packages/airflow/example_dags/example_branch_labels.py
[2022-09-27 06:10:14,467] {processor.py:620} INFO - Processing file /usr/local/lib/python3.8/site-packages/airflow/example_dags/example_branch_labels.py for tasks to queue
[2022-09-27 06:10:14,471] {logging_mixin.py:109} INFO - [2022-09-27 06:10:14,471] {dagbag.py:500} INFO - Filling up the DagBag from /usr/local/lib/python3.8/site-packages/airflow/example_dags/example_branch_labels.py
[2022-09-27 06:10:14,503] {processor.py:632} INFO - DAG(s) dict_keys(['example_branch_labels']) retrieved from /usr/local/lib/python3.8/site-packages/airflow/example_dags/example_branch_labels.py
[2022-09-27 06:10:14,510] {logging_mixin.py:109} WARNING - /usr/local/lib/python3.8/site-packages/airflow/models/serialized_dag.py:120 SAWarning: TypeDecorator UtcDateTime(timezone=True) will not produce a cache key because the ``cache_ok`` attribute is not set to True.  This can have significant performance implications including some performance degradations in comparison to prior SQLAlchemy versions.  Set this attribute to True if this type object's state is safe to use in a cache key, or False to disable this warning. (Background on this error at: https://sqlalche.me/e/14/cprf)
[2022-09-27 06:10:14,520] {logging_mixin.py:109} INFO - [2022-09-27 06:10:14,520] {dag.py:2389} INFO - Sync 1 DAGs
[2022-09-27 06:10:14,529] {logging_mixin.py:109} WARNING - /usr/local/lib/python3.8/site-packages/airflow/models/dag.py:2426 SAWarning: TypeDecorator UtcDateTime(timezone=True) will not produce a cache key because the ``cache_ok`` attribute is not set to True.  This can have significant performance implications including some performance degradations in comparison to prior SQLAlchemy versions.  Set this attribute to True if this type object's state is safe to use in a cache key, or False to disable this warning. (Background on this error at: https://sqlalche.me/e/14/cprf)
[2022-09-27 06:10:14,538] {logging_mixin.py:109} INFO - [2022-09-27 06:10:14,538] {dag.py:2921} INFO - Setting next_dagrun for example_branch_labels to 2022-09-26 00:00:00+00:00
[2022-09-27 06:10:14,579] {processor.py:171} INFO - Processing /usr/local/lib/python3.8/site-packages/airflow/example_dags/example_branch_labels.py took 0.115 seconds
[2022-09-27 06:11:01,371] {processor.py:163} INFO - Started process (PID=167) to work on /usr/local/lib/python3.8/site-packages/airflow/example_dags/example_branch_labels.py
[2022-09-27 06:11:01,372] {processor.py:620} INFO - Processing file /usr/local/lib/python3.8/site-packages/airflow/example_dags/example_branch_labels.py for tasks to queue
[2022-09-27 06:11:01,373] {logging_mixin.py:109} INFO - [2022-09-27 06:11:01,373] {dagbag.py:500} INFO - Filling up the DagBag from /usr/local/lib/python3.8/site-packages/airflow/example_dags/example_branch_labels.py
[2022-09-27 06:11:01,390] {processor.py:632} INFO - DAG(s) dict_keys(['example_branch_labels']) retrieved from /usr/local/lib/python3.8/site-packages/airflow/example_dags/example_branch_labels.py
[2022-09-27 06:11:01,395] {logging_mixin.py:109} WARNING - /usr/local/lib/python3.8/site-packages/airflow/models/serialized_dag.py:120 SAWarning: TypeDecorator UtcDateTime(timezone=True) will not produce a cache key because the ``cache_ok`` attribute is not set to True.  This can have significant performance implications including some performance degradations in comparison to prior SQLAlchemy versions.  Set this attribute to True if this type object's state is safe to use in a cache key, or False to disable this warning. (Background on this error at: https://sqlalche.me/e/14/cprf)
[2022-09-27 06:11:01,404] {logging_mixin.py:109} INFO - [2022-09-27 06:11:01,404] {dag.py:2389} INFO - Sync 1 DAGs
[2022-09-27 06:11:01,412] {logging_mixin.py:109} WARNING - /usr/local/lib/python3.8/site-packages/airflow/models/dag.py:2426 SAWarning: TypeDecorator UtcDateTime(timezone=True) will not produce a cache key because the ``cache_ok`` attribute is not set to True.  This can have significant performance implications including some performance degradations in comparison to prior SQLAlchemy versions.  Set this attribute to True if this type object's state is safe to use in a cache key, or False to disable this warning. (Background on this error at: https://sqlalche.me/e/14/cprf)
[2022-09-27 06:11:01,420] {logging_mixin.py:109} INFO - [2022-09-27 06:11:01,420] {dag.py:2921} INFO - Setting next_dagrun for example_branch_labels to 2022-09-26 00:00:00+00:00
[2022-09-27 06:11:01,449] {processor.py:171} INFO - Processing /usr/local/lib/python3.8/site-packages/airflow/example_dags/example_branch_labels.py took 0.081 seconds
[2022-09-27 06:11:44,834] {processor.py:163} INFO - Started process (PID=204) to work on /usr/local/lib/python3.8/site-packages/airflow/example_dags/example_branch_labels.py
[2022-09-27 06:11:44,836] {processor.py:620} INFO - Processing file /usr/local/lib/python3.8/site-packages/airflow/example_dags/example_branch_labels.py for tasks to queue
[2022-09-27 06:11:44,837] {logging_mixin.py:109} INFO - [2022-09-27 06:11:44,837] {dagbag.py:500} INFO - Filling up the DagBag from /usr/local/lib/python3.8/site-packages/airflow/example_dags/example_branch_labels.py
[2022-09-27 06:11:44,860] {processor.py:632} INFO - DAG(s) dict_keys(['example_branch_labels']) retrieved from /usr/local/lib/python3.8/site-packages/airflow/example_dags/example_branch_labels.py
[2022-09-27 06:11:44,864] {logging_mixin.py:109} WARNING - /usr/local/lib/python3.8/site-packages/airflow/models/serialized_dag.py:120 SAWarning: TypeDecorator UtcDateTime(timezone=True) will not produce a cache key because the ``cache_ok`` attribute is not set to True.  This can have significant performance implications including some performance degradations in comparison to prior SQLAlchemy versions.  Set this attribute to True if this type object's state is safe to use in a cache key, or False to disable this warning. (Background on this error at: https://sqlalche.me/e/14/cprf)
[2022-09-27 06:11:44,875] {logging_mixin.py:109} INFO - [2022-09-27 06:11:44,875] {dag.py:2389} INFO - Sync 1 DAGs
[2022-09-27 06:11:44,885] {logging_mixin.py:109} WARNING - /usr/local/lib/python3.8/site-packages/airflow/models/dag.py:2426 SAWarning: TypeDecorator UtcDateTime(timezone=True) will not produce a cache key because the ``cache_ok`` attribute is not set to True.  This can have significant performance implications including some performance degradations in comparison to prior SQLAlchemy versions.  Set this attribute to True if this type object's state is safe to use in a cache key, or False to disable this warning. (Background on this error at: https://sqlalche.me/e/14/cprf)
[2022-09-27 06:11:44,895] {logging_mixin.py:109} INFO - [2022-09-27 06:11:44,895] {dag.py:2921} INFO - Setting next_dagrun for example_branch_labels to 2022-09-26 00:00:00+00:00
[2022-09-27 06:11:44,947] {processor.py:171} INFO - Processing /usr/local/lib/python3.8/site-packages/airflow/example_dags/example_branch_labels.py took 0.116 seconds
[2022-09-27 06:12:26,610] {processor.py:163} INFO - Started process (PID=240) to work on /usr/local/lib/python3.8/site-packages/airflow/example_dags/example_branch_labels.py
[2022-09-27 06:12:26,616] {processor.py:620} INFO - Processing file /usr/local/lib/python3.8/site-packages/airflow/example_dags/example_branch_labels.py for tasks to queue
[2022-09-27 06:12:26,617] {logging_mixin.py:109} INFO - [2022-09-27 06:12:26,617] {dagbag.py:500} INFO - Filling up the DagBag from /usr/local/lib/python3.8/site-packages/airflow/example_dags/example_branch_labels.py
[2022-09-27 06:12:26,659] {processor.py:632} INFO - DAG(s) dict_keys(['example_branch_labels']) retrieved from /usr/local/lib/python3.8/site-packages/airflow/example_dags/example_branch_labels.py
[2022-09-27 06:12:26,663] {logging_mixin.py:109} WARNING - /usr/local/lib/python3.8/site-packages/airflow/models/serialized_dag.py:120 SAWarning: TypeDecorator UtcDateTime(timezone=True) will not produce a cache key because the ``cache_ok`` attribute is not set to True.  This can have significant performance implications including some performance degradations in comparison to prior SQLAlchemy versions.  Set this attribute to True if this type object's state is safe to use in a cache key, or False to disable this warning. (Background on this error at: https://sqlalche.me/e/14/cprf)
[2022-09-27 06:12:26,681] {logging_mixin.py:109} INFO - [2022-09-27 06:12:26,681] {dag.py:2389} INFO - Sync 1 DAGs
[2022-09-27 06:12:26,698] {logging_mixin.py:109} WARNING - /usr/local/lib/python3.8/site-packages/airflow/models/dag.py:2426 SAWarning: TypeDecorator UtcDateTime(timezone=True) will not produce a cache key because the ``cache_ok`` attribute is not set to True.  This can have significant performance implications including some performance degradations in comparison to prior SQLAlchemy versions.  Set this attribute to True if this type object's state is safe to use in a cache key, or False to disable this warning. (Background on this error at: https://sqlalche.me/e/14/cprf)
[2022-09-27 06:12:26,714] {logging_mixin.py:109} INFO - [2022-09-27 06:12:26,714] {dag.py:2921} INFO - Setting next_dagrun for example_branch_labels to 2022-09-26 00:00:00+00:00
[2022-09-27 06:12:26,771] {processor.py:171} INFO - Processing /usr/local/lib/python3.8/site-packages/airflow/example_dags/example_branch_labels.py took 0.163 seconds
