[2022-09-27 06:09:19,036] {processor.py:163} INFO - Started process (PID=60) to work on /usr/local/lib/python3.8/site-packages/airflow/example_dags/example_subdag_operator.py
[2022-09-27 06:09:19,038] {processor.py:620} INFO - Processing file /usr/local/lib/python3.8/site-packages/airflow/example_dags/example_subdag_operator.py for tasks to queue
[2022-09-27 06:09:19,039] {logging_mixin.py:109} INFO - [2022-09-27 06:09:19,039] {dagbag.py:500} INFO - Filling up the DagBag from /usr/local/lib/python3.8/site-packages/airflow/example_dags/example_subdag_operator.py
[2022-09-27 06:09:19,074] {processor.py:632} INFO - DAG(s) dict_keys(['example_subdag_operator.section-1', 'example_subdag_operator.section-2', 'example_subdag_operator']) retrieved from /usr/local/lib/python3.8/site-packages/airflow/example_dags/example_subdag_operator.py
[2022-09-27 06:09:19,078] {logging_mixin.py:109} WARNING - /usr/local/lib/python3.8/site-packages/airflow/models/serialized_dag.py:120 SAWarning: TypeDecorator UtcDateTime(timezone=True) will not produce a cache key because the ``cache_ok`` attribute is not set to True.  This can have significant performance implications including some performance degradations in comparison to prior SQLAlchemy versions.  Set this attribute to True if this type object's state is safe to use in a cache key, or False to disable this warning. (Background on this error at: https://sqlalche.me/e/14/cprf)
[2022-09-27 06:09:19,228] {logging_mixin.py:109} INFO - [2022-09-27 06:09:19,228] {dag.py:2389} INFO - Sync 3 DAGs
[2022-09-27 06:09:19,234] {logging_mixin.py:109} WARNING - /usr/local/lib/python3.8/site-packages/airflow/models/dag.py:2426 SAWarning: TypeDecorator UtcDateTime(timezone=True) will not produce a cache key because the ``cache_ok`` attribute is not set to True.  This can have significant performance implications including some performance degradations in comparison to prior SQLAlchemy versions.  Set this attribute to True if this type object's state is safe to use in a cache key, or False to disable this warning. (Background on this error at: https://sqlalche.me/e/14/cprf)
[2022-09-27 06:09:19,242] {logging_mixin.py:109} INFO - [2022-09-27 06:09:19,242] {dag.py:2921} INFO - Setting next_dagrun for example_subdag_operator to 2022-09-25T00:00:00+00:00
[2022-09-27 06:09:19,242] {logging_mixin.py:109} INFO - [2022-09-27 06:09:19,242] {dag.py:2921} INFO - Setting next_dagrun for example_subdag_operator.section-1 to None
[2022-09-27 06:09:19,243] {logging_mixin.py:109} INFO - [2022-09-27 06:09:19,243] {dag.py:2921} INFO - Setting next_dagrun for example_subdag_operator.section-2 to None
[2022-09-27 06:09:19,268] {logging_mixin.py:109} INFO - [2022-09-27 06:09:19,268] {dag.py:2389} INFO - Sync 2 DAGs
[2022-09-27 06:09:19,270] {logging_mixin.py:109} INFO - [2022-09-27 06:09:19,270] {dag.py:2921} INFO - Setting next_dagrun for example_subdag_operator.section-1 to None
[2022-09-27 06:09:19,271] {logging_mixin.py:109} INFO - [2022-09-27 06:09:19,271] {dag.py:2921} INFO - Setting next_dagrun for example_subdag_operator.section-2 to None
[2022-09-27 06:09:19,291] {processor.py:171} INFO - Processing /usr/local/lib/python3.8/site-packages/airflow/example_dags/example_subdag_operator.py took 0.259 seconds
[2022-09-27 06:09:58,335] {processor.py:163} INFO - Started process (PID=94) to work on /usr/local/lib/python3.8/site-packages/airflow/example_dags/example_subdag_operator.py
[2022-09-27 06:09:58,337] {processor.py:620} INFO - Processing file /usr/local/lib/python3.8/site-packages/airflow/example_dags/example_subdag_operator.py for tasks to queue
[2022-09-27 06:09:58,339] {logging_mixin.py:109} INFO - [2022-09-27 06:09:58,339] {dagbag.py:500} INFO - Filling up the DagBag from /usr/local/lib/python3.8/site-packages/airflow/example_dags/example_subdag_operator.py
[2022-09-27 06:09:58,378] {processor.py:632} INFO - DAG(s) dict_keys(['example_subdag_operator.section-1', 'example_subdag_operator.section-2', 'example_subdag_operator']) retrieved from /usr/local/lib/python3.8/site-packages/airflow/example_dags/example_subdag_operator.py
[2022-09-27 06:09:58,383] {logging_mixin.py:109} WARNING - /usr/local/lib/python3.8/site-packages/airflow/models/serialized_dag.py:120 SAWarning: TypeDecorator UtcDateTime(timezone=True) will not produce a cache key because the ``cache_ok`` attribute is not set to True.  This can have significant performance implications including some performance degradations in comparison to prior SQLAlchemy versions.  Set this attribute to True if this type object's state is safe to use in a cache key, or False to disable this warning. (Background on this error at: https://sqlalche.me/e/14/cprf)
[2022-09-27 06:09:58,395] {logging_mixin.py:109} INFO - [2022-09-27 06:09:58,395] {dag.py:2389} INFO - Sync 3 DAGs
[2022-09-27 06:09:58,403] {logging_mixin.py:109} WARNING - /usr/local/lib/python3.8/site-packages/airflow/models/dag.py:2426 SAWarning: TypeDecorator UtcDateTime(timezone=True) will not produce a cache key because the ``cache_ok`` attribute is not set to True.  This can have significant performance implications including some performance degradations in comparison to prior SQLAlchemy versions.  Set this attribute to True if this type object's state is safe to use in a cache key, or False to disable this warning. (Background on this error at: https://sqlalche.me/e/14/cprf)
[2022-09-27 06:09:58,411] {logging_mixin.py:109} INFO - [2022-09-27 06:09:58,411] {dag.py:2921} INFO - Setting next_dagrun for example_subdag_operator to 2022-09-25T00:00:00+00:00
[2022-09-27 06:09:58,411] {logging_mixin.py:109} INFO - [2022-09-27 06:09:58,411] {dag.py:2921} INFO - Setting next_dagrun for example_subdag_operator.section-1 to None
[2022-09-27 06:09:58,412] {logging_mixin.py:109} INFO - [2022-09-27 06:09:58,412] {dag.py:2921} INFO - Setting next_dagrun for example_subdag_operator.section-2 to None
[2022-09-27 06:09:58,426] {logging_mixin.py:109} INFO - [2022-09-27 06:09:58,426] {dag.py:2389} INFO - Sync 2 DAGs
[2022-09-27 06:09:58,429] {logging_mixin.py:109} INFO - [2022-09-27 06:09:58,429] {dag.py:2921} INFO - Setting next_dagrun for example_subdag_operator.section-1 to None
[2022-09-27 06:09:58,430] {logging_mixin.py:109} INFO - [2022-09-27 06:09:58,430] {dag.py:2921} INFO - Setting next_dagrun for example_subdag_operator.section-2 to None
[2022-09-27 06:09:58,447] {processor.py:171} INFO - Processing /usr/local/lib/python3.8/site-packages/airflow/example_dags/example_subdag_operator.py took 0.117 seconds
[2022-09-27 06:10:41,783] {processor.py:163} INFO - Started process (PID=151) to work on /usr/local/lib/python3.8/site-packages/airflow/example_dags/example_subdag_operator.py
[2022-09-27 06:10:41,785] {processor.py:620} INFO - Processing file /usr/local/lib/python3.8/site-packages/airflow/example_dags/example_subdag_operator.py for tasks to queue
[2022-09-27 06:10:41,786] {logging_mixin.py:109} INFO - [2022-09-27 06:10:41,786] {dagbag.py:500} INFO - Filling up the DagBag from /usr/local/lib/python3.8/site-packages/airflow/example_dags/example_subdag_operator.py
[2022-09-27 06:10:41,828] {processor.py:632} INFO - DAG(s) dict_keys(['example_subdag_operator.section-1', 'example_subdag_operator.section-2', 'example_subdag_operator']) retrieved from /usr/local/lib/python3.8/site-packages/airflow/example_dags/example_subdag_operator.py
[2022-09-27 06:10:41,832] {logging_mixin.py:109} WARNING - /usr/local/lib/python3.8/site-packages/airflow/models/serialized_dag.py:120 SAWarning: TypeDecorator UtcDateTime(timezone=True) will not produce a cache key because the ``cache_ok`` attribute is not set to True.  This can have significant performance implications including some performance degradations in comparison to prior SQLAlchemy versions.  Set this attribute to True if this type object's state is safe to use in a cache key, or False to disable this warning. (Background on this error at: https://sqlalche.me/e/14/cprf)
[2022-09-27 06:10:41,844] {logging_mixin.py:109} INFO - [2022-09-27 06:10:41,844] {dag.py:2389} INFO - Sync 3 DAGs
[2022-09-27 06:10:41,851] {logging_mixin.py:109} WARNING - /usr/local/lib/python3.8/site-packages/airflow/models/dag.py:2426 SAWarning: TypeDecorator UtcDateTime(timezone=True) will not produce a cache key because the ``cache_ok`` attribute is not set to True.  This can have significant performance implications including some performance degradations in comparison to prior SQLAlchemy versions.  Set this attribute to True if this type object's state is safe to use in a cache key, or False to disable this warning. (Background on this error at: https://sqlalche.me/e/14/cprf)
[2022-09-27 06:10:41,859] {logging_mixin.py:109} INFO - [2022-09-27 06:10:41,859] {dag.py:2921} INFO - Setting next_dagrun for example_subdag_operator to 2022-09-25T00:00:00+00:00
[2022-09-27 06:10:41,860] {logging_mixin.py:109} INFO - [2022-09-27 06:10:41,860] {dag.py:2921} INFO - Setting next_dagrun for example_subdag_operator.section-1 to None
[2022-09-27 06:10:41,861] {logging_mixin.py:109} INFO - [2022-09-27 06:10:41,860] {dag.py:2921} INFO - Setting next_dagrun for example_subdag_operator.section-2 to None
[2022-09-27 06:10:41,877] {logging_mixin.py:109} INFO - [2022-09-27 06:10:41,877] {dag.py:2389} INFO - Sync 2 DAGs
[2022-09-27 06:10:41,880] {logging_mixin.py:109} INFO - [2022-09-27 06:10:41,880] {dag.py:2921} INFO - Setting next_dagrun for example_subdag_operator.section-1 to None
[2022-09-27 06:10:41,881] {logging_mixin.py:109} INFO - [2022-09-27 06:10:41,881] {dag.py:2921} INFO - Setting next_dagrun for example_subdag_operator.section-2 to None
[2022-09-27 06:10:41,901] {processor.py:171} INFO - Processing /usr/local/lib/python3.8/site-packages/airflow/example_dags/example_subdag_operator.py took 0.123 seconds
[2022-09-27 06:11:22,105] {processor.py:163} INFO - Started process (PID=185) to work on /usr/local/lib/python3.8/site-packages/airflow/example_dags/example_subdag_operator.py
[2022-09-27 06:11:22,106] {processor.py:620} INFO - Processing file /usr/local/lib/python3.8/site-packages/airflow/example_dags/example_subdag_operator.py for tasks to queue
[2022-09-27 06:11:22,108] {logging_mixin.py:109} INFO - [2022-09-27 06:11:22,108] {dagbag.py:500} INFO - Filling up the DagBag from /usr/local/lib/python3.8/site-packages/airflow/example_dags/example_subdag_operator.py
[2022-09-27 06:11:22,145] {processor.py:632} INFO - DAG(s) dict_keys(['example_subdag_operator.section-1', 'example_subdag_operator.section-2', 'example_subdag_operator']) retrieved from /usr/local/lib/python3.8/site-packages/airflow/example_dags/example_subdag_operator.py
[2022-09-27 06:11:22,150] {logging_mixin.py:109} WARNING - /usr/local/lib/python3.8/site-packages/airflow/models/serialized_dag.py:120 SAWarning: TypeDecorator UtcDateTime(timezone=True) will not produce a cache key because the ``cache_ok`` attribute is not set to True.  This can have significant performance implications including some performance degradations in comparison to prior SQLAlchemy versions.  Set this attribute to True if this type object's state is safe to use in a cache key, or False to disable this warning. (Background on this error at: https://sqlalche.me/e/14/cprf)
[2022-09-27 06:11:22,168] {logging_mixin.py:109} INFO - [2022-09-27 06:11:22,168] {dag.py:2389} INFO - Sync 3 DAGs
[2022-09-27 06:11:22,178] {logging_mixin.py:109} WARNING - /usr/local/lib/python3.8/site-packages/airflow/models/dag.py:2426 SAWarning: TypeDecorator UtcDateTime(timezone=True) will not produce a cache key because the ``cache_ok`` attribute is not set to True.  This can have significant performance implications including some performance degradations in comparison to prior SQLAlchemy versions.  Set this attribute to True if this type object's state is safe to use in a cache key, or False to disable this warning. (Background on this error at: https://sqlalche.me/e/14/cprf)
[2022-09-27 06:11:22,191] {logging_mixin.py:109} INFO - [2022-09-27 06:11:22,191] {dag.py:2921} INFO - Setting next_dagrun for example_subdag_operator to 2022-09-25T00:00:00+00:00
[2022-09-27 06:11:22,192] {logging_mixin.py:109} INFO - [2022-09-27 06:11:22,192] {dag.py:2921} INFO - Setting next_dagrun for example_subdag_operator.section-1 to None
[2022-09-27 06:11:22,193] {logging_mixin.py:109} INFO - [2022-09-27 06:11:22,193] {dag.py:2921} INFO - Setting next_dagrun for example_subdag_operator.section-2 to None
[2022-09-27 06:11:22,214] {logging_mixin.py:109} INFO - [2022-09-27 06:11:22,214] {dag.py:2389} INFO - Sync 2 DAGs
[2022-09-27 06:11:22,218] {logging_mixin.py:109} INFO - [2022-09-27 06:11:22,218] {dag.py:2921} INFO - Setting next_dagrun for example_subdag_operator.section-1 to None
[2022-09-27 06:11:22,219] {logging_mixin.py:109} INFO - [2022-09-27 06:11:22,219] {dag.py:2921} INFO - Setting next_dagrun for example_subdag_operator.section-2 to None
[2022-09-27 06:11:22,246] {processor.py:171} INFO - Processing /usr/local/lib/python3.8/site-packages/airflow/example_dags/example_subdag_operator.py took 0.144 seconds
[2022-09-27 06:12:04,556] {processor.py:163} INFO - Started process (PID=222) to work on /usr/local/lib/python3.8/site-packages/airflow/example_dags/example_subdag_operator.py
[2022-09-27 06:12:04,558] {processor.py:620} INFO - Processing file /usr/local/lib/python3.8/site-packages/airflow/example_dags/example_subdag_operator.py for tasks to queue
[2022-09-27 06:12:04,560] {logging_mixin.py:109} INFO - [2022-09-27 06:12:04,560] {dagbag.py:500} INFO - Filling up the DagBag from /usr/local/lib/python3.8/site-packages/airflow/example_dags/example_subdag_operator.py
[2022-09-27 06:12:04,597] {processor.py:632} INFO - DAG(s) dict_keys(['example_subdag_operator.section-1', 'example_subdag_operator.section-2', 'example_subdag_operator']) retrieved from /usr/local/lib/python3.8/site-packages/airflow/example_dags/example_subdag_operator.py
[2022-09-27 06:12:04,600] {logging_mixin.py:109} WARNING - /usr/local/lib/python3.8/site-packages/airflow/models/serialized_dag.py:120 SAWarning: TypeDecorator UtcDateTime(timezone=True) will not produce a cache key because the ``cache_ok`` attribute is not set to True.  This can have significant performance implications including some performance degradations in comparison to prior SQLAlchemy versions.  Set this attribute to True if this type object's state is safe to use in a cache key, or False to disable this warning. (Background on this error at: https://sqlalche.me/e/14/cprf)
[2022-09-27 06:12:04,620] {logging_mixin.py:109} INFO - [2022-09-27 06:12:04,620] {dag.py:2389} INFO - Sync 3 DAGs
[2022-09-27 06:12:04,627] {logging_mixin.py:109} WARNING - /usr/local/lib/python3.8/site-packages/airflow/models/dag.py:2426 SAWarning: TypeDecorator UtcDateTime(timezone=True) will not produce a cache key because the ``cache_ok`` attribute is not set to True.  This can have significant performance implications including some performance degradations in comparison to prior SQLAlchemy versions.  Set this attribute to True if this type object's state is safe to use in a cache key, or False to disable this warning. (Background on this error at: https://sqlalche.me/e/14/cprf)
[2022-09-27 06:12:04,635] {logging_mixin.py:109} INFO - [2022-09-27 06:12:04,635] {dag.py:2921} INFO - Setting next_dagrun for example_subdag_operator to 2022-09-25T00:00:00+00:00
[2022-09-27 06:12:04,636] {logging_mixin.py:109} INFO - [2022-09-27 06:12:04,636] {dag.py:2921} INFO - Setting next_dagrun for example_subdag_operator.section-1 to None
[2022-09-27 06:12:04,636] {logging_mixin.py:109} INFO - [2022-09-27 06:12:04,636] {dag.py:2921} INFO - Setting next_dagrun for example_subdag_operator.section-2 to None
[2022-09-27 06:12:04,651] {logging_mixin.py:109} INFO - [2022-09-27 06:12:04,651] {dag.py:2389} INFO - Sync 2 DAGs
[2022-09-27 06:12:04,654] {logging_mixin.py:109} INFO - [2022-09-27 06:12:04,653] {dag.py:2921} INFO - Setting next_dagrun for example_subdag_operator.section-1 to None
[2022-09-27 06:12:04,654] {logging_mixin.py:109} INFO - [2022-09-27 06:12:04,654] {dag.py:2921} INFO - Setting next_dagrun for example_subdag_operator.section-2 to None
[2022-09-27 06:12:04,673] {processor.py:171} INFO - Processing /usr/local/lib/python3.8/site-packages/airflow/example_dags/example_subdag_operator.py took 0.122 seconds
