[2022-09-27 06:09:07,253] {processor.py:163} INFO - Started process (PID=50) to work on /usr/local/lib/python3.8/site-packages/airflow/example_dags/example_latest_only_with_trigger.py
[2022-09-27 06:09:07,255] {processor.py:620} INFO - Processing file /usr/local/lib/python3.8/site-packages/airflow/example_dags/example_latest_only_with_trigger.py for tasks to queue
[2022-09-27 06:09:07,258] {logging_mixin.py:109} INFO - [2022-09-27 06:09:07,257] {dagbag.py:500} INFO - Filling up the DagBag from /usr/local/lib/python3.8/site-packages/airflow/example_dags/example_latest_only_with_trigger.py
[2022-09-27 06:09:07,286] {processor.py:632} INFO - DAG(s) dict_keys(['latest_only_with_trigger']) retrieved from /usr/local/lib/python3.8/site-packages/airflow/example_dags/example_latest_only_with_trigger.py
[2022-09-27 06:09:07,291] {logging_mixin.py:109} WARNING - /usr/local/lib/python3.8/site-packages/airflow/models/serialized_dag.py:120 SAWarning: TypeDecorator UtcDateTime(timezone=True) will not produce a cache key because the ``cache_ok`` attribute is not set to True.  This can have significant performance implications including some performance degradations in comparison to prior SQLAlchemy versions.  Set this attribute to True if this type object's state is safe to use in a cache key, or False to disable this warning. (Background on this error at: https://sqlalche.me/e/14/cprf)
[2022-09-27 06:09:07,302] {logging_mixin.py:109} INFO - [2022-09-27 06:09:07,302] {dag.py:2389} INFO - Sync 1 DAGs
[2022-09-27 06:09:07,310] {logging_mixin.py:109} WARNING - /usr/local/lib/python3.8/site-packages/airflow/models/dag.py:2426 SAWarning: TypeDecorator UtcDateTime(timezone=True) will not produce a cache key because the ``cache_ok`` attribute is not set to True.  This can have significant performance implications including some performance degradations in comparison to prior SQLAlchemy versions.  Set this attribute to True if this type object's state is safe to use in a cache key, or False to disable this warning. (Background on this error at: https://sqlalche.me/e/14/cprf)
[2022-09-27 06:09:07,319] {logging_mixin.py:109} INFO - [2022-09-27 06:09:07,319] {dag.py:2921} INFO - Setting next_dagrun for latest_only_with_trigger to 2022-09-27T02:09:07.319529+00:00
[2022-09-27 06:09:07,355] {processor.py:171} INFO - Processing /usr/local/lib/python3.8/site-packages/airflow/example_dags/example_latest_only_with_trigger.py took 0.106 seconds
[2022-09-27 06:09:47,632] {processor.py:163} INFO - Started process (PID=84) to work on /usr/local/lib/python3.8/site-packages/airflow/example_dags/example_latest_only_with_trigger.py
[2022-09-27 06:09:47,634] {processor.py:620} INFO - Processing file /usr/local/lib/python3.8/site-packages/airflow/example_dags/example_latest_only_with_trigger.py for tasks to queue
[2022-09-27 06:09:47,635] {logging_mixin.py:109} INFO - [2022-09-27 06:09:47,635] {dagbag.py:500} INFO - Filling up the DagBag from /usr/local/lib/python3.8/site-packages/airflow/example_dags/example_latest_only_with_trigger.py
[2022-09-27 06:09:47,654] {processor.py:632} INFO - DAG(s) dict_keys(['latest_only_with_trigger']) retrieved from /usr/local/lib/python3.8/site-packages/airflow/example_dags/example_latest_only_with_trigger.py
[2022-09-27 06:09:47,658] {logging_mixin.py:109} WARNING - /usr/local/lib/python3.8/site-packages/airflow/models/serialized_dag.py:120 SAWarning: TypeDecorator UtcDateTime(timezone=True) will not produce a cache key because the ``cache_ok`` attribute is not set to True.  This can have significant performance implications including some performance degradations in comparison to prior SQLAlchemy versions.  Set this attribute to True if this type object's state is safe to use in a cache key, or False to disable this warning. (Background on this error at: https://sqlalche.me/e/14/cprf)
[2022-09-27 06:09:47,670] {logging_mixin.py:109} INFO - [2022-09-27 06:09:47,670] {dag.py:2389} INFO - Sync 1 DAGs
[2022-09-27 06:09:47,679] {logging_mixin.py:109} WARNING - /usr/local/lib/python3.8/site-packages/airflow/models/dag.py:2426 SAWarning: TypeDecorator UtcDateTime(timezone=True) will not produce a cache key because the ``cache_ok`` attribute is not set to True.  This can have significant performance implications including some performance degradations in comparison to prior SQLAlchemy versions.  Set this attribute to True if this type object's state is safe to use in a cache key, or False to disable this warning. (Background on this error at: https://sqlalche.me/e/14/cprf)
[2022-09-27 06:09:47,688] {logging_mixin.py:109} INFO - [2022-09-27 06:09:47,688] {dag.py:2921} INFO - Setting next_dagrun for latest_only_with_trigger to 2022-09-27T02:09:47.688068+00:00
[2022-09-27 06:09:47,719] {processor.py:171} INFO - Processing /usr/local/lib/python3.8/site-packages/airflow/example_dags/example_latest_only_with_trigger.py took 0.091 seconds
[2022-09-27 06:10:28,352] {processor.py:163} INFO - Started process (PID=140) to work on /usr/local/lib/python3.8/site-packages/airflow/example_dags/example_latest_only_with_trigger.py
[2022-09-27 06:10:28,355] {processor.py:620} INFO - Processing file /usr/local/lib/python3.8/site-packages/airflow/example_dags/example_latest_only_with_trigger.py for tasks to queue
[2022-09-27 06:10:28,357] {logging_mixin.py:109} INFO - [2022-09-27 06:10:28,357] {dagbag.py:500} INFO - Filling up the DagBag from /usr/local/lib/python3.8/site-packages/airflow/example_dags/example_latest_only_with_trigger.py
[2022-09-27 06:10:28,384] {processor.py:632} INFO - DAG(s) dict_keys(['latest_only_with_trigger']) retrieved from /usr/local/lib/python3.8/site-packages/airflow/example_dags/example_latest_only_with_trigger.py
[2022-09-27 06:10:28,388] {logging_mixin.py:109} WARNING - /usr/local/lib/python3.8/site-packages/airflow/models/serialized_dag.py:120 SAWarning: TypeDecorator UtcDateTime(timezone=True) will not produce a cache key because the ``cache_ok`` attribute is not set to True.  This can have significant performance implications including some performance degradations in comparison to prior SQLAlchemy versions.  Set this attribute to True if this type object's state is safe to use in a cache key, or False to disable this warning. (Background on this error at: https://sqlalche.me/e/14/cprf)
[2022-09-27 06:10:28,400] {logging_mixin.py:109} INFO - [2022-09-27 06:10:28,399] {dag.py:2389} INFO - Sync 1 DAGs
[2022-09-27 06:10:28,407] {logging_mixin.py:109} WARNING - /usr/local/lib/python3.8/site-packages/airflow/models/dag.py:2426 SAWarning: TypeDecorator UtcDateTime(timezone=True) will not produce a cache key because the ``cache_ok`` attribute is not set to True.  This can have significant performance implications including some performance degradations in comparison to prior SQLAlchemy versions.  Set this attribute to True if this type object's state is safe to use in a cache key, or False to disable this warning. (Background on this error at: https://sqlalche.me/e/14/cprf)
[2022-09-27 06:10:28,415] {logging_mixin.py:109} INFO - [2022-09-27 06:10:28,415] {dag.py:2921} INFO - Setting next_dagrun for latest_only_with_trigger to 2022-09-27T02:10:28.415415+00:00
[2022-09-27 06:10:28,446] {processor.py:171} INFO - Processing /usr/local/lib/python3.8/site-packages/airflow/example_dags/example_latest_only_with_trigger.py took 0.098 seconds
[2022-09-27 06:11:10,051] {processor.py:163} INFO - Started process (PID=174) to work on /usr/local/lib/python3.8/site-packages/airflow/example_dags/example_latest_only_with_trigger.py
[2022-09-27 06:11:10,054] {processor.py:620} INFO - Processing file /usr/local/lib/python3.8/site-packages/airflow/example_dags/example_latest_only_with_trigger.py for tasks to queue
[2022-09-27 06:11:10,055] {logging_mixin.py:109} INFO - [2022-09-27 06:11:10,055] {dagbag.py:500} INFO - Filling up the DagBag from /usr/local/lib/python3.8/site-packages/airflow/example_dags/example_latest_only_with_trigger.py
[2022-09-27 06:11:10,082] {processor.py:632} INFO - DAG(s) dict_keys(['latest_only_with_trigger']) retrieved from /usr/local/lib/python3.8/site-packages/airflow/example_dags/example_latest_only_with_trigger.py
[2022-09-27 06:11:10,087] {logging_mixin.py:109} WARNING - /usr/local/lib/python3.8/site-packages/airflow/models/serialized_dag.py:120 SAWarning: TypeDecorator UtcDateTime(timezone=True) will not produce a cache key because the ``cache_ok`` attribute is not set to True.  This can have significant performance implications including some performance degradations in comparison to prior SQLAlchemy versions.  Set this attribute to True if this type object's state is safe to use in a cache key, or False to disable this warning. (Background on this error at: https://sqlalche.me/e/14/cprf)
[2022-09-27 06:11:10,099] {logging_mixin.py:109} INFO - [2022-09-27 06:11:10,099] {dag.py:2389} INFO - Sync 1 DAGs
[2022-09-27 06:11:10,107] {logging_mixin.py:109} WARNING - /usr/local/lib/python3.8/site-packages/airflow/models/dag.py:2426 SAWarning: TypeDecorator UtcDateTime(timezone=True) will not produce a cache key because the ``cache_ok`` attribute is not set to True.  This can have significant performance implications including some performance degradations in comparison to prior SQLAlchemy versions.  Set this attribute to True if this type object's state is safe to use in a cache key, or False to disable this warning. (Background on this error at: https://sqlalche.me/e/14/cprf)
[2022-09-27 06:11:10,115] {logging_mixin.py:109} INFO - [2022-09-27 06:11:10,115] {dag.py:2921} INFO - Setting next_dagrun for latest_only_with_trigger to 2022-09-27T02:11:10.115551+00:00
[2022-09-27 06:11:10,152] {processor.py:171} INFO - Processing /usr/local/lib/python3.8/site-packages/airflow/example_dags/example_latest_only_with_trigger.py took 0.105 seconds
[2022-09-27 06:11:50,009] {processor.py:163} INFO - Started process (PID=209) to work on /usr/local/lib/python3.8/site-packages/airflow/example_dags/example_latest_only_with_trigger.py
[2022-09-27 06:11:50,011] {processor.py:620} INFO - Processing file /usr/local/lib/python3.8/site-packages/airflow/example_dags/example_latest_only_with_trigger.py for tasks to queue
[2022-09-27 06:11:50,012] {logging_mixin.py:109} INFO - [2022-09-27 06:11:50,012] {dagbag.py:500} INFO - Filling up the DagBag from /usr/local/lib/python3.8/site-packages/airflow/example_dags/example_latest_only_with_trigger.py
[2022-09-27 06:11:50,037] {processor.py:632} INFO - DAG(s) dict_keys(['latest_only_with_trigger']) retrieved from /usr/local/lib/python3.8/site-packages/airflow/example_dags/example_latest_only_with_trigger.py
[2022-09-27 06:11:50,042] {logging_mixin.py:109} WARNING - /usr/local/lib/python3.8/site-packages/airflow/models/serialized_dag.py:120 SAWarning: TypeDecorator UtcDateTime(timezone=True) will not produce a cache key because the ``cache_ok`` attribute is not set to True.  This can have significant performance implications including some performance degradations in comparison to prior SQLAlchemy versions.  Set this attribute to True if this type object's state is safe to use in a cache key, or False to disable this warning. (Background on this error at: https://sqlalche.me/e/14/cprf)
[2022-09-27 06:11:50,055] {logging_mixin.py:109} INFO - [2022-09-27 06:11:50,055] {dag.py:2389} INFO - Sync 1 DAGs
[2022-09-27 06:11:50,064] {logging_mixin.py:109} WARNING - /usr/local/lib/python3.8/site-packages/airflow/models/dag.py:2426 SAWarning: TypeDecorator UtcDateTime(timezone=True) will not produce a cache key because the ``cache_ok`` attribute is not set to True.  This can have significant performance implications including some performance degradations in comparison to prior SQLAlchemy versions.  Set this attribute to True if this type object's state is safe to use in a cache key, or False to disable this warning. (Background on this error at: https://sqlalche.me/e/14/cprf)
[2022-09-27 06:11:50,074] {logging_mixin.py:109} INFO - [2022-09-27 06:11:50,074] {dag.py:2921} INFO - Setting next_dagrun for latest_only_with_trigger to 2022-09-27T02:11:50.074050+00:00
[2022-09-27 06:11:50,122] {processor.py:171} INFO - Processing /usr/local/lib/python3.8/site-packages/airflow/example_dags/example_latest_only_with_trigger.py took 0.116 seconds
