[2022-09-27 06:09:25,605] {processor.py:163} INFO - Started process (PID=65) to work on /usr/local/lib/python3.8/site-packages/airflow/example_dags/example_kubernetes_executor_config.py
[2022-09-27 06:09:25,607] {processor.py:620} INFO - Processing file /usr/local/lib/python3.8/site-packages/airflow/example_dags/example_kubernetes_executor_config.py for tasks to queue
[2022-09-27 06:09:25,609] {logging_mixin.py:109} INFO - [2022-09-27 06:09:25,609] {dagbag.py:500} INFO - Filling up the DagBag from /usr/local/lib/python3.8/site-packages/airflow/example_dags/example_kubernetes_executor_config.py
[2022-09-27 06:09:25,617] {logging_mixin.py:109} INFO - [2022-09-27 06:09:25,616] {example_kubernetes_executor_config.py:171} WARNING - Could not import DAGs in example_kubernetes_executor_config.py: No module named 'kubernetes'
[2022-09-27 06:09:25,618] {logging_mixin.py:109} INFO - [2022-09-27 06:09:25,618] {example_kubernetes_executor_config.py:172} WARNING - Install kubernetes dependencies with: pip install apache-airflow['cncf.kubernetes']
[2022-09-27 06:09:25,636] {processor.py:634} WARNING - No viable dags retrieved from /usr/local/lib/python3.8/site-packages/airflow/example_dags/example_kubernetes_executor_config.py
[2022-09-27 06:09:25,638] {processor.py:171} INFO - Processing /usr/local/lib/python3.8/site-packages/airflow/example_dags/example_kubernetes_executor_config.py took 0.037 seconds
[2022-09-27 06:10:04,905] {processor.py:163} INFO - Started process (PID=108) to work on /usr/local/lib/python3.8/site-packages/airflow/example_dags/example_kubernetes_executor_config.py
[2022-09-27 06:10:04,908] {processor.py:620} INFO - Processing file /usr/local/lib/python3.8/site-packages/airflow/example_dags/example_kubernetes_executor_config.py for tasks to queue
[2022-09-27 06:10:04,910] {logging_mixin.py:109} INFO - [2022-09-27 06:10:04,909] {dagbag.py:500} INFO - Filling up the DagBag from /usr/local/lib/python3.8/site-packages/airflow/example_dags/example_kubernetes_executor_config.py
[2022-09-27 06:10:04,917] {logging_mixin.py:109} INFO - [2022-09-27 06:10:04,917] {example_kubernetes_executor_config.py:171} WARNING - Could not import DAGs in example_kubernetes_executor_config.py: No module named 'kubernetes'
[2022-09-27 06:10:04,918] {logging_mixin.py:109} INFO - [2022-09-27 06:10:04,918] {example_kubernetes_executor_config.py:172} WARNING - Install kubernetes dependencies with: pip install apache-airflow['cncf.kubernetes']
[2022-09-27 06:10:04,938] {processor.py:634} WARNING - No viable dags retrieved from /usr/local/lib/python3.8/site-packages/airflow/example_dags/example_kubernetes_executor_config.py
[2022-09-27 06:10:04,942] {processor.py:171} INFO - Processing /usr/local/lib/python3.8/site-packages/airflow/example_dags/example_kubernetes_executor_config.py took 0.041 seconds
[2022-09-27 06:10:47,093] {processor.py:163} INFO - Started process (PID=156) to work on /usr/local/lib/python3.8/site-packages/airflow/example_dags/example_kubernetes_executor_config.py
[2022-09-27 06:10:47,095] {processor.py:620} INFO - Processing file /usr/local/lib/python3.8/site-packages/airflow/example_dags/example_kubernetes_executor_config.py for tasks to queue
[2022-09-27 06:10:47,097] {logging_mixin.py:109} INFO - [2022-09-27 06:10:47,096] {dagbag.py:500} INFO - Filling up the DagBag from /usr/local/lib/python3.8/site-packages/airflow/example_dags/example_kubernetes_executor_config.py
[2022-09-27 06:10:47,105] {logging_mixin.py:109} INFO - [2022-09-27 06:10:47,105] {example_kubernetes_executor_config.py:171} WARNING - Could not import DAGs in example_kubernetes_executor_config.py: No module named 'kubernetes'
[2022-09-27 06:10:47,106] {logging_mixin.py:109} INFO - [2022-09-27 06:10:47,106] {example_kubernetes_executor_config.py:172} WARNING - Install kubernetes dependencies with: pip install apache-airflow['cncf.kubernetes']
[2022-09-27 06:10:47,127] {processor.py:634} WARNING - No viable dags retrieved from /usr/local/lib/python3.8/site-packages/airflow/example_dags/example_kubernetes_executor_config.py
[2022-09-27 06:10:47,131] {processor.py:171} INFO - Processing /usr/local/lib/python3.8/site-packages/airflow/example_dags/example_kubernetes_executor_config.py took 0.043 seconds
[2022-09-27 06:11:31,883] {processor.py:163} INFO - Started process (PID=193) to work on /usr/local/lib/python3.8/site-packages/airflow/example_dags/example_kubernetes_executor_config.py
[2022-09-27 06:11:31,884] {processor.py:620} INFO - Processing file /usr/local/lib/python3.8/site-packages/airflow/example_dags/example_kubernetes_executor_config.py for tasks to queue
[2022-09-27 06:11:31,886] {logging_mixin.py:109} INFO - [2022-09-27 06:11:31,886] {dagbag.py:500} INFO - Filling up the DagBag from /usr/local/lib/python3.8/site-packages/airflow/example_dags/example_kubernetes_executor_config.py
[2022-09-27 06:11:31,890] {logging_mixin.py:109} INFO - [2022-09-27 06:11:31,890] {example_kubernetes_executor_config.py:171} WARNING - Could not import DAGs in example_kubernetes_executor_config.py: No module named 'kubernetes'
[2022-09-27 06:11:31,891] {logging_mixin.py:109} INFO - [2022-09-27 06:11:31,891] {example_kubernetes_executor_config.py:172} WARNING - Install kubernetes dependencies with: pip install apache-airflow['cncf.kubernetes']
[2022-09-27 06:11:31,905] {processor.py:634} WARNING - No viable dags retrieved from /usr/local/lib/python3.8/site-packages/airflow/example_dags/example_kubernetes_executor_config.py
[2022-09-27 06:11:31,907] {processor.py:171} INFO - Processing /usr/local/lib/python3.8/site-packages/airflow/example_dags/example_kubernetes_executor_config.py took 0.026 seconds
[2022-09-27 06:12:13,674] {processor.py:163} INFO - Started process (PID=229) to work on /usr/local/lib/python3.8/site-packages/airflow/example_dags/example_kubernetes_executor_config.py
[2022-09-27 06:12:13,676] {processor.py:620} INFO - Processing file /usr/local/lib/python3.8/site-packages/airflow/example_dags/example_kubernetes_executor_config.py for tasks to queue
[2022-09-27 06:12:13,678] {logging_mixin.py:109} INFO - [2022-09-27 06:12:13,678] {dagbag.py:500} INFO - Filling up the DagBag from /usr/local/lib/python3.8/site-packages/airflow/example_dags/example_kubernetes_executor_config.py
[2022-09-27 06:12:13,687] {logging_mixin.py:109} INFO - [2022-09-27 06:12:13,687] {example_kubernetes_executor_config.py:171} WARNING - Could not import DAGs in example_kubernetes_executor_config.py: No module named 'kubernetes'
[2022-09-27 06:12:13,689] {logging_mixin.py:109} INFO - [2022-09-27 06:12:13,689] {example_kubernetes_executor_config.py:172} WARNING - Install kubernetes dependencies with: pip install apache-airflow['cncf.kubernetes']
[2022-09-27 06:12:13,706] {processor.py:634} WARNING - No viable dags retrieved from /usr/local/lib/python3.8/site-packages/airflow/example_dags/example_kubernetes_executor_config.py
[2022-09-27 06:12:13,709] {processor.py:171} INFO - Processing /usr/local/lib/python3.8/site-packages/airflow/example_dags/example_kubernetes_executor_config.py took 0.040 seconds
