[2022-09-27 06:09:30,966] {processor.py:163} INFO - Started process (PID=70) to work on /usr/local/lib/python3.8/site-packages/airflow/example_dags/example_external_task_marker_dag.py
[2022-09-27 06:09:30,967] {processor.py:620} INFO - Processing file /usr/local/lib/python3.8/site-packages/airflow/example_dags/example_external_task_marker_dag.py for tasks to queue
[2022-09-27 06:09:30,969] {logging_mixin.py:109} INFO - [2022-09-27 06:09:30,968] {dagbag.py:500} INFO - Filling up the DagBag from /usr/local/lib/python3.8/site-packages/airflow/example_dags/example_external_task_marker_dag.py
[2022-09-27 06:09:30,990] {processor.py:632} INFO - DAG(s) dict_keys(['example_external_task_marker_parent', 'example_external_task_marker_child']) retrieved from /usr/local/lib/python3.8/site-packages/airflow/example_dags/example_external_task_marker_dag.py
[2022-09-27 06:09:30,994] {logging_mixin.py:109} WARNING - /usr/local/lib/python3.8/site-packages/airflow/models/serialized_dag.py:120 SAWarning: TypeDecorator UtcDateTime(timezone=True) will not produce a cache key because the ``cache_ok`` attribute is not set to True.  This can have significant performance implications including some performance degradations in comparison to prior SQLAlchemy versions.  Set this attribute to True if this type object's state is safe to use in a cache key, or False to disable this warning. (Background on this error at: https://sqlalche.me/e/14/cprf)
[2022-09-27 06:09:31,008] {logging_mixin.py:109} INFO - [2022-09-27 06:09:31,008] {dag.py:2389} INFO - Sync 2 DAGs
[2022-09-27 06:09:31,016] {logging_mixin.py:109} WARNING - /usr/local/lib/python3.8/site-packages/airflow/models/dag.py:2426 SAWarning: TypeDecorator UtcDateTime(timezone=True) will not produce a cache key because the ``cache_ok`` attribute is not set to True.  This can have significant performance implications including some performance degradations in comparison to prior SQLAlchemy versions.  Set this attribute to True if this type object's state is safe to use in a cache key, or False to disable this warning. (Background on this error at: https://sqlalche.me/e/14/cprf)
[2022-09-27 06:09:31,023] {logging_mixin.py:109} INFO - [2022-09-27 06:09:31,023] {dag.py:2921} INFO - Setting next_dagrun for example_external_task_marker_child to None
[2022-09-27 06:09:31,023] {logging_mixin.py:109} INFO - [2022-09-27 06:09:31,023] {dag.py:2921} INFO - Setting next_dagrun for example_external_task_marker_parent to None
[2022-09-27 06:09:31,054] {processor.py:171} INFO - Processing /usr/local/lib/python3.8/site-packages/airflow/example_dags/example_external_task_marker_dag.py took 0.092 seconds
[2022-09-27 06:10:11,684] {processor.py:163} INFO - Started process (PID=127) to work on /usr/local/lib/python3.8/site-packages/airflow/example_dags/example_external_task_marker_dag.py
[2022-09-27 06:10:11,686] {processor.py:620} INFO - Processing file /usr/local/lib/python3.8/site-packages/airflow/example_dags/example_external_task_marker_dag.py for tasks to queue
[2022-09-27 06:10:11,687] {logging_mixin.py:109} INFO - [2022-09-27 06:10:11,686] {dagbag.py:500} INFO - Filling up the DagBag from /usr/local/lib/python3.8/site-packages/airflow/example_dags/example_external_task_marker_dag.py
[2022-09-27 06:10:11,734] {processor.py:632} INFO - DAG(s) dict_keys(['example_external_task_marker_parent', 'example_external_task_marker_child']) retrieved from /usr/local/lib/python3.8/site-packages/airflow/example_dags/example_external_task_marker_dag.py
[2022-09-27 06:10:11,772] {logging_mixin.py:109} WARNING - /usr/local/lib/python3.8/site-packages/airflow/models/serialized_dag.py:120 SAWarning: TypeDecorator UtcDateTime(timezone=True) will not produce a cache key because the ``cache_ok`` attribute is not set to True.  This can have significant performance implications including some performance degradations in comparison to prior SQLAlchemy versions.  Set this attribute to True if this type object's state is safe to use in a cache key, or False to disable this warning. (Background on this error at: https://sqlalche.me/e/14/cprf)
[2022-09-27 06:10:11,790] {logging_mixin.py:109} INFO - [2022-09-27 06:10:11,790] {dag.py:2389} INFO - Sync 2 DAGs
[2022-09-27 06:10:11,820] {logging_mixin.py:109} WARNING - /usr/local/lib/python3.8/site-packages/airflow/models/dag.py:2426 SAWarning: TypeDecorator UtcDateTime(timezone=True) will not produce a cache key because the ``cache_ok`` attribute is not set to True.  This can have significant performance implications including some performance degradations in comparison to prior SQLAlchemy versions.  Set this attribute to True if this type object's state is safe to use in a cache key, or False to disable this warning. (Background on this error at: https://sqlalche.me/e/14/cprf)
[2022-09-27 06:10:11,843] {logging_mixin.py:109} INFO - [2022-09-27 06:10:11,843] {dag.py:2921} INFO - Setting next_dagrun for example_external_task_marker_child to None
[2022-09-27 06:10:11,844] {logging_mixin.py:109} INFO - [2022-09-27 06:10:11,844] {dag.py:2921} INFO - Setting next_dagrun for example_external_task_marker_parent to None
[2022-09-27 06:10:11,898] {processor.py:171} INFO - Processing /usr/local/lib/python3.8/site-packages/airflow/example_dags/example_external_task_marker_dag.py took 0.222 seconds
[2022-09-27 06:10:58,789] {processor.py:163} INFO - Started process (PID=165) to work on /usr/local/lib/python3.8/site-packages/airflow/example_dags/example_external_task_marker_dag.py
[2022-09-27 06:10:58,791] {processor.py:620} INFO - Processing file /usr/local/lib/python3.8/site-packages/airflow/example_dags/example_external_task_marker_dag.py for tasks to queue
[2022-09-27 06:10:58,792] {logging_mixin.py:109} INFO - [2022-09-27 06:10:58,792] {dagbag.py:500} INFO - Filling up the DagBag from /usr/local/lib/python3.8/site-packages/airflow/example_dags/example_external_task_marker_dag.py
[2022-09-27 06:10:58,817] {processor.py:632} INFO - DAG(s) dict_keys(['example_external_task_marker_parent', 'example_external_task_marker_child']) retrieved from /usr/local/lib/python3.8/site-packages/airflow/example_dags/example_external_task_marker_dag.py
[2022-09-27 06:10:58,822] {logging_mixin.py:109} WARNING - /usr/local/lib/python3.8/site-packages/airflow/models/serialized_dag.py:120 SAWarning: TypeDecorator UtcDateTime(timezone=True) will not produce a cache key because the ``cache_ok`` attribute is not set to True.  This can have significant performance implications including some performance degradations in comparison to prior SQLAlchemy versions.  Set this attribute to True if this type object's state is safe to use in a cache key, or False to disable this warning. (Background on this error at: https://sqlalche.me/e/14/cprf)
[2022-09-27 06:10:58,837] {logging_mixin.py:109} INFO - [2022-09-27 06:10:58,837] {dag.py:2389} INFO - Sync 2 DAGs
[2022-09-27 06:10:58,845] {logging_mixin.py:109} WARNING - /usr/local/lib/python3.8/site-packages/airflow/models/dag.py:2426 SAWarning: TypeDecorator UtcDateTime(timezone=True) will not produce a cache key because the ``cache_ok`` attribute is not set to True.  This can have significant performance implications including some performance degradations in comparison to prior SQLAlchemy versions.  Set this attribute to True if this type object's state is safe to use in a cache key, or False to disable this warning. (Background on this error at: https://sqlalche.me/e/14/cprf)
[2022-09-27 06:10:58,853] {logging_mixin.py:109} INFO - [2022-09-27 06:10:58,853] {dag.py:2921} INFO - Setting next_dagrun for example_external_task_marker_child to None
[2022-09-27 06:10:58,854] {logging_mixin.py:109} INFO - [2022-09-27 06:10:58,854] {dag.py:2921} INFO - Setting next_dagrun for example_external_task_marker_parent to None
[2022-09-27 06:10:58,888] {processor.py:171} INFO - Processing /usr/local/lib/python3.8/site-packages/airflow/example_dags/example_external_task_marker_dag.py took 0.104 seconds
[2022-09-27 06:11:43,265] {processor.py:163} INFO - Started process (PID=202) to work on /usr/local/lib/python3.8/site-packages/airflow/example_dags/example_external_task_marker_dag.py
[2022-09-27 06:11:43,266] {processor.py:620} INFO - Processing file /usr/local/lib/python3.8/site-packages/airflow/example_dags/example_external_task_marker_dag.py for tasks to queue
[2022-09-27 06:11:43,269] {logging_mixin.py:109} INFO - [2022-09-27 06:11:43,268] {dagbag.py:500} INFO - Filling up the DagBag from /usr/local/lib/python3.8/site-packages/airflow/example_dags/example_external_task_marker_dag.py
[2022-09-27 06:11:43,289] {processor.py:632} INFO - DAG(s) dict_keys(['example_external_task_marker_parent', 'example_external_task_marker_child']) retrieved from /usr/local/lib/python3.8/site-packages/airflow/example_dags/example_external_task_marker_dag.py
[2022-09-27 06:11:43,293] {logging_mixin.py:109} WARNING - /usr/local/lib/python3.8/site-packages/airflow/models/serialized_dag.py:120 SAWarning: TypeDecorator UtcDateTime(timezone=True) will not produce a cache key because the ``cache_ok`` attribute is not set to True.  This can have significant performance implications including some performance degradations in comparison to prior SQLAlchemy versions.  Set this attribute to True if this type object's state is safe to use in a cache key, or False to disable this warning. (Background on this error at: https://sqlalche.me/e/14/cprf)
[2022-09-27 06:11:43,306] {logging_mixin.py:109} INFO - [2022-09-27 06:11:43,306] {dag.py:2389} INFO - Sync 2 DAGs
[2022-09-27 06:11:43,313] {logging_mixin.py:109} WARNING - /usr/local/lib/python3.8/site-packages/airflow/models/dag.py:2426 SAWarning: TypeDecorator UtcDateTime(timezone=True) will not produce a cache key because the ``cache_ok`` attribute is not set to True.  This can have significant performance implications including some performance degradations in comparison to prior SQLAlchemy versions.  Set this attribute to True if this type object's state is safe to use in a cache key, or False to disable this warning. (Background on this error at: https://sqlalche.me/e/14/cprf)
[2022-09-27 06:11:43,320] {logging_mixin.py:109} INFO - [2022-09-27 06:11:43,320] {dag.py:2921} INFO - Setting next_dagrun for example_external_task_marker_child to None
[2022-09-27 06:11:43,321] {logging_mixin.py:109} INFO - [2022-09-27 06:11:43,321] {dag.py:2921} INFO - Setting next_dagrun for example_external_task_marker_parent to None
[2022-09-27 06:11:43,349] {processor.py:171} INFO - Processing /usr/local/lib/python3.8/site-packages/airflow/example_dags/example_external_task_marker_dag.py took 0.087 seconds
[2022-09-27 06:12:25,048] {processor.py:163} INFO - Started process (PID=238) to work on /usr/local/lib/python3.8/site-packages/airflow/example_dags/example_external_task_marker_dag.py
[2022-09-27 06:12:25,050] {processor.py:620} INFO - Processing file /usr/local/lib/python3.8/site-packages/airflow/example_dags/example_external_task_marker_dag.py for tasks to queue
[2022-09-27 06:12:25,052] {logging_mixin.py:109} INFO - [2022-09-27 06:12:25,052] {dagbag.py:500} INFO - Filling up the DagBag from /usr/local/lib/python3.8/site-packages/airflow/example_dags/example_external_task_marker_dag.py
[2022-09-27 06:12:25,071] {processor.py:632} INFO - DAG(s) dict_keys(['example_external_task_marker_parent', 'example_external_task_marker_child']) retrieved from /usr/local/lib/python3.8/site-packages/airflow/example_dags/example_external_task_marker_dag.py
[2022-09-27 06:12:25,075] {logging_mixin.py:109} WARNING - /usr/local/lib/python3.8/site-packages/airflow/models/serialized_dag.py:120 SAWarning: TypeDecorator UtcDateTime(timezone=True) will not produce a cache key because the ``cache_ok`` attribute is not set to True.  This can have significant performance implications including some performance degradations in comparison to prior SQLAlchemy versions.  Set this attribute to True if this type object's state is safe to use in a cache key, or False to disable this warning. (Background on this error at: https://sqlalche.me/e/14/cprf)
[2022-09-27 06:12:25,089] {logging_mixin.py:109} INFO - [2022-09-27 06:12:25,089] {dag.py:2389} INFO - Sync 2 DAGs
[2022-09-27 06:12:25,096] {logging_mixin.py:109} WARNING - /usr/local/lib/python3.8/site-packages/airflow/models/dag.py:2426 SAWarning: TypeDecorator UtcDateTime(timezone=True) will not produce a cache key because the ``cache_ok`` attribute is not set to True.  This can have significant performance implications including some performance degradations in comparison to prior SQLAlchemy versions.  Set this attribute to True if this type object's state is safe to use in a cache key, or False to disable this warning. (Background on this error at: https://sqlalche.me/e/14/cprf)
[2022-09-27 06:12:25,106] {logging_mixin.py:109} INFO - [2022-09-27 06:12:25,106] {dag.py:2921} INFO - Setting next_dagrun for example_external_task_marker_child to None
[2022-09-27 06:12:25,106] {logging_mixin.py:109} INFO - [2022-09-27 06:12:25,106] {dag.py:2921} INFO - Setting next_dagrun for example_external_task_marker_parent to None
[2022-09-27 06:12:25,138] {processor.py:171} INFO - Processing /usr/local/lib/python3.8/site-packages/airflow/example_dags/example_external_task_marker_dag.py took 0.092 seconds
