[2022-09-27 06:09:06,029] {processor.py:163} INFO - Started process (PID=49) to work on /usr/local/lib/python3.8/site-packages/airflow/example_dags/example_trigger_controller_dag.py
[2022-09-27 06:09:06,029] {processor.py:620} INFO - Processing file /usr/local/lib/python3.8/site-packages/airflow/example_dags/example_trigger_controller_dag.py for tasks to queue
[2022-09-27 06:09:06,030] {logging_mixin.py:109} INFO - [2022-09-27 06:09:06,030] {dagbag.py:500} INFO - Filling up the DagBag from /usr/local/lib/python3.8/site-packages/airflow/example_dags/example_trigger_controller_dag.py
[2022-09-27 06:09:06,044] {processor.py:632} INFO - DAG(s) dict_keys(['example_trigger_controller_dag']) retrieved from /usr/local/lib/python3.8/site-packages/airflow/example_dags/example_trigger_controller_dag.py
[2022-09-27 06:09:06,047] {logging_mixin.py:109} WARNING - /usr/local/lib/python3.8/site-packages/airflow/models/serialized_dag.py:120 SAWarning: TypeDecorator UtcDateTime(timezone=True) will not produce a cache key because the ``cache_ok`` attribute is not set to True.  This can have significant performance implications including some performance degradations in comparison to prior SQLAlchemy versions.  Set this attribute to True if this type object's state is safe to use in a cache key, or False to disable this warning. (Background on this error at: https://sqlalche.me/e/14/cprf)
[2022-09-27 06:09:06,057] {logging_mixin.py:109} INFO - [2022-09-27 06:09:06,057] {dag.py:2389} INFO - Sync 1 DAGs
[2022-09-27 06:09:06,065] {logging_mixin.py:109} WARNING - /usr/local/lib/python3.8/site-packages/airflow/models/dag.py:2426 SAWarning: TypeDecorator UtcDateTime(timezone=True) will not produce a cache key because the ``cache_ok`` attribute is not set to True.  This can have significant performance implications including some performance degradations in comparison to prior SQLAlchemy versions.  Set this attribute to True if this type object's state is safe to use in a cache key, or False to disable this warning. (Background on this error at: https://sqlalche.me/e/14/cprf)
[2022-09-27 06:09:06,071] {logging_mixin.py:109} INFO - [2022-09-27 06:09:06,071] {dag.py:2921} INFO - Setting next_dagrun for example_trigger_controller_dag to 2021-01-01T00:00:00+00:00
[2022-09-27 06:09:06,116] {processor.py:171} INFO - Processing /usr/local/lib/python3.8/site-packages/airflow/example_dags/example_trigger_controller_dag.py took 0.089 seconds
[2022-09-27 06:09:46,324] {processor.py:163} INFO - Started process (PID=83) to work on /usr/local/lib/python3.8/site-packages/airflow/example_dags/example_trigger_controller_dag.py
[2022-09-27 06:09:46,326] {processor.py:620} INFO - Processing file /usr/local/lib/python3.8/site-packages/airflow/example_dags/example_trigger_controller_dag.py for tasks to queue
[2022-09-27 06:09:46,328] {logging_mixin.py:109} INFO - [2022-09-27 06:09:46,328] {dagbag.py:500} INFO - Filling up the DagBag from /usr/local/lib/python3.8/site-packages/airflow/example_dags/example_trigger_controller_dag.py
[2022-09-27 06:09:46,355] {processor.py:632} INFO - DAG(s) dict_keys(['example_trigger_controller_dag']) retrieved from /usr/local/lib/python3.8/site-packages/airflow/example_dags/example_trigger_controller_dag.py
[2022-09-27 06:09:46,359] {logging_mixin.py:109} WARNING - /usr/local/lib/python3.8/site-packages/airflow/models/serialized_dag.py:120 SAWarning: TypeDecorator UtcDateTime(timezone=True) will not produce a cache key because the ``cache_ok`` attribute is not set to True.  This can have significant performance implications including some performance degradations in comparison to prior SQLAlchemy versions.  Set this attribute to True if this type object's state is safe to use in a cache key, or False to disable this warning. (Background on this error at: https://sqlalche.me/e/14/cprf)
[2022-09-27 06:09:46,369] {logging_mixin.py:109} INFO - [2022-09-27 06:09:46,369] {dag.py:2389} INFO - Sync 1 DAGs
[2022-09-27 06:09:46,376] {logging_mixin.py:109} WARNING - /usr/local/lib/python3.8/site-packages/airflow/models/dag.py:2426 SAWarning: TypeDecorator UtcDateTime(timezone=True) will not produce a cache key because the ``cache_ok`` attribute is not set to True.  This can have significant performance implications including some performance degradations in comparison to prior SQLAlchemy versions.  Set this attribute to True if this type object's state is safe to use in a cache key, or False to disable this warning. (Background on this error at: https://sqlalche.me/e/14/cprf)
[2022-09-27 06:09:46,383] {logging_mixin.py:109} INFO - [2022-09-27 06:09:46,383] {dag.py:2921} INFO - Setting next_dagrun for example_trigger_controller_dag to 2021-01-01T00:00:00+00:00
[2022-09-27 06:09:46,426] {processor.py:171} INFO - Processing /usr/local/lib/python3.8/site-packages/airflow/example_dags/example_trigger_controller_dag.py took 0.106 seconds
[2022-09-27 06:10:27,065] {processor.py:163} INFO - Started process (PID=139) to work on /usr/local/lib/python3.8/site-packages/airflow/example_dags/example_trigger_controller_dag.py
[2022-09-27 06:10:27,067] {processor.py:620} INFO - Processing file /usr/local/lib/python3.8/site-packages/airflow/example_dags/example_trigger_controller_dag.py for tasks to queue
[2022-09-27 06:10:27,069] {logging_mixin.py:109} INFO - [2022-09-27 06:10:27,069] {dagbag.py:500} INFO - Filling up the DagBag from /usr/local/lib/python3.8/site-packages/airflow/example_dags/example_trigger_controller_dag.py
[2022-09-27 06:10:27,093] {processor.py:632} INFO - DAG(s) dict_keys(['example_trigger_controller_dag']) retrieved from /usr/local/lib/python3.8/site-packages/airflow/example_dags/example_trigger_controller_dag.py
[2022-09-27 06:10:27,097] {logging_mixin.py:109} WARNING - /usr/local/lib/python3.8/site-packages/airflow/models/serialized_dag.py:120 SAWarning: TypeDecorator UtcDateTime(timezone=True) will not produce a cache key because the ``cache_ok`` attribute is not set to True.  This can have significant performance implications including some performance degradations in comparison to prior SQLAlchemy versions.  Set this attribute to True if this type object's state is safe to use in a cache key, or False to disable this warning. (Background on this error at: https://sqlalche.me/e/14/cprf)
[2022-09-27 06:10:27,108] {logging_mixin.py:109} INFO - [2022-09-27 06:10:27,108] {dag.py:2389} INFO - Sync 1 DAGs
[2022-09-27 06:10:27,116] {logging_mixin.py:109} WARNING - /usr/local/lib/python3.8/site-packages/airflow/models/dag.py:2426 SAWarning: TypeDecorator UtcDateTime(timezone=True) will not produce a cache key because the ``cache_ok`` attribute is not set to True.  This can have significant performance implications including some performance degradations in comparison to prior SQLAlchemy versions.  Set this attribute to True if this type object's state is safe to use in a cache key, or False to disable this warning. (Background on this error at: https://sqlalche.me/e/14/cprf)
[2022-09-27 06:10:27,124] {logging_mixin.py:109} INFO - [2022-09-27 06:10:27,124] {dag.py:2921} INFO - Setting next_dagrun for example_trigger_controller_dag to 2021-01-01T00:00:00+00:00
[2022-09-27 06:10:27,153] {processor.py:171} INFO - Processing /usr/local/lib/python3.8/site-packages/airflow/example_dags/example_trigger_controller_dag.py took 0.092 seconds
[2022-09-27 06:11:08,776] {processor.py:163} INFO - Started process (PID=173) to work on /usr/local/lib/python3.8/site-packages/airflow/example_dags/example_trigger_controller_dag.py
[2022-09-27 06:11:08,777] {processor.py:620} INFO - Processing file /usr/local/lib/python3.8/site-packages/airflow/example_dags/example_trigger_controller_dag.py for tasks to queue
[2022-09-27 06:11:08,778] {logging_mixin.py:109} INFO - [2022-09-27 06:11:08,778] {dagbag.py:500} INFO - Filling up the DagBag from /usr/local/lib/python3.8/site-packages/airflow/example_dags/example_trigger_controller_dag.py
[2022-09-27 06:11:08,801] {processor.py:632} INFO - DAG(s) dict_keys(['example_trigger_controller_dag']) retrieved from /usr/local/lib/python3.8/site-packages/airflow/example_dags/example_trigger_controller_dag.py
[2022-09-27 06:11:08,807] {logging_mixin.py:109} WARNING - /usr/local/lib/python3.8/site-packages/airflow/models/serialized_dag.py:120 SAWarning: TypeDecorator UtcDateTime(timezone=True) will not produce a cache key because the ``cache_ok`` attribute is not set to True.  This can have significant performance implications including some performance degradations in comparison to prior SQLAlchemy versions.  Set this attribute to True if this type object's state is safe to use in a cache key, or False to disable this warning. (Background on this error at: https://sqlalche.me/e/14/cprf)
[2022-09-27 06:11:08,821] {logging_mixin.py:109} INFO - [2022-09-27 06:11:08,821] {dag.py:2389} INFO - Sync 1 DAGs
[2022-09-27 06:11:08,832] {logging_mixin.py:109} WARNING - /usr/local/lib/python3.8/site-packages/airflow/models/dag.py:2426 SAWarning: TypeDecorator UtcDateTime(timezone=True) will not produce a cache key because the ``cache_ok`` attribute is not set to True.  This can have significant performance implications including some performance degradations in comparison to prior SQLAlchemy versions.  Set this attribute to True if this type object's state is safe to use in a cache key, or False to disable this warning. (Background on this error at: https://sqlalche.me/e/14/cprf)
[2022-09-27 06:11:08,841] {logging_mixin.py:109} INFO - [2022-09-27 06:11:08,840] {dag.py:2921} INFO - Setting next_dagrun for example_trigger_controller_dag to 2021-01-01T00:00:00+00:00
[2022-09-27 06:11:08,873] {processor.py:171} INFO - Processing /usr/local/lib/python3.8/site-packages/airflow/example_dags/example_trigger_controller_dag.py took 0.100 seconds
[2022-09-27 06:11:48,804] {processor.py:163} INFO - Started process (PID=208) to work on /usr/local/lib/python3.8/site-packages/airflow/example_dags/example_trigger_controller_dag.py
[2022-09-27 06:11:48,805] {processor.py:620} INFO - Processing file /usr/local/lib/python3.8/site-packages/airflow/example_dags/example_trigger_controller_dag.py for tasks to queue
[2022-09-27 06:11:48,806] {logging_mixin.py:109} INFO - [2022-09-27 06:11:48,806] {dagbag.py:500} INFO - Filling up the DagBag from /usr/local/lib/python3.8/site-packages/airflow/example_dags/example_trigger_controller_dag.py
[2022-09-27 06:11:48,824] {processor.py:632} INFO - DAG(s) dict_keys(['example_trigger_controller_dag']) retrieved from /usr/local/lib/python3.8/site-packages/airflow/example_dags/example_trigger_controller_dag.py
[2022-09-27 06:11:48,828] {logging_mixin.py:109} WARNING - /usr/local/lib/python3.8/site-packages/airflow/models/serialized_dag.py:120 SAWarning: TypeDecorator UtcDateTime(timezone=True) will not produce a cache key because the ``cache_ok`` attribute is not set to True.  This can have significant performance implications including some performance degradations in comparison to prior SQLAlchemy versions.  Set this attribute to True if this type object's state is safe to use in a cache key, or False to disable this warning. (Background on this error at: https://sqlalche.me/e/14/cprf)
[2022-09-27 06:11:48,840] {logging_mixin.py:109} INFO - [2022-09-27 06:11:48,840] {dag.py:2389} INFO - Sync 1 DAGs
[2022-09-27 06:11:48,849] {logging_mixin.py:109} WARNING - /usr/local/lib/python3.8/site-packages/airflow/models/dag.py:2426 SAWarning: TypeDecorator UtcDateTime(timezone=True) will not produce a cache key because the ``cache_ok`` attribute is not set to True.  This can have significant performance implications including some performance degradations in comparison to prior SQLAlchemy versions.  Set this attribute to True if this type object's state is safe to use in a cache key, or False to disable this warning. (Background on this error at: https://sqlalche.me/e/14/cprf)
[2022-09-27 06:11:48,858] {logging_mixin.py:109} INFO - [2022-09-27 06:11:48,858] {dag.py:2921} INFO - Setting next_dagrun for example_trigger_controller_dag to 2021-01-01T00:00:00+00:00
[2022-09-27 06:11:48,891] {processor.py:171} INFO - Processing /usr/local/lib/python3.8/site-packages/airflow/example_dags/example_trigger_controller_dag.py took 0.090 seconds
