[2022-09-27 06:09:32,244] {processor.py:163} INFO - Started process (PID=71) to work on /usr/local/lib/python3.8/site-packages/airflow/example_dags/example_latest_only.py
[2022-09-27 06:09:32,246] {processor.py:620} INFO - Processing file /usr/local/lib/python3.8/site-packages/airflow/example_dags/example_latest_only.py for tasks to queue
[2022-09-27 06:09:32,248] {logging_mixin.py:109} INFO - [2022-09-27 06:09:32,248] {dagbag.py:500} INFO - Filling up the DagBag from /usr/local/lib/python3.8/site-packages/airflow/example_dags/example_latest_only.py
[2022-09-27 06:09:32,274] {processor.py:632} INFO - DAG(s) dict_keys(['latest_only']) retrieved from /usr/local/lib/python3.8/site-packages/airflow/example_dags/example_latest_only.py
[2022-09-27 06:09:32,279] {logging_mixin.py:109} WARNING - /usr/local/lib/python3.8/site-packages/airflow/models/serialized_dag.py:120 SAWarning: TypeDecorator UtcDateTime(timezone=True) will not produce a cache key because the ``cache_ok`` attribute is not set to True.  This can have significant performance implications including some performance degradations in comparison to prior SQLAlchemy versions.  Set this attribute to True if this type object's state is safe to use in a cache key, or False to disable this warning. (Background on this error at: https://sqlalche.me/e/14/cprf)
[2022-09-27 06:09:32,290] {logging_mixin.py:109} INFO - [2022-09-27 06:09:32,290] {dag.py:2389} INFO - Sync 1 DAGs
[2022-09-27 06:09:32,298] {logging_mixin.py:109} WARNING - /usr/local/lib/python3.8/site-packages/airflow/models/dag.py:2426 SAWarning: TypeDecorator UtcDateTime(timezone=True) will not produce a cache key because the ``cache_ok`` attribute is not set to True.  This can have significant performance implications including some performance degradations in comparison to prior SQLAlchemy versions.  Set this attribute to True if this type object's state is safe to use in a cache key, or False to disable this warning. (Background on this error at: https://sqlalche.me/e/14/cprf)
[2022-09-27 06:09:32,306] {logging_mixin.py:109} INFO - [2022-09-27 06:09:32,306] {dag.py:2921} INFO - Setting next_dagrun for latest_only to 2022-09-27T02:09:32.306371+00:00
[2022-09-27 06:09:32,341] {processor.py:171} INFO - Processing /usr/local/lib/python3.8/site-packages/airflow/example_dags/example_latest_only.py took 0.101 seconds
[2022-09-27 06:10:13,058] {processor.py:163} INFO - Started process (PID=128) to work on /usr/local/lib/python3.8/site-packages/airflow/example_dags/example_latest_only.py
[2022-09-27 06:10:13,064] {processor.py:620} INFO - Processing file /usr/local/lib/python3.8/site-packages/airflow/example_dags/example_latest_only.py for tasks to queue
[2022-09-27 06:10:13,065] {logging_mixin.py:109} INFO - [2022-09-27 06:10:13,065] {dagbag.py:500} INFO - Filling up the DagBag from /usr/local/lib/python3.8/site-packages/airflow/example_dags/example_latest_only.py
[2022-09-27 06:10:13,176] {processor.py:632} INFO - DAG(s) dict_keys(['latest_only']) retrieved from /usr/local/lib/python3.8/site-packages/airflow/example_dags/example_latest_only.py
[2022-09-27 06:10:13,191] {logging_mixin.py:109} WARNING - /usr/local/lib/python3.8/site-packages/airflow/models/serialized_dag.py:120 SAWarning: TypeDecorator UtcDateTime(timezone=True) will not produce a cache key because the ``cache_ok`` attribute is not set to True.  This can have significant performance implications including some performance degradations in comparison to prior SQLAlchemy versions.  Set this attribute to True if this type object's state is safe to use in a cache key, or False to disable this warning. (Background on this error at: https://sqlalche.me/e/14/cprf)
[2022-09-27 06:10:13,209] {logging_mixin.py:109} INFO - [2022-09-27 06:10:13,209] {dag.py:2389} INFO - Sync 1 DAGs
[2022-09-27 06:10:13,228] {logging_mixin.py:109} WARNING - /usr/local/lib/python3.8/site-packages/airflow/models/dag.py:2426 SAWarning: TypeDecorator UtcDateTime(timezone=True) will not produce a cache key because the ``cache_ok`` attribute is not set to True.  This can have significant performance implications including some performance degradations in comparison to prior SQLAlchemy versions.  Set this attribute to True if this type object's state is safe to use in a cache key, or False to disable this warning. (Background on this error at: https://sqlalche.me/e/14/cprf)
[2022-09-27 06:10:13,263] {logging_mixin.py:109} INFO - [2022-09-27 06:10:13,263] {dag.py:2921} INFO - Setting next_dagrun for latest_only to 2022-09-27T02:10:13.262807+00:00
[2022-09-27 06:10:13,327] {processor.py:171} INFO - Processing /usr/local/lib/python3.8/site-packages/airflow/example_dags/example_latest_only.py took 0.276 seconds
[2022-09-27 06:11:00,073] {processor.py:163} INFO - Started process (PID=166) to work on /usr/local/lib/python3.8/site-packages/airflow/example_dags/example_latest_only.py
[2022-09-27 06:11:00,075] {processor.py:620} INFO - Processing file /usr/local/lib/python3.8/site-packages/airflow/example_dags/example_latest_only.py for tasks to queue
[2022-09-27 06:11:00,077] {logging_mixin.py:109} INFO - [2022-09-27 06:11:00,077] {dagbag.py:500} INFO - Filling up the DagBag from /usr/local/lib/python3.8/site-packages/airflow/example_dags/example_latest_only.py
[2022-09-27 06:11:00,105] {processor.py:632} INFO - DAG(s) dict_keys(['latest_only']) retrieved from /usr/local/lib/python3.8/site-packages/airflow/example_dags/example_latest_only.py
[2022-09-27 06:11:00,110] {logging_mixin.py:109} WARNING - /usr/local/lib/python3.8/site-packages/airflow/models/serialized_dag.py:120 SAWarning: TypeDecorator UtcDateTime(timezone=True) will not produce a cache key because the ``cache_ok`` attribute is not set to True.  This can have significant performance implications including some performance degradations in comparison to prior SQLAlchemy versions.  Set this attribute to True if this type object's state is safe to use in a cache key, or False to disable this warning. (Background on this error at: https://sqlalche.me/e/14/cprf)
[2022-09-27 06:11:00,121] {logging_mixin.py:109} INFO - [2022-09-27 06:11:00,121] {dag.py:2389} INFO - Sync 1 DAGs
[2022-09-27 06:11:00,130] {logging_mixin.py:109} WARNING - /usr/local/lib/python3.8/site-packages/airflow/models/dag.py:2426 SAWarning: TypeDecorator UtcDateTime(timezone=True) will not produce a cache key because the ``cache_ok`` attribute is not set to True.  This can have significant performance implications including some performance degradations in comparison to prior SQLAlchemy versions.  Set this attribute to True if this type object's state is safe to use in a cache key, or False to disable this warning. (Background on this error at: https://sqlalche.me/e/14/cprf)
[2022-09-27 06:11:00,137] {logging_mixin.py:109} INFO - [2022-09-27 06:11:00,137] {dag.py:2921} INFO - Setting next_dagrun for latest_only to 2022-09-27T02:11:00.137650+00:00
[2022-09-27 06:11:00,169] {processor.py:171} INFO - Processing /usr/local/lib/python3.8/site-packages/airflow/example_dags/example_latest_only.py took 0.102 seconds
[2022-09-27 06:11:43,515] {processor.py:163} INFO - Started process (PID=203) to work on /usr/local/lib/python3.8/site-packages/airflow/example_dags/example_latest_only.py
[2022-09-27 06:11:43,516] {processor.py:620} INFO - Processing file /usr/local/lib/python3.8/site-packages/airflow/example_dags/example_latest_only.py for tasks to queue
[2022-09-27 06:11:43,517] {logging_mixin.py:109} INFO - [2022-09-27 06:11:43,517] {dagbag.py:500} INFO - Filling up the DagBag from /usr/local/lib/python3.8/site-packages/airflow/example_dags/example_latest_only.py
[2022-09-27 06:11:43,534] {processor.py:632} INFO - DAG(s) dict_keys(['latest_only']) retrieved from /usr/local/lib/python3.8/site-packages/airflow/example_dags/example_latest_only.py
[2022-09-27 06:11:43,538] {logging_mixin.py:109} WARNING - /usr/local/lib/python3.8/site-packages/airflow/models/serialized_dag.py:120 SAWarning: TypeDecorator UtcDateTime(timezone=True) will not produce a cache key because the ``cache_ok`` attribute is not set to True.  This can have significant performance implications including some performance degradations in comparison to prior SQLAlchemy versions.  Set this attribute to True if this type object's state is safe to use in a cache key, or False to disable this warning. (Background on this error at: https://sqlalche.me/e/14/cprf)
[2022-09-27 06:11:43,550] {logging_mixin.py:109} INFO - [2022-09-27 06:11:43,550] {dag.py:2389} INFO - Sync 1 DAGs
[2022-09-27 06:11:43,557] {logging_mixin.py:109} WARNING - /usr/local/lib/python3.8/site-packages/airflow/models/dag.py:2426 SAWarning: TypeDecorator UtcDateTime(timezone=True) will not produce a cache key because the ``cache_ok`` attribute is not set to True.  This can have significant performance implications including some performance degradations in comparison to prior SQLAlchemy versions.  Set this attribute to True if this type object's state is safe to use in a cache key, or False to disable this warning. (Background on this error at: https://sqlalche.me/e/14/cprf)
[2022-09-27 06:11:43,565] {logging_mixin.py:109} INFO - [2022-09-27 06:11:43,565] {dag.py:2921} INFO - Setting next_dagrun for latest_only to 2022-09-27T02:11:43.565687+00:00
[2022-09-27 06:11:43,615] {processor.py:171} INFO - Processing /usr/local/lib/python3.8/site-packages/airflow/example_dags/example_latest_only.py took 0.102 seconds
[2022-09-27 06:12:25,395] {processor.py:163} INFO - Started process (PID=239) to work on /usr/local/lib/python3.8/site-packages/airflow/example_dags/example_latest_only.py
[2022-09-27 06:12:25,396] {processor.py:620} INFO - Processing file /usr/local/lib/python3.8/site-packages/airflow/example_dags/example_latest_only.py for tasks to queue
[2022-09-27 06:12:25,397] {logging_mixin.py:109} INFO - [2022-09-27 06:12:25,397] {dagbag.py:500} INFO - Filling up the DagBag from /usr/local/lib/python3.8/site-packages/airflow/example_dags/example_latest_only.py
[2022-09-27 06:12:25,412] {processor.py:632} INFO - DAG(s) dict_keys(['latest_only']) retrieved from /usr/local/lib/python3.8/site-packages/airflow/example_dags/example_latest_only.py
[2022-09-27 06:12:25,416] {logging_mixin.py:109} WARNING - /usr/local/lib/python3.8/site-packages/airflow/models/serialized_dag.py:120 SAWarning: TypeDecorator UtcDateTime(timezone=True) will not produce a cache key because the ``cache_ok`` attribute is not set to True.  This can have significant performance implications including some performance degradations in comparison to prior SQLAlchemy versions.  Set this attribute to True if this type object's state is safe to use in a cache key, or False to disable this warning. (Background on this error at: https://sqlalche.me/e/14/cprf)
[2022-09-27 06:12:25,425] {logging_mixin.py:109} INFO - [2022-09-27 06:12:25,425] {dag.py:2389} INFO - Sync 1 DAGs
[2022-09-27 06:12:25,432] {logging_mixin.py:109} WARNING - /usr/local/lib/python3.8/site-packages/airflow/models/dag.py:2426 SAWarning: TypeDecorator UtcDateTime(timezone=True) will not produce a cache key because the ``cache_ok`` attribute is not set to True.  This can have significant performance implications including some performance degradations in comparison to prior SQLAlchemy versions.  Set this attribute to True if this type object's state is safe to use in a cache key, or False to disable this warning. (Background on this error at: https://sqlalche.me/e/14/cprf)
[2022-09-27 06:12:25,440] {logging_mixin.py:109} INFO - [2022-09-27 06:12:25,440] {dag.py:2921} INFO - Setting next_dagrun for latest_only to 2022-09-27T02:12:25.440315+00:00
[2022-09-27 06:12:25,471] {processor.py:171} INFO - Processing /usr/local/lib/python3.8/site-packages/airflow/example_dags/example_latest_only.py took 0.078 seconds
