[2022-09-27 06:09:10,681] {processor.py:163} INFO - Started process (PID=53) to work on /usr/local/lib/python3.8/site-packages/airflow/example_dags/example_short_circuit_operator.py
[2022-09-27 06:09:10,684] {processor.py:620} INFO - Processing file /usr/local/lib/python3.8/site-packages/airflow/example_dags/example_short_circuit_operator.py for tasks to queue
[2022-09-27 06:09:10,686] {logging_mixin.py:109} INFO - [2022-09-27 06:09:10,686] {dagbag.py:500} INFO - Filling up the DagBag from /usr/local/lib/python3.8/site-packages/airflow/example_dags/example_short_circuit_operator.py
[2022-09-27 06:09:10,710] {processor.py:632} INFO - DAG(s) dict_keys(['example_short_circuit_operator']) retrieved from /usr/local/lib/python3.8/site-packages/airflow/example_dags/example_short_circuit_operator.py
[2022-09-27 06:09:10,714] {logging_mixin.py:109} WARNING - /usr/local/lib/python3.8/site-packages/airflow/models/serialized_dag.py:120 SAWarning: TypeDecorator UtcDateTime(timezone=True) will not produce a cache key because the ``cache_ok`` attribute is not set to True.  This can have significant performance implications including some performance degradations in comparison to prior SQLAlchemy versions.  Set this attribute to True if this type object's state is safe to use in a cache key, or False to disable this warning. (Background on this error at: https://sqlalche.me/e/14/cprf)
[2022-09-27 06:09:10,726] {logging_mixin.py:109} INFO - [2022-09-27 06:09:10,726] {dag.py:2389} INFO - Sync 1 DAGs
[2022-09-27 06:09:10,733] {logging_mixin.py:109} WARNING - /usr/local/lib/python3.8/site-packages/airflow/models/dag.py:2426 SAWarning: TypeDecorator UtcDateTime(timezone=True) will not produce a cache key because the ``cache_ok`` attribute is not set to True.  This can have significant performance implications including some performance degradations in comparison to prior SQLAlchemy versions.  Set this attribute to True if this type object's state is safe to use in a cache key, or False to disable this warning. (Background on this error at: https://sqlalche.me/e/14/cprf)
[2022-09-27 06:09:10,741] {logging_mixin.py:109} INFO - [2022-09-27 06:09:10,741] {dag.py:2921} INFO - Setting next_dagrun for example_short_circuit_operator to 2022-09-26T06:09:10.740997+00:00
[2022-09-27 06:09:10,775] {processor.py:171} INFO - Processing /usr/local/lib/python3.8/site-packages/airflow/example_dags/example_short_circuit_operator.py took 0.098 seconds
[2022-09-27 06:09:50,453] {processor.py:163} INFO - Started process (PID=87) to work on /usr/local/lib/python3.8/site-packages/airflow/example_dags/example_short_circuit_operator.py
[2022-09-27 06:09:50,455] {processor.py:620} INFO - Processing file /usr/local/lib/python3.8/site-packages/airflow/example_dags/example_short_circuit_operator.py for tasks to queue
[2022-09-27 06:09:50,458] {logging_mixin.py:109} INFO - [2022-09-27 06:09:50,457] {dagbag.py:500} INFO - Filling up the DagBag from /usr/local/lib/python3.8/site-packages/airflow/example_dags/example_short_circuit_operator.py
[2022-09-27 06:09:50,489] {processor.py:632} INFO - DAG(s) dict_keys(['example_short_circuit_operator']) retrieved from /usr/local/lib/python3.8/site-packages/airflow/example_dags/example_short_circuit_operator.py
[2022-09-27 06:09:50,494] {logging_mixin.py:109} WARNING - /usr/local/lib/python3.8/site-packages/airflow/models/serialized_dag.py:120 SAWarning: TypeDecorator UtcDateTime(timezone=True) will not produce a cache key because the ``cache_ok`` attribute is not set to True.  This can have significant performance implications including some performance degradations in comparison to prior SQLAlchemy versions.  Set this attribute to True if this type object's state is safe to use in a cache key, or False to disable this warning. (Background on this error at: https://sqlalche.me/e/14/cprf)
[2022-09-27 06:09:50,507] {logging_mixin.py:109} INFO - [2022-09-27 06:09:50,507] {dag.py:2389} INFO - Sync 1 DAGs
[2022-09-27 06:09:50,515] {logging_mixin.py:109} WARNING - /usr/local/lib/python3.8/site-packages/airflow/models/dag.py:2426 SAWarning: TypeDecorator UtcDateTime(timezone=True) will not produce a cache key because the ``cache_ok`` attribute is not set to True.  This can have significant performance implications including some performance degradations in comparison to prior SQLAlchemy versions.  Set this attribute to True if this type object's state is safe to use in a cache key, or False to disable this warning. (Background on this error at: https://sqlalche.me/e/14/cprf)
[2022-09-27 06:09:50,524] {logging_mixin.py:109} INFO - [2022-09-27 06:09:50,524] {dag.py:2921} INFO - Setting next_dagrun for example_short_circuit_operator to 2022-09-26T06:09:50.524470+00:00
[2022-09-27 06:09:50,558] {processor.py:171} INFO - Processing /usr/local/lib/python3.8/site-packages/airflow/example_dags/example_short_circuit_operator.py took 0.110 seconds
[2022-09-27 06:10:31,431] {processor.py:163} INFO - Started process (PID=143) to work on /usr/local/lib/python3.8/site-packages/airflow/example_dags/example_short_circuit_operator.py
[2022-09-27 06:10:31,434] {processor.py:620} INFO - Processing file /usr/local/lib/python3.8/site-packages/airflow/example_dags/example_short_circuit_operator.py for tasks to queue
[2022-09-27 06:10:31,436] {logging_mixin.py:109} INFO - [2022-09-27 06:10:31,436] {dagbag.py:500} INFO - Filling up the DagBag from /usr/local/lib/python3.8/site-packages/airflow/example_dags/example_short_circuit_operator.py
[2022-09-27 06:10:31,466] {processor.py:632} INFO - DAG(s) dict_keys(['example_short_circuit_operator']) retrieved from /usr/local/lib/python3.8/site-packages/airflow/example_dags/example_short_circuit_operator.py
[2022-09-27 06:10:31,470] {logging_mixin.py:109} WARNING - /usr/local/lib/python3.8/site-packages/airflow/models/serialized_dag.py:120 SAWarning: TypeDecorator UtcDateTime(timezone=True) will not produce a cache key because the ``cache_ok`` attribute is not set to True.  This can have significant performance implications including some performance degradations in comparison to prior SQLAlchemy versions.  Set this attribute to True if this type object's state is safe to use in a cache key, or False to disable this warning. (Background on this error at: https://sqlalche.me/e/14/cprf)
[2022-09-27 06:10:31,482] {logging_mixin.py:109} INFO - [2022-09-27 06:10:31,482] {dag.py:2389} INFO - Sync 1 DAGs
[2022-09-27 06:10:31,490] {logging_mixin.py:109} WARNING - /usr/local/lib/python3.8/site-packages/airflow/models/dag.py:2426 SAWarning: TypeDecorator UtcDateTime(timezone=True) will not produce a cache key because the ``cache_ok`` attribute is not set to True.  This can have significant performance implications including some performance degradations in comparison to prior SQLAlchemy versions.  Set this attribute to True if this type object's state is safe to use in a cache key, or False to disable this warning. (Background on this error at: https://sqlalche.me/e/14/cprf)
[2022-09-27 06:10:31,498] {logging_mixin.py:109} INFO - [2022-09-27 06:10:31,498] {dag.py:2921} INFO - Setting next_dagrun for example_short_circuit_operator to 2022-09-26T06:10:31.498106+00:00
[2022-09-27 06:10:31,530] {processor.py:171} INFO - Processing /usr/local/lib/python3.8/site-packages/airflow/example_dags/example_short_circuit_operator.py took 0.103 seconds
[2022-09-27 06:11:12,779] {processor.py:163} INFO - Started process (PID=177) to work on /usr/local/lib/python3.8/site-packages/airflow/example_dags/example_short_circuit_operator.py
[2022-09-27 06:11:12,781] {processor.py:620} INFO - Processing file /usr/local/lib/python3.8/site-packages/airflow/example_dags/example_short_circuit_operator.py for tasks to queue
[2022-09-27 06:11:12,782] {logging_mixin.py:109} INFO - [2022-09-27 06:11:12,782] {dagbag.py:500} INFO - Filling up the DagBag from /usr/local/lib/python3.8/site-packages/airflow/example_dags/example_short_circuit_operator.py
[2022-09-27 06:11:12,803] {processor.py:632} INFO - DAG(s) dict_keys(['example_short_circuit_operator']) retrieved from /usr/local/lib/python3.8/site-packages/airflow/example_dags/example_short_circuit_operator.py
[2022-09-27 06:11:12,807] {logging_mixin.py:109} WARNING - /usr/local/lib/python3.8/site-packages/airflow/models/serialized_dag.py:120 SAWarning: TypeDecorator UtcDateTime(timezone=True) will not produce a cache key because the ``cache_ok`` attribute is not set to True.  This can have significant performance implications including some performance degradations in comparison to prior SQLAlchemy versions.  Set this attribute to True if this type object's state is safe to use in a cache key, or False to disable this warning. (Background on this error at: https://sqlalche.me/e/14/cprf)
[2022-09-27 06:11:12,816] {logging_mixin.py:109} INFO - [2022-09-27 06:11:12,816] {dag.py:2389} INFO - Sync 1 DAGs
[2022-09-27 06:11:12,824] {logging_mixin.py:109} WARNING - /usr/local/lib/python3.8/site-packages/airflow/models/dag.py:2426 SAWarning: TypeDecorator UtcDateTime(timezone=True) will not produce a cache key because the ``cache_ok`` attribute is not set to True.  This can have significant performance implications including some performance degradations in comparison to prior SQLAlchemy versions.  Set this attribute to True if this type object's state is safe to use in a cache key, or False to disable this warning. (Background on this error at: https://sqlalche.me/e/14/cprf)
[2022-09-27 06:11:12,833] {logging_mixin.py:109} INFO - [2022-09-27 06:11:12,832] {dag.py:2921} INFO - Setting next_dagrun for example_short_circuit_operator to 2022-09-26T06:11:12.832857+00:00
[2022-09-27 06:11:12,881] {processor.py:171} INFO - Processing /usr/local/lib/python3.8/site-packages/airflow/example_dags/example_short_circuit_operator.py took 0.107 seconds
[2022-09-27 06:11:53,831] {processor.py:163} INFO - Started process (PID=212) to work on /usr/local/lib/python3.8/site-packages/airflow/example_dags/example_short_circuit_operator.py
[2022-09-27 06:11:53,832] {processor.py:620} INFO - Processing file /usr/local/lib/python3.8/site-packages/airflow/example_dags/example_short_circuit_operator.py for tasks to queue
[2022-09-27 06:11:53,833] {logging_mixin.py:109} INFO - [2022-09-27 06:11:53,833] {dagbag.py:500} INFO - Filling up the DagBag from /usr/local/lib/python3.8/site-packages/airflow/example_dags/example_short_circuit_operator.py
[2022-09-27 06:11:53,855] {processor.py:632} INFO - DAG(s) dict_keys(['example_short_circuit_operator']) retrieved from /usr/local/lib/python3.8/site-packages/airflow/example_dags/example_short_circuit_operator.py
[2022-09-27 06:11:53,860] {logging_mixin.py:109} WARNING - /usr/local/lib/python3.8/site-packages/airflow/models/serialized_dag.py:120 SAWarning: TypeDecorator UtcDateTime(timezone=True) will not produce a cache key because the ``cache_ok`` attribute is not set to True.  This can have significant performance implications including some performance degradations in comparison to prior SQLAlchemy versions.  Set this attribute to True if this type object's state is safe to use in a cache key, or False to disable this warning. (Background on this error at: https://sqlalche.me/e/14/cprf)
[2022-09-27 06:11:53,873] {logging_mixin.py:109} INFO - [2022-09-27 06:11:53,873] {dag.py:2389} INFO - Sync 1 DAGs
[2022-09-27 06:11:53,882] {logging_mixin.py:109} WARNING - /usr/local/lib/python3.8/site-packages/airflow/models/dag.py:2426 SAWarning: TypeDecorator UtcDateTime(timezone=True) will not produce a cache key because the ``cache_ok`` attribute is not set to True.  This can have significant performance implications including some performance degradations in comparison to prior SQLAlchemy versions.  Set this attribute to True if this type object's state is safe to use in a cache key, or False to disable this warning. (Background on this error at: https://sqlalche.me/e/14/cprf)
[2022-09-27 06:11:53,890] {logging_mixin.py:109} INFO - [2022-09-27 06:11:53,890] {dag.py:2921} INFO - Setting next_dagrun for example_short_circuit_operator to 2022-09-26T06:11:53.890211+00:00
[2022-09-27 06:11:53,925] {processor.py:171} INFO - Processing /usr/local/lib/python3.8/site-packages/airflow/example_dags/example_short_circuit_operator.py took 0.096 seconds
