[2022-09-27 06:09:25,946] {processor.py:163} INFO - Started process (PID=66) to work on /usr/local/lib/python3.8/site-packages/airflow/example_dags/example_branch_operator.py
[2022-09-27 06:09:25,949] {processor.py:620} INFO - Processing file /usr/local/lib/python3.8/site-packages/airflow/example_dags/example_branch_operator.py for tasks to queue
[2022-09-27 06:09:25,950] {logging_mixin.py:109} INFO - [2022-09-27 06:09:25,950] {dagbag.py:500} INFO - Filling up the DagBag from /usr/local/lib/python3.8/site-packages/airflow/example_dags/example_branch_operator.py
[2022-09-27 06:09:25,970] {processor.py:632} INFO - DAG(s) dict_keys(['example_branch_operator']) retrieved from /usr/local/lib/python3.8/site-packages/airflow/example_dags/example_branch_operator.py
[2022-09-27 06:09:25,974] {logging_mixin.py:109} WARNING - /usr/local/lib/python3.8/site-packages/airflow/models/serialized_dag.py:120 SAWarning: TypeDecorator UtcDateTime(timezone=True) will not produce a cache key because the ``cache_ok`` attribute is not set to True.  This can have significant performance implications including some performance degradations in comparison to prior SQLAlchemy versions.  Set this attribute to True if this type object's state is safe to use in a cache key, or False to disable this warning. (Background on this error at: https://sqlalche.me/e/14/cprf)
[2022-09-27 06:09:25,991] {logging_mixin.py:109} INFO - [2022-09-27 06:09:25,991] {dag.py:2389} INFO - Sync 1 DAGs
[2022-09-27 06:09:25,998] {logging_mixin.py:109} WARNING - /usr/local/lib/python3.8/site-packages/airflow/models/dag.py:2426 SAWarning: TypeDecorator UtcDateTime(timezone=True) will not produce a cache key because the ``cache_ok`` attribute is not set to True.  This can have significant performance implications including some performance degradations in comparison to prior SQLAlchemy versions.  Set this attribute to True if this type object's state is safe to use in a cache key, or False to disable this warning. (Background on this error at: https://sqlalche.me/e/14/cprf)
[2022-09-27 06:09:26,005] {logging_mixin.py:109} INFO - [2022-09-27 06:09:26,005] {dag.py:2921} INFO - Setting next_dagrun for example_branch_operator to 2022-09-26 00:00:00+00:00
[2022-09-27 06:09:26,034] {processor.py:171} INFO - Processing /usr/local/lib/python3.8/site-packages/airflow/example_dags/example_branch_operator.py took 0.093 seconds
[2022-09-27 06:10:06,045] {processor.py:163} INFO - Started process (PID=112) to work on /usr/local/lib/python3.8/site-packages/airflow/example_dags/example_branch_operator.py
[2022-09-27 06:10:06,046] {processor.py:620} INFO - Processing file /usr/local/lib/python3.8/site-packages/airflow/example_dags/example_branch_operator.py for tasks to queue
[2022-09-27 06:10:06,047] {logging_mixin.py:109} INFO - [2022-09-27 06:10:06,047] {dagbag.py:500} INFO - Filling up the DagBag from /usr/local/lib/python3.8/site-packages/airflow/example_dags/example_branch_operator.py
[2022-09-27 06:10:06,088] {processor.py:632} INFO - DAG(s) dict_keys(['example_branch_operator']) retrieved from /usr/local/lib/python3.8/site-packages/airflow/example_dags/example_branch_operator.py
[2022-09-27 06:10:06,093] {logging_mixin.py:109} WARNING - /usr/local/lib/python3.8/site-packages/airflow/models/serialized_dag.py:120 SAWarning: TypeDecorator UtcDateTime(timezone=True) will not produce a cache key because the ``cache_ok`` attribute is not set to True.  This can have significant performance implications including some performance degradations in comparison to prior SQLAlchemy versions.  Set this attribute to True if this type object's state is safe to use in a cache key, or False to disable this warning. (Background on this error at: https://sqlalche.me/e/14/cprf)
[2022-09-27 06:10:06,105] {logging_mixin.py:109} INFO - [2022-09-27 06:10:06,104] {dag.py:2389} INFO - Sync 1 DAGs
[2022-09-27 06:10:06,115] {logging_mixin.py:109} WARNING - /usr/local/lib/python3.8/site-packages/airflow/models/dag.py:2426 SAWarning: TypeDecorator UtcDateTime(timezone=True) will not produce a cache key because the ``cache_ok`` attribute is not set to True.  This can have significant performance implications including some performance degradations in comparison to prior SQLAlchemy versions.  Set this attribute to True if this type object's state is safe to use in a cache key, or False to disable this warning. (Background on this error at: https://sqlalche.me/e/14/cprf)
[2022-09-27 06:10:06,127] {logging_mixin.py:109} INFO - [2022-09-27 06:10:06,127] {dag.py:2921} INFO - Setting next_dagrun for example_branch_operator to 2022-09-26 00:00:00+00:00
[2022-09-27 06:10:06,162] {processor.py:171} INFO - Processing /usr/local/lib/python3.8/site-packages/airflow/example_dags/example_branch_operator.py took 0.118 seconds
[2022-09-27 06:10:48,268] {processor.py:163} INFO - Started process (PID=157) to work on /usr/local/lib/python3.8/site-packages/airflow/example_dags/example_branch_operator.py
[2022-09-27 06:10:48,271] {processor.py:620} INFO - Processing file /usr/local/lib/python3.8/site-packages/airflow/example_dags/example_branch_operator.py for tasks to queue
[2022-09-27 06:10:48,273] {logging_mixin.py:109} INFO - [2022-09-27 06:10:48,273] {dagbag.py:500} INFO - Filling up the DagBag from /usr/local/lib/python3.8/site-packages/airflow/example_dags/example_branch_operator.py
[2022-09-27 06:10:48,300] {processor.py:632} INFO - DAG(s) dict_keys(['example_branch_operator']) retrieved from /usr/local/lib/python3.8/site-packages/airflow/example_dags/example_branch_operator.py
[2022-09-27 06:10:48,305] {logging_mixin.py:109} WARNING - /usr/local/lib/python3.8/site-packages/airflow/models/serialized_dag.py:120 SAWarning: TypeDecorator UtcDateTime(timezone=True) will not produce a cache key because the ``cache_ok`` attribute is not set to True.  This can have significant performance implications including some performance degradations in comparison to prior SQLAlchemy versions.  Set this attribute to True if this type object's state is safe to use in a cache key, or False to disable this warning. (Background on this error at: https://sqlalche.me/e/14/cprf)
[2022-09-27 06:10:48,320] {logging_mixin.py:109} INFO - [2022-09-27 06:10:48,320] {dag.py:2389} INFO - Sync 1 DAGs
[2022-09-27 06:10:48,328] {logging_mixin.py:109} WARNING - /usr/local/lib/python3.8/site-packages/airflow/models/dag.py:2426 SAWarning: TypeDecorator UtcDateTime(timezone=True) will not produce a cache key because the ``cache_ok`` attribute is not set to True.  This can have significant performance implications including some performance degradations in comparison to prior SQLAlchemy versions.  Set this attribute to True if this type object's state is safe to use in a cache key, or False to disable this warning. (Background on this error at: https://sqlalche.me/e/14/cprf)
[2022-09-27 06:10:48,336] {logging_mixin.py:109} INFO - [2022-09-27 06:10:48,336] {dag.py:2921} INFO - Setting next_dagrun for example_branch_operator to 2022-09-26 00:00:00+00:00
[2022-09-27 06:10:48,365] {processor.py:171} INFO - Processing /usr/local/lib/python3.8/site-packages/airflow/example_dags/example_branch_operator.py took 0.102 seconds
[2022-09-27 06:11:32,948] {processor.py:163} INFO - Started process (PID=194) to work on /usr/local/lib/python3.8/site-packages/airflow/example_dags/example_branch_operator.py
[2022-09-27 06:11:32,949] {processor.py:620} INFO - Processing file /usr/local/lib/python3.8/site-packages/airflow/example_dags/example_branch_operator.py for tasks to queue
[2022-09-27 06:11:32,950] {logging_mixin.py:109} INFO - [2022-09-27 06:11:32,950] {dagbag.py:500} INFO - Filling up the DagBag from /usr/local/lib/python3.8/site-packages/airflow/example_dags/example_branch_operator.py
[2022-09-27 06:11:32,969] {processor.py:632} INFO - DAG(s) dict_keys(['example_branch_operator']) retrieved from /usr/local/lib/python3.8/site-packages/airflow/example_dags/example_branch_operator.py
[2022-09-27 06:11:32,983] {logging_mixin.py:109} WARNING - /usr/local/lib/python3.8/site-packages/airflow/models/serialized_dag.py:120 SAWarning: TypeDecorator UtcDateTime(timezone=True) will not produce a cache key because the ``cache_ok`` attribute is not set to True.  This can have significant performance implications including some performance degradations in comparison to prior SQLAlchemy versions.  Set this attribute to True if this type object's state is safe to use in a cache key, or False to disable this warning. (Background on this error at: https://sqlalche.me/e/14/cprf)
[2022-09-27 06:11:33,014] {logging_mixin.py:109} INFO - [2022-09-27 06:11:33,014] {dag.py:2389} INFO - Sync 1 DAGs
[2022-09-27 06:11:33,023] {logging_mixin.py:109} WARNING - /usr/local/lib/python3.8/site-packages/airflow/models/dag.py:2426 SAWarning: TypeDecorator UtcDateTime(timezone=True) will not produce a cache key because the ``cache_ok`` attribute is not set to True.  This can have significant performance implications including some performance degradations in comparison to prior SQLAlchemy versions.  Set this attribute to True if this type object's state is safe to use in a cache key, or False to disable this warning. (Background on this error at: https://sqlalche.me/e/14/cprf)
[2022-09-27 06:11:33,034] {logging_mixin.py:109} INFO - [2022-09-27 06:11:33,034] {dag.py:2921} INFO - Setting next_dagrun for example_branch_operator to 2022-09-26 00:00:00+00:00
[2022-09-27 06:11:33,073] {processor.py:171} INFO - Processing /usr/local/lib/python3.8/site-packages/airflow/example_dags/example_branch_operator.py took 0.127 seconds
[2022-09-27 06:12:14,865] {processor.py:163} INFO - Started process (PID=230) to work on /usr/local/lib/python3.8/site-packages/airflow/example_dags/example_branch_operator.py
[2022-09-27 06:12:14,866] {processor.py:620} INFO - Processing file /usr/local/lib/python3.8/site-packages/airflow/example_dags/example_branch_operator.py for tasks to queue
[2022-09-27 06:12:14,868] {logging_mixin.py:109} INFO - [2022-09-27 06:12:14,868] {dagbag.py:500} INFO - Filling up the DagBag from /usr/local/lib/python3.8/site-packages/airflow/example_dags/example_branch_operator.py
[2022-09-27 06:12:14,888] {processor.py:632} INFO - DAG(s) dict_keys(['example_branch_operator']) retrieved from /usr/local/lib/python3.8/site-packages/airflow/example_dags/example_branch_operator.py
[2022-09-27 06:12:14,891] {logging_mixin.py:109} WARNING - /usr/local/lib/python3.8/site-packages/airflow/models/serialized_dag.py:120 SAWarning: TypeDecorator UtcDateTime(timezone=True) will not produce a cache key because the ``cache_ok`` attribute is not set to True.  This can have significant performance implications including some performance degradations in comparison to prior SQLAlchemy versions.  Set this attribute to True if this type object's state is safe to use in a cache key, or False to disable this warning. (Background on this error at: https://sqlalche.me/e/14/cprf)
[2022-09-27 06:12:14,902] {logging_mixin.py:109} INFO - [2022-09-27 06:12:14,902] {dag.py:2389} INFO - Sync 1 DAGs
[2022-09-27 06:12:14,910] {logging_mixin.py:109} WARNING - /usr/local/lib/python3.8/site-packages/airflow/models/dag.py:2426 SAWarning: TypeDecorator UtcDateTime(timezone=True) will not produce a cache key because the ``cache_ok`` attribute is not set to True.  This can have significant performance implications including some performance degradations in comparison to prior SQLAlchemy versions.  Set this attribute to True if this type object's state is safe to use in a cache key, or False to disable this warning. (Background on this error at: https://sqlalche.me/e/14/cprf)
[2022-09-27 06:12:14,917] {logging_mixin.py:109} INFO - [2022-09-27 06:12:14,917] {dag.py:2921} INFO - Setting next_dagrun for example_branch_operator to 2022-09-26 00:00:00+00:00
[2022-09-27 06:12:14,954] {processor.py:171} INFO - Processing /usr/local/lib/python3.8/site-packages/airflow/example_dags/example_branch_operator.py took 0.093 seconds
