[2022-09-27 06:09:29,696] {processor.py:163} INFO - Started process (PID=69) to work on /usr/local/lib/python3.8/site-packages/airflow/example_dags/example_branch_day_of_week_operator.py
[2022-09-27 06:09:29,698] {processor.py:620} INFO - Processing file /usr/local/lib/python3.8/site-packages/airflow/example_dags/example_branch_day_of_week_operator.py for tasks to queue
[2022-09-27 06:09:29,701] {logging_mixin.py:109} INFO - [2022-09-27 06:09:29,700] {dagbag.py:500} INFO - Filling up the DagBag from /usr/local/lib/python3.8/site-packages/airflow/example_dags/example_branch_day_of_week_operator.py
[2022-09-27 06:09:29,726] {processor.py:632} INFO - DAG(s) dict_keys(['example_weekday_branch_operator']) retrieved from /usr/local/lib/python3.8/site-packages/airflow/example_dags/example_branch_day_of_week_operator.py
[2022-09-27 06:09:29,730] {logging_mixin.py:109} WARNING - /usr/local/lib/python3.8/site-packages/airflow/models/serialized_dag.py:120 SAWarning: TypeDecorator UtcDateTime(timezone=True) will not produce a cache key because the ``cache_ok`` attribute is not set to True.  This can have significant performance implications including some performance degradations in comparison to prior SQLAlchemy versions.  Set this attribute to True if this type object's state is safe to use in a cache key, or False to disable this warning. (Background on this error at: https://sqlalche.me/e/14/cprf)
[2022-09-27 06:09:29,741] {logging_mixin.py:109} INFO - [2022-09-27 06:09:29,741] {dag.py:2389} INFO - Sync 1 DAGs
[2022-09-27 06:09:29,749] {logging_mixin.py:109} WARNING - /usr/local/lib/python3.8/site-packages/airflow/models/dag.py:2426 SAWarning: TypeDecorator UtcDateTime(timezone=True) will not produce a cache key because the ``cache_ok`` attribute is not set to True.  This can have significant performance implications including some performance degradations in comparison to prior SQLAlchemy versions.  Set this attribute to True if this type object's state is safe to use in a cache key, or False to disable this warning. (Background on this error at: https://sqlalche.me/e/14/cprf)
[2022-09-27 06:09:29,756] {logging_mixin.py:109} INFO - [2022-09-27 06:09:29,756] {dag.py:2921} INFO - Setting next_dagrun for example_weekday_branch_operator to 2022-09-26 00:00:00+00:00
[2022-09-27 06:09:29,794] {processor.py:171} INFO - Processing /usr/local/lib/python3.8/site-packages/airflow/example_dags/example_branch_day_of_week_operator.py took 0.101 seconds
[2022-09-27 06:10:10,694] {processor.py:163} INFO - Started process (PID=126) to work on /usr/local/lib/python3.8/site-packages/airflow/example_dags/example_branch_day_of_week_operator.py
[2022-09-27 06:10:10,696] {processor.py:620} INFO - Processing file /usr/local/lib/python3.8/site-packages/airflow/example_dags/example_branch_day_of_week_operator.py for tasks to queue
[2022-09-27 06:10:10,699] {logging_mixin.py:109} INFO - [2022-09-27 06:10:10,698] {dagbag.py:500} INFO - Filling up the DagBag from /usr/local/lib/python3.8/site-packages/airflow/example_dags/example_branch_day_of_week_operator.py
[2022-09-27 06:10:10,753] {processor.py:632} INFO - DAG(s) dict_keys(['example_weekday_branch_operator']) retrieved from /usr/local/lib/python3.8/site-packages/airflow/example_dags/example_branch_day_of_week_operator.py
[2022-09-27 06:10:10,777] {logging_mixin.py:109} WARNING - /usr/local/lib/python3.8/site-packages/airflow/models/serialized_dag.py:120 SAWarning: TypeDecorator UtcDateTime(timezone=True) will not produce a cache key because the ``cache_ok`` attribute is not set to True.  This can have significant performance implications including some performance degradations in comparison to prior SQLAlchemy versions.  Set this attribute to True if this type object's state is safe to use in a cache key, or False to disable this warning. (Background on this error at: https://sqlalche.me/e/14/cprf)
[2022-09-27 06:10:10,812] {logging_mixin.py:109} INFO - [2022-09-27 06:10:10,812] {dag.py:2389} INFO - Sync 1 DAGs
[2022-09-27 06:10:10,852] {logging_mixin.py:109} WARNING - /usr/local/lib/python3.8/site-packages/airflow/models/dag.py:2426 SAWarning: TypeDecorator UtcDateTime(timezone=True) will not produce a cache key because the ``cache_ok`` attribute is not set to True.  This can have significant performance implications including some performance degradations in comparison to prior SQLAlchemy versions.  Set this attribute to True if this type object's state is safe to use in a cache key, or False to disable this warning. (Background on this error at: https://sqlalche.me/e/14/cprf)
[2022-09-27 06:10:10,885] {logging_mixin.py:109} INFO - [2022-09-27 06:10:10,885] {dag.py:2921} INFO - Setting next_dagrun for example_weekday_branch_operator to 2022-09-26 00:00:00+00:00
[2022-09-27 06:10:10,940] {processor.py:171} INFO - Processing /usr/local/lib/python3.8/site-packages/airflow/example_dags/example_branch_day_of_week_operator.py took 0.265 seconds
[2022-09-27 06:10:57,508] {processor.py:163} INFO - Started process (PID=164) to work on /usr/local/lib/python3.8/site-packages/airflow/example_dags/example_branch_day_of_week_operator.py
[2022-09-27 06:10:57,510] {processor.py:620} INFO - Processing file /usr/local/lib/python3.8/site-packages/airflow/example_dags/example_branch_day_of_week_operator.py for tasks to queue
[2022-09-27 06:10:57,511] {logging_mixin.py:109} INFO - [2022-09-27 06:10:57,511] {dagbag.py:500} INFO - Filling up the DagBag from /usr/local/lib/python3.8/site-packages/airflow/example_dags/example_branch_day_of_week_operator.py
[2022-09-27 06:10:57,537] {processor.py:632} INFO - DAG(s) dict_keys(['example_weekday_branch_operator']) retrieved from /usr/local/lib/python3.8/site-packages/airflow/example_dags/example_branch_day_of_week_operator.py
[2022-09-27 06:10:57,542] {logging_mixin.py:109} WARNING - /usr/local/lib/python3.8/site-packages/airflow/models/serialized_dag.py:120 SAWarning: TypeDecorator UtcDateTime(timezone=True) will not produce a cache key because the ``cache_ok`` attribute is not set to True.  This can have significant performance implications including some performance degradations in comparison to prior SQLAlchemy versions.  Set this attribute to True if this type object's state is safe to use in a cache key, or False to disable this warning. (Background on this error at: https://sqlalche.me/e/14/cprf)
[2022-09-27 06:10:57,556] {logging_mixin.py:109} INFO - [2022-09-27 06:10:57,556] {dag.py:2389} INFO - Sync 1 DAGs
[2022-09-27 06:10:57,565] {logging_mixin.py:109} WARNING - /usr/local/lib/python3.8/site-packages/airflow/models/dag.py:2426 SAWarning: TypeDecorator UtcDateTime(timezone=True) will not produce a cache key because the ``cache_ok`` attribute is not set to True.  This can have significant performance implications including some performance degradations in comparison to prior SQLAlchemy versions.  Set this attribute to True if this type object's state is safe to use in a cache key, or False to disable this warning. (Background on this error at: https://sqlalche.me/e/14/cprf)
[2022-09-27 06:10:57,578] {logging_mixin.py:109} INFO - [2022-09-27 06:10:57,578] {dag.py:2921} INFO - Setting next_dagrun for example_weekday_branch_operator to 2022-09-26 00:00:00+00:00
[2022-09-27 06:10:57,613] {processor.py:171} INFO - Processing /usr/local/lib/python3.8/site-packages/airflow/example_dags/example_branch_day_of_week_operator.py took 0.107 seconds
[2022-09-27 06:11:41,983] {processor.py:163} INFO - Started process (PID=201) to work on /usr/local/lib/python3.8/site-packages/airflow/example_dags/example_branch_day_of_week_operator.py
[2022-09-27 06:11:41,986] {processor.py:620} INFO - Processing file /usr/local/lib/python3.8/site-packages/airflow/example_dags/example_branch_day_of_week_operator.py for tasks to queue
[2022-09-27 06:11:41,988] {logging_mixin.py:109} INFO - [2022-09-27 06:11:41,988] {dagbag.py:500} INFO - Filling up the DagBag from /usr/local/lib/python3.8/site-packages/airflow/example_dags/example_branch_day_of_week_operator.py
[2022-09-27 06:11:42,016] {processor.py:632} INFO - DAG(s) dict_keys(['example_weekday_branch_operator']) retrieved from /usr/local/lib/python3.8/site-packages/airflow/example_dags/example_branch_day_of_week_operator.py
[2022-09-27 06:11:42,022] {logging_mixin.py:109} WARNING - /usr/local/lib/python3.8/site-packages/airflow/models/serialized_dag.py:120 SAWarning: TypeDecorator UtcDateTime(timezone=True) will not produce a cache key because the ``cache_ok`` attribute is not set to True.  This can have significant performance implications including some performance degradations in comparison to prior SQLAlchemy versions.  Set this attribute to True if this type object's state is safe to use in a cache key, or False to disable this warning. (Background on this error at: https://sqlalche.me/e/14/cprf)
[2022-09-27 06:11:42,034] {logging_mixin.py:109} INFO - [2022-09-27 06:11:42,034] {dag.py:2389} INFO - Sync 1 DAGs
[2022-09-27 06:11:42,042] {logging_mixin.py:109} WARNING - /usr/local/lib/python3.8/site-packages/airflow/models/dag.py:2426 SAWarning: TypeDecorator UtcDateTime(timezone=True) will not produce a cache key because the ``cache_ok`` attribute is not set to True.  This can have significant performance implications including some performance degradations in comparison to prior SQLAlchemy versions.  Set this attribute to True if this type object's state is safe to use in a cache key, or False to disable this warning. (Background on this error at: https://sqlalche.me/e/14/cprf)
[2022-09-27 06:11:42,051] {logging_mixin.py:109} INFO - [2022-09-27 06:11:42,051] {dag.py:2921} INFO - Setting next_dagrun for example_weekday_branch_operator to 2022-09-26 00:00:00+00:00
[2022-09-27 06:11:42,082] {processor.py:171} INFO - Processing /usr/local/lib/python3.8/site-packages/airflow/example_dags/example_branch_day_of_week_operator.py took 0.103 seconds
[2022-09-27 06:12:23,739] {processor.py:163} INFO - Started process (PID=237) to work on /usr/local/lib/python3.8/site-packages/airflow/example_dags/example_branch_day_of_week_operator.py
[2022-09-27 06:12:23,742] {processor.py:620} INFO - Processing file /usr/local/lib/python3.8/site-packages/airflow/example_dags/example_branch_day_of_week_operator.py for tasks to queue
[2022-09-27 06:12:23,744] {logging_mixin.py:109} INFO - [2022-09-27 06:12:23,744] {dagbag.py:500} INFO - Filling up the DagBag from /usr/local/lib/python3.8/site-packages/airflow/example_dags/example_branch_day_of_week_operator.py
[2022-09-27 06:12:23,774] {processor.py:632} INFO - DAG(s) dict_keys(['example_weekday_branch_operator']) retrieved from /usr/local/lib/python3.8/site-packages/airflow/example_dags/example_branch_day_of_week_operator.py
[2022-09-27 06:12:23,779] {logging_mixin.py:109} WARNING - /usr/local/lib/python3.8/site-packages/airflow/models/serialized_dag.py:120 SAWarning: TypeDecorator UtcDateTime(timezone=True) will not produce a cache key because the ``cache_ok`` attribute is not set to True.  This can have significant performance implications including some performance degradations in comparison to prior SQLAlchemy versions.  Set this attribute to True if this type object's state is safe to use in a cache key, or False to disable this warning. (Background on this error at: https://sqlalche.me/e/14/cprf)
[2022-09-27 06:12:23,794] {logging_mixin.py:109} INFO - [2022-09-27 06:12:23,793] {dag.py:2389} INFO - Sync 1 DAGs
[2022-09-27 06:12:23,805] {logging_mixin.py:109} WARNING - /usr/local/lib/python3.8/site-packages/airflow/models/dag.py:2426 SAWarning: TypeDecorator UtcDateTime(timezone=True) will not produce a cache key because the ``cache_ok`` attribute is not set to True.  This can have significant performance implications including some performance degradations in comparison to prior SQLAlchemy versions.  Set this attribute to True if this type object's state is safe to use in a cache key, or False to disable this warning. (Background on this error at: https://sqlalche.me/e/14/cprf)
[2022-09-27 06:12:23,817] {logging_mixin.py:109} INFO - [2022-09-27 06:12:23,817] {dag.py:2921} INFO - Setting next_dagrun for example_weekday_branch_operator to 2022-09-26 00:00:00+00:00
[2022-09-27 06:12:23,849] {processor.py:171} INFO - Processing /usr/local/lib/python3.8/site-packages/airflow/example_dags/example_branch_day_of_week_operator.py took 0.119 seconds
