[2022-09-27 06:09:12,580] {processor.py:163} INFO - Started process (PID=55) to work on /usr/local/lib/python3.8/site-packages/airflow/example_dags/example_skip_dag.py
[2022-09-27 06:09:12,582] {processor.py:620} INFO - Processing file /usr/local/lib/python3.8/site-packages/airflow/example_dags/example_skip_dag.py for tasks to queue
[2022-09-27 06:09:12,584] {logging_mixin.py:109} INFO - [2022-09-27 06:09:12,584] {dagbag.py:500} INFO - Filling up the DagBag from /usr/local/lib/python3.8/site-packages/airflow/example_dags/example_skip_dag.py
[2022-09-27 06:09:12,607] {processor.py:632} INFO - DAG(s) dict_keys(['example_skip_dag']) retrieved from /usr/local/lib/python3.8/site-packages/airflow/example_dags/example_skip_dag.py
[2022-09-27 06:09:12,611] {logging_mixin.py:109} WARNING - /usr/local/lib/python3.8/site-packages/airflow/models/serialized_dag.py:120 SAWarning: TypeDecorator UtcDateTime(timezone=True) will not produce a cache key because the ``cache_ok`` attribute is not set to True.  This can have significant performance implications including some performance degradations in comparison to prior SQLAlchemy versions.  Set this attribute to True if this type object's state is safe to use in a cache key, or False to disable this warning. (Background on this error at: https://sqlalche.me/e/14/cprf)
[2022-09-27 06:09:12,623] {logging_mixin.py:109} INFO - [2022-09-27 06:09:12,623] {dag.py:2389} INFO - Sync 1 DAGs
[2022-09-27 06:09:12,630] {logging_mixin.py:109} WARNING - /usr/local/lib/python3.8/site-packages/airflow/models/dag.py:2426 SAWarning: TypeDecorator UtcDateTime(timezone=True) will not produce a cache key because the ``cache_ok`` attribute is not set to True.  This can have significant performance implications including some performance degradations in comparison to prior SQLAlchemy versions.  Set this attribute to True if this type object's state is safe to use in a cache key, or False to disable this warning. (Background on this error at: https://sqlalche.me/e/14/cprf)
[2022-09-27 06:09:12,637] {logging_mixin.py:109} INFO - [2022-09-27 06:09:12,637] {dag.py:2921} INFO - Setting next_dagrun for example_skip_dag to 2022-09-26T06:09:12.637649+00:00
[2022-09-27 06:09:12,683] {processor.py:171} INFO - Processing /usr/local/lib/python3.8/site-packages/airflow/example_dags/example_skip_dag.py took 0.107 seconds
[2022-09-27 06:09:53,011] {processor.py:163} INFO - Started process (PID=89) to work on /usr/local/lib/python3.8/site-packages/airflow/example_dags/example_skip_dag.py
[2022-09-27 06:09:53,014] {processor.py:620} INFO - Processing file /usr/local/lib/python3.8/site-packages/airflow/example_dags/example_skip_dag.py for tasks to queue
[2022-09-27 06:09:53,016] {logging_mixin.py:109} INFO - [2022-09-27 06:09:53,016] {dagbag.py:500} INFO - Filling up the DagBag from /usr/local/lib/python3.8/site-packages/airflow/example_dags/example_skip_dag.py
[2022-09-27 06:09:53,043] {processor.py:632} INFO - DAG(s) dict_keys(['example_skip_dag']) retrieved from /usr/local/lib/python3.8/site-packages/airflow/example_dags/example_skip_dag.py
[2022-09-27 06:09:53,049] {logging_mixin.py:109} WARNING - /usr/local/lib/python3.8/site-packages/airflow/models/serialized_dag.py:120 SAWarning: TypeDecorator UtcDateTime(timezone=True) will not produce a cache key because the ``cache_ok`` attribute is not set to True.  This can have significant performance implications including some performance degradations in comparison to prior SQLAlchemy versions.  Set this attribute to True if this type object's state is safe to use in a cache key, or False to disable this warning. (Background on this error at: https://sqlalche.me/e/14/cprf)
[2022-09-27 06:09:53,062] {logging_mixin.py:109} INFO - [2022-09-27 06:09:53,062] {dag.py:2389} INFO - Sync 1 DAGs
[2022-09-27 06:09:53,071] {logging_mixin.py:109} WARNING - /usr/local/lib/python3.8/site-packages/airflow/models/dag.py:2426 SAWarning: TypeDecorator UtcDateTime(timezone=True) will not produce a cache key because the ``cache_ok`` attribute is not set to True.  This can have significant performance implications including some performance degradations in comparison to prior SQLAlchemy versions.  Set this attribute to True if this type object's state is safe to use in a cache key, or False to disable this warning. (Background on this error at: https://sqlalche.me/e/14/cprf)
[2022-09-27 06:09:53,079] {logging_mixin.py:109} INFO - [2022-09-27 06:09:53,079] {dag.py:2921} INFO - Setting next_dagrun for example_skip_dag to 2022-09-26T06:09:53.079232+00:00
[2022-09-27 06:09:53,113] {processor.py:171} INFO - Processing /usr/local/lib/python3.8/site-packages/airflow/example_dags/example_skip_dag.py took 0.106 seconds
[2022-09-27 06:10:33,988] {processor.py:163} INFO - Started process (PID=145) to work on /usr/local/lib/python3.8/site-packages/airflow/example_dags/example_skip_dag.py
[2022-09-27 06:10:33,990] {processor.py:620} INFO - Processing file /usr/local/lib/python3.8/site-packages/airflow/example_dags/example_skip_dag.py for tasks to queue
[2022-09-27 06:10:33,992] {logging_mixin.py:109} INFO - [2022-09-27 06:10:33,991] {dagbag.py:500} INFO - Filling up the DagBag from /usr/local/lib/python3.8/site-packages/airflow/example_dags/example_skip_dag.py
[2022-09-27 06:10:34,016] {processor.py:632} INFO - DAG(s) dict_keys(['example_skip_dag']) retrieved from /usr/local/lib/python3.8/site-packages/airflow/example_dags/example_skip_dag.py
[2022-09-27 06:10:34,020] {logging_mixin.py:109} WARNING - /usr/local/lib/python3.8/site-packages/airflow/models/serialized_dag.py:120 SAWarning: TypeDecorator UtcDateTime(timezone=True) will not produce a cache key because the ``cache_ok`` attribute is not set to True.  This can have significant performance implications including some performance degradations in comparison to prior SQLAlchemy versions.  Set this attribute to True if this type object's state is safe to use in a cache key, or False to disable this warning. (Background on this error at: https://sqlalche.me/e/14/cprf)
[2022-09-27 06:10:34,033] {logging_mixin.py:109} INFO - [2022-09-27 06:10:34,032] {dag.py:2389} INFO - Sync 1 DAGs
[2022-09-27 06:10:34,040] {logging_mixin.py:109} WARNING - /usr/local/lib/python3.8/site-packages/airflow/models/dag.py:2426 SAWarning: TypeDecorator UtcDateTime(timezone=True) will not produce a cache key because the ``cache_ok`` attribute is not set to True.  This can have significant performance implications including some performance degradations in comparison to prior SQLAlchemy versions.  Set this attribute to True if this type object's state is safe to use in a cache key, or False to disable this warning. (Background on this error at: https://sqlalche.me/e/14/cprf)
[2022-09-27 06:10:34,048] {logging_mixin.py:109} INFO - [2022-09-27 06:10:34,047] {dag.py:2921} INFO - Setting next_dagrun for example_skip_dag to 2022-09-26T06:10:34.047835+00:00
[2022-09-27 06:10:34,079] {processor.py:171} INFO - Processing /usr/local/lib/python3.8/site-packages/airflow/example_dags/example_skip_dag.py took 0.095 seconds
[2022-09-27 06:11:16,491] {processor.py:163} INFO - Started process (PID=180) to work on /usr/local/lib/python3.8/site-packages/airflow/example_dags/example_skip_dag.py
[2022-09-27 06:11:16,493] {processor.py:620} INFO - Processing file /usr/local/lib/python3.8/site-packages/airflow/example_dags/example_skip_dag.py for tasks to queue
[2022-09-27 06:11:16,494] {logging_mixin.py:109} INFO - [2022-09-27 06:11:16,494] {dagbag.py:500} INFO - Filling up the DagBag from /usr/local/lib/python3.8/site-packages/airflow/example_dags/example_skip_dag.py
[2022-09-27 06:11:16,514] {processor.py:632} INFO - DAG(s) dict_keys(['example_skip_dag']) retrieved from /usr/local/lib/python3.8/site-packages/airflow/example_dags/example_skip_dag.py
[2022-09-27 06:11:16,519] {logging_mixin.py:109} WARNING - /usr/local/lib/python3.8/site-packages/airflow/models/serialized_dag.py:120 SAWarning: TypeDecorator UtcDateTime(timezone=True) will not produce a cache key because the ``cache_ok`` attribute is not set to True.  This can have significant performance implications including some performance degradations in comparison to prior SQLAlchemy versions.  Set this attribute to True if this type object's state is safe to use in a cache key, or False to disable this warning. (Background on this error at: https://sqlalche.me/e/14/cprf)
[2022-09-27 06:11:16,531] {logging_mixin.py:109} INFO - [2022-09-27 06:11:16,531] {dag.py:2389} INFO - Sync 1 DAGs
[2022-09-27 06:11:16,539] {logging_mixin.py:109} WARNING - /usr/local/lib/python3.8/site-packages/airflow/models/dag.py:2426 SAWarning: TypeDecorator UtcDateTime(timezone=True) will not produce a cache key because the ``cache_ok`` attribute is not set to True.  This can have significant performance implications including some performance degradations in comparison to prior SQLAlchemy versions.  Set this attribute to True if this type object's state is safe to use in a cache key, or False to disable this warning. (Background on this error at: https://sqlalche.me/e/14/cprf)
[2022-09-27 06:11:16,546] {logging_mixin.py:109} INFO - [2022-09-27 06:11:16,546] {dag.py:2921} INFO - Setting next_dagrun for example_skip_dag to 2022-09-26T06:11:16.546745+00:00
[2022-09-27 06:11:16,594] {processor.py:171} INFO - Processing /usr/local/lib/python3.8/site-packages/airflow/example_dags/example_skip_dag.py took 0.107 seconds
[2022-09-27 06:11:56,421] {processor.py:163} INFO - Started process (PID=214) to work on /usr/local/lib/python3.8/site-packages/airflow/example_dags/example_skip_dag.py
[2022-09-27 06:11:56,423] {processor.py:620} INFO - Processing file /usr/local/lib/python3.8/site-packages/airflow/example_dags/example_skip_dag.py for tasks to queue
[2022-09-27 06:11:56,425] {logging_mixin.py:109} INFO - [2022-09-27 06:11:56,425] {dagbag.py:500} INFO - Filling up the DagBag from /usr/local/lib/python3.8/site-packages/airflow/example_dags/example_skip_dag.py
[2022-09-27 06:11:56,452] {processor.py:632} INFO - DAG(s) dict_keys(['example_skip_dag']) retrieved from /usr/local/lib/python3.8/site-packages/airflow/example_dags/example_skip_dag.py
[2022-09-27 06:11:56,457] {logging_mixin.py:109} WARNING - /usr/local/lib/python3.8/site-packages/airflow/models/serialized_dag.py:120 SAWarning: TypeDecorator UtcDateTime(timezone=True) will not produce a cache key because the ``cache_ok`` attribute is not set to True.  This can have significant performance implications including some performance degradations in comparison to prior SQLAlchemy versions.  Set this attribute to True if this type object's state is safe to use in a cache key, or False to disable this warning. (Background on this error at: https://sqlalche.me/e/14/cprf)
[2022-09-27 06:11:56,471] {logging_mixin.py:109} INFO - [2022-09-27 06:11:56,471] {dag.py:2389} INFO - Sync 1 DAGs
[2022-09-27 06:11:56,479] {logging_mixin.py:109} WARNING - /usr/local/lib/python3.8/site-packages/airflow/models/dag.py:2426 SAWarning: TypeDecorator UtcDateTime(timezone=True) will not produce a cache key because the ``cache_ok`` attribute is not set to True.  This can have significant performance implications including some performance degradations in comparison to prior SQLAlchemy versions.  Set this attribute to True if this type object's state is safe to use in a cache key, or False to disable this warning. (Background on this error at: https://sqlalche.me/e/14/cprf)
[2022-09-27 06:11:56,486] {logging_mixin.py:109} INFO - [2022-09-27 06:11:56,486] {dag.py:2921} INFO - Setting next_dagrun for example_skip_dag to 2022-09-26T06:11:56.486560+00:00
[2022-09-27 06:11:56,518] {processor.py:171} INFO - Processing /usr/local/lib/python3.8/site-packages/airflow/example_dags/example_skip_dag.py took 0.102 seconds
