[2022-09-27 06:09:11,244] {processor.py:163} INFO - Started process (PID=54) to work on /usr/local/lib/python3.8/site-packages/airflow/example_dags/example_time_delta_sensor_async.py
[2022-09-27 06:09:11,246] {processor.py:620} INFO - Processing file /usr/local/lib/python3.8/site-packages/airflow/example_dags/example_time_delta_sensor_async.py for tasks to queue
[2022-09-27 06:09:11,248] {logging_mixin.py:109} INFO - [2022-09-27 06:09:11,248] {dagbag.py:500} INFO - Filling up the DagBag from /usr/local/lib/python3.8/site-packages/airflow/example_dags/example_time_delta_sensor_async.py
[2022-09-27 06:09:11,272] {processor.py:632} INFO - DAG(s) dict_keys(['example_time_delta_sensor_async']) retrieved from /usr/local/lib/python3.8/site-packages/airflow/example_dags/example_time_delta_sensor_async.py
[2022-09-27 06:09:11,277] {logging_mixin.py:109} WARNING - /usr/local/lib/python3.8/site-packages/airflow/models/serialized_dag.py:120 SAWarning: TypeDecorator UtcDateTime(timezone=True) will not produce a cache key because the ``cache_ok`` attribute is not set to True.  This can have significant performance implications including some performance degradations in comparison to prior SQLAlchemy versions.  Set this attribute to True if this type object's state is safe to use in a cache key, or False to disable this warning. (Background on this error at: https://sqlalche.me/e/14/cprf)
[2022-09-27 06:09:11,288] {logging_mixin.py:109} INFO - [2022-09-27 06:09:11,288] {dag.py:2389} INFO - Sync 1 DAGs
[2022-09-27 06:09:11,296] {logging_mixin.py:109} WARNING - /usr/local/lib/python3.8/site-packages/airflow/models/dag.py:2426 SAWarning: TypeDecorator UtcDateTime(timezone=True) will not produce a cache key because the ``cache_ok`` attribute is not set to True.  This can have significant performance implications including some performance degradations in comparison to prior SQLAlchemy versions.  Set this attribute to True if this type object's state is safe to use in a cache key, or False to disable this warning. (Background on this error at: https://sqlalche.me/e/14/cprf)
[2022-09-27 06:09:11,303] {logging_mixin.py:109} INFO - [2022-09-27 06:09:11,303] {dag.py:2921} INFO - Setting next_dagrun for example_time_delta_sensor_async to None
[2022-09-27 06:09:11,335] {processor.py:171} INFO - Processing /usr/local/lib/python3.8/site-packages/airflow/example_dags/example_time_delta_sensor_async.py took 0.095 seconds
[2022-09-27 06:09:51,739] {processor.py:163} INFO - Started process (PID=88) to work on /usr/local/lib/python3.8/site-packages/airflow/example_dags/example_time_delta_sensor_async.py
[2022-09-27 06:09:51,741] {processor.py:620} INFO - Processing file /usr/local/lib/python3.8/site-packages/airflow/example_dags/example_time_delta_sensor_async.py for tasks to queue
[2022-09-27 06:09:51,742] {logging_mixin.py:109} INFO - [2022-09-27 06:09:51,742] {dagbag.py:500} INFO - Filling up the DagBag from /usr/local/lib/python3.8/site-packages/airflow/example_dags/example_time_delta_sensor_async.py
[2022-09-27 06:09:51,768] {processor.py:632} INFO - DAG(s) dict_keys(['example_time_delta_sensor_async']) retrieved from /usr/local/lib/python3.8/site-packages/airflow/example_dags/example_time_delta_sensor_async.py
[2022-09-27 06:09:51,774] {logging_mixin.py:109} WARNING - /usr/local/lib/python3.8/site-packages/airflow/models/serialized_dag.py:120 SAWarning: TypeDecorator UtcDateTime(timezone=True) will not produce a cache key because the ``cache_ok`` attribute is not set to True.  This can have significant performance implications including some performance degradations in comparison to prior SQLAlchemy versions.  Set this attribute to True if this type object's state is safe to use in a cache key, or False to disable this warning. (Background on this error at: https://sqlalche.me/e/14/cprf)
[2022-09-27 06:09:51,784] {logging_mixin.py:109} INFO - [2022-09-27 06:09:51,784] {dag.py:2389} INFO - Sync 1 DAGs
[2022-09-27 06:09:51,792] {logging_mixin.py:109} WARNING - /usr/local/lib/python3.8/site-packages/airflow/models/dag.py:2426 SAWarning: TypeDecorator UtcDateTime(timezone=True) will not produce a cache key because the ``cache_ok`` attribute is not set to True.  This can have significant performance implications including some performance degradations in comparison to prior SQLAlchemy versions.  Set this attribute to True if this type object's state is safe to use in a cache key, or False to disable this warning. (Background on this error at: https://sqlalche.me/e/14/cprf)
[2022-09-27 06:09:51,800] {logging_mixin.py:109} INFO - [2022-09-27 06:09:51,800] {dag.py:2921} INFO - Setting next_dagrun for example_time_delta_sensor_async to None
[2022-09-27 06:09:51,829] {processor.py:171} INFO - Processing /usr/local/lib/python3.8/site-packages/airflow/example_dags/example_time_delta_sensor_async.py took 0.094 seconds
[2022-09-27 06:10:32,709] {processor.py:163} INFO - Started process (PID=144) to work on /usr/local/lib/python3.8/site-packages/airflow/example_dags/example_time_delta_sensor_async.py
[2022-09-27 06:10:32,711] {processor.py:620} INFO - Processing file /usr/local/lib/python3.8/site-packages/airflow/example_dags/example_time_delta_sensor_async.py for tasks to queue
[2022-09-27 06:10:32,713] {logging_mixin.py:109} INFO - [2022-09-27 06:10:32,713] {dagbag.py:500} INFO - Filling up the DagBag from /usr/local/lib/python3.8/site-packages/airflow/example_dags/example_time_delta_sensor_async.py
[2022-09-27 06:10:32,737] {processor.py:632} INFO - DAG(s) dict_keys(['example_time_delta_sensor_async']) retrieved from /usr/local/lib/python3.8/site-packages/airflow/example_dags/example_time_delta_sensor_async.py
[2022-09-27 06:10:32,741] {logging_mixin.py:109} WARNING - /usr/local/lib/python3.8/site-packages/airflow/models/serialized_dag.py:120 SAWarning: TypeDecorator UtcDateTime(timezone=True) will not produce a cache key because the ``cache_ok`` attribute is not set to True.  This can have significant performance implications including some performance degradations in comparison to prior SQLAlchemy versions.  Set this attribute to True if this type object's state is safe to use in a cache key, or False to disable this warning. (Background on this error at: https://sqlalche.me/e/14/cprf)
[2022-09-27 06:10:32,752] {logging_mixin.py:109} INFO - [2022-09-27 06:10:32,752] {dag.py:2389} INFO - Sync 1 DAGs
[2022-09-27 06:10:32,760] {logging_mixin.py:109} WARNING - /usr/local/lib/python3.8/site-packages/airflow/models/dag.py:2426 SAWarning: TypeDecorator UtcDateTime(timezone=True) will not produce a cache key because the ``cache_ok`` attribute is not set to True.  This can have significant performance implications including some performance degradations in comparison to prior SQLAlchemy versions.  Set this attribute to True if this type object's state is safe to use in a cache key, or False to disable this warning. (Background on this error at: https://sqlalche.me/e/14/cprf)
[2022-09-27 06:10:32,768] {logging_mixin.py:109} INFO - [2022-09-27 06:10:32,767] {dag.py:2921} INFO - Setting next_dagrun for example_time_delta_sensor_async to None
[2022-09-27 06:10:32,795] {processor.py:171} INFO - Processing /usr/local/lib/python3.8/site-packages/airflow/example_dags/example_time_delta_sensor_async.py took 0.090 seconds
[2022-09-27 06:11:14,048] {processor.py:163} INFO - Started process (PID=178) to work on /usr/local/lib/python3.8/site-packages/airflow/example_dags/example_time_delta_sensor_async.py
[2022-09-27 06:11:14,049] {processor.py:620} INFO - Processing file /usr/local/lib/python3.8/site-packages/airflow/example_dags/example_time_delta_sensor_async.py for tasks to queue
[2022-09-27 06:11:14,050] {logging_mixin.py:109} INFO - [2022-09-27 06:11:14,050] {dagbag.py:500} INFO - Filling up the DagBag from /usr/local/lib/python3.8/site-packages/airflow/example_dags/example_time_delta_sensor_async.py
[2022-09-27 06:11:14,067] {processor.py:632} INFO - DAG(s) dict_keys(['example_time_delta_sensor_async']) retrieved from /usr/local/lib/python3.8/site-packages/airflow/example_dags/example_time_delta_sensor_async.py
[2022-09-27 06:11:14,071] {logging_mixin.py:109} WARNING - /usr/local/lib/python3.8/site-packages/airflow/models/serialized_dag.py:120 SAWarning: TypeDecorator UtcDateTime(timezone=True) will not produce a cache key because the ``cache_ok`` attribute is not set to True.  This can have significant performance implications including some performance degradations in comparison to prior SQLAlchemy versions.  Set this attribute to True if this type object's state is safe to use in a cache key, or False to disable this warning. (Background on this error at: https://sqlalche.me/e/14/cprf)
[2022-09-27 06:11:14,082] {logging_mixin.py:109} INFO - [2022-09-27 06:11:14,082] {dag.py:2389} INFO - Sync 1 DAGs
[2022-09-27 06:11:14,091] {logging_mixin.py:109} WARNING - /usr/local/lib/python3.8/site-packages/airflow/models/dag.py:2426 SAWarning: TypeDecorator UtcDateTime(timezone=True) will not produce a cache key because the ``cache_ok`` attribute is not set to True.  This can have significant performance implications including some performance degradations in comparison to prior SQLAlchemy versions.  Set this attribute to True if this type object's state is safe to use in a cache key, or False to disable this warning. (Background on this error at: https://sqlalche.me/e/14/cprf)
[2022-09-27 06:11:14,100] {logging_mixin.py:109} INFO - [2022-09-27 06:11:14,100] {dag.py:2921} INFO - Setting next_dagrun for example_time_delta_sensor_async to None
[2022-09-27 06:11:14,134] {processor.py:171} INFO - Processing /usr/local/lib/python3.8/site-packages/airflow/example_dags/example_time_delta_sensor_async.py took 0.087 seconds
[2022-09-27 06:11:55,152] {processor.py:163} INFO - Started process (PID=213) to work on /usr/local/lib/python3.8/site-packages/airflow/example_dags/example_time_delta_sensor_async.py
[2022-09-27 06:11:55,154] {processor.py:620} INFO - Processing file /usr/local/lib/python3.8/site-packages/airflow/example_dags/example_time_delta_sensor_async.py for tasks to queue
[2022-09-27 06:11:55,156] {logging_mixin.py:109} INFO - [2022-09-27 06:11:55,156] {dagbag.py:500} INFO - Filling up the DagBag from /usr/local/lib/python3.8/site-packages/airflow/example_dags/example_time_delta_sensor_async.py
[2022-09-27 06:11:55,187] {processor.py:632} INFO - DAG(s) dict_keys(['example_time_delta_sensor_async']) retrieved from /usr/local/lib/python3.8/site-packages/airflow/example_dags/example_time_delta_sensor_async.py
[2022-09-27 06:11:55,192] {logging_mixin.py:109} WARNING - /usr/local/lib/python3.8/site-packages/airflow/models/serialized_dag.py:120 SAWarning: TypeDecorator UtcDateTime(timezone=True) will not produce a cache key because the ``cache_ok`` attribute is not set to True.  This can have significant performance implications including some performance degradations in comparison to prior SQLAlchemy versions.  Set this attribute to True if this type object's state is safe to use in a cache key, or False to disable this warning. (Background on this error at: https://sqlalche.me/e/14/cprf)
[2022-09-27 06:11:55,202] {logging_mixin.py:109} INFO - [2022-09-27 06:11:55,202] {dag.py:2389} INFO - Sync 1 DAGs
[2022-09-27 06:11:55,210] {logging_mixin.py:109} WARNING - /usr/local/lib/python3.8/site-packages/airflow/models/dag.py:2426 SAWarning: TypeDecorator UtcDateTime(timezone=True) will not produce a cache key because the ``cache_ok`` attribute is not set to True.  This can have significant performance implications including some performance degradations in comparison to prior SQLAlchemy versions.  Set this attribute to True if this type object's state is safe to use in a cache key, or False to disable this warning. (Background on this error at: https://sqlalche.me/e/14/cprf)
[2022-09-27 06:11:55,219] {logging_mixin.py:109} INFO - [2022-09-27 06:11:55,219] {dag.py:2921} INFO - Setting next_dagrun for example_time_delta_sensor_async to None
[2022-09-27 06:11:55,248] {processor.py:171} INFO - Processing /usr/local/lib/python3.8/site-packages/airflow/example_dags/example_time_delta_sensor_async.py took 0.101 seconds
