[2022-09-27 06:09:23,063] {processor.py:163} INFO - Started process (PID=63) to work on /usr/local/lib/python3.8/site-packages/airflow/example_dags/example_kubernetes_executor.py
[2022-09-27 06:09:23,065] {processor.py:620} INFO - Processing file /usr/local/lib/python3.8/site-packages/airflow/example_dags/example_kubernetes_executor.py for tasks to queue
[2022-09-27 06:09:23,067] {logging_mixin.py:109} INFO - [2022-09-27 06:09:23,066] {dagbag.py:500} INFO - Filling up the DagBag from /usr/local/lib/python3.8/site-packages/airflow/example_dags/example_kubernetes_executor.py
[2022-09-27 06:09:23,093] {processor.py:632} INFO - DAG(s) dict_keys(['example_kubernetes_executor']) retrieved from /usr/local/lib/python3.8/site-packages/airflow/example_dags/example_kubernetes_executor.py
[2022-09-27 06:09:23,098] {logging_mixin.py:109} WARNING - /usr/local/lib/python3.8/site-packages/airflow/models/serialized_dag.py:120 SAWarning: TypeDecorator UtcDateTime(timezone=True) will not produce a cache key because the ``cache_ok`` attribute is not set to True.  This can have significant performance implications including some performance degradations in comparison to prior SQLAlchemy versions.  Set this attribute to True if this type object's state is safe to use in a cache key, or False to disable this warning. (Background on this error at: https://sqlalche.me/e/14/cprf)
[2022-09-27 06:09:23,110] {logging_mixin.py:109} INFO - [2022-09-27 06:09:23,110] {dag.py:2389} INFO - Sync 1 DAGs
[2022-09-27 06:09:23,118] {logging_mixin.py:109} WARNING - /usr/local/lib/python3.8/site-packages/airflow/models/dag.py:2426 SAWarning: TypeDecorator UtcDateTime(timezone=True) will not produce a cache key because the ``cache_ok`` attribute is not set to True.  This can have significant performance implications including some performance degradations in comparison to prior SQLAlchemy versions.  Set this attribute to True if this type object's state is safe to use in a cache key, or False to disable this warning. (Background on this error at: https://sqlalche.me/e/14/cprf)
[2022-09-27 06:09:23,127] {logging_mixin.py:109} INFO - [2022-09-27 06:09:23,126] {dag.py:2921} INFO - Setting next_dagrun for example_kubernetes_executor to None
[2022-09-27 06:09:23,159] {processor.py:171} INFO - Processing /usr/local/lib/python3.8/site-packages/airflow/example_dags/example_kubernetes_executor.py took 0.101 seconds
[2022-09-27 06:10:02,277] {processor.py:163} INFO - Started process (PID=106) to work on /usr/local/lib/python3.8/site-packages/airflow/example_dags/example_kubernetes_executor.py
[2022-09-27 06:10:02,279] {processor.py:620} INFO - Processing file /usr/local/lib/python3.8/site-packages/airflow/example_dags/example_kubernetes_executor.py for tasks to queue
[2022-09-27 06:10:02,282] {logging_mixin.py:109} INFO - [2022-09-27 06:10:02,282] {dagbag.py:500} INFO - Filling up the DagBag from /usr/local/lib/python3.8/site-packages/airflow/example_dags/example_kubernetes_executor.py
[2022-09-27 06:10:02,309] {processor.py:632} INFO - DAG(s) dict_keys(['example_kubernetes_executor']) retrieved from /usr/local/lib/python3.8/site-packages/airflow/example_dags/example_kubernetes_executor.py
[2022-09-27 06:10:02,314] {logging_mixin.py:109} WARNING - /usr/local/lib/python3.8/site-packages/airflow/models/serialized_dag.py:120 SAWarning: TypeDecorator UtcDateTime(timezone=True) will not produce a cache key because the ``cache_ok`` attribute is not set to True.  This can have significant performance implications including some performance degradations in comparison to prior SQLAlchemy versions.  Set this attribute to True if this type object's state is safe to use in a cache key, or False to disable this warning. (Background on this error at: https://sqlalche.me/e/14/cprf)
[2022-09-27 06:10:02,326] {logging_mixin.py:109} INFO - [2022-09-27 06:10:02,326] {dag.py:2389} INFO - Sync 1 DAGs
[2022-09-27 06:10:02,334] {logging_mixin.py:109} WARNING - /usr/local/lib/python3.8/site-packages/airflow/models/dag.py:2426 SAWarning: TypeDecorator UtcDateTime(timezone=True) will not produce a cache key because the ``cache_ok`` attribute is not set to True.  This can have significant performance implications including some performance degradations in comparison to prior SQLAlchemy versions.  Set this attribute to True if this type object's state is safe to use in a cache key, or False to disable this warning. (Background on this error at: https://sqlalche.me/e/14/cprf)
[2022-09-27 06:10:02,341] {logging_mixin.py:109} INFO - [2022-09-27 06:10:02,341] {dag.py:2921} INFO - Setting next_dagrun for example_kubernetes_executor to None
[2022-09-27 06:10:02,370] {processor.py:171} INFO - Processing /usr/local/lib/python3.8/site-packages/airflow/example_dags/example_kubernetes_executor.py took 0.097 seconds
[2022-09-27 06:10:45,019] {processor.py:163} INFO - Started process (PID=154) to work on /usr/local/lib/python3.8/site-packages/airflow/example_dags/example_kubernetes_executor.py
[2022-09-27 06:10:45,022] {processor.py:620} INFO - Processing file /usr/local/lib/python3.8/site-packages/airflow/example_dags/example_kubernetes_executor.py for tasks to queue
[2022-09-27 06:10:45,024] {logging_mixin.py:109} INFO - [2022-09-27 06:10:45,023] {dagbag.py:500} INFO - Filling up the DagBag from /usr/local/lib/python3.8/site-packages/airflow/example_dags/example_kubernetes_executor.py
[2022-09-27 06:10:45,048] {processor.py:632} INFO - DAG(s) dict_keys(['example_kubernetes_executor']) retrieved from /usr/local/lib/python3.8/site-packages/airflow/example_dags/example_kubernetes_executor.py
[2022-09-27 06:10:45,052] {logging_mixin.py:109} WARNING - /usr/local/lib/python3.8/site-packages/airflow/models/serialized_dag.py:120 SAWarning: TypeDecorator UtcDateTime(timezone=True) will not produce a cache key because the ``cache_ok`` attribute is not set to True.  This can have significant performance implications including some performance degradations in comparison to prior SQLAlchemy versions.  Set this attribute to True if this type object's state is safe to use in a cache key, or False to disable this warning. (Background on this error at: https://sqlalche.me/e/14/cprf)
[2022-09-27 06:10:45,064] {logging_mixin.py:109} INFO - [2022-09-27 06:10:45,064] {dag.py:2389} INFO - Sync 1 DAGs
[2022-09-27 06:10:45,072] {logging_mixin.py:109} WARNING - /usr/local/lib/python3.8/site-packages/airflow/models/dag.py:2426 SAWarning: TypeDecorator UtcDateTime(timezone=True) will not produce a cache key because the ``cache_ok`` attribute is not set to True.  This can have significant performance implications including some performance degradations in comparison to prior SQLAlchemy versions.  Set this attribute to True if this type object's state is safe to use in a cache key, or False to disable this warning. (Background on this error at: https://sqlalche.me/e/14/cprf)
[2022-09-27 06:10:45,079] {logging_mixin.py:109} INFO - [2022-09-27 06:10:45,079] {dag.py:2921} INFO - Setting next_dagrun for example_kubernetes_executor to None
[2022-09-27 06:10:45,109] {processor.py:171} INFO - Processing /usr/local/lib/python3.8/site-packages/airflow/example_dags/example_kubernetes_executor.py took 0.095 seconds
[2022-09-27 06:11:29,333] {processor.py:163} INFO - Started process (PID=191) to work on /usr/local/lib/python3.8/site-packages/airflow/example_dags/example_kubernetes_executor.py
[2022-09-27 06:11:29,335] {processor.py:620} INFO - Processing file /usr/local/lib/python3.8/site-packages/airflow/example_dags/example_kubernetes_executor.py for tasks to queue
[2022-09-27 06:11:29,336] {logging_mixin.py:109} INFO - [2022-09-27 06:11:29,336] {dagbag.py:500} INFO - Filling up the DagBag from /usr/local/lib/python3.8/site-packages/airflow/example_dags/example_kubernetes_executor.py
[2022-09-27 06:11:29,355] {processor.py:632} INFO - DAG(s) dict_keys(['example_kubernetes_executor']) retrieved from /usr/local/lib/python3.8/site-packages/airflow/example_dags/example_kubernetes_executor.py
[2022-09-27 06:11:29,359] {logging_mixin.py:109} WARNING - /usr/local/lib/python3.8/site-packages/airflow/models/serialized_dag.py:120 SAWarning: TypeDecorator UtcDateTime(timezone=True) will not produce a cache key because the ``cache_ok`` attribute is not set to True.  This can have significant performance implications including some performance degradations in comparison to prior SQLAlchemy versions.  Set this attribute to True if this type object's state is safe to use in a cache key, or False to disable this warning. (Background on this error at: https://sqlalche.me/e/14/cprf)
[2022-09-27 06:11:29,371] {logging_mixin.py:109} INFO - [2022-09-27 06:11:29,371] {dag.py:2389} INFO - Sync 1 DAGs
[2022-09-27 06:11:29,380] {logging_mixin.py:109} WARNING - /usr/local/lib/python3.8/site-packages/airflow/models/dag.py:2426 SAWarning: TypeDecorator UtcDateTime(timezone=True) will not produce a cache key because the ``cache_ok`` attribute is not set to True.  This can have significant performance implications including some performance degradations in comparison to prior SQLAlchemy versions.  Set this attribute to True if this type object's state is safe to use in a cache key, or False to disable this warning. (Background on this error at: https://sqlalche.me/e/14/cprf)
[2022-09-27 06:11:29,389] {logging_mixin.py:109} INFO - [2022-09-27 06:11:29,389] {dag.py:2921} INFO - Setting next_dagrun for example_kubernetes_executor to None
[2022-09-27 06:11:29,437] {processor.py:171} INFO - Processing /usr/local/lib/python3.8/site-packages/airflow/example_dags/example_kubernetes_executor.py took 0.105 seconds
[2022-09-27 06:12:11,120] {processor.py:163} INFO - Started process (PID=227) to work on /usr/local/lib/python3.8/site-packages/airflow/example_dags/example_kubernetes_executor.py
[2022-09-27 06:12:11,123] {processor.py:620} INFO - Processing file /usr/local/lib/python3.8/site-packages/airflow/example_dags/example_kubernetes_executor.py for tasks to queue
[2022-09-27 06:12:11,125] {logging_mixin.py:109} INFO - [2022-09-27 06:12:11,124] {dagbag.py:500} INFO - Filling up the DagBag from /usr/local/lib/python3.8/site-packages/airflow/example_dags/example_kubernetes_executor.py
[2022-09-27 06:12:11,157] {processor.py:632} INFO - DAG(s) dict_keys(['example_kubernetes_executor']) retrieved from /usr/local/lib/python3.8/site-packages/airflow/example_dags/example_kubernetes_executor.py
[2022-09-27 06:12:11,161] {logging_mixin.py:109} WARNING - /usr/local/lib/python3.8/site-packages/airflow/models/serialized_dag.py:120 SAWarning: TypeDecorator UtcDateTime(timezone=True) will not produce a cache key because the ``cache_ok`` attribute is not set to True.  This can have significant performance implications including some performance degradations in comparison to prior SQLAlchemy versions.  Set this attribute to True if this type object's state is safe to use in a cache key, or False to disable this warning. (Background on this error at: https://sqlalche.me/e/14/cprf)
[2022-09-27 06:12:11,172] {logging_mixin.py:109} INFO - [2022-09-27 06:12:11,172] {dag.py:2389} INFO - Sync 1 DAGs
[2022-09-27 06:12:11,180] {logging_mixin.py:109} WARNING - /usr/local/lib/python3.8/site-packages/airflow/models/dag.py:2426 SAWarning: TypeDecorator UtcDateTime(timezone=True) will not produce a cache key because the ``cache_ok`` attribute is not set to True.  This can have significant performance implications including some performance degradations in comparison to prior SQLAlchemy versions.  Set this attribute to True if this type object's state is safe to use in a cache key, or False to disable this warning. (Background on this error at: https://sqlalche.me/e/14/cprf)
[2022-09-27 06:12:11,189] {logging_mixin.py:109} INFO - [2022-09-27 06:12:11,188] {dag.py:2921} INFO - Setting next_dagrun for example_kubernetes_executor to None
[2022-09-27 06:12:11,216] {processor.py:171} INFO - Processing /usr/local/lib/python3.8/site-packages/airflow/example_dags/example_kubernetes_executor.py took 0.101 seconds
