[2022-09-27 06:08:57,320] {processor.py:163} INFO - Started process (PID=41) to work on /usr/local/lib/python3.8/site-packages/airflow/example_dags/example_xcomargs.py
[2022-09-27 06:08:57,322] {processor.py:620} INFO - Processing file /usr/local/lib/python3.8/site-packages/airflow/example_dags/example_xcomargs.py for tasks to queue
[2022-09-27 06:08:57,325] {logging_mixin.py:109} INFO - [2022-09-27 06:08:57,325] {dagbag.py:500} INFO - Filling up the DagBag from /usr/local/lib/python3.8/site-packages/airflow/example_dags/example_xcomargs.py
[2022-09-27 06:08:57,353] {processor.py:632} INFO - DAG(s) dict_keys(['example_xcom_args', 'example_xcom_args_with_operators']) retrieved from /usr/local/lib/python3.8/site-packages/airflow/example_dags/example_xcomargs.py
[2022-09-27 06:08:57,358] {logging_mixin.py:109} WARNING - /usr/local/lib/python3.8/site-packages/airflow/models/serialized_dag.py:120 SAWarning: TypeDecorator UtcDateTime(timezone=True) will not produce a cache key because the ``cache_ok`` attribute is not set to True.  This can have significant performance implications including some performance degradations in comparison to prior SQLAlchemy versions.  Set this attribute to True if this type object's state is safe to use in a cache key, or False to disable this warning. (Background on this error at: https://sqlalche.me/e/14/cprf)
[2022-09-27 06:08:57,505] {logging_mixin.py:109} WARNING - /usr/local/lib/python3.8/site-packages/airflow/models/serialized_dag.py:120 SAWarning: TypeDecorator UtcDateTime(timezone=True) will not produce a cache key because the ``cache_ok`` attribute is not set to True.  This can have significant performance implications including some performance degradations in comparison to prior SQLAlchemy versions.  Set this attribute to True if this type object's state is safe to use in a cache key, or False to disable this warning. (Background on this error at: https://sqlalche.me/e/14/cprf)
[2022-09-27 06:08:57,510] {logging_mixin.py:109} INFO - [2022-09-27 06:08:57,510] {dag.py:2389} INFO - Sync 2 DAGs
[2022-09-27 06:08:57,517] {logging_mixin.py:109} WARNING - /usr/local/lib/python3.8/site-packages/airflow/models/dag.py:2426 SAWarning: TypeDecorator UtcDateTime(timezone=True) will not produce a cache key because the ``cache_ok`` attribute is not set to True.  This can have significant performance implications including some performance degradations in comparison to prior SQLAlchemy versions.  Set this attribute to True if this type object's state is safe to use in a cache key, or False to disable this warning. (Background on this error at: https://sqlalche.me/e/14/cprf)
[2022-09-27 06:08:57,525] {logging_mixin.py:109} INFO - [2022-09-27 06:08:57,525] {dag.py:2921} INFO - Setting next_dagrun for example_xcom_args to None
[2022-09-27 06:08:57,526] {logging_mixin.py:109} INFO - [2022-09-27 06:08:57,526] {dag.py:2921} INFO - Setting next_dagrun for example_xcom_args_with_operators to None
[2022-09-27 06:08:57,564] {processor.py:171} INFO - Processing /usr/local/lib/python3.8/site-packages/airflow/example_dags/example_xcomargs.py took 0.247 seconds
[2022-09-27 06:09:37,384] {processor.py:163} INFO - Started process (PID=75) to work on /usr/local/lib/python3.8/site-packages/airflow/example_dags/example_xcomargs.py
[2022-09-27 06:09:37,385] {processor.py:620} INFO - Processing file /usr/local/lib/python3.8/site-packages/airflow/example_dags/example_xcomargs.py for tasks to queue
[2022-09-27 06:09:37,386] {logging_mixin.py:109} INFO - [2022-09-27 06:09:37,386] {dagbag.py:500} INFO - Filling up the DagBag from /usr/local/lib/python3.8/site-packages/airflow/example_dags/example_xcomargs.py
[2022-09-27 06:09:37,407] {processor.py:632} INFO - DAG(s) dict_keys(['example_xcom_args', 'example_xcom_args_with_operators']) retrieved from /usr/local/lib/python3.8/site-packages/airflow/example_dags/example_xcomargs.py
[2022-09-27 06:09:37,410] {logging_mixin.py:109} WARNING - /usr/local/lib/python3.8/site-packages/airflow/models/serialized_dag.py:120 SAWarning: TypeDecorator UtcDateTime(timezone=True) will not produce a cache key because the ``cache_ok`` attribute is not set to True.  This can have significant performance implications including some performance degradations in comparison to prior SQLAlchemy versions.  Set this attribute to True if this type object's state is safe to use in a cache key, or False to disable this warning. (Background on this error at: https://sqlalche.me/e/14/cprf)
[2022-09-27 06:09:37,545] {logging_mixin.py:109} WARNING - /usr/local/lib/python3.8/site-packages/airflow/models/serialized_dag.py:120 SAWarning: TypeDecorator UtcDateTime(timezone=True) will not produce a cache key because the ``cache_ok`` attribute is not set to True.  This can have significant performance implications including some performance degradations in comparison to prior SQLAlchemy versions.  Set this attribute to True if this type object's state is safe to use in a cache key, or False to disable this warning. (Background on this error at: https://sqlalche.me/e/14/cprf)
[2022-09-27 06:09:37,551] {logging_mixin.py:109} INFO - [2022-09-27 06:09:37,551] {dag.py:2389} INFO - Sync 2 DAGs
[2022-09-27 06:09:37,557] {logging_mixin.py:109} WARNING - /usr/local/lib/python3.8/site-packages/airflow/models/dag.py:2426 SAWarning: TypeDecorator UtcDateTime(timezone=True) will not produce a cache key because the ``cache_ok`` attribute is not set to True.  This can have significant performance implications including some performance degradations in comparison to prior SQLAlchemy versions.  Set this attribute to True if this type object's state is safe to use in a cache key, or False to disable this warning. (Background on this error at: https://sqlalche.me/e/14/cprf)
[2022-09-27 06:09:37,565] {logging_mixin.py:109} INFO - [2022-09-27 06:09:37,565] {dag.py:2921} INFO - Setting next_dagrun for example_xcom_args to None
[2022-09-27 06:09:37,566] {logging_mixin.py:109} INFO - [2022-09-27 06:09:37,566] {dag.py:2921} INFO - Setting next_dagrun for example_xcom_args_with_operators to None
[2022-09-27 06:09:37,599] {processor.py:171} INFO - Processing /usr/local/lib/python3.8/site-packages/airflow/example_dags/example_xcomargs.py took 0.219 seconds
[2022-09-27 06:10:17,090] {processor.py:163} INFO - Started process (PID=131) to work on /usr/local/lib/python3.8/site-packages/airflow/example_dags/example_xcomargs.py
[2022-09-27 06:10:17,092] {processor.py:620} INFO - Processing file /usr/local/lib/python3.8/site-packages/airflow/example_dags/example_xcomargs.py for tasks to queue
[2022-09-27 06:10:17,095] {logging_mixin.py:109} INFO - [2022-09-27 06:10:17,095] {dagbag.py:500} INFO - Filling up the DagBag from /usr/local/lib/python3.8/site-packages/airflow/example_dags/example_xcomargs.py
[2022-09-27 06:10:17,129] {processor.py:632} INFO - DAG(s) dict_keys(['example_xcom_args', 'example_xcom_args_with_operators']) retrieved from /usr/local/lib/python3.8/site-packages/airflow/example_dags/example_xcomargs.py
[2022-09-27 06:10:17,133] {logging_mixin.py:109} WARNING - /usr/local/lib/python3.8/site-packages/airflow/models/serialized_dag.py:120 SAWarning: TypeDecorator UtcDateTime(timezone=True) will not produce a cache key because the ``cache_ok`` attribute is not set to True.  This can have significant performance implications including some performance degradations in comparison to prior SQLAlchemy versions.  Set this attribute to True if this type object's state is safe to use in a cache key, or False to disable this warning. (Background on this error at: https://sqlalche.me/e/14/cprf)
[2022-09-27 06:10:17,275] {logging_mixin.py:109} WARNING - /usr/local/lib/python3.8/site-packages/airflow/models/serialized_dag.py:120 SAWarning: TypeDecorator UtcDateTime(timezone=True) will not produce a cache key because the ``cache_ok`` attribute is not set to True.  This can have significant performance implications including some performance degradations in comparison to prior SQLAlchemy versions.  Set this attribute to True if this type object's state is safe to use in a cache key, or False to disable this warning. (Background on this error at: https://sqlalche.me/e/14/cprf)
[2022-09-27 06:10:17,281] {logging_mixin.py:109} INFO - [2022-09-27 06:10:17,281] {dag.py:2389} INFO - Sync 2 DAGs
[2022-09-27 06:10:17,288] {logging_mixin.py:109} WARNING - /usr/local/lib/python3.8/site-packages/airflow/models/dag.py:2426 SAWarning: TypeDecorator UtcDateTime(timezone=True) will not produce a cache key because the ``cache_ok`` attribute is not set to True.  This can have significant performance implications including some performance degradations in comparison to prior SQLAlchemy versions.  Set this attribute to True if this type object's state is safe to use in a cache key, or False to disable this warning. (Background on this error at: https://sqlalche.me/e/14/cprf)
[2022-09-27 06:10:17,296] {logging_mixin.py:109} INFO - [2022-09-27 06:10:17,296] {dag.py:2921} INFO - Setting next_dagrun for example_xcom_args to None
[2022-09-27 06:10:17,296] {logging_mixin.py:109} INFO - [2022-09-27 06:10:17,296] {dag.py:2921} INFO - Setting next_dagrun for example_xcom_args_with_operators to None
[2022-09-27 06:10:17,332] {processor.py:171} INFO - Processing /usr/local/lib/python3.8/site-packages/airflow/example_dags/example_xcomargs.py took 0.247 seconds
[2022-09-27 06:10:52,261] {processor.py:163} INFO - Started process (PID=160) to work on /usr/local/lib/python3.8/site-packages/airflow/example_dags/example_xcomargs.py
[2022-09-27 06:10:52,263] {processor.py:620} INFO - Processing file /usr/local/lib/python3.8/site-packages/airflow/example_dags/example_xcomargs.py for tasks to queue
[2022-09-27 06:10:52,265] {logging_mixin.py:109} INFO - [2022-09-27 06:10:52,265] {dagbag.py:500} INFO - Filling up the DagBag from /usr/local/lib/python3.8/site-packages/airflow/example_dags/example_xcomargs.py
[2022-09-27 06:10:52,296] {processor.py:632} INFO - DAG(s) dict_keys(['example_xcom_args', 'example_xcom_args_with_operators']) retrieved from /usr/local/lib/python3.8/site-packages/airflow/example_dags/example_xcomargs.py
[2022-09-27 06:10:52,300] {logging_mixin.py:109} WARNING - /usr/local/lib/python3.8/site-packages/airflow/models/serialized_dag.py:120 SAWarning: TypeDecorator UtcDateTime(timezone=True) will not produce a cache key because the ``cache_ok`` attribute is not set to True.  This can have significant performance implications including some performance degradations in comparison to prior SQLAlchemy versions.  Set this attribute to True if this type object's state is safe to use in a cache key, or False to disable this warning. (Background on this error at: https://sqlalche.me/e/14/cprf)
[2022-09-27 06:10:52,437] {logging_mixin.py:109} WARNING - /usr/local/lib/python3.8/site-packages/airflow/models/serialized_dag.py:120 SAWarning: TypeDecorator UtcDateTime(timezone=True) will not produce a cache key because the ``cache_ok`` attribute is not set to True.  This can have significant performance implications including some performance degradations in comparison to prior SQLAlchemy versions.  Set this attribute to True if this type object's state is safe to use in a cache key, or False to disable this warning. (Background on this error at: https://sqlalche.me/e/14/cprf)
[2022-09-27 06:10:52,443] {logging_mixin.py:109} INFO - [2022-09-27 06:10:52,443] {dag.py:2389} INFO - Sync 2 DAGs
[2022-09-27 06:10:52,450] {logging_mixin.py:109} WARNING - /usr/local/lib/python3.8/site-packages/airflow/models/dag.py:2426 SAWarning: TypeDecorator UtcDateTime(timezone=True) will not produce a cache key because the ``cache_ok`` attribute is not set to True.  This can have significant performance implications including some performance degradations in comparison to prior SQLAlchemy versions.  Set this attribute to True if this type object's state is safe to use in a cache key, or False to disable this warning. (Background on this error at: https://sqlalche.me/e/14/cprf)
[2022-09-27 06:10:52,458] {logging_mixin.py:109} INFO - [2022-09-27 06:10:52,458] {dag.py:2921} INFO - Setting next_dagrun for example_xcom_args to None
[2022-09-27 06:10:52,458] {logging_mixin.py:109} INFO - [2022-09-27 06:10:52,458] {dag.py:2921} INFO - Setting next_dagrun for example_xcom_args_with_operators to None
[2022-09-27 06:10:52,493] {processor.py:171} INFO - Processing /usr/local/lib/python3.8/site-packages/airflow/example_dags/example_xcomargs.py took 0.237 seconds
[2022-09-27 06:11:26,067] {processor.py:163} INFO - Started process (PID=188) to work on /usr/local/lib/python3.8/site-packages/airflow/example_dags/example_xcomargs.py
[2022-09-27 06:11:26,069] {processor.py:620} INFO - Processing file /usr/local/lib/python3.8/site-packages/airflow/example_dags/example_xcomargs.py for tasks to queue
[2022-09-27 06:11:26,070] {logging_mixin.py:109} INFO - [2022-09-27 06:11:26,070] {dagbag.py:500} INFO - Filling up the DagBag from /usr/local/lib/python3.8/site-packages/airflow/example_dags/example_xcomargs.py
[2022-09-27 06:11:26,099] {processor.py:632} INFO - DAG(s) dict_keys(['example_xcom_args', 'example_xcom_args_with_operators']) retrieved from /usr/local/lib/python3.8/site-packages/airflow/example_dags/example_xcomargs.py
[2022-09-27 06:11:26,105] {logging_mixin.py:109} WARNING - /usr/local/lib/python3.8/site-packages/airflow/models/serialized_dag.py:120 SAWarning: TypeDecorator UtcDateTime(timezone=True) will not produce a cache key because the ``cache_ok`` attribute is not set to True.  This can have significant performance implications including some performance degradations in comparison to prior SQLAlchemy versions.  Set this attribute to True if this type object's state is safe to use in a cache key, or False to disable this warning. (Background on this error at: https://sqlalche.me/e/14/cprf)
[2022-09-27 06:11:26,246] {logging_mixin.py:109} WARNING - /usr/local/lib/python3.8/site-packages/airflow/models/serialized_dag.py:120 SAWarning: TypeDecorator UtcDateTime(timezone=True) will not produce a cache key because the ``cache_ok`` attribute is not set to True.  This can have significant performance implications including some performance degradations in comparison to prior SQLAlchemy versions.  Set this attribute to True if this type object's state is safe to use in a cache key, or False to disable this warning. (Background on this error at: https://sqlalche.me/e/14/cprf)
[2022-09-27 06:11:26,251] {logging_mixin.py:109} INFO - [2022-09-27 06:11:26,251] {dag.py:2389} INFO - Sync 2 DAGs
[2022-09-27 06:11:26,258] {logging_mixin.py:109} WARNING - /usr/local/lib/python3.8/site-packages/airflow/models/dag.py:2426 SAWarning: TypeDecorator UtcDateTime(timezone=True) will not produce a cache key because the ``cache_ok`` attribute is not set to True.  This can have significant performance implications including some performance degradations in comparison to prior SQLAlchemy versions.  Set this attribute to True if this type object's state is safe to use in a cache key, or False to disable this warning. (Background on this error at: https://sqlalche.me/e/14/cprf)
[2022-09-27 06:11:26,268] {logging_mixin.py:109} INFO - [2022-09-27 06:11:26,268] {dag.py:2921} INFO - Setting next_dagrun for example_xcom_args to None
[2022-09-27 06:11:26,268] {logging_mixin.py:109} INFO - [2022-09-27 06:11:26,268] {dag.py:2921} INFO - Setting next_dagrun for example_xcom_args_with_operators to None
[2022-09-27 06:11:26,306] {processor.py:171} INFO - Processing /usr/local/lib/python3.8/site-packages/airflow/example_dags/example_xcomargs.py took 0.244 seconds
[2022-09-27 06:11:58,442] {processor.py:163} INFO - Started process (PID=216) to work on /usr/local/lib/python3.8/site-packages/airflow/example_dags/example_xcomargs.py
[2022-09-27 06:11:58,445] {processor.py:620} INFO - Processing file /usr/local/lib/python3.8/site-packages/airflow/example_dags/example_xcomargs.py for tasks to queue
[2022-09-27 06:11:58,447] {logging_mixin.py:109} INFO - [2022-09-27 06:11:58,446] {dagbag.py:500} INFO - Filling up the DagBag from /usr/local/lib/python3.8/site-packages/airflow/example_dags/example_xcomargs.py
[2022-09-27 06:11:58,475] {processor.py:632} INFO - DAG(s) dict_keys(['example_xcom_args', 'example_xcom_args_with_operators']) retrieved from /usr/local/lib/python3.8/site-packages/airflow/example_dags/example_xcomargs.py
[2022-09-27 06:11:58,481] {logging_mixin.py:109} WARNING - /usr/local/lib/python3.8/site-packages/airflow/models/serialized_dag.py:120 SAWarning: TypeDecorator UtcDateTime(timezone=True) will not produce a cache key because the ``cache_ok`` attribute is not set to True.  This can have significant performance implications including some performance degradations in comparison to prior SQLAlchemy versions.  Set this attribute to True if this type object's state is safe to use in a cache key, or False to disable this warning. (Background on this error at: https://sqlalche.me/e/14/cprf)
[2022-09-27 06:11:58,618] {logging_mixin.py:109} WARNING - /usr/local/lib/python3.8/site-packages/airflow/models/serialized_dag.py:120 SAWarning: TypeDecorator UtcDateTime(timezone=True) will not produce a cache key because the ``cache_ok`` attribute is not set to True.  This can have significant performance implications including some performance degradations in comparison to prior SQLAlchemy versions.  Set this attribute to True if this type object's state is safe to use in a cache key, or False to disable this warning. (Background on this error at: https://sqlalche.me/e/14/cprf)
[2022-09-27 06:11:58,624] {logging_mixin.py:109} INFO - [2022-09-27 06:11:58,624] {dag.py:2389} INFO - Sync 2 DAGs
[2022-09-27 06:11:58,631] {logging_mixin.py:109} WARNING - /usr/local/lib/python3.8/site-packages/airflow/models/dag.py:2426 SAWarning: TypeDecorator UtcDateTime(timezone=True) will not produce a cache key because the ``cache_ok`` attribute is not set to True.  This can have significant performance implications including some performance degradations in comparison to prior SQLAlchemy versions.  Set this attribute to True if this type object's state is safe to use in a cache key, or False to disable this warning. (Background on this error at: https://sqlalche.me/e/14/cprf)
[2022-09-27 06:11:58,638] {logging_mixin.py:109} INFO - [2022-09-27 06:11:58,638] {dag.py:2921} INFO - Setting next_dagrun for example_xcom_args to None
[2022-09-27 06:11:58,639] {logging_mixin.py:109} INFO - [2022-09-27 06:11:58,639] {dag.py:2921} INFO - Setting next_dagrun for example_xcom_args_with_operators to None
[2022-09-27 06:11:58,673] {processor.py:171} INFO - Processing /usr/local/lib/python3.8/site-packages/airflow/example_dags/example_xcomargs.py took 0.236 seconds
