[2022-09-27 06:09:16,533] {processor.py:163} INFO - Started process (PID=58) to work on /usr/local/lib/python3.8/site-packages/airflow/example_dags/example_python_operator.py
[2022-09-27 06:09:16,534] {processor.py:620} INFO - Processing file /usr/local/lib/python3.8/site-packages/airflow/example_dags/example_python_operator.py for tasks to queue
[2022-09-27 06:09:16,536] {logging_mixin.py:109} INFO - [2022-09-27 06:09:16,536] {dagbag.py:500} INFO - Filling up the DagBag from /usr/local/lib/python3.8/site-packages/airflow/example_dags/example_python_operator.py
[2022-09-27 06:09:16,542] {logging_mixin.py:109} INFO - [2022-09-27 06:09:16,542] {dagbag.py:334} ERROR - Failed to import: /usr/local/lib/python3.8/site-packages/airflow/example_dags/example_python_operator.py
Traceback (most recent call last):
  File "/usr/local/lib/python3.8/site-packages/airflow/models/dagbag.py", line 331, in _load_modules_from_file
    loader.exec_module(new_module)
  File "<frozen importlib._bootstrap_external>", line 843, in exec_module
  File "<frozen importlib._bootstrap>", line 219, in _call_with_frames_removed
  File "/usr/local/lib/python3.8/site-packages/airflow/example_dags/example_python_operator.py", line 84, in <module>
    virtualenv_task = PythonVirtualenvOperator(
  File "/usr/local/lib/python3.8/site-packages/airflow/models/baseoperator.py", line 188, in apply_defaults
    result = func(self, *args, **kwargs)
  File "/usr/local/lib/python3.8/site-packages/airflow/operators/python.py", line 342, in __init__
    raise AirflowException('PythonVirtualenvOperator requires virtualenv, please install it.')
airflow.exceptions.AirflowException: PythonVirtualenvOperator requires virtualenv, please install it.
[2022-09-27 06:09:16,553] {processor.py:634} WARNING - No viable dags retrieved from /usr/local/lib/python3.8/site-packages/airflow/example_dags/example_python_operator.py
[2022-09-27 06:09:16,570] {processor.py:171} INFO - Processing /usr/local/lib/python3.8/site-packages/airflow/example_dags/example_python_operator.py took 0.038 seconds
[2022-09-27 06:09:56,507] {processor.py:163} INFO - Started process (PID=92) to work on /usr/local/lib/python3.8/site-packages/airflow/example_dags/example_python_operator.py
[2022-09-27 06:09:56,510] {processor.py:620} INFO - Processing file /usr/local/lib/python3.8/site-packages/airflow/example_dags/example_python_operator.py for tasks to queue
[2022-09-27 06:09:56,511] {logging_mixin.py:109} INFO - [2022-09-27 06:09:56,511] {dagbag.py:500} INFO - Filling up the DagBag from /usr/local/lib/python3.8/site-packages/airflow/example_dags/example_python_operator.py
[2022-09-27 06:09:56,523] {logging_mixin.py:109} INFO - [2022-09-27 06:09:56,522] {dagbag.py:334} ERROR - Failed to import: /usr/local/lib/python3.8/site-packages/airflow/example_dags/example_python_operator.py
Traceback (most recent call last):
  File "/usr/local/lib/python3.8/site-packages/airflow/models/dagbag.py", line 331, in _load_modules_from_file
    loader.exec_module(new_module)
  File "<frozen importlib._bootstrap_external>", line 843, in exec_module
  File "<frozen importlib._bootstrap>", line 219, in _call_with_frames_removed
  File "/usr/local/lib/python3.8/site-packages/airflow/example_dags/example_python_operator.py", line 84, in <module>
    virtualenv_task = PythonVirtualenvOperator(
  File "/usr/local/lib/python3.8/site-packages/airflow/models/baseoperator.py", line 188, in apply_defaults
    result = func(self, *args, **kwargs)
  File "/usr/local/lib/python3.8/site-packages/airflow/operators/python.py", line 342, in __init__
    raise AirflowException('PythonVirtualenvOperator requires virtualenv, please install it.')
airflow.exceptions.AirflowException: PythonVirtualenvOperator requires virtualenv, please install it.
[2022-09-27 06:09:56,536] {processor.py:634} WARNING - No viable dags retrieved from /usr/local/lib/python3.8/site-packages/airflow/example_dags/example_python_operator.py
[2022-09-27 06:09:56,553] {processor.py:171} INFO - Processing /usr/local/lib/python3.8/site-packages/airflow/example_dags/example_python_operator.py took 0.050 seconds
[2022-09-27 06:10:37,947] {processor.py:163} INFO - Started process (PID=148) to work on /usr/local/lib/python3.8/site-packages/airflow/example_dags/example_python_operator.py
[2022-09-27 06:10:37,950] {processor.py:620} INFO - Processing file /usr/local/lib/python3.8/site-packages/airflow/example_dags/example_python_operator.py for tasks to queue
[2022-09-27 06:10:37,953] {logging_mixin.py:109} INFO - [2022-09-27 06:10:37,953] {dagbag.py:500} INFO - Filling up the DagBag from /usr/local/lib/python3.8/site-packages/airflow/example_dags/example_python_operator.py
[2022-09-27 06:10:37,965] {logging_mixin.py:109} INFO - [2022-09-27 06:10:37,964] {dagbag.py:334} ERROR - Failed to import: /usr/local/lib/python3.8/site-packages/airflow/example_dags/example_python_operator.py
Traceback (most recent call last):
  File "/usr/local/lib/python3.8/site-packages/airflow/models/dagbag.py", line 331, in _load_modules_from_file
    loader.exec_module(new_module)
  File "<frozen importlib._bootstrap_external>", line 843, in exec_module
  File "<frozen importlib._bootstrap>", line 219, in _call_with_frames_removed
  File "/usr/local/lib/python3.8/site-packages/airflow/example_dags/example_python_operator.py", line 84, in <module>
    virtualenv_task = PythonVirtualenvOperator(
  File "/usr/local/lib/python3.8/site-packages/airflow/models/baseoperator.py", line 188, in apply_defaults
    result = func(self, *args, **kwargs)
  File "/usr/local/lib/python3.8/site-packages/airflow/operators/python.py", line 342, in __init__
    raise AirflowException('PythonVirtualenvOperator requires virtualenv, please install it.')
airflow.exceptions.AirflowException: PythonVirtualenvOperator requires virtualenv, please install it.
[2022-09-27 06:10:37,983] {processor.py:634} WARNING - No viable dags retrieved from /usr/local/lib/python3.8/site-packages/airflow/example_dags/example_python_operator.py
[2022-09-27 06:10:38,002] {processor.py:171} INFO - Processing /usr/local/lib/python3.8/site-packages/airflow/example_dags/example_python_operator.py took 0.059 seconds
[2022-09-27 06:11:19,532] {processor.py:163} INFO - Started process (PID=183) to work on /usr/local/lib/python3.8/site-packages/airflow/example_dags/example_python_operator.py
[2022-09-27 06:11:19,534] {processor.py:620} INFO - Processing file /usr/local/lib/python3.8/site-packages/airflow/example_dags/example_python_operator.py for tasks to queue
[2022-09-27 06:11:19,536] {logging_mixin.py:109} INFO - [2022-09-27 06:11:19,536] {dagbag.py:500} INFO - Filling up the DagBag from /usr/local/lib/python3.8/site-packages/airflow/example_dags/example_python_operator.py
[2022-09-27 06:11:19,548] {logging_mixin.py:109} INFO - [2022-09-27 06:11:19,546] {dagbag.py:334} ERROR - Failed to import: /usr/local/lib/python3.8/site-packages/airflow/example_dags/example_python_operator.py
Traceback (most recent call last):
  File "/usr/local/lib/python3.8/site-packages/airflow/models/dagbag.py", line 331, in _load_modules_from_file
    loader.exec_module(new_module)
  File "<frozen importlib._bootstrap_external>", line 843, in exec_module
  File "<frozen importlib._bootstrap>", line 219, in _call_with_frames_removed
  File "/usr/local/lib/python3.8/site-packages/airflow/example_dags/example_python_operator.py", line 84, in <module>
    virtualenv_task = PythonVirtualenvOperator(
  File "/usr/local/lib/python3.8/site-packages/airflow/models/baseoperator.py", line 188, in apply_defaults
    result = func(self, *args, **kwargs)
  File "/usr/local/lib/python3.8/site-packages/airflow/operators/python.py", line 342, in __init__
    raise AirflowException('PythonVirtualenvOperator requires virtualenv, please install it.')
airflow.exceptions.AirflowException: PythonVirtualenvOperator requires virtualenv, please install it.
[2022-09-27 06:11:19,569] {processor.py:634} WARNING - No viable dags retrieved from /usr/local/lib/python3.8/site-packages/airflow/example_dags/example_python_operator.py
[2022-09-27 06:11:19,630] {processor.py:171} INFO - Processing /usr/local/lib/python3.8/site-packages/airflow/example_dags/example_python_operator.py took 0.103 seconds
[2022-09-27 06:12:03,015] {processor.py:163} INFO - Started process (PID=220) to work on /usr/local/lib/python3.8/site-packages/airflow/example_dags/example_python_operator.py
[2022-09-27 06:12:03,017] {processor.py:620} INFO - Processing file /usr/local/lib/python3.8/site-packages/airflow/example_dags/example_python_operator.py for tasks to queue
[2022-09-27 06:12:03,019] {logging_mixin.py:109} INFO - [2022-09-27 06:12:03,019] {dagbag.py:500} INFO - Filling up the DagBag from /usr/local/lib/python3.8/site-packages/airflow/example_dags/example_python_operator.py
[2022-09-27 06:12:03,031] {logging_mixin.py:109} INFO - [2022-09-27 06:12:03,030] {dagbag.py:334} ERROR - Failed to import: /usr/local/lib/python3.8/site-packages/airflow/example_dags/example_python_operator.py
Traceback (most recent call last):
  File "/usr/local/lib/python3.8/site-packages/airflow/models/dagbag.py", line 331, in _load_modules_from_file
    loader.exec_module(new_module)
  File "<frozen importlib._bootstrap_external>", line 843, in exec_module
  File "<frozen importlib._bootstrap>", line 219, in _call_with_frames_removed
  File "/usr/local/lib/python3.8/site-packages/airflow/example_dags/example_python_operator.py", line 84, in <module>
    virtualenv_task = PythonVirtualenvOperator(
  File "/usr/local/lib/python3.8/site-packages/airflow/models/baseoperator.py", line 188, in apply_defaults
    result = func(self, *args, **kwargs)
  File "/usr/local/lib/python3.8/site-packages/airflow/operators/python.py", line 342, in __init__
    raise AirflowException('PythonVirtualenvOperator requires virtualenv, please install it.')
airflow.exceptions.AirflowException: PythonVirtualenvOperator requires virtualenv, please install it.
[2022-09-27 06:12:03,045] {processor.py:634} WARNING - No viable dags retrieved from /usr/local/lib/python3.8/site-packages/airflow/example_dags/example_python_operator.py
[2022-09-27 06:12:03,063] {processor.py:171} INFO - Processing /usr/local/lib/python3.8/site-packages/airflow/example_dags/example_python_operator.py took 0.052 seconds
