[2022-09-27 06:09:28,332] {processor.py:163} INFO - Started process (PID=68) to work on /usr/local/lib/python3.8/site-packages/airflow/example_dags/example_dag_decorator.py
[2022-09-27 06:09:28,334] {processor.py:620} INFO - Processing file /usr/local/lib/python3.8/site-packages/airflow/example_dags/example_dag_decorator.py for tasks to queue
[2022-09-27 06:09:28,336] {logging_mixin.py:109} INFO - [2022-09-27 06:09:28,336] {dagbag.py:500} INFO - Filling up the DagBag from /usr/local/lib/python3.8/site-packages/airflow/example_dags/example_dag_decorator.py
[2022-09-27 06:09:28,376] {processor.py:632} INFO - DAG(s) dict_keys(['example_dag_decorator']) retrieved from /usr/local/lib/python3.8/site-packages/airflow/example_dags/example_dag_decorator.py
[2022-09-27 06:09:28,381] {logging_mixin.py:109} WARNING - /usr/local/lib/python3.8/site-packages/airflow/models/serialized_dag.py:120 SAWarning: TypeDecorator UtcDateTime(timezone=True) will not produce a cache key because the ``cache_ok`` attribute is not set to True.  This can have significant performance implications including some performance degradations in comparison to prior SQLAlchemy versions.  Set this attribute to True if this type object's state is safe to use in a cache key, or False to disable this warning. (Background on this error at: https://sqlalche.me/e/14/cprf)
[2022-09-27 06:09:28,521] {logging_mixin.py:109} INFO - [2022-09-27 06:09:28,520] {dag.py:2389} INFO - Sync 1 DAGs
[2022-09-27 06:09:28,527] {logging_mixin.py:109} WARNING - /usr/local/lib/python3.8/site-packages/airflow/models/dag.py:2426 SAWarning: TypeDecorator UtcDateTime(timezone=True) will not produce a cache key because the ``cache_ok`` attribute is not set to True.  This can have significant performance implications including some performance degradations in comparison to prior SQLAlchemy versions.  Set this attribute to True if this type object's state is safe to use in a cache key, or False to disable this warning. (Background on this error at: https://sqlalche.me/e/14/cprf)
[2022-09-27 06:09:28,536] {logging_mixin.py:109} INFO - [2022-09-27 06:09:28,536] {dag.py:2921} INFO - Setting next_dagrun for example_dag_decorator to None
[2022-09-27 06:09:28,570] {processor.py:171} INFO - Processing /usr/local/lib/python3.8/site-packages/airflow/example_dags/example_dag_decorator.py took 0.242 seconds
[2022-09-27 06:10:08,888] {processor.py:163} INFO - Started process (PID=125) to work on /usr/local/lib/python3.8/site-packages/airflow/example_dags/example_dag_decorator.py
[2022-09-27 06:10:08,889] {processor.py:620} INFO - Processing file /usr/local/lib/python3.8/site-packages/airflow/example_dags/example_dag_decorator.py for tasks to queue
[2022-09-27 06:10:08,890] {logging_mixin.py:109} INFO - [2022-09-27 06:10:08,890] {dagbag.py:500} INFO - Filling up the DagBag from /usr/local/lib/python3.8/site-packages/airflow/example_dags/example_dag_decorator.py
[2022-09-27 06:10:08,922] {processor.py:632} INFO - DAG(s) dict_keys(['example_dag_decorator']) retrieved from /usr/local/lib/python3.8/site-packages/airflow/example_dags/example_dag_decorator.py
[2022-09-27 06:10:08,927] {logging_mixin.py:109} WARNING - /usr/local/lib/python3.8/site-packages/airflow/models/serialized_dag.py:120 SAWarning: TypeDecorator UtcDateTime(timezone=True) will not produce a cache key because the ``cache_ok`` attribute is not set to True.  This can have significant performance implications including some performance degradations in comparison to prior SQLAlchemy versions.  Set this attribute to True if this type object's state is safe to use in a cache key, or False to disable this warning. (Background on this error at: https://sqlalche.me/e/14/cprf)
[2022-09-27 06:10:09,352] {logging_mixin.py:109} INFO - [2022-09-27 06:10:09,352] {dag.py:2389} INFO - Sync 1 DAGs
[2022-09-27 06:10:09,369] {logging_mixin.py:109} WARNING - /usr/local/lib/python3.8/site-packages/airflow/models/dag.py:2426 SAWarning: TypeDecorator UtcDateTime(timezone=True) will not produce a cache key because the ``cache_ok`` attribute is not set to True.  This can have significant performance implications including some performance degradations in comparison to prior SQLAlchemy versions.  Set this attribute to True if this type object's state is safe to use in a cache key, or False to disable this warning. (Background on this error at: https://sqlalche.me/e/14/cprf)
[2022-09-27 06:10:09,394] {logging_mixin.py:109} INFO - [2022-09-27 06:10:09,394] {dag.py:2921} INFO - Setting next_dagrun for example_dag_decorator to None
[2022-09-27 06:10:09,447] {processor.py:171} INFO - Processing /usr/local/lib/python3.8/site-packages/airflow/example_dags/example_dag_decorator.py took 0.564 seconds
[2022-09-27 06:10:50,830] {processor.py:163} INFO - Started process (PID=159) to work on /usr/local/lib/python3.8/site-packages/airflow/example_dags/example_dag_decorator.py
[2022-09-27 06:10:50,832] {processor.py:620} INFO - Processing file /usr/local/lib/python3.8/site-packages/airflow/example_dags/example_dag_decorator.py for tasks to queue
[2022-09-27 06:10:50,833] {logging_mixin.py:109} INFO - [2022-09-27 06:10:50,833] {dagbag.py:500} INFO - Filling up the DagBag from /usr/local/lib/python3.8/site-packages/airflow/example_dags/example_dag_decorator.py
[2022-09-27 06:10:50,855] {processor.py:632} INFO - DAG(s) dict_keys(['example_dag_decorator']) retrieved from /usr/local/lib/python3.8/site-packages/airflow/example_dags/example_dag_decorator.py
[2022-09-27 06:10:50,859] {logging_mixin.py:109} WARNING - /usr/local/lib/python3.8/site-packages/airflow/models/serialized_dag.py:120 SAWarning: TypeDecorator UtcDateTime(timezone=True) will not produce a cache key because the ``cache_ok`` attribute is not set to True.  This can have significant performance implications including some performance degradations in comparison to prior SQLAlchemy versions.  Set this attribute to True if this type object's state is safe to use in a cache key, or False to disable this warning. (Background on this error at: https://sqlalche.me/e/14/cprf)
[2022-09-27 06:10:50,997] {logging_mixin.py:109} INFO - [2022-09-27 06:10:50,997] {dag.py:2389} INFO - Sync 1 DAGs
[2022-09-27 06:10:51,003] {logging_mixin.py:109} WARNING - /usr/local/lib/python3.8/site-packages/airflow/models/dag.py:2426 SAWarning: TypeDecorator UtcDateTime(timezone=True) will not produce a cache key because the ``cache_ok`` attribute is not set to True.  This can have significant performance implications including some performance degradations in comparison to prior SQLAlchemy versions.  Set this attribute to True if this type object's state is safe to use in a cache key, or False to disable this warning. (Background on this error at: https://sqlalche.me/e/14/cprf)
[2022-09-27 06:10:51,010] {logging_mixin.py:109} INFO - [2022-09-27 06:10:51,010] {dag.py:2921} INFO - Setting next_dagrun for example_dag_decorator to None
[2022-09-27 06:10:51,043] {processor.py:171} INFO - Processing /usr/local/lib/python3.8/site-packages/airflow/example_dags/example_dag_decorator.py took 0.216 seconds
[2022-09-27 06:11:35,569] {processor.py:163} INFO - Started process (PID=196) to work on /usr/local/lib/python3.8/site-packages/airflow/example_dags/example_dag_decorator.py
[2022-09-27 06:11:35,571] {processor.py:620} INFO - Processing file /usr/local/lib/python3.8/site-packages/airflow/example_dags/example_dag_decorator.py for tasks to queue
[2022-09-27 06:11:35,572] {logging_mixin.py:109} INFO - [2022-09-27 06:11:35,572] {dagbag.py:500} INFO - Filling up the DagBag from /usr/local/lib/python3.8/site-packages/airflow/example_dags/example_dag_decorator.py
[2022-09-27 06:11:35,593] {processor.py:632} INFO - DAG(s) dict_keys(['example_dag_decorator']) retrieved from /usr/local/lib/python3.8/site-packages/airflow/example_dags/example_dag_decorator.py
[2022-09-27 06:11:35,597] {logging_mixin.py:109} WARNING - /usr/local/lib/python3.8/site-packages/airflow/models/serialized_dag.py:120 SAWarning: TypeDecorator UtcDateTime(timezone=True) will not produce a cache key because the ``cache_ok`` attribute is not set to True.  This can have significant performance implications including some performance degradations in comparison to prior SQLAlchemy versions.  Set this attribute to True if this type object's state is safe to use in a cache key, or False to disable this warning. (Background on this error at: https://sqlalche.me/e/14/cprf)
[2022-09-27 06:11:35,761] {logging_mixin.py:109} INFO - [2022-09-27 06:11:35,761] {dag.py:2389} INFO - Sync 1 DAGs
[2022-09-27 06:11:35,770] {logging_mixin.py:109} WARNING - /usr/local/lib/python3.8/site-packages/airflow/models/dag.py:2426 SAWarning: TypeDecorator UtcDateTime(timezone=True) will not produce a cache key because the ``cache_ok`` attribute is not set to True.  This can have significant performance implications including some performance degradations in comparison to prior SQLAlchemy versions.  Set this attribute to True if this type object's state is safe to use in a cache key, or False to disable this warning. (Background on this error at: https://sqlalche.me/e/14/cprf)
[2022-09-27 06:11:35,780] {logging_mixin.py:109} INFO - [2022-09-27 06:11:35,780] {dag.py:2921} INFO - Setting next_dagrun for example_dag_decorator to None
[2022-09-27 06:11:35,822] {processor.py:171} INFO - Processing /usr/local/lib/python3.8/site-packages/airflow/example_dags/example_dag_decorator.py took 0.254 seconds
[2022-09-27 06:12:17,465] {processor.py:163} INFO - Started process (PID=232) to work on /usr/local/lib/python3.8/site-packages/airflow/example_dags/example_dag_decorator.py
[2022-09-27 06:12:17,467] {processor.py:620} INFO - Processing file /usr/local/lib/python3.8/site-packages/airflow/example_dags/example_dag_decorator.py for tasks to queue
[2022-09-27 06:12:17,469] {logging_mixin.py:109} INFO - [2022-09-27 06:12:17,469] {dagbag.py:500} INFO - Filling up the DagBag from /usr/local/lib/python3.8/site-packages/airflow/example_dags/example_dag_decorator.py
[2022-09-27 06:12:17,500] {processor.py:632} INFO - DAG(s) dict_keys(['example_dag_decorator']) retrieved from /usr/local/lib/python3.8/site-packages/airflow/example_dags/example_dag_decorator.py
[2022-09-27 06:12:17,505] {logging_mixin.py:109} WARNING - /usr/local/lib/python3.8/site-packages/airflow/models/serialized_dag.py:120 SAWarning: TypeDecorator UtcDateTime(timezone=True) will not produce a cache key because the ``cache_ok`` attribute is not set to True.  This can have significant performance implications including some performance degradations in comparison to prior SQLAlchemy versions.  Set this attribute to True if this type object's state is safe to use in a cache key, or False to disable this warning. (Background on this error at: https://sqlalche.me/e/14/cprf)
[2022-09-27 06:12:17,643] {logging_mixin.py:109} INFO - [2022-09-27 06:12:17,643] {dag.py:2389} INFO - Sync 1 DAGs
[2022-09-27 06:12:17,650] {logging_mixin.py:109} WARNING - /usr/local/lib/python3.8/site-packages/airflow/models/dag.py:2426 SAWarning: TypeDecorator UtcDateTime(timezone=True) will not produce a cache key because the ``cache_ok`` attribute is not set to True.  This can have significant performance implications including some performance degradations in comparison to prior SQLAlchemy versions.  Set this attribute to True if this type object's state is safe to use in a cache key, or False to disable this warning. (Background on this error at: https://sqlalche.me/e/14/cprf)
[2022-09-27 06:12:17,657] {logging_mixin.py:109} INFO - [2022-09-27 06:12:17,657] {dag.py:2921} INFO - Setting next_dagrun for example_dag_decorator to None
[2022-09-27 06:12:17,688] {processor.py:171} INFO - Processing /usr/local/lib/python3.8/site-packages/airflow/example_dags/example_dag_decorator.py took 0.227 seconds
