[2022-09-27 06:09:08,524] {processor.py:163} INFO - Started process (PID=51) to work on /usr/local/lib/python3.8/site-packages/airflow/example_dags/example_trigger_target_dag.py
[2022-09-27 06:09:08,526] {processor.py:620} INFO - Processing file /usr/local/lib/python3.8/site-packages/airflow/example_dags/example_trigger_target_dag.py for tasks to queue
[2022-09-27 06:09:08,528] {logging_mixin.py:109} INFO - [2022-09-27 06:09:08,528] {dagbag.py:500} INFO - Filling up the DagBag from /usr/local/lib/python3.8/site-packages/airflow/example_dags/example_trigger_target_dag.py
[2022-09-27 06:09:08,557] {processor.py:632} INFO - DAG(s) dict_keys(['example_trigger_target_dag']) retrieved from /usr/local/lib/python3.8/site-packages/airflow/example_dags/example_trigger_target_dag.py
[2022-09-27 06:09:08,561] {logging_mixin.py:109} WARNING - /usr/local/lib/python3.8/site-packages/airflow/models/serialized_dag.py:120 SAWarning: TypeDecorator UtcDateTime(timezone=True) will not produce a cache key because the ``cache_ok`` attribute is not set to True.  This can have significant performance implications including some performance degradations in comparison to prior SQLAlchemy versions.  Set this attribute to True if this type object's state is safe to use in a cache key, or False to disable this warning. (Background on this error at: https://sqlalche.me/e/14/cprf)
[2022-09-27 06:09:08,572] {logging_mixin.py:109} INFO - [2022-09-27 06:09:08,572] {dag.py:2389} INFO - Sync 1 DAGs
[2022-09-27 06:09:08,579] {logging_mixin.py:109} WARNING - /usr/local/lib/python3.8/site-packages/airflow/models/dag.py:2426 SAWarning: TypeDecorator UtcDateTime(timezone=True) will not produce a cache key because the ``cache_ok`` attribute is not set to True.  This can have significant performance implications including some performance degradations in comparison to prior SQLAlchemy versions.  Set this attribute to True if this type object's state is safe to use in a cache key, or False to disable this warning. (Background on this error at: https://sqlalche.me/e/14/cprf)
[2022-09-27 06:09:08,587] {logging_mixin.py:109} INFO - [2022-09-27 06:09:08,587] {dag.py:2921} INFO - Setting next_dagrun for example_trigger_target_dag to None
[2022-09-27 06:09:08,619] {processor.py:171} INFO - Processing /usr/local/lib/python3.8/site-packages/airflow/example_dags/example_trigger_target_dag.py took 0.099 seconds
[2022-09-27 06:09:47,954] {processor.py:163} INFO - Started process (PID=85) to work on /usr/local/lib/python3.8/site-packages/airflow/example_dags/example_trigger_target_dag.py
[2022-09-27 06:09:47,955] {processor.py:620} INFO - Processing file /usr/local/lib/python3.8/site-packages/airflow/example_dags/example_trigger_target_dag.py for tasks to queue
[2022-09-27 06:09:47,956] {logging_mixin.py:109} INFO - [2022-09-27 06:09:47,956] {dagbag.py:500} INFO - Filling up the DagBag from /usr/local/lib/python3.8/site-packages/airflow/example_dags/example_trigger_target_dag.py
[2022-09-27 06:09:47,973] {processor.py:632} INFO - DAG(s) dict_keys(['example_trigger_target_dag']) retrieved from /usr/local/lib/python3.8/site-packages/airflow/example_dags/example_trigger_target_dag.py
[2022-09-27 06:09:47,977] {logging_mixin.py:109} WARNING - /usr/local/lib/python3.8/site-packages/airflow/models/serialized_dag.py:120 SAWarning: TypeDecorator UtcDateTime(timezone=True) will not produce a cache key because the ``cache_ok`` attribute is not set to True.  This can have significant performance implications including some performance degradations in comparison to prior SQLAlchemy versions.  Set this attribute to True if this type object's state is safe to use in a cache key, or False to disable this warning. (Background on this error at: https://sqlalche.me/e/14/cprf)
[2022-09-27 06:09:47,986] {logging_mixin.py:109} INFO - [2022-09-27 06:09:47,986] {dag.py:2389} INFO - Sync 1 DAGs
[2022-09-27 06:09:47,994] {logging_mixin.py:109} WARNING - /usr/local/lib/python3.8/site-packages/airflow/models/dag.py:2426 SAWarning: TypeDecorator UtcDateTime(timezone=True) will not produce a cache key because the ``cache_ok`` attribute is not set to True.  This can have significant performance implications including some performance degradations in comparison to prior SQLAlchemy versions.  Set this attribute to True if this type object's state is safe to use in a cache key, or False to disable this warning. (Background on this error at: https://sqlalche.me/e/14/cprf)
[2022-09-27 06:09:48,001] {logging_mixin.py:109} INFO - [2022-09-27 06:09:48,001] {dag.py:2921} INFO - Setting next_dagrun for example_trigger_target_dag to None
[2022-09-27 06:09:48,030] {processor.py:171} INFO - Processing /usr/local/lib/python3.8/site-packages/airflow/example_dags/example_trigger_target_dag.py took 0.078 seconds
[2022-09-27 06:10:29,630] {processor.py:163} INFO - Started process (PID=141) to work on /usr/local/lib/python3.8/site-packages/airflow/example_dags/example_trigger_target_dag.py
[2022-09-27 06:10:29,638] {processor.py:620} INFO - Processing file /usr/local/lib/python3.8/site-packages/airflow/example_dags/example_trigger_target_dag.py for tasks to queue
[2022-09-27 06:10:29,640] {logging_mixin.py:109} INFO - [2022-09-27 06:10:29,640] {dagbag.py:500} INFO - Filling up the DagBag from /usr/local/lib/python3.8/site-packages/airflow/example_dags/example_trigger_target_dag.py
[2022-09-27 06:10:29,671] {processor.py:632} INFO - DAG(s) dict_keys(['example_trigger_target_dag']) retrieved from /usr/local/lib/python3.8/site-packages/airflow/example_dags/example_trigger_target_dag.py
[2022-09-27 06:10:29,676] {logging_mixin.py:109} WARNING - /usr/local/lib/python3.8/site-packages/airflow/models/serialized_dag.py:120 SAWarning: TypeDecorator UtcDateTime(timezone=True) will not produce a cache key because the ``cache_ok`` attribute is not set to True.  This can have significant performance implications including some performance degradations in comparison to prior SQLAlchemy versions.  Set this attribute to True if this type object's state is safe to use in a cache key, or False to disable this warning. (Background on this error at: https://sqlalche.me/e/14/cprf)
[2022-09-27 06:10:29,687] {logging_mixin.py:109} INFO - [2022-09-27 06:10:29,687] {dag.py:2389} INFO - Sync 1 DAGs
[2022-09-27 06:10:29,695] {logging_mixin.py:109} WARNING - /usr/local/lib/python3.8/site-packages/airflow/models/dag.py:2426 SAWarning: TypeDecorator UtcDateTime(timezone=True) will not produce a cache key because the ``cache_ok`` attribute is not set to True.  This can have significant performance implications including some performance degradations in comparison to prior SQLAlchemy versions.  Set this attribute to True if this type object's state is safe to use in a cache key, or False to disable this warning. (Background on this error at: https://sqlalche.me/e/14/cprf)
[2022-09-27 06:10:29,702] {logging_mixin.py:109} INFO - [2022-09-27 06:10:29,702] {dag.py:2921} INFO - Setting next_dagrun for example_trigger_target_dag to None
[2022-09-27 06:10:29,732] {processor.py:171} INFO - Processing /usr/local/lib/python3.8/site-packages/airflow/example_dags/example_trigger_target_dag.py took 0.107 seconds
[2022-09-27 06:11:11,320] {processor.py:163} INFO - Started process (PID=175) to work on /usr/local/lib/python3.8/site-packages/airflow/example_dags/example_trigger_target_dag.py
[2022-09-27 06:11:11,322] {processor.py:620} INFO - Processing file /usr/local/lib/python3.8/site-packages/airflow/example_dags/example_trigger_target_dag.py for tasks to queue
[2022-09-27 06:11:11,324] {logging_mixin.py:109} INFO - [2022-09-27 06:11:11,324] {dagbag.py:500} INFO - Filling up the DagBag from /usr/local/lib/python3.8/site-packages/airflow/example_dags/example_trigger_target_dag.py
[2022-09-27 06:11:11,353] {processor.py:632} INFO - DAG(s) dict_keys(['example_trigger_target_dag']) retrieved from /usr/local/lib/python3.8/site-packages/airflow/example_dags/example_trigger_target_dag.py
[2022-09-27 06:11:11,357] {logging_mixin.py:109} WARNING - /usr/local/lib/python3.8/site-packages/airflow/models/serialized_dag.py:120 SAWarning: TypeDecorator UtcDateTime(timezone=True) will not produce a cache key because the ``cache_ok`` attribute is not set to True.  This can have significant performance implications including some performance degradations in comparison to prior SQLAlchemy versions.  Set this attribute to True if this type object's state is safe to use in a cache key, or False to disable this warning. (Background on this error at: https://sqlalche.me/e/14/cprf)
[2022-09-27 06:11:11,370] {logging_mixin.py:109} INFO - [2022-09-27 06:11:11,370] {dag.py:2389} INFO - Sync 1 DAGs
[2022-09-27 06:11:11,379] {logging_mixin.py:109} WARNING - /usr/local/lib/python3.8/site-packages/airflow/models/dag.py:2426 SAWarning: TypeDecorator UtcDateTime(timezone=True) will not produce a cache key because the ``cache_ok`` attribute is not set to True.  This can have significant performance implications including some performance degradations in comparison to prior SQLAlchemy versions.  Set this attribute to True if this type object's state is safe to use in a cache key, or False to disable this warning. (Background on this error at: https://sqlalche.me/e/14/cprf)
[2022-09-27 06:11:11,388] {logging_mixin.py:109} INFO - [2022-09-27 06:11:11,388] {dag.py:2921} INFO - Setting next_dagrun for example_trigger_target_dag to None
[2022-09-27 06:11:11,419] {processor.py:171} INFO - Processing /usr/local/lib/python3.8/site-packages/airflow/example_dags/example_trigger_target_dag.py took 0.103 seconds
[2022-09-27 06:11:51,286] {processor.py:163} INFO - Started process (PID=210) to work on /usr/local/lib/python3.8/site-packages/airflow/example_dags/example_trigger_target_dag.py
[2022-09-27 06:11:51,288] {processor.py:620} INFO - Processing file /usr/local/lib/python3.8/site-packages/airflow/example_dags/example_trigger_target_dag.py for tasks to queue
[2022-09-27 06:11:51,290] {logging_mixin.py:109} INFO - [2022-09-27 06:11:51,290] {dagbag.py:500} INFO - Filling up the DagBag from /usr/local/lib/python3.8/site-packages/airflow/example_dags/example_trigger_target_dag.py
[2022-09-27 06:11:51,337] {processor.py:632} INFO - DAG(s) dict_keys(['example_trigger_target_dag']) retrieved from /usr/local/lib/python3.8/site-packages/airflow/example_dags/example_trigger_target_dag.py
[2022-09-27 06:11:51,342] {logging_mixin.py:109} WARNING - /usr/local/lib/python3.8/site-packages/airflow/models/serialized_dag.py:120 SAWarning: TypeDecorator UtcDateTime(timezone=True) will not produce a cache key because the ``cache_ok`` attribute is not set to True.  This can have significant performance implications including some performance degradations in comparison to prior SQLAlchemy versions.  Set this attribute to True if this type object's state is safe to use in a cache key, or False to disable this warning. (Background on this error at: https://sqlalche.me/e/14/cprf)
[2022-09-27 06:11:51,354] {logging_mixin.py:109} INFO - [2022-09-27 06:11:51,354] {dag.py:2389} INFO - Sync 1 DAGs
[2022-09-27 06:11:51,363] {logging_mixin.py:109} WARNING - /usr/local/lib/python3.8/site-packages/airflow/models/dag.py:2426 SAWarning: TypeDecorator UtcDateTime(timezone=True) will not produce a cache key because the ``cache_ok`` attribute is not set to True.  This can have significant performance implications including some performance degradations in comparison to prior SQLAlchemy versions.  Set this attribute to True if this type object's state is safe to use in a cache key, or False to disable this warning. (Background on this error at: https://sqlalche.me/e/14/cprf)
[2022-09-27 06:11:51,371] {logging_mixin.py:109} INFO - [2022-09-27 06:11:51,371] {dag.py:2921} INFO - Setting next_dagrun for example_trigger_target_dag to None
[2022-09-27 06:11:51,401] {processor.py:171} INFO - Processing /usr/local/lib/python3.8/site-packages/airflow/example_dags/example_trigger_target_dag.py took 0.120 seconds
