[2022-09-27 06:09:34,817] {processor.py:163} INFO - Started process (PID=73) to work on /usr/local/lib/python3.8/site-packages/airflow/example_dags/example_complex.py
[2022-09-27 06:09:34,819] {processor.py:620} INFO - Processing file /usr/local/lib/python3.8/site-packages/airflow/example_dags/example_complex.py for tasks to queue
[2022-09-27 06:09:34,820] {logging_mixin.py:109} INFO - [2022-09-27 06:09:34,820] {dagbag.py:500} INFO - Filling up the DagBag from /usr/local/lib/python3.8/site-packages/airflow/example_dags/example_complex.py
[2022-09-27 06:09:34,849] {processor.py:632} INFO - DAG(s) dict_keys(['example_complex']) retrieved from /usr/local/lib/python3.8/site-packages/airflow/example_dags/example_complex.py
[2022-09-27 06:09:34,854] {logging_mixin.py:109} WARNING - /usr/local/lib/python3.8/site-packages/airflow/models/serialized_dag.py:120 SAWarning: TypeDecorator UtcDateTime(timezone=True) will not produce a cache key because the ``cache_ok`` attribute is not set to True.  This can have significant performance implications including some performance degradations in comparison to prior SQLAlchemy versions.  Set this attribute to True if this type object's state is safe to use in a cache key, or False to disable this warning. (Background on this error at: https://sqlalche.me/e/14/cprf)
[2022-09-27 06:09:34,869] {logging_mixin.py:109} INFO - [2022-09-27 06:09:34,869] {dag.py:2389} INFO - Sync 1 DAGs
[2022-09-27 06:09:34,877] {logging_mixin.py:109} WARNING - /usr/local/lib/python3.8/site-packages/airflow/models/dag.py:2426 SAWarning: TypeDecorator UtcDateTime(timezone=True) will not produce a cache key because the ``cache_ok`` attribute is not set to True.  This can have significant performance implications including some performance degradations in comparison to prior SQLAlchemy versions.  Set this attribute to True if this type object's state is safe to use in a cache key, or False to disable this warning. (Background on this error at: https://sqlalche.me/e/14/cprf)
[2022-09-27 06:09:34,885] {logging_mixin.py:109} INFO - [2022-09-27 06:09:34,885] {dag.py:2921} INFO - Setting next_dagrun for example_complex to None
[2022-09-27 06:09:34,916] {processor.py:171} INFO - Processing /usr/local/lib/python3.8/site-packages/airflow/example_dags/example_complex.py took 0.103 seconds
[2022-09-27 06:10:15,801] {processor.py:163} INFO - Started process (PID=130) to work on /usr/local/lib/python3.8/site-packages/airflow/example_dags/example_complex.py
[2022-09-27 06:10:15,804] {processor.py:620} INFO - Processing file /usr/local/lib/python3.8/site-packages/airflow/example_dags/example_complex.py for tasks to queue
[2022-09-27 06:10:15,806] {logging_mixin.py:109} INFO - [2022-09-27 06:10:15,806] {dagbag.py:500} INFO - Filling up the DagBag from /usr/local/lib/python3.8/site-packages/airflow/example_dags/example_complex.py
[2022-09-27 06:10:15,845] {processor.py:632} INFO - DAG(s) dict_keys(['example_complex']) retrieved from /usr/local/lib/python3.8/site-packages/airflow/example_dags/example_complex.py
[2022-09-27 06:10:15,850] {logging_mixin.py:109} WARNING - /usr/local/lib/python3.8/site-packages/airflow/models/serialized_dag.py:120 SAWarning: TypeDecorator UtcDateTime(timezone=True) will not produce a cache key because the ``cache_ok`` attribute is not set to True.  This can have significant performance implications including some performance degradations in comparison to prior SQLAlchemy versions.  Set this attribute to True if this type object's state is safe to use in a cache key, or False to disable this warning. (Background on this error at: https://sqlalche.me/e/14/cprf)
[2022-09-27 06:10:15,869] {logging_mixin.py:109} INFO - [2022-09-27 06:10:15,869] {dag.py:2389} INFO - Sync 1 DAGs
[2022-09-27 06:10:15,878] {logging_mixin.py:109} WARNING - /usr/local/lib/python3.8/site-packages/airflow/models/dag.py:2426 SAWarning: TypeDecorator UtcDateTime(timezone=True) will not produce a cache key because the ``cache_ok`` attribute is not set to True.  This can have significant performance implications including some performance degradations in comparison to prior SQLAlchemy versions.  Set this attribute to True if this type object's state is safe to use in a cache key, or False to disable this warning. (Background on this error at: https://sqlalche.me/e/14/cprf)
[2022-09-27 06:10:15,891] {logging_mixin.py:109} INFO - [2022-09-27 06:10:15,890] {dag.py:2921} INFO - Setting next_dagrun for example_complex to None
[2022-09-27 06:10:15,930] {processor.py:171} INFO - Processing /usr/local/lib/python3.8/site-packages/airflow/example_dags/example_complex.py took 0.133 seconds
[2022-09-27 06:11:02,580] {processor.py:163} INFO - Started process (PID=168) to work on /usr/local/lib/python3.8/site-packages/airflow/example_dags/example_complex.py
[2022-09-27 06:11:02,582] {processor.py:620} INFO - Processing file /usr/local/lib/python3.8/site-packages/airflow/example_dags/example_complex.py for tasks to queue
[2022-09-27 06:11:02,584] {logging_mixin.py:109} INFO - [2022-09-27 06:11:02,584] {dagbag.py:500} INFO - Filling up the DagBag from /usr/local/lib/python3.8/site-packages/airflow/example_dags/example_complex.py
[2022-09-27 06:11:02,616] {processor.py:632} INFO - DAG(s) dict_keys(['example_complex']) retrieved from /usr/local/lib/python3.8/site-packages/airflow/example_dags/example_complex.py
[2022-09-27 06:11:02,620] {logging_mixin.py:109} WARNING - /usr/local/lib/python3.8/site-packages/airflow/models/serialized_dag.py:120 SAWarning: TypeDecorator UtcDateTime(timezone=True) will not produce a cache key because the ``cache_ok`` attribute is not set to True.  This can have significant performance implications including some performance degradations in comparison to prior SQLAlchemy versions.  Set this attribute to True if this type object's state is safe to use in a cache key, or False to disable this warning. (Background on this error at: https://sqlalche.me/e/14/cprf)
[2022-09-27 06:11:02,634] {logging_mixin.py:109} INFO - [2022-09-27 06:11:02,634] {dag.py:2389} INFO - Sync 1 DAGs
[2022-09-27 06:11:02,641] {logging_mixin.py:109} WARNING - /usr/local/lib/python3.8/site-packages/airflow/models/dag.py:2426 SAWarning: TypeDecorator UtcDateTime(timezone=True) will not produce a cache key because the ``cache_ok`` attribute is not set to True.  This can have significant performance implications including some performance degradations in comparison to prior SQLAlchemy versions.  Set this attribute to True if this type object's state is safe to use in a cache key, or False to disable this warning. (Background on this error at: https://sqlalche.me/e/14/cprf)
[2022-09-27 06:11:02,649] {logging_mixin.py:109} INFO - [2022-09-27 06:11:02,649] {dag.py:2921} INFO - Setting next_dagrun for example_complex to None
[2022-09-27 06:11:02,676] {processor.py:171} INFO - Processing /usr/local/lib/python3.8/site-packages/airflow/example_dags/example_complex.py took 0.100 seconds
[2022-09-27 06:11:46,106] {processor.py:163} INFO - Started process (PID=205) to work on /usr/local/lib/python3.8/site-packages/airflow/example_dags/example_complex.py
[2022-09-27 06:11:46,109] {processor.py:620} INFO - Processing file /usr/local/lib/python3.8/site-packages/airflow/example_dags/example_complex.py for tasks to queue
[2022-09-27 06:11:46,111] {logging_mixin.py:109} INFO - [2022-09-27 06:11:46,111] {dagbag.py:500} INFO - Filling up the DagBag from /usr/local/lib/python3.8/site-packages/airflow/example_dags/example_complex.py
[2022-09-27 06:11:46,142] {processor.py:632} INFO - DAG(s) dict_keys(['example_complex']) retrieved from /usr/local/lib/python3.8/site-packages/airflow/example_dags/example_complex.py
[2022-09-27 06:11:46,147] {logging_mixin.py:109} WARNING - /usr/local/lib/python3.8/site-packages/airflow/models/serialized_dag.py:120 SAWarning: TypeDecorator UtcDateTime(timezone=True) will not produce a cache key because the ``cache_ok`` attribute is not set to True.  This can have significant performance implications including some performance degradations in comparison to prior SQLAlchemy versions.  Set this attribute to True if this type object's state is safe to use in a cache key, or False to disable this warning. (Background on this error at: https://sqlalche.me/e/14/cprf)
[2022-09-27 06:11:46,165] {logging_mixin.py:109} INFO - [2022-09-27 06:11:46,165] {dag.py:2389} INFO - Sync 1 DAGs
[2022-09-27 06:11:46,173] {logging_mixin.py:109} WARNING - /usr/local/lib/python3.8/site-packages/airflow/models/dag.py:2426 SAWarning: TypeDecorator UtcDateTime(timezone=True) will not produce a cache key because the ``cache_ok`` attribute is not set to True.  This can have significant performance implications including some performance degradations in comparison to prior SQLAlchemy versions.  Set this attribute to True if this type object's state is safe to use in a cache key, or False to disable this warning. (Background on this error at: https://sqlalche.me/e/14/cprf)
[2022-09-27 06:11:46,182] {logging_mixin.py:109} INFO - [2022-09-27 06:11:46,182] {dag.py:2921} INFO - Setting next_dagrun for example_complex to None
[2022-09-27 06:11:46,210] {processor.py:171} INFO - Processing /usr/local/lib/python3.8/site-packages/airflow/example_dags/example_complex.py took 0.109 seconds
[2022-09-27 06:12:27,883] {processor.py:163} INFO - Started process (PID=241) to work on /usr/local/lib/python3.8/site-packages/airflow/example_dags/example_complex.py
[2022-09-27 06:12:27,886] {processor.py:620} INFO - Processing file /usr/local/lib/python3.8/site-packages/airflow/example_dags/example_complex.py for tasks to queue
[2022-09-27 06:12:27,888] {logging_mixin.py:109} INFO - [2022-09-27 06:12:27,888] {dagbag.py:500} INFO - Filling up the DagBag from /usr/local/lib/python3.8/site-packages/airflow/example_dags/example_complex.py
[2022-09-27 06:12:27,923] {processor.py:632} INFO - DAG(s) dict_keys(['example_complex']) retrieved from /usr/local/lib/python3.8/site-packages/airflow/example_dags/example_complex.py
[2022-09-27 06:12:27,927] {logging_mixin.py:109} WARNING - /usr/local/lib/python3.8/site-packages/airflow/models/serialized_dag.py:120 SAWarning: TypeDecorator UtcDateTime(timezone=True) will not produce a cache key because the ``cache_ok`` attribute is not set to True.  This can have significant performance implications including some performance degradations in comparison to prior SQLAlchemy versions.  Set this attribute to True if this type object's state is safe to use in a cache key, or False to disable this warning. (Background on this error at: https://sqlalche.me/e/14/cprf)
[2022-09-27 06:12:27,945] {logging_mixin.py:109} INFO - [2022-09-27 06:12:27,945] {dag.py:2389} INFO - Sync 1 DAGs
[2022-09-27 06:12:27,953] {logging_mixin.py:109} WARNING - /usr/local/lib/python3.8/site-packages/airflow/models/dag.py:2426 SAWarning: TypeDecorator UtcDateTime(timezone=True) will not produce a cache key because the ``cache_ok`` attribute is not set to True.  This can have significant performance implications including some performance degradations in comparison to prior SQLAlchemy versions.  Set this attribute to True if this type object's state is safe to use in a cache key, or False to disable this warning. (Background on this error at: https://sqlalche.me/e/14/cprf)
[2022-09-27 06:12:27,960] {logging_mixin.py:109} INFO - [2022-09-27 06:12:27,960] {dag.py:2921} INFO - Setting next_dagrun for example_complex to None
[2022-09-27 06:12:27,988] {processor.py:171} INFO - Processing /usr/local/lib/python3.8/site-packages/airflow/example_dags/example_complex.py took 0.110 seconds
