[2022-09-27 06:09:13,857] {processor.py:163} INFO - Started process (PID=56) to work on /usr/local/lib/python3.8/site-packages/airflow/example_dags/example_task_group_decorator.py
[2022-09-27 06:09:13,858] {processor.py:620} INFO - Processing file /usr/local/lib/python3.8/site-packages/airflow/example_dags/example_task_group_decorator.py for tasks to queue
[2022-09-27 06:09:13,860] {logging_mixin.py:109} INFO - [2022-09-27 06:09:13,860] {dagbag.py:500} INFO - Filling up the DagBag from /usr/local/lib/python3.8/site-packages/airflow/example_dags/example_task_group_decorator.py
[2022-09-27 06:09:13,891] {processor.py:632} INFO - DAG(s) dict_keys(['example_task_group_decorator']) retrieved from /usr/local/lib/python3.8/site-packages/airflow/example_dags/example_task_group_decorator.py
[2022-09-27 06:09:13,895] {logging_mixin.py:109} WARNING - /usr/local/lib/python3.8/site-packages/airflow/models/serialized_dag.py:120 SAWarning: TypeDecorator UtcDateTime(timezone=True) will not produce a cache key because the ``cache_ok`` attribute is not set to True.  This can have significant performance implications including some performance degradations in comparison to prior SQLAlchemy versions.  Set this attribute to True if this type object's state is safe to use in a cache key, or False to disable this warning. (Background on this error at: https://sqlalche.me/e/14/cprf)
[2022-09-27 06:09:14,041] {logging_mixin.py:109} INFO - [2022-09-27 06:09:14,041] {dag.py:2389} INFO - Sync 1 DAGs
[2022-09-27 06:09:14,047] {logging_mixin.py:109} WARNING - /usr/local/lib/python3.8/site-packages/airflow/models/dag.py:2426 SAWarning: TypeDecorator UtcDateTime(timezone=True) will not produce a cache key because the ``cache_ok`` attribute is not set to True.  This can have significant performance implications including some performance degradations in comparison to prior SQLAlchemy versions.  Set this attribute to True if this type object's state is safe to use in a cache key, or False to disable this warning. (Background on this error at: https://sqlalche.me/e/14/cprf)
[2022-09-27 06:09:14,054] {logging_mixin.py:109} INFO - [2022-09-27 06:09:14,054] {dag.py:2921} INFO - Setting next_dagrun for example_task_group_decorator to 2022-09-26T06:09:14.054754+00:00
[2022-09-27 06:09:14,098] {processor.py:171} INFO - Processing /usr/local/lib/python3.8/site-packages/airflow/example_dags/example_task_group_decorator.py took 0.246 seconds
[2022-09-27 06:09:54,345] {processor.py:163} INFO - Started process (PID=90) to work on /usr/local/lib/python3.8/site-packages/airflow/example_dags/example_task_group_decorator.py
[2022-09-27 06:09:54,348] {processor.py:620} INFO - Processing file /usr/local/lib/python3.8/site-packages/airflow/example_dags/example_task_group_decorator.py for tasks to queue
[2022-09-27 06:09:54,350] {logging_mixin.py:109} INFO - [2022-09-27 06:09:54,350] {dagbag.py:500} INFO - Filling up the DagBag from /usr/local/lib/python3.8/site-packages/airflow/example_dags/example_task_group_decorator.py
[2022-09-27 06:09:54,383] {processor.py:632} INFO - DAG(s) dict_keys(['example_task_group_decorator']) retrieved from /usr/local/lib/python3.8/site-packages/airflow/example_dags/example_task_group_decorator.py
[2022-09-27 06:09:54,388] {logging_mixin.py:109} WARNING - /usr/local/lib/python3.8/site-packages/airflow/models/serialized_dag.py:120 SAWarning: TypeDecorator UtcDateTime(timezone=True) will not produce a cache key because the ``cache_ok`` attribute is not set to True.  This can have significant performance implications including some performance degradations in comparison to prior SQLAlchemy versions.  Set this attribute to True if this type object's state is safe to use in a cache key, or False to disable this warning. (Background on this error at: https://sqlalche.me/e/14/cprf)
[2022-09-27 06:09:54,538] {logging_mixin.py:109} INFO - [2022-09-27 06:09:54,538] {dag.py:2389} INFO - Sync 1 DAGs
[2022-09-27 06:09:54,545] {logging_mixin.py:109} WARNING - /usr/local/lib/python3.8/site-packages/airflow/models/dag.py:2426 SAWarning: TypeDecorator UtcDateTime(timezone=True) will not produce a cache key because the ``cache_ok`` attribute is not set to True.  This can have significant performance implications including some performance degradations in comparison to prior SQLAlchemy versions.  Set this attribute to True if this type object's state is safe to use in a cache key, or False to disable this warning. (Background on this error at: https://sqlalche.me/e/14/cprf)
[2022-09-27 06:09:54,554] {logging_mixin.py:109} INFO - [2022-09-27 06:09:54,554] {dag.py:2921} INFO - Setting next_dagrun for example_task_group_decorator to 2022-09-26T06:09:54.554353+00:00
[2022-09-27 06:09:54,593] {processor.py:171} INFO - Processing /usr/local/lib/python3.8/site-packages/airflow/example_dags/example_task_group_decorator.py took 0.253 seconds
[2022-09-27 06:10:35,254] {processor.py:163} INFO - Started process (PID=146) to work on /usr/local/lib/python3.8/site-packages/airflow/example_dags/example_task_group_decorator.py
[2022-09-27 06:10:35,256] {processor.py:620} INFO - Processing file /usr/local/lib/python3.8/site-packages/airflow/example_dags/example_task_group_decorator.py for tasks to queue
[2022-09-27 06:10:35,258] {logging_mixin.py:109} INFO - [2022-09-27 06:10:35,258] {dagbag.py:500} INFO - Filling up the DagBag from /usr/local/lib/python3.8/site-packages/airflow/example_dags/example_task_group_decorator.py
[2022-09-27 06:10:35,287] {processor.py:632} INFO - DAG(s) dict_keys(['example_task_group_decorator']) retrieved from /usr/local/lib/python3.8/site-packages/airflow/example_dags/example_task_group_decorator.py
[2022-09-27 06:10:35,291] {logging_mixin.py:109} WARNING - /usr/local/lib/python3.8/site-packages/airflow/models/serialized_dag.py:120 SAWarning: TypeDecorator UtcDateTime(timezone=True) will not produce a cache key because the ``cache_ok`` attribute is not set to True.  This can have significant performance implications including some performance degradations in comparison to prior SQLAlchemy versions.  Set this attribute to True if this type object's state is safe to use in a cache key, or False to disable this warning. (Background on this error at: https://sqlalche.me/e/14/cprf)
[2022-09-27 06:10:35,432] {logging_mixin.py:109} INFO - [2022-09-27 06:10:35,432] {dag.py:2389} INFO - Sync 1 DAGs
[2022-09-27 06:10:35,439] {logging_mixin.py:109} WARNING - /usr/local/lib/python3.8/site-packages/airflow/models/dag.py:2426 SAWarning: TypeDecorator UtcDateTime(timezone=True) will not produce a cache key because the ``cache_ok`` attribute is not set to True.  This can have significant performance implications including some performance degradations in comparison to prior SQLAlchemy versions.  Set this attribute to True if this type object's state is safe to use in a cache key, or False to disable this warning. (Background on this error at: https://sqlalche.me/e/14/cprf)
[2022-09-27 06:10:35,446] {logging_mixin.py:109} INFO - [2022-09-27 06:10:35,445] {dag.py:2921} INFO - Setting next_dagrun for example_task_group_decorator to 2022-09-26T06:10:35.445881+00:00
[2022-09-27 06:10:35,481] {processor.py:171} INFO - Processing /usr/local/lib/python3.8/site-packages/airflow/example_dags/example_task_group_decorator.py took 0.231 seconds
[2022-09-27 06:11:16,812] {processor.py:163} INFO - Started process (PID=181) to work on /usr/local/lib/python3.8/site-packages/airflow/example_dags/example_task_group_decorator.py
[2022-09-27 06:11:16,814] {processor.py:620} INFO - Processing file /usr/local/lib/python3.8/site-packages/airflow/example_dags/example_task_group_decorator.py for tasks to queue
[2022-09-27 06:11:16,815] {logging_mixin.py:109} INFO - [2022-09-27 06:11:16,814] {dagbag.py:500} INFO - Filling up the DagBag from /usr/local/lib/python3.8/site-packages/airflow/example_dags/example_task_group_decorator.py
[2022-09-27 06:11:16,835] {processor.py:632} INFO - DAG(s) dict_keys(['example_task_group_decorator']) retrieved from /usr/local/lib/python3.8/site-packages/airflow/example_dags/example_task_group_decorator.py
[2022-09-27 06:11:16,838] {logging_mixin.py:109} WARNING - /usr/local/lib/python3.8/site-packages/airflow/models/serialized_dag.py:120 SAWarning: TypeDecorator UtcDateTime(timezone=True) will not produce a cache key because the ``cache_ok`` attribute is not set to True.  This can have significant performance implications including some performance degradations in comparison to prior SQLAlchemy versions.  Set this attribute to True if this type object's state is safe to use in a cache key, or False to disable this warning. (Background on this error at: https://sqlalche.me/e/14/cprf)
[2022-09-27 06:11:17,010] {logging_mixin.py:109} INFO - [2022-09-27 06:11:17,010] {dag.py:2389} INFO - Sync 1 DAGs
[2022-09-27 06:11:17,017] {logging_mixin.py:109} WARNING - /usr/local/lib/python3.8/site-packages/airflow/models/dag.py:2426 SAWarning: TypeDecorator UtcDateTime(timezone=True) will not produce a cache key because the ``cache_ok`` attribute is not set to True.  This can have significant performance implications including some performance degradations in comparison to prior SQLAlchemy versions.  Set this attribute to True if this type object's state is safe to use in a cache key, or False to disable this warning. (Background on this error at: https://sqlalche.me/e/14/cprf)
[2022-09-27 06:11:17,026] {logging_mixin.py:109} INFO - [2022-09-27 06:11:17,025] {dag.py:2921} INFO - Setting next_dagrun for example_task_group_decorator to 2022-09-26T06:11:17.025827+00:00
[2022-09-27 06:11:17,065] {processor.py:171} INFO - Processing /usr/local/lib/python3.8/site-packages/airflow/example_dags/example_task_group_decorator.py took 0.255 seconds
[2022-09-27 06:11:57,698] {processor.py:163} INFO - Started process (PID=215) to work on /usr/local/lib/python3.8/site-packages/airflow/example_dags/example_task_group_decorator.py
[2022-09-27 06:11:57,699] {processor.py:620} INFO - Processing file /usr/local/lib/python3.8/site-packages/airflow/example_dags/example_task_group_decorator.py for tasks to queue
[2022-09-27 06:11:57,701] {logging_mixin.py:109} INFO - [2022-09-27 06:11:57,701] {dagbag.py:500} INFO - Filling up the DagBag from /usr/local/lib/python3.8/site-packages/airflow/example_dags/example_task_group_decorator.py
[2022-09-27 06:11:57,726] {processor.py:632} INFO - DAG(s) dict_keys(['example_task_group_decorator']) retrieved from /usr/local/lib/python3.8/site-packages/airflow/example_dags/example_task_group_decorator.py
[2022-09-27 06:11:57,730] {logging_mixin.py:109} WARNING - /usr/local/lib/python3.8/site-packages/airflow/models/serialized_dag.py:120 SAWarning: TypeDecorator UtcDateTime(timezone=True) will not produce a cache key because the ``cache_ok`` attribute is not set to True.  This can have significant performance implications including some performance degradations in comparison to prior SQLAlchemy versions.  Set this attribute to True if this type object's state is safe to use in a cache key, or False to disable this warning. (Background on this error at: https://sqlalche.me/e/14/cprf)
[2022-09-27 06:11:57,881] {logging_mixin.py:109} INFO - [2022-09-27 06:11:57,880] {dag.py:2389} INFO - Sync 1 DAGs
[2022-09-27 06:11:57,888] {logging_mixin.py:109} WARNING - /usr/local/lib/python3.8/site-packages/airflow/models/dag.py:2426 SAWarning: TypeDecorator UtcDateTime(timezone=True) will not produce a cache key because the ``cache_ok`` attribute is not set to True.  This can have significant performance implications including some performance degradations in comparison to prior SQLAlchemy versions.  Set this attribute to True if this type object's state is safe to use in a cache key, or False to disable this warning. (Background on this error at: https://sqlalche.me/e/14/cprf)
[2022-09-27 06:11:57,895] {logging_mixin.py:109} INFO - [2022-09-27 06:11:57,895] {dag.py:2921} INFO - Setting next_dagrun for example_task_group_decorator to 2022-09-26T06:11:57.895086+00:00
[2022-09-27 06:11:57,931] {processor.py:171} INFO - Processing /usr/local/lib/python3.8/site-packages/airflow/example_dags/example_task_group_decorator.py took 0.235 seconds
