[2022-09-27 06:09:27,079] {processor.py:163} INFO - Started process (PID=67) to work on /usr/local/lib/python3.8/site-packages/airflow/example_dags/example_bash_operator.py
[2022-09-27 06:09:27,080] {processor.py:620} INFO - Processing file /usr/local/lib/python3.8/site-packages/airflow/example_dags/example_bash_operator.py for tasks to queue
[2022-09-27 06:09:27,081] {logging_mixin.py:109} INFO - [2022-09-27 06:09:27,081] {dagbag.py:500} INFO - Filling up the DagBag from /usr/local/lib/python3.8/site-packages/airflow/example_dags/example_bash_operator.py
[2022-09-27 06:09:27,102] {processor.py:632} INFO - DAG(s) dict_keys(['example_bash_operator']) retrieved from /usr/local/lib/python3.8/site-packages/airflow/example_dags/example_bash_operator.py
[2022-09-27 06:09:27,106] {logging_mixin.py:109} WARNING - /usr/local/lib/python3.8/site-packages/airflow/models/serialized_dag.py:120 SAWarning: TypeDecorator UtcDateTime(timezone=True) will not produce a cache key because the ``cache_ok`` attribute is not set to True.  This can have significant performance implications including some performance degradations in comparison to prior SQLAlchemy versions.  Set this attribute to True if this type object's state is safe to use in a cache key, or False to disable this warning. (Background on this error at: https://sqlalche.me/e/14/cprf)
[2022-09-27 06:09:27,116] {logging_mixin.py:109} INFO - [2022-09-27 06:09:27,116] {dag.py:2389} INFO - Sync 1 DAGs
[2022-09-27 06:09:27,124] {logging_mixin.py:109} WARNING - /usr/local/lib/python3.8/site-packages/airflow/models/dag.py:2426 SAWarning: TypeDecorator UtcDateTime(timezone=True) will not produce a cache key because the ``cache_ok`` attribute is not set to True.  This can have significant performance implications including some performance degradations in comparison to prior SQLAlchemy versions.  Set this attribute to True if this type object's state is safe to use in a cache key, or False to disable this warning. (Background on this error at: https://sqlalche.me/e/14/cprf)
[2022-09-27 06:09:27,132] {logging_mixin.py:109} INFO - [2022-09-27 06:09:27,132] {dag.py:2921} INFO - Setting next_dagrun for example_bash_operator to 2022-09-26 00:00:00+00:00
[2022-09-27 06:09:27,166] {processor.py:171} INFO - Processing /usr/local/lib/python3.8/site-packages/airflow/example_dags/example_bash_operator.py took 0.089 seconds
[2022-09-27 06:10:08,589] {processor.py:163} INFO - Started process (PID=121) to work on /usr/local/lib/python3.8/site-packages/airflow/example_dags/example_bash_operator.py
[2022-09-27 06:10:08,593] {processor.py:620} INFO - Processing file /usr/local/lib/python3.8/site-packages/airflow/example_dags/example_bash_operator.py for tasks to queue
[2022-09-27 06:10:08,597] {logging_mixin.py:109} INFO - [2022-09-27 06:10:08,597] {dagbag.py:500} INFO - Filling up the DagBag from /usr/local/lib/python3.8/site-packages/airflow/example_dags/example_bash_operator.py
[2022-09-27 06:10:08,636] {processor.py:632} INFO - DAG(s) dict_keys(['example_bash_operator']) retrieved from /usr/local/lib/python3.8/site-packages/airflow/example_dags/example_bash_operator.py
[2022-09-27 06:10:08,640] {logging_mixin.py:109} WARNING - /usr/local/lib/python3.8/site-packages/airflow/models/serialized_dag.py:120 SAWarning: TypeDecorator UtcDateTime(timezone=True) will not produce a cache key because the ``cache_ok`` attribute is not set to True.  This can have significant performance implications including some performance degradations in comparison to prior SQLAlchemy versions.  Set this attribute to True if this type object's state is safe to use in a cache key, or False to disable this warning. (Background on this error at: https://sqlalche.me/e/14/cprf)
[2022-09-27 06:10:08,657] {logging_mixin.py:109} INFO - [2022-09-27 06:10:08,657] {dag.py:2389} INFO - Sync 1 DAGs
[2022-09-27 06:10:08,672] {logging_mixin.py:109} WARNING - /usr/local/lib/python3.8/site-packages/airflow/models/dag.py:2426 SAWarning: TypeDecorator UtcDateTime(timezone=True) will not produce a cache key because the ``cache_ok`` attribute is not set to True.  This can have significant performance implications including some performance degradations in comparison to prior SQLAlchemy versions.  Set this attribute to True if this type object's state is safe to use in a cache key, or False to disable this warning. (Background on this error at: https://sqlalche.me/e/14/cprf)
[2022-09-27 06:10:08,683] {logging_mixin.py:109} INFO - [2022-09-27 06:10:08,683] {dag.py:2921} INFO - Setting next_dagrun for example_bash_operator to 2022-09-26 00:00:00+00:00
[2022-09-27 06:10:08,721] {processor.py:171} INFO - Processing /usr/local/lib/python3.8/site-packages/airflow/example_dags/example_bash_operator.py took 0.134 seconds
[2022-09-27 06:10:49,537] {processor.py:163} INFO - Started process (PID=158) to work on /usr/local/lib/python3.8/site-packages/airflow/example_dags/example_bash_operator.py
[2022-09-27 06:10:49,539] {processor.py:620} INFO - Processing file /usr/local/lib/python3.8/site-packages/airflow/example_dags/example_bash_operator.py for tasks to queue
[2022-09-27 06:10:49,541] {logging_mixin.py:109} INFO - [2022-09-27 06:10:49,540] {dagbag.py:500} INFO - Filling up the DagBag from /usr/local/lib/python3.8/site-packages/airflow/example_dags/example_bash_operator.py
[2022-09-27 06:10:49,571] {processor.py:632} INFO - DAG(s) dict_keys(['example_bash_operator']) retrieved from /usr/local/lib/python3.8/site-packages/airflow/example_dags/example_bash_operator.py
[2022-09-27 06:10:49,575] {logging_mixin.py:109} WARNING - /usr/local/lib/python3.8/site-packages/airflow/models/serialized_dag.py:120 SAWarning: TypeDecorator UtcDateTime(timezone=True) will not produce a cache key because the ``cache_ok`` attribute is not set to True.  This can have significant performance implications including some performance degradations in comparison to prior SQLAlchemy versions.  Set this attribute to True if this type object's state is safe to use in a cache key, or False to disable this warning. (Background on this error at: https://sqlalche.me/e/14/cprf)
[2022-09-27 06:10:49,587] {logging_mixin.py:109} INFO - [2022-09-27 06:10:49,587] {dag.py:2389} INFO - Sync 1 DAGs
[2022-09-27 06:10:49,594] {logging_mixin.py:109} WARNING - /usr/local/lib/python3.8/site-packages/airflow/models/dag.py:2426 SAWarning: TypeDecorator UtcDateTime(timezone=True) will not produce a cache key because the ``cache_ok`` attribute is not set to True.  This can have significant performance implications including some performance degradations in comparison to prior SQLAlchemy versions.  Set this attribute to True if this type object's state is safe to use in a cache key, or False to disable this warning. (Background on this error at: https://sqlalche.me/e/14/cprf)
[2022-09-27 06:10:49,602] {logging_mixin.py:109} INFO - [2022-09-27 06:10:49,602] {dag.py:2921} INFO - Setting next_dagrun for example_bash_operator to 2022-09-26 00:00:00+00:00
[2022-09-27 06:10:49,631] {processor.py:171} INFO - Processing /usr/local/lib/python3.8/site-packages/airflow/example_dags/example_bash_operator.py took 0.099 seconds
[2022-09-27 06:11:34,290] {processor.py:163} INFO - Started process (PID=195) to work on /usr/local/lib/python3.8/site-packages/airflow/example_dags/example_bash_operator.py
[2022-09-27 06:11:34,291] {processor.py:620} INFO - Processing file /usr/local/lib/python3.8/site-packages/airflow/example_dags/example_bash_operator.py for tasks to queue
[2022-09-27 06:11:34,292] {logging_mixin.py:109} INFO - [2022-09-27 06:11:34,292] {dagbag.py:500} INFO - Filling up the DagBag from /usr/local/lib/python3.8/site-packages/airflow/example_dags/example_bash_operator.py
[2022-09-27 06:11:34,317] {processor.py:632} INFO - DAG(s) dict_keys(['example_bash_operator']) retrieved from /usr/local/lib/python3.8/site-packages/airflow/example_dags/example_bash_operator.py
[2022-09-27 06:11:34,322] {logging_mixin.py:109} WARNING - /usr/local/lib/python3.8/site-packages/airflow/models/serialized_dag.py:120 SAWarning: TypeDecorator UtcDateTime(timezone=True) will not produce a cache key because the ``cache_ok`` attribute is not set to True.  This can have significant performance implications including some performance degradations in comparison to prior SQLAlchemy versions.  Set this attribute to True if this type object's state is safe to use in a cache key, or False to disable this warning. (Background on this error at: https://sqlalche.me/e/14/cprf)
[2022-09-27 06:11:34,336] {logging_mixin.py:109} INFO - [2022-09-27 06:11:34,336] {dag.py:2389} INFO - Sync 1 DAGs
[2022-09-27 06:11:34,345] {logging_mixin.py:109} WARNING - /usr/local/lib/python3.8/site-packages/airflow/models/dag.py:2426 SAWarning: TypeDecorator UtcDateTime(timezone=True) will not produce a cache key because the ``cache_ok`` attribute is not set to True.  This can have significant performance implications including some performance degradations in comparison to prior SQLAlchemy versions.  Set this attribute to True if this type object's state is safe to use in a cache key, or False to disable this warning. (Background on this error at: https://sqlalche.me/e/14/cprf)
[2022-09-27 06:11:34,357] {logging_mixin.py:109} INFO - [2022-09-27 06:11:34,356] {dag.py:2921} INFO - Setting next_dagrun for example_bash_operator to 2022-09-26 00:00:00+00:00
[2022-09-27 06:11:34,395] {processor.py:171} INFO - Processing /usr/local/lib/python3.8/site-packages/airflow/example_dags/example_bash_operator.py took 0.107 seconds
[2022-09-27 06:12:16,199] {processor.py:163} INFO - Started process (PID=231) to work on /usr/local/lib/python3.8/site-packages/airflow/example_dags/example_bash_operator.py
[2022-09-27 06:12:16,201] {processor.py:620} INFO - Processing file /usr/local/lib/python3.8/site-packages/airflow/example_dags/example_bash_operator.py for tasks to queue
[2022-09-27 06:12:16,203] {logging_mixin.py:109} INFO - [2022-09-27 06:12:16,202] {dagbag.py:500} INFO - Filling up the DagBag from /usr/local/lib/python3.8/site-packages/airflow/example_dags/example_bash_operator.py
[2022-09-27 06:12:16,235] {processor.py:632} INFO - DAG(s) dict_keys(['example_bash_operator']) retrieved from /usr/local/lib/python3.8/site-packages/airflow/example_dags/example_bash_operator.py
[2022-09-27 06:12:16,239] {logging_mixin.py:109} WARNING - /usr/local/lib/python3.8/site-packages/airflow/models/serialized_dag.py:120 SAWarning: TypeDecorator UtcDateTime(timezone=True) will not produce a cache key because the ``cache_ok`` attribute is not set to True.  This can have significant performance implications including some performance degradations in comparison to prior SQLAlchemy versions.  Set this attribute to True if this type object's state is safe to use in a cache key, or False to disable this warning. (Background on this error at: https://sqlalche.me/e/14/cprf)
[2022-09-27 06:12:16,251] {logging_mixin.py:109} INFO - [2022-09-27 06:12:16,251] {dag.py:2389} INFO - Sync 1 DAGs
[2022-09-27 06:12:16,259] {logging_mixin.py:109} WARNING - /usr/local/lib/python3.8/site-packages/airflow/models/dag.py:2426 SAWarning: TypeDecorator UtcDateTime(timezone=True) will not produce a cache key because the ``cache_ok`` attribute is not set to True.  This can have significant performance implications including some performance degradations in comparison to prior SQLAlchemy versions.  Set this attribute to True if this type object's state is safe to use in a cache key, or False to disable this warning. (Background on this error at: https://sqlalche.me/e/14/cprf)
[2022-09-27 06:12:16,270] {logging_mixin.py:109} INFO - [2022-09-27 06:12:16,270] {dag.py:2921} INFO - Setting next_dagrun for example_bash_operator to 2022-09-26 00:00:00+00:00
[2022-09-27 06:12:16,301] {processor.py:171} INFO - Processing /usr/local/lib/python3.8/site-packages/airflow/example_dags/example_bash_operator.py took 0.107 seconds
