[2022-09-27 06:09:03,336] {processor.py:163} INFO - Started process (PID=46) to work on /usr/local/lib/python3.8/site-packages/airflow/example_dags/tutorial_etl_dag.py
[2022-09-27 06:09:03,338] {processor.py:620} INFO - Processing file /usr/local/lib/python3.8/site-packages/airflow/example_dags/tutorial_etl_dag.py for tasks to queue
[2022-09-27 06:09:03,339] {logging_mixin.py:109} INFO - [2022-09-27 06:09:03,339] {dagbag.py:500} INFO - Filling up the DagBag from /usr/local/lib/python3.8/site-packages/airflow/example_dags/tutorial_etl_dag.py
[2022-09-27 06:09:03,366] {processor.py:632} INFO - DAG(s) dict_keys(['tutorial_etl_dag']) retrieved from /usr/local/lib/python3.8/site-packages/airflow/example_dags/tutorial_etl_dag.py
[2022-09-27 06:09:03,370] {logging_mixin.py:109} WARNING - /usr/local/lib/python3.8/site-packages/airflow/models/serialized_dag.py:120 SAWarning: TypeDecorator UtcDateTime(timezone=True) will not produce a cache key because the ``cache_ok`` attribute is not set to True.  This can have significant performance implications including some performance degradations in comparison to prior SQLAlchemy versions.  Set this attribute to True if this type object's state is safe to use in a cache key, or False to disable this warning. (Background on this error at: https://sqlalche.me/e/14/cprf)
[2022-09-27 06:09:03,381] {logging_mixin.py:109} INFO - [2022-09-27 06:09:03,381] {dag.py:2389} INFO - Sync 1 DAGs
[2022-09-27 06:09:03,389] {logging_mixin.py:109} WARNING - /usr/local/lib/python3.8/site-packages/airflow/models/dag.py:2426 SAWarning: TypeDecorator UtcDateTime(timezone=True) will not produce a cache key because the ``cache_ok`` attribute is not set to True.  This can have significant performance implications including some performance degradations in comparison to prior SQLAlchemy versions.  Set this attribute to True if this type object's state is safe to use in a cache key, or False to disable this warning. (Background on this error at: https://sqlalche.me/e/14/cprf)
[2022-09-27 06:09:03,397] {logging_mixin.py:109} INFO - [2022-09-27 06:09:03,397] {dag.py:2921} INFO - Setting next_dagrun for tutorial_etl_dag to None
[2022-09-27 06:09:03,432] {processor.py:171} INFO - Processing /usr/local/lib/python3.8/site-packages/airflow/example_dags/tutorial_etl_dag.py took 0.100 seconds
[2022-09-27 06:09:42,764] {processor.py:163} INFO - Started process (PID=80) to work on /usr/local/lib/python3.8/site-packages/airflow/example_dags/tutorial_etl_dag.py
[2022-09-27 06:09:42,765] {processor.py:620} INFO - Processing file /usr/local/lib/python3.8/site-packages/airflow/example_dags/tutorial_etl_dag.py for tasks to queue
[2022-09-27 06:09:42,765] {logging_mixin.py:109} INFO - [2022-09-27 06:09:42,765] {dagbag.py:500} INFO - Filling up the DagBag from /usr/local/lib/python3.8/site-packages/airflow/example_dags/tutorial_etl_dag.py
[2022-09-27 06:09:42,780] {processor.py:632} INFO - DAG(s) dict_keys(['tutorial_etl_dag']) retrieved from /usr/local/lib/python3.8/site-packages/airflow/example_dags/tutorial_etl_dag.py
[2022-09-27 06:09:42,783] {logging_mixin.py:109} WARNING - /usr/local/lib/python3.8/site-packages/airflow/models/serialized_dag.py:120 SAWarning: TypeDecorator UtcDateTime(timezone=True) will not produce a cache key because the ``cache_ok`` attribute is not set to True.  This can have significant performance implications including some performance degradations in comparison to prior SQLAlchemy versions.  Set this attribute to True if this type object's state is safe to use in a cache key, or False to disable this warning. (Background on this error at: https://sqlalche.me/e/14/cprf)
[2022-09-27 06:09:42,793] {logging_mixin.py:109} INFO - [2022-09-27 06:09:42,793] {dag.py:2389} INFO - Sync 1 DAGs
[2022-09-27 06:09:42,800] {logging_mixin.py:109} WARNING - /usr/local/lib/python3.8/site-packages/airflow/models/dag.py:2426 SAWarning: TypeDecorator UtcDateTime(timezone=True) will not produce a cache key because the ``cache_ok`` attribute is not set to True.  This can have significant performance implications including some performance degradations in comparison to prior SQLAlchemy versions.  Set this attribute to True if this type object's state is safe to use in a cache key, or False to disable this warning. (Background on this error at: https://sqlalche.me/e/14/cprf)
[2022-09-27 06:09:42,808] {logging_mixin.py:109} INFO - [2022-09-27 06:09:42,808] {dag.py:2921} INFO - Setting next_dagrun for tutorial_etl_dag to None
[2022-09-27 06:09:42,839] {processor.py:171} INFO - Processing /usr/local/lib/python3.8/site-packages/airflow/example_dags/tutorial_etl_dag.py took 0.076 seconds
[2022-09-27 06:10:23,599] {processor.py:163} INFO - Started process (PID=136) to work on /usr/local/lib/python3.8/site-packages/airflow/example_dags/tutorial_etl_dag.py
[2022-09-27 06:10:23,601] {processor.py:620} INFO - Processing file /usr/local/lib/python3.8/site-packages/airflow/example_dags/tutorial_etl_dag.py for tasks to queue
[2022-09-27 06:10:23,603] {logging_mixin.py:109} INFO - [2022-09-27 06:10:23,603] {dagbag.py:500} INFO - Filling up the DagBag from /usr/local/lib/python3.8/site-packages/airflow/example_dags/tutorial_etl_dag.py
[2022-09-27 06:10:23,632] {processor.py:632} INFO - DAG(s) dict_keys(['tutorial_etl_dag']) retrieved from /usr/local/lib/python3.8/site-packages/airflow/example_dags/tutorial_etl_dag.py
[2022-09-27 06:10:23,637] {logging_mixin.py:109} WARNING - /usr/local/lib/python3.8/site-packages/airflow/models/serialized_dag.py:120 SAWarning: TypeDecorator UtcDateTime(timezone=True) will not produce a cache key because the ``cache_ok`` attribute is not set to True.  This can have significant performance implications including some performance degradations in comparison to prior SQLAlchemy versions.  Set this attribute to True if this type object's state is safe to use in a cache key, or False to disable this warning. (Background on this error at: https://sqlalche.me/e/14/cprf)
[2022-09-27 06:10:23,647] {logging_mixin.py:109} INFO - [2022-09-27 06:10:23,647] {dag.py:2389} INFO - Sync 1 DAGs
[2022-09-27 06:10:23,655] {logging_mixin.py:109} WARNING - /usr/local/lib/python3.8/site-packages/airflow/models/dag.py:2426 SAWarning: TypeDecorator UtcDateTime(timezone=True) will not produce a cache key because the ``cache_ok`` attribute is not set to True.  This can have significant performance implications including some performance degradations in comparison to prior SQLAlchemy versions.  Set this attribute to True if this type object's state is safe to use in a cache key, or False to disable this warning. (Background on this error at: https://sqlalche.me/e/14/cprf)
[2022-09-27 06:10:23,662] {logging_mixin.py:109} INFO - [2022-09-27 06:10:23,662] {dag.py:2921} INFO - Setting next_dagrun for tutorial_etl_dag to None
[2022-09-27 06:10:23,695] {processor.py:171} INFO - Processing /usr/local/lib/python3.8/site-packages/airflow/example_dags/tutorial_etl_dag.py took 0.100 seconds
[2022-09-27 06:11:05,128] {processor.py:163} INFO - Started process (PID=170) to work on /usr/local/lib/python3.8/site-packages/airflow/example_dags/tutorial_etl_dag.py
[2022-09-27 06:11:05,131] {processor.py:620} INFO - Processing file /usr/local/lib/python3.8/site-packages/airflow/example_dags/tutorial_etl_dag.py for tasks to queue
[2022-09-27 06:11:05,133] {logging_mixin.py:109} INFO - [2022-09-27 06:11:05,133] {dagbag.py:500} INFO - Filling up the DagBag from /usr/local/lib/python3.8/site-packages/airflow/example_dags/tutorial_etl_dag.py
[2022-09-27 06:11:05,161] {processor.py:632} INFO - DAG(s) dict_keys(['tutorial_etl_dag']) retrieved from /usr/local/lib/python3.8/site-packages/airflow/example_dags/tutorial_etl_dag.py
[2022-09-27 06:11:05,166] {logging_mixin.py:109} WARNING - /usr/local/lib/python3.8/site-packages/airflow/models/serialized_dag.py:120 SAWarning: TypeDecorator UtcDateTime(timezone=True) will not produce a cache key because the ``cache_ok`` attribute is not set to True.  This can have significant performance implications including some performance degradations in comparison to prior SQLAlchemy versions.  Set this attribute to True if this type object's state is safe to use in a cache key, or False to disable this warning. (Background on this error at: https://sqlalche.me/e/14/cprf)
[2022-09-27 06:11:05,179] {logging_mixin.py:109} INFO - [2022-09-27 06:11:05,179] {dag.py:2389} INFO - Sync 1 DAGs
[2022-09-27 06:11:05,187] {logging_mixin.py:109} WARNING - /usr/local/lib/python3.8/site-packages/airflow/models/dag.py:2426 SAWarning: TypeDecorator UtcDateTime(timezone=True) will not produce a cache key because the ``cache_ok`` attribute is not set to True.  This can have significant performance implications including some performance degradations in comparison to prior SQLAlchemy versions.  Set this attribute to True if this type object's state is safe to use in a cache key, or False to disable this warning. (Background on this error at: https://sqlalche.me/e/14/cprf)
[2022-09-27 06:11:05,195] {logging_mixin.py:109} INFO - [2022-09-27 06:11:05,195] {dag.py:2921} INFO - Setting next_dagrun for tutorial_etl_dag to None
[2022-09-27 06:11:05,227] {processor.py:171} INFO - Processing /usr/local/lib/python3.8/site-packages/airflow/example_dags/tutorial_etl_dag.py took 0.104 seconds
[2022-09-27 06:11:39,526] {processor.py:163} INFO - Started process (PID=199) to work on /usr/local/lib/python3.8/site-packages/airflow/example_dags/tutorial_etl_dag.py
[2022-09-27 06:11:39,527] {processor.py:620} INFO - Processing file /usr/local/lib/python3.8/site-packages/airflow/example_dags/tutorial_etl_dag.py for tasks to queue
[2022-09-27 06:11:39,528] {logging_mixin.py:109} INFO - [2022-09-27 06:11:39,528] {dagbag.py:500} INFO - Filling up the DagBag from /usr/local/lib/python3.8/site-packages/airflow/example_dags/tutorial_etl_dag.py
[2022-09-27 06:11:39,546] {processor.py:632} INFO - DAG(s) dict_keys(['tutorial_etl_dag']) retrieved from /usr/local/lib/python3.8/site-packages/airflow/example_dags/tutorial_etl_dag.py
[2022-09-27 06:11:39,550] {logging_mixin.py:109} WARNING - /usr/local/lib/python3.8/site-packages/airflow/models/serialized_dag.py:120 SAWarning: TypeDecorator UtcDateTime(timezone=True) will not produce a cache key because the ``cache_ok`` attribute is not set to True.  This can have significant performance implications including some performance degradations in comparison to prior SQLAlchemy versions.  Set this attribute to True if this type object's state is safe to use in a cache key, or False to disable this warning. (Background on this error at: https://sqlalche.me/e/14/cprf)
[2022-09-27 06:11:39,559] {logging_mixin.py:109} INFO - [2022-09-27 06:11:39,559] {dag.py:2389} INFO - Sync 1 DAGs
[2022-09-27 06:11:39,569] {logging_mixin.py:109} WARNING - /usr/local/lib/python3.8/site-packages/airflow/models/dag.py:2426 SAWarning: TypeDecorator UtcDateTime(timezone=True) will not produce a cache key because the ``cache_ok`` attribute is not set to True.  This can have significant performance implications including some performance degradations in comparison to prior SQLAlchemy versions.  Set this attribute to True if this type object's state is safe to use in a cache key, or False to disable this warning. (Background on this error at: https://sqlalche.me/e/14/cprf)
[2022-09-27 06:11:39,579] {logging_mixin.py:109} INFO - [2022-09-27 06:11:39,579] {dag.py:2921} INFO - Setting next_dagrun for tutorial_etl_dag to None
[2022-09-27 06:11:39,627] {processor.py:171} INFO - Processing /usr/local/lib/python3.8/site-packages/airflow/example_dags/tutorial_etl_dag.py took 0.104 seconds
[2022-09-27 06:12:20,110] {processor.py:163} INFO - Started process (PID=234) to work on /usr/local/lib/python3.8/site-packages/airflow/example_dags/tutorial_etl_dag.py
[2022-09-27 06:12:20,112] {processor.py:620} INFO - Processing file /usr/local/lib/python3.8/site-packages/airflow/example_dags/tutorial_etl_dag.py for tasks to queue
[2022-09-27 06:12:20,114] {logging_mixin.py:109} INFO - [2022-09-27 06:12:20,114] {dagbag.py:500} INFO - Filling up the DagBag from /usr/local/lib/python3.8/site-packages/airflow/example_dags/tutorial_etl_dag.py
[2022-09-27 06:12:20,145] {processor.py:632} INFO - DAG(s) dict_keys(['tutorial_etl_dag']) retrieved from /usr/local/lib/python3.8/site-packages/airflow/example_dags/tutorial_etl_dag.py
[2022-09-27 06:12:20,151] {logging_mixin.py:109} WARNING - /usr/local/lib/python3.8/site-packages/airflow/models/serialized_dag.py:120 SAWarning: TypeDecorator UtcDateTime(timezone=True) will not produce a cache key because the ``cache_ok`` attribute is not set to True.  This can have significant performance implications including some performance degradations in comparison to prior SQLAlchemy versions.  Set this attribute to True if this type object's state is safe to use in a cache key, or False to disable this warning. (Background on this error at: https://sqlalche.me/e/14/cprf)
[2022-09-27 06:12:20,163] {logging_mixin.py:109} INFO - [2022-09-27 06:12:20,163] {dag.py:2389} INFO - Sync 1 DAGs
[2022-09-27 06:12:20,171] {logging_mixin.py:109} WARNING - /usr/local/lib/python3.8/site-packages/airflow/models/dag.py:2426 SAWarning: TypeDecorator UtcDateTime(timezone=True) will not produce a cache key because the ``cache_ok`` attribute is not set to True.  This can have significant performance implications including some performance degradations in comparison to prior SQLAlchemy versions.  Set this attribute to True if this type object's state is safe to use in a cache key, or False to disable this warning. (Background on this error at: https://sqlalche.me/e/14/cprf)
[2022-09-27 06:12:20,179] {logging_mixin.py:109} INFO - [2022-09-27 06:12:20,179] {dag.py:2921} INFO - Setting next_dagrun for tutorial_etl_dag to None
[2022-09-27 06:12:20,209] {processor.py:171} INFO - Processing /usr/local/lib/python3.8/site-packages/airflow/example_dags/tutorial_etl_dag.py took 0.104 seconds
