[2022-09-27 06:09:02,068] {processor.py:163} INFO - Started process (PID=45) to work on /usr/local/lib/python3.8/site-packages/airflow/example_dags/tutorial.py
[2022-09-27 06:09:02,070] {processor.py:620} INFO - Processing file /usr/local/lib/python3.8/site-packages/airflow/example_dags/tutorial.py for tasks to queue
[2022-09-27 06:09:02,072] {logging_mixin.py:109} INFO - [2022-09-27 06:09:02,071] {dagbag.py:500} INFO - Filling up the DagBag from /usr/local/lib/python3.8/site-packages/airflow/example_dags/tutorial.py
[2022-09-27 06:09:02,096] {processor.py:632} INFO - DAG(s) dict_keys(['tutorial']) retrieved from /usr/local/lib/python3.8/site-packages/airflow/example_dags/tutorial.py
[2022-09-27 06:09:02,101] {logging_mixin.py:109} WARNING - /usr/local/lib/python3.8/site-packages/airflow/models/serialized_dag.py:120 SAWarning: TypeDecorator UtcDateTime(timezone=True) will not produce a cache key because the ``cache_ok`` attribute is not set to True.  This can have significant performance implications including some performance degradations in comparison to prior SQLAlchemy versions.  Set this attribute to True if this type object's state is safe to use in a cache key, or False to disable this warning. (Background on this error at: https://sqlalche.me/e/14/cprf)
[2022-09-27 06:09:02,112] {logging_mixin.py:109} INFO - [2022-09-27 06:09:02,112] {dag.py:2389} INFO - Sync 1 DAGs
[2022-09-27 06:09:02,119] {logging_mixin.py:109} WARNING - /usr/local/lib/python3.8/site-packages/airflow/models/dag.py:2426 SAWarning: TypeDecorator UtcDateTime(timezone=True) will not produce a cache key because the ``cache_ok`` attribute is not set to True.  This can have significant performance implications including some performance degradations in comparison to prior SQLAlchemy versions.  Set this attribute to True if this type object's state is safe to use in a cache key, or False to disable this warning. (Background on this error at: https://sqlalche.me/e/14/cprf)
[2022-09-27 06:09:02,127] {logging_mixin.py:109} INFO - [2022-09-27 06:09:02,127] {dag.py:2921} INFO - Setting next_dagrun for tutorial to 2022-09-26T06:09:02.127712+00:00
[2022-09-27 06:09:02,162] {processor.py:171} INFO - Processing /usr/local/lib/python3.8/site-packages/airflow/example_dags/tutorial.py took 0.099 seconds
[2022-09-27 06:09:42,504] {processor.py:163} INFO - Started process (PID=79) to work on /usr/local/lib/python3.8/site-packages/airflow/example_dags/tutorial.py
[2022-09-27 06:09:42,507] {processor.py:620} INFO - Processing file /usr/local/lib/python3.8/site-packages/airflow/example_dags/tutorial.py for tasks to queue
[2022-09-27 06:09:42,508] {logging_mixin.py:109} INFO - [2022-09-27 06:09:42,508] {dagbag.py:500} INFO - Filling up the DagBag from /usr/local/lib/python3.8/site-packages/airflow/example_dags/tutorial.py
[2022-09-27 06:09:42,540] {processor.py:632} INFO - DAG(s) dict_keys(['tutorial']) retrieved from /usr/local/lib/python3.8/site-packages/airflow/example_dags/tutorial.py
[2022-09-27 06:09:42,545] {logging_mixin.py:109} WARNING - /usr/local/lib/python3.8/site-packages/airflow/models/serialized_dag.py:120 SAWarning: TypeDecorator UtcDateTime(timezone=True) will not produce a cache key because the ``cache_ok`` attribute is not set to True.  This can have significant performance implications including some performance degradations in comparison to prior SQLAlchemy versions.  Set this attribute to True if this type object's state is safe to use in a cache key, or False to disable this warning. (Background on this error at: https://sqlalche.me/e/14/cprf)
[2022-09-27 06:09:42,556] {logging_mixin.py:109} INFO - [2022-09-27 06:09:42,555] {dag.py:2389} INFO - Sync 1 DAGs
[2022-09-27 06:09:42,563] {logging_mixin.py:109} WARNING - /usr/local/lib/python3.8/site-packages/airflow/models/dag.py:2426 SAWarning: TypeDecorator UtcDateTime(timezone=True) will not produce a cache key because the ``cache_ok`` attribute is not set to True.  This can have significant performance implications including some performance degradations in comparison to prior SQLAlchemy versions.  Set this attribute to True if this type object's state is safe to use in a cache key, or False to disable this warning. (Background on this error at: https://sqlalche.me/e/14/cprf)
[2022-09-27 06:09:42,571] {logging_mixin.py:109} INFO - [2022-09-27 06:09:42,571] {dag.py:2921} INFO - Setting next_dagrun for tutorial to 2022-09-26T06:09:42.570901+00:00
[2022-09-27 06:09:42,601] {processor.py:171} INFO - Processing /usr/local/lib/python3.8/site-packages/airflow/example_dags/tutorial.py took 0.100 seconds
[2022-09-27 06:10:22,323] {processor.py:163} INFO - Started process (PID=135) to work on /usr/local/lib/python3.8/site-packages/airflow/example_dags/tutorial.py
[2022-09-27 06:10:22,325] {processor.py:620} INFO - Processing file /usr/local/lib/python3.8/site-packages/airflow/example_dags/tutorial.py for tasks to queue
[2022-09-27 06:10:22,327] {logging_mixin.py:109} INFO - [2022-09-27 06:10:22,327] {dagbag.py:500} INFO - Filling up the DagBag from /usr/local/lib/python3.8/site-packages/airflow/example_dags/tutorial.py
[2022-09-27 06:10:22,357] {processor.py:632} INFO - DAG(s) dict_keys(['tutorial']) retrieved from /usr/local/lib/python3.8/site-packages/airflow/example_dags/tutorial.py
[2022-09-27 06:10:22,361] {logging_mixin.py:109} WARNING - /usr/local/lib/python3.8/site-packages/airflow/models/serialized_dag.py:120 SAWarning: TypeDecorator UtcDateTime(timezone=True) will not produce a cache key because the ``cache_ok`` attribute is not set to True.  This can have significant performance implications including some performance degradations in comparison to prior SQLAlchemy versions.  Set this attribute to True if this type object's state is safe to use in a cache key, or False to disable this warning. (Background on this error at: https://sqlalche.me/e/14/cprf)
[2022-09-27 06:10:22,372] {logging_mixin.py:109} INFO - [2022-09-27 06:10:22,372] {dag.py:2389} INFO - Sync 1 DAGs
[2022-09-27 06:10:22,380] {logging_mixin.py:109} WARNING - /usr/local/lib/python3.8/site-packages/airflow/models/dag.py:2426 SAWarning: TypeDecorator UtcDateTime(timezone=True) will not produce a cache key because the ``cache_ok`` attribute is not set to True.  This can have significant performance implications including some performance degradations in comparison to prior SQLAlchemy versions.  Set this attribute to True if this type object's state is safe to use in a cache key, or False to disable this warning. (Background on this error at: https://sqlalche.me/e/14/cprf)
[2022-09-27 06:10:22,388] {logging_mixin.py:109} INFO - [2022-09-27 06:10:22,387] {dag.py:2921} INFO - Setting next_dagrun for tutorial to 2022-09-26T06:10:22.387835+00:00
[2022-09-27 06:10:22,420] {processor.py:171} INFO - Processing /usr/local/lib/python3.8/site-packages/airflow/example_dags/tutorial.py took 0.102 seconds
[2022-09-27 06:11:03,856] {processor.py:163} INFO - Started process (PID=169) to work on /usr/local/lib/python3.8/site-packages/airflow/example_dags/tutorial.py
[2022-09-27 06:11:03,858] {processor.py:620} INFO - Processing file /usr/local/lib/python3.8/site-packages/airflow/example_dags/tutorial.py for tasks to queue
[2022-09-27 06:11:03,859] {logging_mixin.py:109} INFO - [2022-09-27 06:11:03,859] {dagbag.py:500} INFO - Filling up the DagBag from /usr/local/lib/python3.8/site-packages/airflow/example_dags/tutorial.py
[2022-09-27 06:11:03,887] {processor.py:632} INFO - DAG(s) dict_keys(['tutorial']) retrieved from /usr/local/lib/python3.8/site-packages/airflow/example_dags/tutorial.py
[2022-09-27 06:11:03,892] {logging_mixin.py:109} WARNING - /usr/local/lib/python3.8/site-packages/airflow/models/serialized_dag.py:120 SAWarning: TypeDecorator UtcDateTime(timezone=True) will not produce a cache key because the ``cache_ok`` attribute is not set to True.  This can have significant performance implications including some performance degradations in comparison to prior SQLAlchemy versions.  Set this attribute to True if this type object's state is safe to use in a cache key, or False to disable this warning. (Background on this error at: https://sqlalche.me/e/14/cprf)
[2022-09-27 06:11:03,904] {logging_mixin.py:109} INFO - [2022-09-27 06:11:03,904] {dag.py:2389} INFO - Sync 1 DAGs
[2022-09-27 06:11:03,914] {logging_mixin.py:109} WARNING - /usr/local/lib/python3.8/site-packages/airflow/models/dag.py:2426 SAWarning: TypeDecorator UtcDateTime(timezone=True) will not produce a cache key because the ``cache_ok`` attribute is not set to True.  This can have significant performance implications including some performance degradations in comparison to prior SQLAlchemy versions.  Set this attribute to True if this type object's state is safe to use in a cache key, or False to disable this warning. (Background on this error at: https://sqlalche.me/e/14/cprf)
[2022-09-27 06:11:03,921] {logging_mixin.py:109} INFO - [2022-09-27 06:11:03,921] {dag.py:2921} INFO - Setting next_dagrun for tutorial to 2022-09-26T06:11:03.920924+00:00
[2022-09-27 06:11:03,957] {processor.py:171} INFO - Processing /usr/local/lib/python3.8/site-packages/airflow/example_dags/tutorial.py took 0.106 seconds
[2022-09-27 06:11:38,229] {processor.py:163} INFO - Started process (PID=198) to work on /usr/local/lib/python3.8/site-packages/airflow/example_dags/tutorial.py
[2022-09-27 06:11:38,232] {processor.py:620} INFO - Processing file /usr/local/lib/python3.8/site-packages/airflow/example_dags/tutorial.py for tasks to queue
[2022-09-27 06:11:38,234] {logging_mixin.py:109} INFO - [2022-09-27 06:11:38,234] {dagbag.py:500} INFO - Filling up the DagBag from /usr/local/lib/python3.8/site-packages/airflow/example_dags/tutorial.py
[2022-09-27 06:11:38,266] {processor.py:632} INFO - DAG(s) dict_keys(['tutorial']) retrieved from /usr/local/lib/python3.8/site-packages/airflow/example_dags/tutorial.py
[2022-09-27 06:11:38,270] {logging_mixin.py:109} WARNING - /usr/local/lib/python3.8/site-packages/airflow/models/serialized_dag.py:120 SAWarning: TypeDecorator UtcDateTime(timezone=True) will not produce a cache key because the ``cache_ok`` attribute is not set to True.  This can have significant performance implications including some performance degradations in comparison to prior SQLAlchemy versions.  Set this attribute to True if this type object's state is safe to use in a cache key, or False to disable this warning. (Background on this error at: https://sqlalche.me/e/14/cprf)
[2022-09-27 06:11:38,280] {logging_mixin.py:109} INFO - [2022-09-27 06:11:38,280] {dag.py:2389} INFO - Sync 1 DAGs
[2022-09-27 06:11:38,288] {logging_mixin.py:109} WARNING - /usr/local/lib/python3.8/site-packages/airflow/models/dag.py:2426 SAWarning: TypeDecorator UtcDateTime(timezone=True) will not produce a cache key because the ``cache_ok`` attribute is not set to True.  This can have significant performance implications including some performance degradations in comparison to prior SQLAlchemy versions.  Set this attribute to True if this type object's state is safe to use in a cache key, or False to disable this warning. (Background on this error at: https://sqlalche.me/e/14/cprf)
[2022-09-27 06:11:38,295] {logging_mixin.py:109} INFO - [2022-09-27 06:11:38,295] {dag.py:2921} INFO - Setting next_dagrun for tutorial to 2022-09-26T06:11:38.295749+00:00
[2022-09-27 06:11:38,327] {processor.py:171} INFO - Processing /usr/local/lib/python3.8/site-packages/airflow/example_dags/tutorial.py took 0.103 seconds
[2022-09-27 06:12:09,800] {processor.py:163} INFO - Started process (PID=226) to work on /usr/local/lib/python3.8/site-packages/airflow/example_dags/tutorial.py
[2022-09-27 06:12:09,802] {processor.py:620} INFO - Processing file /usr/local/lib/python3.8/site-packages/airflow/example_dags/tutorial.py for tasks to queue
[2022-09-27 06:12:09,804] {logging_mixin.py:109} INFO - [2022-09-27 06:12:09,804] {dagbag.py:500} INFO - Filling up the DagBag from /usr/local/lib/python3.8/site-packages/airflow/example_dags/tutorial.py
[2022-09-27 06:12:09,835] {processor.py:632} INFO - DAG(s) dict_keys(['tutorial']) retrieved from /usr/local/lib/python3.8/site-packages/airflow/example_dags/tutorial.py
[2022-09-27 06:12:09,839] {logging_mixin.py:109} WARNING - /usr/local/lib/python3.8/site-packages/airflow/models/serialized_dag.py:120 SAWarning: TypeDecorator UtcDateTime(timezone=True) will not produce a cache key because the ``cache_ok`` attribute is not set to True.  This can have significant performance implications including some performance degradations in comparison to prior SQLAlchemy versions.  Set this attribute to True if this type object's state is safe to use in a cache key, or False to disable this warning. (Background on this error at: https://sqlalche.me/e/14/cprf)
[2022-09-27 06:12:09,850] {logging_mixin.py:109} INFO - [2022-09-27 06:12:09,850] {dag.py:2389} INFO - Sync 1 DAGs
[2022-09-27 06:12:09,858] {logging_mixin.py:109} WARNING - /usr/local/lib/python3.8/site-packages/airflow/models/dag.py:2426 SAWarning: TypeDecorator UtcDateTime(timezone=True) will not produce a cache key because the ``cache_ok`` attribute is not set to True.  This can have significant performance implications including some performance degradations in comparison to prior SQLAlchemy versions.  Set this attribute to True if this type object's state is safe to use in a cache key, or False to disable this warning. (Background on this error at: https://sqlalche.me/e/14/cprf)
[2022-09-27 06:12:09,867] {logging_mixin.py:109} INFO - [2022-09-27 06:12:09,867] {dag.py:2921} INFO - Setting next_dagrun for tutorial to 2022-09-26T06:12:09.866532+00:00
[2022-09-27 06:12:09,899] {processor.py:171} INFO - Processing /usr/local/lib/python3.8/site-packages/airflow/example_dags/tutorial.py took 0.104 seconds
