[2022-07-19 06:30:12,525] {processor.py:163} INFO - Started process (PID=81308) to work on /usr/local/lib/python3.8/site-packages/airflow/example_dags/example_kubernetes_executor_config.py
[2022-07-19 06:30:12,526] {processor.py:620} INFO - Processing file /usr/local/lib/python3.8/site-packages/airflow/example_dags/example_kubernetes_executor_config.py for tasks to queue
[2022-07-19 06:30:12,527] {logging_mixin.py:109} INFO - [2022-07-19 06:30:12,526] {dagbag.py:500} INFO - Filling up the DagBag from /usr/local/lib/python3.8/site-packages/airflow/example_dags/example_kubernetes_executor_config.py
[2022-07-19 06:30:12,534] {logging_mixin.py:109} INFO - [2022-07-19 06:30:12,534] {example_kubernetes_executor_config.py:171} WARNING - Could not import DAGs in example_kubernetes_executor_config.py: No module named 'kubernetes'
[2022-07-19 06:30:12,534] {logging_mixin.py:109} INFO - [2022-07-19 06:30:12,534] {example_kubernetes_executor_config.py:172} WARNING - Install kubernetes dependencies with: pip install apache-airflow['cncf.kubernetes']
[2022-07-19 06:30:12,545] {processor.py:634} WARNING - No viable dags retrieved from /usr/local/lib/python3.8/site-packages/airflow/example_dags/example_kubernetes_executor_config.py
[2022-07-19 06:30:12,547] {processor.py:171} INFO - Processing /usr/local/lib/python3.8/site-packages/airflow/example_dags/example_kubernetes_executor_config.py took 0.027 seconds
[2022-07-19 06:30:46,316] {processor.py:163} INFO - Started process (PID=81687) to work on /usr/local/lib/python3.8/site-packages/airflow/example_dags/example_kubernetes_executor_config.py
[2022-07-19 06:30:46,317] {processor.py:620} INFO - Processing file /usr/local/lib/python3.8/site-packages/airflow/example_dags/example_kubernetes_executor_config.py for tasks to queue
[2022-07-19 06:30:46,317] {logging_mixin.py:109} INFO - [2022-07-19 06:30:46,317] {dagbag.py:500} INFO - Filling up the DagBag from /usr/local/lib/python3.8/site-packages/airflow/example_dags/example_kubernetes_executor_config.py
[2022-07-19 06:30:46,321] {logging_mixin.py:109} INFO - [2022-07-19 06:30:46,321] {example_kubernetes_executor_config.py:171} WARNING - Could not import DAGs in example_kubernetes_executor_config.py: No module named 'kubernetes'
[2022-07-19 06:30:46,321] {logging_mixin.py:109} INFO - [2022-07-19 06:30:46,321] {example_kubernetes_executor_config.py:172} WARNING - Install kubernetes dependencies with: pip install apache-airflow['cncf.kubernetes']
[2022-07-19 06:30:46,328] {processor.py:634} WARNING - No viable dags retrieved from /usr/local/lib/python3.8/site-packages/airflow/example_dags/example_kubernetes_executor_config.py
[2022-07-19 06:30:46,330] {processor.py:171} INFO - Processing /usr/local/lib/python3.8/site-packages/airflow/example_dags/example_kubernetes_executor_config.py took 0.016 seconds
[2022-07-19 06:31:19,420] {processor.py:163} INFO - Started process (PID=82442) to work on /usr/local/lib/python3.8/site-packages/airflow/example_dags/example_kubernetes_executor_config.py
[2022-07-19 06:31:19,422] {processor.py:620} INFO - Processing file /usr/local/lib/python3.8/site-packages/airflow/example_dags/example_kubernetes_executor_config.py for tasks to queue
[2022-07-19 06:31:19,423] {logging_mixin.py:109} INFO - [2022-07-19 06:31:19,423] {dagbag.py:500} INFO - Filling up the DagBag from /usr/local/lib/python3.8/site-packages/airflow/example_dags/example_kubernetes_executor_config.py
[2022-07-19 06:31:19,426] {logging_mixin.py:109} INFO - [2022-07-19 06:31:19,426] {example_kubernetes_executor_config.py:171} WARNING - Could not import DAGs in example_kubernetes_executor_config.py: No module named 'kubernetes'
[2022-07-19 06:31:19,426] {logging_mixin.py:109} INFO - [2022-07-19 06:31:19,426] {example_kubernetes_executor_config.py:172} WARNING - Install kubernetes dependencies with: pip install apache-airflow['cncf.kubernetes']
[2022-07-19 06:31:19,432] {processor.py:634} WARNING - No viable dags retrieved from /usr/local/lib/python3.8/site-packages/airflow/example_dags/example_kubernetes_executor_config.py
[2022-07-19 06:31:19,434] {processor.py:171} INFO - Processing /usr/local/lib/python3.8/site-packages/airflow/example_dags/example_kubernetes_executor_config.py took 0.019 seconds
[2022-07-19 06:31:52,197] {processor.py:163} INFO - Started process (PID=82814) to work on /usr/local/lib/python3.8/site-packages/airflow/example_dags/example_kubernetes_executor_config.py
[2022-07-19 06:31:52,197] {processor.py:620} INFO - Processing file /usr/local/lib/python3.8/site-packages/airflow/example_dags/example_kubernetes_executor_config.py for tasks to queue
[2022-07-19 06:31:52,197] {logging_mixin.py:109} INFO - [2022-07-19 06:31:52,197] {dagbag.py:500} INFO - Filling up the DagBag from /usr/local/lib/python3.8/site-packages/airflow/example_dags/example_kubernetes_executor_config.py
[2022-07-19 06:31:52,200] {logging_mixin.py:109} INFO - [2022-07-19 06:31:52,200] {example_kubernetes_executor_config.py:171} WARNING - Could not import DAGs in example_kubernetes_executor_config.py: No module named 'kubernetes'
[2022-07-19 06:31:52,200] {logging_mixin.py:109} INFO - [2022-07-19 06:31:52,200] {example_kubernetes_executor_config.py:172} WARNING - Install kubernetes dependencies with: pip install apache-airflow['cncf.kubernetes']
[2022-07-19 06:31:52,206] {processor.py:634} WARNING - No viable dags retrieved from /usr/local/lib/python3.8/site-packages/airflow/example_dags/example_kubernetes_executor_config.py
[2022-07-19 06:31:52,207] {processor.py:171} INFO - Processing /usr/local/lib/python3.8/site-packages/airflow/example_dags/example_kubernetes_executor_config.py took 0.012 seconds
[2022-07-19 06:32:26,485] {processor.py:163} INFO - Started process (PID=83187) to work on /usr/local/lib/python3.8/site-packages/airflow/example_dags/example_kubernetes_executor_config.py
[2022-07-19 06:32:26,486] {processor.py:620} INFO - Processing file /usr/local/lib/python3.8/site-packages/airflow/example_dags/example_kubernetes_executor_config.py for tasks to queue
[2022-07-19 06:32:26,487] {logging_mixin.py:109} INFO - [2022-07-19 06:32:26,486] {dagbag.py:500} INFO - Filling up the DagBag from /usr/local/lib/python3.8/site-packages/airflow/example_dags/example_kubernetes_executor_config.py
[2022-07-19 06:32:26,494] {logging_mixin.py:109} INFO - [2022-07-19 06:32:26,494] {example_kubernetes_executor_config.py:171} WARNING - Could not import DAGs in example_kubernetes_executor_config.py: No module named 'kubernetes'
[2022-07-19 06:32:26,494] {logging_mixin.py:109} INFO - [2022-07-19 06:32:26,494] {example_kubernetes_executor_config.py:172} WARNING - Install kubernetes dependencies with: pip install apache-airflow['cncf.kubernetes']
[2022-07-19 06:32:26,507] {processor.py:634} WARNING - No viable dags retrieved from /usr/local/lib/python3.8/site-packages/airflow/example_dags/example_kubernetes_executor_config.py
[2022-07-19 06:32:26,509] {processor.py:171} INFO - Processing /usr/local/lib/python3.8/site-packages/airflow/example_dags/example_kubernetes_executor_config.py took 0.029 seconds
[2022-07-19 06:32:59,179] {processor.py:163} INFO - Started process (PID=84368) to work on /usr/local/lib/python3.8/site-packages/airflow/example_dags/example_kubernetes_executor_config.py
[2022-07-19 06:32:59,180] {processor.py:620} INFO - Processing file /usr/local/lib/python3.8/site-packages/airflow/example_dags/example_kubernetes_executor_config.py for tasks to queue
[2022-07-19 06:32:59,181] {logging_mixin.py:109} INFO - [2022-07-19 06:32:59,181] {dagbag.py:500} INFO - Filling up the DagBag from /usr/local/lib/python3.8/site-packages/airflow/example_dags/example_kubernetes_executor_config.py
[2022-07-19 06:32:59,187] {logging_mixin.py:109} INFO - [2022-07-19 06:32:59,187] {example_kubernetes_executor_config.py:171} WARNING - Could not import DAGs in example_kubernetes_executor_config.py: No module named 'kubernetes'
[2022-07-19 06:32:59,188] {logging_mixin.py:109} INFO - [2022-07-19 06:32:59,188] {example_kubernetes_executor_config.py:172} WARNING - Install kubernetes dependencies with: pip install apache-airflow['cncf.kubernetes']
[2022-07-19 06:32:59,198] {processor.py:634} WARNING - No viable dags retrieved from /usr/local/lib/python3.8/site-packages/airflow/example_dags/example_kubernetes_executor_config.py
[2022-07-19 06:32:59,200] {processor.py:171} INFO - Processing /usr/local/lib/python3.8/site-packages/airflow/example_dags/example_kubernetes_executor_config.py took 0.025 seconds
[2022-07-19 06:33:33,510] {processor.py:163} INFO - Started process (PID=84741) to work on /usr/local/lib/python3.8/site-packages/airflow/example_dags/example_kubernetes_executor_config.py
[2022-07-19 06:33:33,511] {processor.py:620} INFO - Processing file /usr/local/lib/python3.8/site-packages/airflow/example_dags/example_kubernetes_executor_config.py for tasks to queue
[2022-07-19 06:33:33,511] {logging_mixin.py:109} INFO - [2022-07-19 06:33:33,511] {dagbag.py:500} INFO - Filling up the DagBag from /usr/local/lib/python3.8/site-packages/airflow/example_dags/example_kubernetes_executor_config.py
[2022-07-19 06:33:33,519] {logging_mixin.py:109} INFO - [2022-07-19 06:33:33,519] {example_kubernetes_executor_config.py:171} WARNING - Could not import DAGs in example_kubernetes_executor_config.py: No module named 'kubernetes'
[2022-07-19 06:33:33,519] {logging_mixin.py:109} INFO - [2022-07-19 06:33:33,519] {example_kubernetes_executor_config.py:172} WARNING - Install kubernetes dependencies with: pip install apache-airflow['cncf.kubernetes']
[2022-07-19 06:33:33,530] {processor.py:634} WARNING - No viable dags retrieved from /usr/local/lib/python3.8/site-packages/airflow/example_dags/example_kubernetes_executor_config.py
[2022-07-19 06:33:33,532] {processor.py:171} INFO - Processing /usr/local/lib/python3.8/site-packages/airflow/example_dags/example_kubernetes_executor_config.py took 0.027 seconds
[2022-07-19 06:34:06,174] {processor.py:163} INFO - Started process (PID=85114) to work on /usr/local/lib/python3.8/site-packages/airflow/example_dags/example_kubernetes_executor_config.py
[2022-07-19 06:34:06,175] {processor.py:620} INFO - Processing file /usr/local/lib/python3.8/site-packages/airflow/example_dags/example_kubernetes_executor_config.py for tasks to queue
[2022-07-19 06:34:06,175] {logging_mixin.py:109} INFO - [2022-07-19 06:34:06,175] {dagbag.py:500} INFO - Filling up the DagBag from /usr/local/lib/python3.8/site-packages/airflow/example_dags/example_kubernetes_executor_config.py
[2022-07-19 06:34:06,179] {logging_mixin.py:109} INFO - [2022-07-19 06:34:06,179] {example_kubernetes_executor_config.py:171} WARNING - Could not import DAGs in example_kubernetes_executor_config.py: No module named 'kubernetes'
[2022-07-19 06:34:06,179] {logging_mixin.py:109} INFO - [2022-07-19 06:34:06,179] {example_kubernetes_executor_config.py:172} WARNING - Install kubernetes dependencies with: pip install apache-airflow['cncf.kubernetes']
[2022-07-19 06:34:06,185] {processor.py:634} WARNING - No viable dags retrieved from /usr/local/lib/python3.8/site-packages/airflow/example_dags/example_kubernetes_executor_config.py
[2022-07-19 06:34:06,186] {processor.py:171} INFO - Processing /usr/local/lib/python3.8/site-packages/airflow/example_dags/example_kubernetes_executor_config.py took 0.014 seconds
[2022-07-19 06:34:40,678] {processor.py:163} INFO - Started process (PID=85481) to work on /usr/local/lib/python3.8/site-packages/airflow/example_dags/example_kubernetes_executor_config.py
[2022-07-19 06:34:40,679] {processor.py:620} INFO - Processing file /usr/local/lib/python3.8/site-packages/airflow/example_dags/example_kubernetes_executor_config.py for tasks to queue
[2022-07-19 06:34:40,680] {logging_mixin.py:109} INFO - [2022-07-19 06:34:40,680] {dagbag.py:500} INFO - Filling up the DagBag from /usr/local/lib/python3.8/site-packages/airflow/example_dags/example_kubernetes_executor_config.py
[2022-07-19 06:34:40,685] {logging_mixin.py:109} INFO - [2022-07-19 06:34:40,685] {example_kubernetes_executor_config.py:171} WARNING - Could not import DAGs in example_kubernetes_executor_config.py: No module named 'kubernetes'
[2022-07-19 06:34:40,685] {logging_mixin.py:109} INFO - [2022-07-19 06:34:40,685] {example_kubernetes_executor_config.py:172} WARNING - Install kubernetes dependencies with: pip install apache-airflow['cncf.kubernetes']
[2022-07-19 06:34:40,696] {processor.py:634} WARNING - No viable dags retrieved from /usr/local/lib/python3.8/site-packages/airflow/example_dags/example_kubernetes_executor_config.py
[2022-07-19 06:34:40,698] {processor.py:171} INFO - Processing /usr/local/lib/python3.8/site-packages/airflow/example_dags/example_kubernetes_executor_config.py took 0.026 seconds
[2022-07-19 06:35:13,165] {processor.py:163} INFO - Started process (PID=85880) to work on /usr/local/lib/python3.8/site-packages/airflow/example_dags/example_kubernetes_executor_config.py
[2022-07-19 06:35:13,166] {processor.py:620} INFO - Processing file /usr/local/lib/python3.8/site-packages/airflow/example_dags/example_kubernetes_executor_config.py for tasks to queue
[2022-07-19 06:35:13,166] {logging_mixin.py:109} INFO - [2022-07-19 06:35:13,166] {dagbag.py:500} INFO - Filling up the DagBag from /usr/local/lib/python3.8/site-packages/airflow/example_dags/example_kubernetes_executor_config.py
[2022-07-19 06:35:13,172] {logging_mixin.py:109} INFO - [2022-07-19 06:35:13,172] {example_kubernetes_executor_config.py:171} WARNING - Could not import DAGs in example_kubernetes_executor_config.py: No module named 'kubernetes'
[2022-07-19 06:35:13,172] {logging_mixin.py:109} INFO - [2022-07-19 06:35:13,172] {example_kubernetes_executor_config.py:172} WARNING - Install kubernetes dependencies with: pip install apache-airflow['cncf.kubernetes']
[2022-07-19 06:35:13,182] {processor.py:634} WARNING - No viable dags retrieved from /usr/local/lib/python3.8/site-packages/airflow/example_dags/example_kubernetes_executor_config.py
[2022-07-19 06:35:13,183] {processor.py:171} INFO - Processing /usr/local/lib/python3.8/site-packages/airflow/example_dags/example_kubernetes_executor_config.py took 0.022 seconds
[2022-07-19 06:35:48,621] {processor.py:163} INFO - Started process (PID=86256) to work on /usr/local/lib/python3.8/site-packages/airflow/example_dags/example_kubernetes_executor_config.py
[2022-07-19 06:35:48,622] {processor.py:620} INFO - Processing file /usr/local/lib/python3.8/site-packages/airflow/example_dags/example_kubernetes_executor_config.py for tasks to queue
[2022-07-19 06:35:48,623] {logging_mixin.py:109} INFO - [2022-07-19 06:35:48,623] {dagbag.py:500} INFO - Filling up the DagBag from /usr/local/lib/python3.8/site-packages/airflow/example_dags/example_kubernetes_executor_config.py
[2022-07-19 06:35:48,630] {logging_mixin.py:109} INFO - [2022-07-19 06:35:48,630] {example_kubernetes_executor_config.py:171} WARNING - Could not import DAGs in example_kubernetes_executor_config.py: No module named 'kubernetes'
[2022-07-19 06:35:48,630] {logging_mixin.py:109} INFO - [2022-07-19 06:35:48,630] {example_kubernetes_executor_config.py:172} WARNING - Install kubernetes dependencies with: pip install apache-airflow['cncf.kubernetes']
[2022-07-19 06:35:48,642] {processor.py:634} WARNING - No viable dags retrieved from /usr/local/lib/python3.8/site-packages/airflow/example_dags/example_kubernetes_executor_config.py
[2022-07-19 06:35:48,644] {processor.py:171} INFO - Processing /usr/local/lib/python3.8/site-packages/airflow/example_dags/example_kubernetes_executor_config.py took 0.028 seconds
[2022-07-19 06:36:21,993] {processor.py:163} INFO - Started process (PID=86633) to work on /usr/local/lib/python3.8/site-packages/airflow/example_dags/example_kubernetes_executor_config.py
[2022-07-19 06:36:21,994] {processor.py:620} INFO - Processing file /usr/local/lib/python3.8/site-packages/airflow/example_dags/example_kubernetes_executor_config.py for tasks to queue
[2022-07-19 06:36:21,994] {logging_mixin.py:109} INFO - [2022-07-19 06:36:21,994] {dagbag.py:500} INFO - Filling up the DagBag from /usr/local/lib/python3.8/site-packages/airflow/example_dags/example_kubernetes_executor_config.py
[2022-07-19 06:36:22,001] {logging_mixin.py:109} INFO - [2022-07-19 06:36:22,001] {example_kubernetes_executor_config.py:171} WARNING - Could not import DAGs in example_kubernetes_executor_config.py: No module named 'kubernetes'
[2022-07-19 06:36:22,001] {logging_mixin.py:109} INFO - [2022-07-19 06:36:22,001] {example_kubernetes_executor_config.py:172} WARNING - Install kubernetes dependencies with: pip install apache-airflow['cncf.kubernetes']
[2022-07-19 06:36:22,012] {processor.py:634} WARNING - No viable dags retrieved from /usr/local/lib/python3.8/site-packages/airflow/example_dags/example_kubernetes_executor_config.py
[2022-07-19 06:36:22,013] {processor.py:171} INFO - Processing /usr/local/lib/python3.8/site-packages/airflow/example_dags/example_kubernetes_executor_config.py took 0.025 seconds
[2022-07-19 06:36:56,289] {processor.py:163} INFO - Started process (PID=87371) to work on /usr/local/lib/python3.8/site-packages/airflow/example_dags/example_kubernetes_executor_config.py
[2022-07-19 06:36:56,289] {processor.py:620} INFO - Processing file /usr/local/lib/python3.8/site-packages/airflow/example_dags/example_kubernetes_executor_config.py for tasks to queue
[2022-07-19 06:36:56,290] {logging_mixin.py:109} INFO - [2022-07-19 06:36:56,290] {dagbag.py:500} INFO - Filling up the DagBag from /usr/local/lib/python3.8/site-packages/airflow/example_dags/example_kubernetes_executor_config.py
[2022-07-19 06:36:56,293] {logging_mixin.py:109} INFO - [2022-07-19 06:36:56,293] {example_kubernetes_executor_config.py:171} WARNING - Could not import DAGs in example_kubernetes_executor_config.py: No module named 'kubernetes'
[2022-07-19 06:36:56,293] {logging_mixin.py:109} INFO - [2022-07-19 06:36:56,293] {example_kubernetes_executor_config.py:172} WARNING - Install kubernetes dependencies with: pip install apache-airflow['cncf.kubernetes']
[2022-07-19 06:36:56,299] {processor.py:634} WARNING - No viable dags retrieved from /usr/local/lib/python3.8/site-packages/airflow/example_dags/example_kubernetes_executor_config.py
[2022-07-19 06:36:56,301] {processor.py:171} INFO - Processing /usr/local/lib/python3.8/site-packages/airflow/example_dags/example_kubernetes_executor_config.py took 0.014 seconds
[2022-07-19 06:37:31,736] {processor.py:163} INFO - Started process (PID=88952) to work on /usr/local/lib/python3.8/site-packages/airflow/example_dags/example_kubernetes_executor_config.py
[2022-07-19 06:37:31,737] {processor.py:620} INFO - Processing file /usr/local/lib/python3.8/site-packages/airflow/example_dags/example_kubernetes_executor_config.py for tasks to queue
[2022-07-19 06:37:31,737] {logging_mixin.py:109} INFO - [2022-07-19 06:37:31,737] {dagbag.py:500} INFO - Filling up the DagBag from /usr/local/lib/python3.8/site-packages/airflow/example_dags/example_kubernetes_executor_config.py
[2022-07-19 06:37:31,742] {logging_mixin.py:109} INFO - [2022-07-19 06:37:31,742] {example_kubernetes_executor_config.py:171} WARNING - Could not import DAGs in example_kubernetes_executor_config.py: No module named 'kubernetes'
[2022-07-19 06:37:31,742] {logging_mixin.py:109} INFO - [2022-07-19 06:37:31,742] {example_kubernetes_executor_config.py:172} WARNING - Install kubernetes dependencies with: pip install apache-airflow['cncf.kubernetes']
[2022-07-19 06:37:31,752] {processor.py:634} WARNING - No viable dags retrieved from /usr/local/lib/python3.8/site-packages/airflow/example_dags/example_kubernetes_executor_config.py
[2022-07-19 06:37:31,754] {processor.py:171} INFO - Processing /usr/local/lib/python3.8/site-packages/airflow/example_dags/example_kubernetes_executor_config.py took 0.021 seconds
[2022-07-19 06:38:04,344] {processor.py:163} INFO - Started process (PID=89568) to work on /usr/local/lib/python3.8/site-packages/airflow/example_dags/example_kubernetes_executor_config.py
[2022-07-19 06:38:04,345] {processor.py:620} INFO - Processing file /usr/local/lib/python3.8/site-packages/airflow/example_dags/example_kubernetes_executor_config.py for tasks to queue
[2022-07-19 06:38:04,346] {logging_mixin.py:109} INFO - [2022-07-19 06:38:04,346] {dagbag.py:500} INFO - Filling up the DagBag from /usr/local/lib/python3.8/site-packages/airflow/example_dags/example_kubernetes_executor_config.py
[2022-07-19 06:38:04,353] {logging_mixin.py:109} INFO - [2022-07-19 06:38:04,353] {example_kubernetes_executor_config.py:171} WARNING - Could not import DAGs in example_kubernetes_executor_config.py: No module named 'kubernetes'
[2022-07-19 06:38:04,353] {logging_mixin.py:109} INFO - [2022-07-19 06:38:04,353] {example_kubernetes_executor_config.py:172} WARNING - Install kubernetes dependencies with: pip install apache-airflow['cncf.kubernetes']
[2022-07-19 06:38:04,366] {processor.py:634} WARNING - No viable dags retrieved from /usr/local/lib/python3.8/site-packages/airflow/example_dags/example_kubernetes_executor_config.py
[2022-07-19 06:38:04,368] {processor.py:171} INFO - Processing /usr/local/lib/python3.8/site-packages/airflow/example_dags/example_kubernetes_executor_config.py took 0.029 seconds
[2022-07-19 06:38:37,696] {processor.py:163} INFO - Started process (PID=89928) to work on /usr/local/lib/python3.8/site-packages/airflow/example_dags/example_kubernetes_executor_config.py
[2022-07-19 06:38:37,697] {processor.py:620} INFO - Processing file /usr/local/lib/python3.8/site-packages/airflow/example_dags/example_kubernetes_executor_config.py for tasks to queue
[2022-07-19 06:38:37,698] {logging_mixin.py:109} INFO - [2022-07-19 06:38:37,698] {dagbag.py:500} INFO - Filling up the DagBag from /usr/local/lib/python3.8/site-packages/airflow/example_dags/example_kubernetes_executor_config.py
[2022-07-19 06:38:37,706] {logging_mixin.py:109} INFO - [2022-07-19 06:38:37,706] {example_kubernetes_executor_config.py:171} WARNING - Could not import DAGs in example_kubernetes_executor_config.py: No module named 'kubernetes'
[2022-07-19 06:38:37,706] {logging_mixin.py:109} INFO - [2022-07-19 06:38:37,706] {example_kubernetes_executor_config.py:172} WARNING - Install kubernetes dependencies with: pip install apache-airflow['cncf.kubernetes']
[2022-07-19 06:38:37,719] {processor.py:634} WARNING - No viable dags retrieved from /usr/local/lib/python3.8/site-packages/airflow/example_dags/example_kubernetes_executor_config.py
[2022-07-19 06:38:37,721] {processor.py:171} INFO - Processing /usr/local/lib/python3.8/site-packages/airflow/example_dags/example_kubernetes_executor_config.py took 0.031 seconds
[2022-07-19 06:39:11,455] {processor.py:163} INFO - Started process (PID=90308) to work on /usr/local/lib/python3.8/site-packages/airflow/example_dags/example_kubernetes_executor_config.py
[2022-07-19 06:39:11,456] {processor.py:620} INFO - Processing file /usr/local/lib/python3.8/site-packages/airflow/example_dags/example_kubernetes_executor_config.py for tasks to queue
[2022-07-19 06:39:11,456] {logging_mixin.py:109} INFO - [2022-07-19 06:39:11,456] {dagbag.py:500} INFO - Filling up the DagBag from /usr/local/lib/python3.8/site-packages/airflow/example_dags/example_kubernetes_executor_config.py
[2022-07-19 06:39:11,464] {logging_mixin.py:109} INFO - [2022-07-19 06:39:11,464] {example_kubernetes_executor_config.py:171} WARNING - Could not import DAGs in example_kubernetes_executor_config.py: No module named 'kubernetes'
[2022-07-19 06:39:11,464] {logging_mixin.py:109} INFO - [2022-07-19 06:39:11,464] {example_kubernetes_executor_config.py:172} WARNING - Install kubernetes dependencies with: pip install apache-airflow['cncf.kubernetes']
[2022-07-19 06:39:11,470] {processor.py:634} WARNING - No viable dags retrieved from /usr/local/lib/python3.8/site-packages/airflow/example_dags/example_kubernetes_executor_config.py
[2022-07-19 06:39:11,471] {processor.py:171} INFO - Processing /usr/local/lib/python3.8/site-packages/airflow/example_dags/example_kubernetes_executor_config.py took 0.020 seconds
[2022-07-19 06:39:45,910] {processor.py:163} INFO - Started process (PID=90684) to work on /usr/local/lib/python3.8/site-packages/airflow/example_dags/example_kubernetes_executor_config.py
[2022-07-19 06:39:45,910] {processor.py:620} INFO - Processing file /usr/local/lib/python3.8/site-packages/airflow/example_dags/example_kubernetes_executor_config.py for tasks to queue
[2022-07-19 06:39:45,910] {logging_mixin.py:109} INFO - [2022-07-19 06:39:45,910] {dagbag.py:500} INFO - Filling up the DagBag from /usr/local/lib/python3.8/site-packages/airflow/example_dags/example_kubernetes_executor_config.py
[2022-07-19 06:39:45,913] {logging_mixin.py:109} INFO - [2022-07-19 06:39:45,913] {example_kubernetes_executor_config.py:171} WARNING - Could not import DAGs in example_kubernetes_executor_config.py: No module named 'kubernetes'
[2022-07-19 06:39:45,913] {logging_mixin.py:109} INFO - [2022-07-19 06:39:45,913] {example_kubernetes_executor_config.py:172} WARNING - Install kubernetes dependencies with: pip install apache-airflow['cncf.kubernetes']
[2022-07-19 06:39:45,918] {processor.py:634} WARNING - No viable dags retrieved from /usr/local/lib/python3.8/site-packages/airflow/example_dags/example_kubernetes_executor_config.py
[2022-07-19 06:39:45,919] {processor.py:171} INFO - Processing /usr/local/lib/python3.8/site-packages/airflow/example_dags/example_kubernetes_executor_config.py took 0.011 seconds
[2022-07-19 06:40:18,613] {processor.py:163} INFO - Started process (PID=91074) to work on /usr/local/lib/python3.8/site-packages/airflow/example_dags/example_kubernetes_executor_config.py
[2022-07-19 06:40:18,614] {processor.py:620} INFO - Processing file /usr/local/lib/python3.8/site-packages/airflow/example_dags/example_kubernetes_executor_config.py for tasks to queue
[2022-07-19 06:40:18,614] {logging_mixin.py:109} INFO - [2022-07-19 06:40:18,614] {dagbag.py:500} INFO - Filling up the DagBag from /usr/local/lib/python3.8/site-packages/airflow/example_dags/example_kubernetes_executor_config.py
[2022-07-19 06:40:18,621] {logging_mixin.py:109} INFO - [2022-07-19 06:40:18,621] {example_kubernetes_executor_config.py:171} WARNING - Could not import DAGs in example_kubernetes_executor_config.py: No module named 'kubernetes'
[2022-07-19 06:40:18,621] {logging_mixin.py:109} INFO - [2022-07-19 06:40:18,621] {example_kubernetes_executor_config.py:172} WARNING - Install kubernetes dependencies with: pip install apache-airflow['cncf.kubernetes']
[2022-07-19 06:40:18,632] {processor.py:634} WARNING - No viable dags retrieved from /usr/local/lib/python3.8/site-packages/airflow/example_dags/example_kubernetes_executor_config.py
[2022-07-19 06:40:18,635] {processor.py:171} INFO - Processing /usr/local/lib/python3.8/site-packages/airflow/example_dags/example_kubernetes_executor_config.py took 0.027 seconds
[2022-07-19 06:40:51,740] {processor.py:163} INFO - Started process (PID=91436) to work on /usr/local/lib/python3.8/site-packages/airflow/example_dags/example_kubernetes_executor_config.py
[2022-07-19 06:40:51,740] {processor.py:620} INFO - Processing file /usr/local/lib/python3.8/site-packages/airflow/example_dags/example_kubernetes_executor_config.py for tasks to queue
[2022-07-19 06:40:51,741] {logging_mixin.py:109} INFO - [2022-07-19 06:40:51,741] {dagbag.py:500} INFO - Filling up the DagBag from /usr/local/lib/python3.8/site-packages/airflow/example_dags/example_kubernetes_executor_config.py
[2022-07-19 06:40:51,748] {logging_mixin.py:109} INFO - [2022-07-19 06:40:51,748] {example_kubernetes_executor_config.py:171} WARNING - Could not import DAGs in example_kubernetes_executor_config.py: No module named 'kubernetes'
[2022-07-19 06:40:51,748] {logging_mixin.py:109} INFO - [2022-07-19 06:40:51,748] {example_kubernetes_executor_config.py:172} WARNING - Install kubernetes dependencies with: pip install apache-airflow['cncf.kubernetes']
[2022-07-19 06:40:51,758] {processor.py:634} WARNING - No viable dags retrieved from /usr/local/lib/python3.8/site-packages/airflow/example_dags/example_kubernetes_executor_config.py
[2022-07-19 06:40:51,760] {processor.py:171} INFO - Processing /usr/local/lib/python3.8/site-packages/airflow/example_dags/example_kubernetes_executor_config.py took 0.026 seconds
[2022-07-19 06:41:27,212] {processor.py:163} INFO - Started process (PID=91835) to work on /usr/local/lib/python3.8/site-packages/airflow/example_dags/example_kubernetes_executor_config.py
[2022-07-19 06:41:27,213] {processor.py:620} INFO - Processing file /usr/local/lib/python3.8/site-packages/airflow/example_dags/example_kubernetes_executor_config.py for tasks to queue
[2022-07-19 06:41:27,214] {logging_mixin.py:109} INFO - [2022-07-19 06:41:27,214] {dagbag.py:500} INFO - Filling up the DagBag from /usr/local/lib/python3.8/site-packages/airflow/example_dags/example_kubernetes_executor_config.py
[2022-07-19 06:41:27,222] {logging_mixin.py:109} INFO - [2022-07-19 06:41:27,222] {example_kubernetes_executor_config.py:171} WARNING - Could not import DAGs in example_kubernetes_executor_config.py: No module named 'kubernetes'
[2022-07-19 06:41:27,223] {logging_mixin.py:109} INFO - [2022-07-19 06:41:27,222] {example_kubernetes_executor_config.py:172} WARNING - Install kubernetes dependencies with: pip install apache-airflow['cncf.kubernetes']
[2022-07-19 06:41:27,233] {processor.py:634} WARNING - No viable dags retrieved from /usr/local/lib/python3.8/site-packages/airflow/example_dags/example_kubernetes_executor_config.py
[2022-07-19 06:41:27,235] {processor.py:171} INFO - Processing /usr/local/lib/python3.8/site-packages/airflow/example_dags/example_kubernetes_executor_config.py took 0.028 seconds
[2022-07-19 06:42:00,056] {processor.py:163} INFO - Started process (PID=92207) to work on /usr/local/lib/python3.8/site-packages/airflow/example_dags/example_kubernetes_executor_config.py
[2022-07-19 06:42:00,056] {processor.py:620} INFO - Processing file /usr/local/lib/python3.8/site-packages/airflow/example_dags/example_kubernetes_executor_config.py for tasks to queue
[2022-07-19 06:42:00,057] {logging_mixin.py:109} INFO - [2022-07-19 06:42:00,057] {dagbag.py:500} INFO - Filling up the DagBag from /usr/local/lib/python3.8/site-packages/airflow/example_dags/example_kubernetes_executor_config.py
[2022-07-19 06:42:00,060] {logging_mixin.py:109} INFO - [2022-07-19 06:42:00,060] {example_kubernetes_executor_config.py:171} WARNING - Could not import DAGs in example_kubernetes_executor_config.py: No module named 'kubernetes'
[2022-07-19 06:42:00,060] {logging_mixin.py:109} INFO - [2022-07-19 06:42:00,060] {example_kubernetes_executor_config.py:172} WARNING - Install kubernetes dependencies with: pip install apache-airflow['cncf.kubernetes']
[2022-07-19 06:42:00,066] {processor.py:634} WARNING - No viable dags retrieved from /usr/local/lib/python3.8/site-packages/airflow/example_dags/example_kubernetes_executor_config.py
[2022-07-19 06:42:00,067] {processor.py:171} INFO - Processing /usr/local/lib/python3.8/site-packages/airflow/example_dags/example_kubernetes_executor_config.py took 0.013 seconds
[2022-07-19 06:42:35,066] {processor.py:163} INFO - Started process (PID=92581) to work on /usr/local/lib/python3.8/site-packages/airflow/example_dags/example_kubernetes_executor_config.py
[2022-07-19 06:42:35,066] {processor.py:620} INFO - Processing file /usr/local/lib/python3.8/site-packages/airflow/example_dags/example_kubernetes_executor_config.py for tasks to queue
[2022-07-19 06:42:35,067] {logging_mixin.py:109} INFO - [2022-07-19 06:42:35,067] {dagbag.py:500} INFO - Filling up the DagBag from /usr/local/lib/python3.8/site-packages/airflow/example_dags/example_kubernetes_executor_config.py
[2022-07-19 06:42:35,074] {logging_mixin.py:109} INFO - [2022-07-19 06:42:35,074] {example_kubernetes_executor_config.py:171} WARNING - Could not import DAGs in example_kubernetes_executor_config.py: No module named 'kubernetes'
[2022-07-19 06:42:35,074] {logging_mixin.py:109} INFO - [2022-07-19 06:42:35,074] {example_kubernetes_executor_config.py:172} WARNING - Install kubernetes dependencies with: pip install apache-airflow['cncf.kubernetes']
[2022-07-19 06:42:35,084] {processor.py:634} WARNING - No viable dags retrieved from /usr/local/lib/python3.8/site-packages/airflow/example_dags/example_kubernetes_executor_config.py
[2022-07-19 06:42:35,086] {processor.py:171} INFO - Processing /usr/local/lib/python3.8/site-packages/airflow/example_dags/example_kubernetes_executor_config.py took 0.025 seconds
[2022-07-19 06:43:10,089] {processor.py:163} INFO - Started process (PID=93008) to work on /usr/local/lib/python3.8/site-packages/airflow/example_dags/example_kubernetes_executor_config.py
[2022-07-19 06:43:10,090] {processor.py:620} INFO - Processing file /usr/local/lib/python3.8/site-packages/airflow/example_dags/example_kubernetes_executor_config.py for tasks to queue
[2022-07-19 06:43:10,090] {logging_mixin.py:109} INFO - [2022-07-19 06:43:10,090] {dagbag.py:500} INFO - Filling up the DagBag from /usr/local/lib/python3.8/site-packages/airflow/example_dags/example_kubernetes_executor_config.py
[2022-07-19 06:43:10,094] {logging_mixin.py:109} INFO - [2022-07-19 06:43:10,094] {example_kubernetes_executor_config.py:171} WARNING - Could not import DAGs in example_kubernetes_executor_config.py: No module named 'kubernetes'
[2022-07-19 06:43:10,094] {logging_mixin.py:109} INFO - [2022-07-19 06:43:10,094] {example_kubernetes_executor_config.py:172} WARNING - Install kubernetes dependencies with: pip install apache-airflow['cncf.kubernetes']
[2022-07-19 06:43:10,101] {processor.py:634} WARNING - No viable dags retrieved from /usr/local/lib/python3.8/site-packages/airflow/example_dags/example_kubernetes_executor_config.py
[2022-07-19 06:43:10,103] {processor.py:171} INFO - Processing /usr/local/lib/python3.8/site-packages/airflow/example_dags/example_kubernetes_executor_config.py took 0.016 seconds
[2022-07-19 06:43:46,179] {processor.py:163} INFO - Started process (PID=93511) to work on /usr/local/lib/python3.8/site-packages/airflow/example_dags/example_kubernetes_executor_config.py
[2022-07-19 06:43:46,180] {processor.py:620} INFO - Processing file /usr/local/lib/python3.8/site-packages/airflow/example_dags/example_kubernetes_executor_config.py for tasks to queue
[2022-07-19 06:43:46,181] {logging_mixin.py:109} INFO - [2022-07-19 06:43:46,181] {dagbag.py:500} INFO - Filling up the DagBag from /usr/local/lib/python3.8/site-packages/airflow/example_dags/example_kubernetes_executor_config.py
[2022-07-19 06:43:46,188] {logging_mixin.py:109} INFO - [2022-07-19 06:43:46,188] {example_kubernetes_executor_config.py:171} WARNING - Could not import DAGs in example_kubernetes_executor_config.py: No module named 'kubernetes'
[2022-07-19 06:43:46,188] {logging_mixin.py:109} INFO - [2022-07-19 06:43:46,188] {example_kubernetes_executor_config.py:172} WARNING - Install kubernetes dependencies with: pip install apache-airflow['cncf.kubernetes']
[2022-07-19 06:43:46,199] {processor.py:634} WARNING - No viable dags retrieved from /usr/local/lib/python3.8/site-packages/airflow/example_dags/example_kubernetes_executor_config.py
[2022-07-19 06:43:46,201] {processor.py:171} INFO - Processing /usr/local/lib/python3.8/site-packages/airflow/example_dags/example_kubernetes_executor_config.py took 0.026 seconds
[2022-07-19 06:44:22,447] {processor.py:163} INFO - Started process (PID=93957) to work on /usr/local/lib/python3.8/site-packages/airflow/example_dags/example_kubernetes_executor_config.py
[2022-07-19 06:44:22,448] {processor.py:620} INFO - Processing file /usr/local/lib/python3.8/site-packages/airflow/example_dags/example_kubernetes_executor_config.py for tasks to queue
[2022-07-19 06:44:22,449] {logging_mixin.py:109} INFO - [2022-07-19 06:44:22,449] {dagbag.py:500} INFO - Filling up the DagBag from /usr/local/lib/python3.8/site-packages/airflow/example_dags/example_kubernetes_executor_config.py
[2022-07-19 06:44:22,460] {logging_mixin.py:109} INFO - [2022-07-19 06:44:22,459] {example_kubernetes_executor_config.py:171} WARNING - Could not import DAGs in example_kubernetes_executor_config.py: No module named 'kubernetes'
[2022-07-19 06:44:22,460] {logging_mixin.py:109} INFO - [2022-07-19 06:44:22,460] {example_kubernetes_executor_config.py:172} WARNING - Install kubernetes dependencies with: pip install apache-airflow['cncf.kubernetes']
[2022-07-19 06:44:22,471] {processor.py:634} WARNING - No viable dags retrieved from /usr/local/lib/python3.8/site-packages/airflow/example_dags/example_kubernetes_executor_config.py
[2022-07-19 06:44:22,473] {processor.py:171} INFO - Processing /usr/local/lib/python3.8/site-packages/airflow/example_dags/example_kubernetes_executor_config.py took 0.033 seconds
[2022-07-19 06:45:17,074] {processor.py:163} INFO - Started process (PID=94709) to work on /usr/local/lib/python3.8/site-packages/airflow/example_dags/example_kubernetes_executor_config.py
[2022-07-19 06:45:17,075] {processor.py:620} INFO - Processing file /usr/local/lib/python3.8/site-packages/airflow/example_dags/example_kubernetes_executor_config.py for tasks to queue
[2022-07-19 06:45:17,075] {logging_mixin.py:109} INFO - [2022-07-19 06:45:17,075] {dagbag.py:500} INFO - Filling up the DagBag from /usr/local/lib/python3.8/site-packages/airflow/example_dags/example_kubernetes_executor_config.py
[2022-07-19 06:45:17,079] {logging_mixin.py:109} INFO - [2022-07-19 06:45:17,079] {example_kubernetes_executor_config.py:171} WARNING - Could not import DAGs in example_kubernetes_executor_config.py: No module named 'kubernetes'
[2022-07-19 06:45:17,079] {logging_mixin.py:109} INFO - [2022-07-19 06:45:17,079] {example_kubernetes_executor_config.py:172} WARNING - Install kubernetes dependencies with: pip install apache-airflow['cncf.kubernetes']
[2022-07-19 06:45:17,085] {processor.py:634} WARNING - No viable dags retrieved from /usr/local/lib/python3.8/site-packages/airflow/example_dags/example_kubernetes_executor_config.py
[2022-07-19 06:45:17,086] {processor.py:171} INFO - Processing /usr/local/lib/python3.8/site-packages/airflow/example_dags/example_kubernetes_executor_config.py took 0.014 seconds
[2022-07-19 06:45:49,100] {processor.py:163} INFO - Started process (PID=95411) to work on /usr/local/lib/python3.8/site-packages/airflow/example_dags/example_kubernetes_executor_config.py
[2022-07-19 06:45:49,101] {processor.py:620} INFO - Processing file /usr/local/lib/python3.8/site-packages/airflow/example_dags/example_kubernetes_executor_config.py for tasks to queue
[2022-07-19 06:45:49,101] {logging_mixin.py:109} INFO - [2022-07-19 06:45:49,101] {dagbag.py:500} INFO - Filling up the DagBag from /usr/local/lib/python3.8/site-packages/airflow/example_dags/example_kubernetes_executor_config.py
[2022-07-19 06:45:49,107] {logging_mixin.py:109} INFO - [2022-07-19 06:45:49,107] {example_kubernetes_executor_config.py:171} WARNING - Could not import DAGs in example_kubernetes_executor_config.py: No module named 'kubernetes'
[2022-07-19 06:45:49,107] {logging_mixin.py:109} INFO - [2022-07-19 06:45:49,107] {example_kubernetes_executor_config.py:172} WARNING - Install kubernetes dependencies with: pip install apache-airflow['cncf.kubernetes']
[2022-07-19 06:45:49,116] {processor.py:634} WARNING - No viable dags retrieved from /usr/local/lib/python3.8/site-packages/airflow/example_dags/example_kubernetes_executor_config.py
[2022-07-19 06:45:49,118] {processor.py:171} INFO - Processing /usr/local/lib/python3.8/site-packages/airflow/example_dags/example_kubernetes_executor_config.py took 0.022 seconds
[2022-07-19 06:46:19,957] {processor.py:163} INFO - Started process (PID=95759) to work on /usr/local/lib/python3.8/site-packages/airflow/example_dags/example_kubernetes_executor_config.py
[2022-07-19 06:46:19,958] {processor.py:620} INFO - Processing file /usr/local/lib/python3.8/site-packages/airflow/example_dags/example_kubernetes_executor_config.py for tasks to queue
[2022-07-19 06:46:19,958] {logging_mixin.py:109} INFO - [2022-07-19 06:46:19,958] {dagbag.py:500} INFO - Filling up the DagBag from /usr/local/lib/python3.8/site-packages/airflow/example_dags/example_kubernetes_executor_config.py
[2022-07-19 06:46:19,964] {logging_mixin.py:109} INFO - [2022-07-19 06:46:19,964] {example_kubernetes_executor_config.py:171} WARNING - Could not import DAGs in example_kubernetes_executor_config.py: No module named 'kubernetes'
[2022-07-19 06:46:19,964] {logging_mixin.py:109} INFO - [2022-07-19 06:46:19,964] {example_kubernetes_executor_config.py:172} WARNING - Install kubernetes dependencies with: pip install apache-airflow['cncf.kubernetes']
[2022-07-19 06:46:19,973] {processor.py:634} WARNING - No viable dags retrieved from /usr/local/lib/python3.8/site-packages/airflow/example_dags/example_kubernetes_executor_config.py
[2022-07-19 06:46:19,975] {processor.py:171} INFO - Processing /usr/local/lib/python3.8/site-packages/airflow/example_dags/example_kubernetes_executor_config.py took 0.022 seconds
[2022-07-19 06:46:51,940] {processor.py:163} INFO - Started process (PID=96225) to work on /usr/local/lib/python3.8/site-packages/airflow/example_dags/example_kubernetes_executor_config.py
[2022-07-19 06:46:51,940] {processor.py:620} INFO - Processing file /usr/local/lib/python3.8/site-packages/airflow/example_dags/example_kubernetes_executor_config.py for tasks to queue
[2022-07-19 06:46:51,940] {logging_mixin.py:109} INFO - [2022-07-19 06:46:51,940] {dagbag.py:500} INFO - Filling up the DagBag from /usr/local/lib/python3.8/site-packages/airflow/example_dags/example_kubernetes_executor_config.py
[2022-07-19 06:46:51,946] {logging_mixin.py:109} INFO - [2022-07-19 06:46:51,946] {example_kubernetes_executor_config.py:171} WARNING - Could not import DAGs in example_kubernetes_executor_config.py: No module named 'kubernetes'
[2022-07-19 06:46:51,946] {logging_mixin.py:109} INFO - [2022-07-19 06:46:51,946] {example_kubernetes_executor_config.py:172} WARNING - Install kubernetes dependencies with: pip install apache-airflow['cncf.kubernetes']
[2022-07-19 06:46:51,953] {processor.py:634} WARNING - No viable dags retrieved from /usr/local/lib/python3.8/site-packages/airflow/example_dags/example_kubernetes_executor_config.py
[2022-07-19 06:46:51,954] {processor.py:171} INFO - Processing /usr/local/lib/python3.8/site-packages/airflow/example_dags/example_kubernetes_executor_config.py took 0.017 seconds
[2022-07-19 06:47:47,190] {processor.py:163} INFO - Started process (PID=97125) to work on /usr/local/lib/python3.8/site-packages/airflow/example_dags/example_kubernetes_executor_config.py
[2022-07-19 06:47:47,191] {processor.py:620} INFO - Processing file /usr/local/lib/python3.8/site-packages/airflow/example_dags/example_kubernetes_executor_config.py for tasks to queue
[2022-07-19 06:47:47,192] {logging_mixin.py:109} INFO - [2022-07-19 06:47:47,192] {dagbag.py:500} INFO - Filling up the DagBag from /usr/local/lib/python3.8/site-packages/airflow/example_dags/example_kubernetes_executor_config.py
[2022-07-19 06:47:47,199] {logging_mixin.py:109} INFO - [2022-07-19 06:47:47,199] {example_kubernetes_executor_config.py:171} WARNING - Could not import DAGs in example_kubernetes_executor_config.py: No module named 'kubernetes'
[2022-07-19 06:47:47,199] {logging_mixin.py:109} INFO - [2022-07-19 06:47:47,199] {example_kubernetes_executor_config.py:172} WARNING - Install kubernetes dependencies with: pip install apache-airflow['cncf.kubernetes']
[2022-07-19 06:47:47,211] {processor.py:634} WARNING - No viable dags retrieved from /usr/local/lib/python3.8/site-packages/airflow/example_dags/example_kubernetes_executor_config.py
[2022-07-19 06:47:47,213] {processor.py:171} INFO - Processing /usr/local/lib/python3.8/site-packages/airflow/example_dags/example_kubernetes_executor_config.py took 0.028 seconds
[2022-07-19 06:48:19,338] {processor.py:163} INFO - Started process (PID=98301) to work on /usr/local/lib/python3.8/site-packages/airflow/example_dags/example_kubernetes_executor_config.py
[2022-07-19 06:48:19,338] {processor.py:620} INFO - Processing file /usr/local/lib/python3.8/site-packages/airflow/example_dags/example_kubernetes_executor_config.py for tasks to queue
[2022-07-19 06:48:19,338] {logging_mixin.py:109} INFO - [2022-07-19 06:48:19,338] {dagbag.py:500} INFO - Filling up the DagBag from /usr/local/lib/python3.8/site-packages/airflow/example_dags/example_kubernetes_executor_config.py
[2022-07-19 06:48:19,341] {logging_mixin.py:109} INFO - [2022-07-19 06:48:19,341] {example_kubernetes_executor_config.py:171} WARNING - Could not import DAGs in example_kubernetes_executor_config.py: No module named 'kubernetes'
[2022-07-19 06:48:19,342] {logging_mixin.py:109} INFO - [2022-07-19 06:48:19,342] {example_kubernetes_executor_config.py:172} WARNING - Install kubernetes dependencies with: pip install apache-airflow['cncf.kubernetes']
[2022-07-19 06:48:19,347] {processor.py:634} WARNING - No viable dags retrieved from /usr/local/lib/python3.8/site-packages/airflow/example_dags/example_kubernetes_executor_config.py
[2022-07-19 06:48:19,348] {processor.py:171} INFO - Processing /usr/local/lib/python3.8/site-packages/airflow/example_dags/example_kubernetes_executor_config.py took 0.012 seconds
[2022-07-19 06:48:50,433] {processor.py:163} INFO - Started process (PID=99286) to work on /usr/local/lib/python3.8/site-packages/airflow/example_dags/example_kubernetes_executor_config.py
[2022-07-19 06:48:50,434] {processor.py:620} INFO - Processing file /usr/local/lib/python3.8/site-packages/airflow/example_dags/example_kubernetes_executor_config.py for tasks to queue
[2022-07-19 06:48:50,435] {logging_mixin.py:109} INFO - [2022-07-19 06:48:50,435] {dagbag.py:500} INFO - Filling up the DagBag from /usr/local/lib/python3.8/site-packages/airflow/example_dags/example_kubernetes_executor_config.py
[2022-07-19 06:48:50,443] {logging_mixin.py:109} INFO - [2022-07-19 06:48:50,443] {example_kubernetes_executor_config.py:171} WARNING - Could not import DAGs in example_kubernetes_executor_config.py: No module named 'kubernetes'
[2022-07-19 06:48:50,443] {logging_mixin.py:109} INFO - [2022-07-19 06:48:50,443] {example_kubernetes_executor_config.py:172} WARNING - Install kubernetes dependencies with: pip install apache-airflow['cncf.kubernetes']
[2022-07-19 06:48:50,455] {processor.py:634} WARNING - No viable dags retrieved from /usr/local/lib/python3.8/site-packages/airflow/example_dags/example_kubernetes_executor_config.py
[2022-07-19 06:48:50,457] {processor.py:171} INFO - Processing /usr/local/lib/python3.8/site-packages/airflow/example_dags/example_kubernetes_executor_config.py took 0.030 seconds
[2022-07-19 06:49:36,815] {processor.py:163} INFO - Started process (PID=977) to work on /usr/local/lib/python3.8/site-packages/airflow/example_dags/example_kubernetes_executor_config.py
[2022-07-19 06:49:36,816] {processor.py:620} INFO - Processing file /usr/local/lib/python3.8/site-packages/airflow/example_dags/example_kubernetes_executor_config.py for tasks to queue
[2022-07-19 06:49:36,816] {logging_mixin.py:109} INFO - [2022-07-19 06:49:36,816] {dagbag.py:500} INFO - Filling up the DagBag from /usr/local/lib/python3.8/site-packages/airflow/example_dags/example_kubernetes_executor_config.py
[2022-07-19 06:49:36,821] {logging_mixin.py:109} INFO - [2022-07-19 06:49:36,821] {example_kubernetes_executor_config.py:171} WARNING - Could not import DAGs in example_kubernetes_executor_config.py: No module named 'kubernetes'
[2022-07-19 06:49:36,821] {logging_mixin.py:109} INFO - [2022-07-19 06:49:36,821] {example_kubernetes_executor_config.py:172} WARNING - Install kubernetes dependencies with: pip install apache-airflow['cncf.kubernetes']
[2022-07-19 06:49:36,831] {processor.py:634} WARNING - No viable dags retrieved from /usr/local/lib/python3.8/site-packages/airflow/example_dags/example_kubernetes_executor_config.py
[2022-07-19 06:49:36,834] {processor.py:171} INFO - Processing /usr/local/lib/python3.8/site-packages/airflow/example_dags/example_kubernetes_executor_config.py took 0.021 seconds
[2022-07-19 06:50:08,899] {processor.py:163} INFO - Started process (PID=1924) to work on /usr/local/lib/python3.8/site-packages/airflow/example_dags/example_kubernetes_executor_config.py
[2022-07-19 06:50:08,900] {processor.py:620} INFO - Processing file /usr/local/lib/python3.8/site-packages/airflow/example_dags/example_kubernetes_executor_config.py for tasks to queue
[2022-07-19 06:50:08,900] {logging_mixin.py:109} INFO - [2022-07-19 06:50:08,900] {dagbag.py:500} INFO - Filling up the DagBag from /usr/local/lib/python3.8/site-packages/airflow/example_dags/example_kubernetes_executor_config.py
[2022-07-19 06:50:08,908] {logging_mixin.py:109} INFO - [2022-07-19 06:50:08,908] {example_kubernetes_executor_config.py:171} WARNING - Could not import DAGs in example_kubernetes_executor_config.py: No module named 'kubernetes'
[2022-07-19 06:50:08,908] {logging_mixin.py:109} INFO - [2022-07-19 06:50:08,908] {example_kubernetes_executor_config.py:172} WARNING - Install kubernetes dependencies with: pip install apache-airflow['cncf.kubernetes']
[2022-07-19 06:50:08,917] {processor.py:634} WARNING - No viable dags retrieved from /usr/local/lib/python3.8/site-packages/airflow/example_dags/example_kubernetes_executor_config.py
[2022-07-19 06:50:08,919] {processor.py:171} INFO - Processing /usr/local/lib/python3.8/site-packages/airflow/example_dags/example_kubernetes_executor_config.py took 0.025 seconds
[2022-07-19 06:50:39,861] {processor.py:163} INFO - Started process (PID=2262) to work on /usr/local/lib/python3.8/site-packages/airflow/example_dags/example_kubernetes_executor_config.py
[2022-07-19 06:50:39,862] {processor.py:620} INFO - Processing file /usr/local/lib/python3.8/site-packages/airflow/example_dags/example_kubernetes_executor_config.py for tasks to queue
[2022-07-19 06:50:39,863] {logging_mixin.py:109} INFO - [2022-07-19 06:50:39,863] {dagbag.py:500} INFO - Filling up the DagBag from /usr/local/lib/python3.8/site-packages/airflow/example_dags/example_kubernetes_executor_config.py
[2022-07-19 06:50:39,870] {logging_mixin.py:109} INFO - [2022-07-19 06:50:39,870] {example_kubernetes_executor_config.py:171} WARNING - Could not import DAGs in example_kubernetes_executor_config.py: No module named 'kubernetes'
[2022-07-19 06:50:39,870] {logging_mixin.py:109} INFO - [2022-07-19 06:50:39,870] {example_kubernetes_executor_config.py:172} WARNING - Install kubernetes dependencies with: pip install apache-airflow['cncf.kubernetes']
[2022-07-19 06:50:39,884] {processor.py:634} WARNING - No viable dags retrieved from /usr/local/lib/python3.8/site-packages/airflow/example_dags/example_kubernetes_executor_config.py
[2022-07-19 06:50:39,886] {processor.py:171} INFO - Processing /usr/local/lib/python3.8/site-packages/airflow/example_dags/example_kubernetes_executor_config.py took 0.030 seconds
[2022-07-19 06:51:11,950] {processor.py:163} INFO - Started process (PID=2978) to work on /usr/local/lib/python3.8/site-packages/airflow/example_dags/example_kubernetes_executor_config.py
[2022-07-19 06:51:11,951] {processor.py:620} INFO - Processing file /usr/local/lib/python3.8/site-packages/airflow/example_dags/example_kubernetes_executor_config.py for tasks to queue
[2022-07-19 06:51:11,951] {logging_mixin.py:109} INFO - [2022-07-19 06:51:11,951] {dagbag.py:500} INFO - Filling up the DagBag from /usr/local/lib/python3.8/site-packages/airflow/example_dags/example_kubernetes_executor_config.py
[2022-07-19 06:51:11,955] {logging_mixin.py:109} INFO - [2022-07-19 06:51:11,955] {example_kubernetes_executor_config.py:171} WARNING - Could not import DAGs in example_kubernetes_executor_config.py: No module named 'kubernetes'
[2022-07-19 06:51:11,955] {logging_mixin.py:109} INFO - [2022-07-19 06:51:11,955] {example_kubernetes_executor_config.py:172} WARNING - Install kubernetes dependencies with: pip install apache-airflow['cncf.kubernetes']
[2022-07-19 06:51:11,961] {processor.py:634} WARNING - No viable dags retrieved from /usr/local/lib/python3.8/site-packages/airflow/example_dags/example_kubernetes_executor_config.py
[2022-07-19 06:51:11,962] {processor.py:171} INFO - Processing /usr/local/lib/python3.8/site-packages/airflow/example_dags/example_kubernetes_executor_config.py took 0.015 seconds
[2022-07-19 06:51:42,884] {processor.py:163} INFO - Started process (PID=3688) to work on /usr/local/lib/python3.8/site-packages/airflow/example_dags/example_kubernetes_executor_config.py
[2022-07-19 06:51:42,885] {processor.py:620} INFO - Processing file /usr/local/lib/python3.8/site-packages/airflow/example_dags/example_kubernetes_executor_config.py for tasks to queue
[2022-07-19 06:51:42,886] {logging_mixin.py:109} INFO - [2022-07-19 06:51:42,886] {dagbag.py:500} INFO - Filling up the DagBag from /usr/local/lib/python3.8/site-packages/airflow/example_dags/example_kubernetes_executor_config.py
[2022-07-19 06:51:42,893] {logging_mixin.py:109} INFO - [2022-07-19 06:51:42,893] {example_kubernetes_executor_config.py:171} WARNING - Could not import DAGs in example_kubernetes_executor_config.py: No module named 'kubernetes'
[2022-07-19 06:51:42,893] {logging_mixin.py:109} INFO - [2022-07-19 06:51:42,893] {example_kubernetes_executor_config.py:172} WARNING - Install kubernetes dependencies with: pip install apache-airflow['cncf.kubernetes']
[2022-07-19 06:51:42,904] {processor.py:634} WARNING - No viable dags retrieved from /usr/local/lib/python3.8/site-packages/airflow/example_dags/example_kubernetes_executor_config.py
[2022-07-19 06:51:42,906] {processor.py:171} INFO - Processing /usr/local/lib/python3.8/site-packages/airflow/example_dags/example_kubernetes_executor_config.py took 0.027 seconds
[2022-07-19 06:52:14,952] {processor.py:163} INFO - Started process (PID=4046) to work on /usr/local/lib/python3.8/site-packages/airflow/example_dags/example_kubernetes_executor_config.py
[2022-07-19 06:52:14,954] {processor.py:620} INFO - Processing file /usr/local/lib/python3.8/site-packages/airflow/example_dags/example_kubernetes_executor_config.py for tasks to queue
[2022-07-19 06:52:14,954] {logging_mixin.py:109} INFO - [2022-07-19 06:52:14,954] {dagbag.py:500} INFO - Filling up the DagBag from /usr/local/lib/python3.8/site-packages/airflow/example_dags/example_kubernetes_executor_config.py
[2022-07-19 06:52:14,961] {logging_mixin.py:109} INFO - [2022-07-19 06:52:14,961] {example_kubernetes_executor_config.py:171} WARNING - Could not import DAGs in example_kubernetes_executor_config.py: No module named 'kubernetes'
[2022-07-19 06:52:14,961] {logging_mixin.py:109} INFO - [2022-07-19 06:52:14,961] {example_kubernetes_executor_config.py:172} WARNING - Install kubernetes dependencies with: pip install apache-airflow['cncf.kubernetes']
[2022-07-19 06:52:14,968] {processor.py:634} WARNING - No viable dags retrieved from /usr/local/lib/python3.8/site-packages/airflow/example_dags/example_kubernetes_executor_config.py
[2022-07-19 06:52:14,970] {processor.py:171} INFO - Processing /usr/local/lib/python3.8/site-packages/airflow/example_dags/example_kubernetes_executor_config.py took 0.022 seconds
[2022-07-19 06:52:45,825] {processor.py:163} INFO - Started process (PID=4589) to work on /usr/local/lib/python3.8/site-packages/airflow/example_dags/example_kubernetes_executor_config.py
[2022-07-19 06:52:45,826] {processor.py:620} INFO - Processing file /usr/local/lib/python3.8/site-packages/airflow/example_dags/example_kubernetes_executor_config.py for tasks to queue
[2022-07-19 06:52:45,826] {logging_mixin.py:109} INFO - [2022-07-19 06:52:45,826] {dagbag.py:500} INFO - Filling up the DagBag from /usr/local/lib/python3.8/site-packages/airflow/example_dags/example_kubernetes_executor_config.py
[2022-07-19 06:52:45,834] {logging_mixin.py:109} INFO - [2022-07-19 06:52:45,833] {example_kubernetes_executor_config.py:171} WARNING - Could not import DAGs in example_kubernetes_executor_config.py: No module named 'kubernetes'
[2022-07-19 06:52:45,834] {logging_mixin.py:109} INFO - [2022-07-19 06:52:45,834] {example_kubernetes_executor_config.py:172} WARNING - Install kubernetes dependencies with: pip install apache-airflow['cncf.kubernetes']
[2022-07-19 06:52:45,843] {processor.py:634} WARNING - No viable dags retrieved from /usr/local/lib/python3.8/site-packages/airflow/example_dags/example_kubernetes_executor_config.py
[2022-07-19 06:52:45,845] {processor.py:171} INFO - Processing /usr/local/lib/python3.8/site-packages/airflow/example_dags/example_kubernetes_executor_config.py took 0.025 seconds
[2022-07-19 06:53:17,283] {processor.py:163} INFO - Started process (PID=4974) to work on /usr/local/lib/python3.8/site-packages/airflow/example_dags/example_kubernetes_executor_config.py
[2022-07-19 06:53:17,284] {processor.py:620} INFO - Processing file /usr/local/lib/python3.8/site-packages/airflow/example_dags/example_kubernetes_executor_config.py for tasks to queue
[2022-07-19 06:53:17,284] {logging_mixin.py:109} INFO - [2022-07-19 06:53:17,284] {dagbag.py:500} INFO - Filling up the DagBag from /usr/local/lib/python3.8/site-packages/airflow/example_dags/example_kubernetes_executor_config.py
[2022-07-19 06:53:17,291] {logging_mixin.py:109} INFO - [2022-07-19 06:53:17,291] {example_kubernetes_executor_config.py:171} WARNING - Could not import DAGs in example_kubernetes_executor_config.py: No module named 'kubernetes'
[2022-07-19 06:53:17,291] {logging_mixin.py:109} INFO - [2022-07-19 06:53:17,291] {example_kubernetes_executor_config.py:172} WARNING - Install kubernetes dependencies with: pip install apache-airflow['cncf.kubernetes']
[2022-07-19 06:53:17,302] {processor.py:634} WARNING - No viable dags retrieved from /usr/local/lib/python3.8/site-packages/airflow/example_dags/example_kubernetes_executor_config.py
[2022-07-19 06:53:17,304] {processor.py:171} INFO - Processing /usr/local/lib/python3.8/site-packages/airflow/example_dags/example_kubernetes_executor_config.py took 0.026 seconds
[2022-07-19 06:53:48,422] {processor.py:163} INFO - Started process (PID=5314) to work on /usr/local/lib/python3.8/site-packages/airflow/example_dags/example_kubernetes_executor_config.py
[2022-07-19 06:53:48,423] {processor.py:620} INFO - Processing file /usr/local/lib/python3.8/site-packages/airflow/example_dags/example_kubernetes_executor_config.py for tasks to queue
[2022-07-19 06:53:48,423] {logging_mixin.py:109} INFO - [2022-07-19 06:53:48,423] {dagbag.py:500} INFO - Filling up the DagBag from /usr/local/lib/python3.8/site-packages/airflow/example_dags/example_kubernetes_executor_config.py
[2022-07-19 06:53:48,428] {logging_mixin.py:109} INFO - [2022-07-19 06:53:48,428] {example_kubernetes_executor_config.py:171} WARNING - Could not import DAGs in example_kubernetes_executor_config.py: No module named 'kubernetes'
[2022-07-19 06:53:48,428] {logging_mixin.py:109} INFO - [2022-07-19 06:53:48,428] {example_kubernetes_executor_config.py:172} WARNING - Install kubernetes dependencies with: pip install apache-airflow['cncf.kubernetes']
[2022-07-19 06:53:48,436] {processor.py:634} WARNING - No viable dags retrieved from /usr/local/lib/python3.8/site-packages/airflow/example_dags/example_kubernetes_executor_config.py
[2022-07-19 06:53:48,437] {processor.py:171} INFO - Processing /usr/local/lib/python3.8/site-packages/airflow/example_dags/example_kubernetes_executor_config.py took 0.019 seconds
[2022-07-19 06:54:19,387] {processor.py:163} INFO - Started process (PID=5698) to work on /usr/local/lib/python3.8/site-packages/airflow/example_dags/example_kubernetes_executor_config.py
[2022-07-19 06:54:19,387] {processor.py:620} INFO - Processing file /usr/local/lib/python3.8/site-packages/airflow/example_dags/example_kubernetes_executor_config.py for tasks to queue
[2022-07-19 06:54:19,388] {logging_mixin.py:109} INFO - [2022-07-19 06:54:19,388] {dagbag.py:500} INFO - Filling up the DagBag from /usr/local/lib/python3.8/site-packages/airflow/example_dags/example_kubernetes_executor_config.py
[2022-07-19 06:54:19,391] {logging_mixin.py:109} INFO - [2022-07-19 06:54:19,391] {example_kubernetes_executor_config.py:171} WARNING - Could not import DAGs in example_kubernetes_executor_config.py: No module named 'kubernetes'
[2022-07-19 06:54:19,391] {logging_mixin.py:109} INFO - [2022-07-19 06:54:19,391] {example_kubernetes_executor_config.py:172} WARNING - Install kubernetes dependencies with: pip install apache-airflow['cncf.kubernetes']
[2022-07-19 06:54:19,396] {processor.py:634} WARNING - No viable dags retrieved from /usr/local/lib/python3.8/site-packages/airflow/example_dags/example_kubernetes_executor_config.py
[2022-07-19 06:54:19,398] {processor.py:171} INFO - Processing /usr/local/lib/python3.8/site-packages/airflow/example_dags/example_kubernetes_executor_config.py took 0.013 seconds
[2022-07-19 06:54:51,538] {processor.py:163} INFO - Started process (PID=6068) to work on /usr/local/lib/python3.8/site-packages/airflow/example_dags/example_kubernetes_executor_config.py
[2022-07-19 06:54:51,539] {processor.py:620} INFO - Processing file /usr/local/lib/python3.8/site-packages/airflow/example_dags/example_kubernetes_executor_config.py for tasks to queue
[2022-07-19 06:54:51,539] {logging_mixin.py:109} INFO - [2022-07-19 06:54:51,539] {dagbag.py:500} INFO - Filling up the DagBag from /usr/local/lib/python3.8/site-packages/airflow/example_dags/example_kubernetes_executor_config.py
[2022-07-19 06:54:51,547] {logging_mixin.py:109} INFO - [2022-07-19 06:54:51,547] {example_kubernetes_executor_config.py:171} WARNING - Could not import DAGs in example_kubernetes_executor_config.py: No module named 'kubernetes'
[2022-07-19 06:54:51,547] {logging_mixin.py:109} INFO - [2022-07-19 06:54:51,547] {example_kubernetes_executor_config.py:172} WARNING - Install kubernetes dependencies with: pip install apache-airflow['cncf.kubernetes']
[2022-07-19 06:54:51,560] {processor.py:634} WARNING - No viable dags retrieved from /usr/local/lib/python3.8/site-packages/airflow/example_dags/example_kubernetes_executor_config.py
[2022-07-19 06:54:51,563] {processor.py:171} INFO - Processing /usr/local/lib/python3.8/site-packages/airflow/example_dags/example_kubernetes_executor_config.py took 0.030 seconds
[2022-07-19 06:55:22,601] {processor.py:163} INFO - Started process (PID=6487) to work on /usr/local/lib/python3.8/site-packages/airflow/example_dags/example_kubernetes_executor_config.py
[2022-07-19 06:55:22,602] {processor.py:620} INFO - Processing file /usr/local/lib/python3.8/site-packages/airflow/example_dags/example_kubernetes_executor_config.py for tasks to queue
[2022-07-19 06:55:22,603] {logging_mixin.py:109} INFO - [2022-07-19 06:55:22,603] {dagbag.py:500} INFO - Filling up the DagBag from /usr/local/lib/python3.8/site-packages/airflow/example_dags/example_kubernetes_executor_config.py
[2022-07-19 06:55:22,609] {logging_mixin.py:109} INFO - [2022-07-19 06:55:22,609] {example_kubernetes_executor_config.py:171} WARNING - Could not import DAGs in example_kubernetes_executor_config.py: No module named 'kubernetes'
[2022-07-19 06:55:22,609] {logging_mixin.py:109} INFO - [2022-07-19 06:55:22,609] {example_kubernetes_executor_config.py:172} WARNING - Install kubernetes dependencies with: pip install apache-airflow['cncf.kubernetes']
[2022-07-19 06:55:22,620] {processor.py:634} WARNING - No viable dags retrieved from /usr/local/lib/python3.8/site-packages/airflow/example_dags/example_kubernetes_executor_config.py
[2022-07-19 06:55:22,622] {processor.py:171} INFO - Processing /usr/local/lib/python3.8/site-packages/airflow/example_dags/example_kubernetes_executor_config.py took 0.025 seconds
[2022-07-19 06:55:53,623] {processor.py:163} INFO - Started process (PID=6918) to work on /usr/local/lib/python3.8/site-packages/airflow/example_dags/example_kubernetes_executor_config.py
[2022-07-19 06:55:53,624] {processor.py:620} INFO - Processing file /usr/local/lib/python3.8/site-packages/airflow/example_dags/example_kubernetes_executor_config.py for tasks to queue
[2022-07-19 06:55:53,624] {logging_mixin.py:109} INFO - [2022-07-19 06:55:53,624] {dagbag.py:500} INFO - Filling up the DagBag from /usr/local/lib/python3.8/site-packages/airflow/example_dags/example_kubernetes_executor_config.py
[2022-07-19 06:55:53,627] {logging_mixin.py:109} INFO - [2022-07-19 06:55:53,627] {example_kubernetes_executor_config.py:171} WARNING - Could not import DAGs in example_kubernetes_executor_config.py: No module named 'kubernetes'
[2022-07-19 06:55:53,627] {logging_mixin.py:109} INFO - [2022-07-19 06:55:53,627] {example_kubernetes_executor_config.py:172} WARNING - Install kubernetes dependencies with: pip install apache-airflow['cncf.kubernetes']
[2022-07-19 06:55:53,633] {processor.py:634} WARNING - No viable dags retrieved from /usr/local/lib/python3.8/site-packages/airflow/example_dags/example_kubernetes_executor_config.py
[2022-07-19 06:55:53,635] {processor.py:171} INFO - Processing /usr/local/lib/python3.8/site-packages/airflow/example_dags/example_kubernetes_executor_config.py took 0.013 seconds
[2022-07-19 06:56:26,880] {processor.py:163} INFO - Started process (PID=7356) to work on /usr/local/lib/python3.8/site-packages/airflow/example_dags/example_kubernetes_executor_config.py
[2022-07-19 06:56:26,881] {processor.py:620} INFO - Processing file /usr/local/lib/python3.8/site-packages/airflow/example_dags/example_kubernetes_executor_config.py for tasks to queue
[2022-07-19 06:56:26,881] {logging_mixin.py:109} INFO - [2022-07-19 06:56:26,881] {dagbag.py:500} INFO - Filling up the DagBag from /usr/local/lib/python3.8/site-packages/airflow/example_dags/example_kubernetes_executor_config.py
[2022-07-19 06:56:26,885] {logging_mixin.py:109} INFO - [2022-07-19 06:56:26,885] {example_kubernetes_executor_config.py:171} WARNING - Could not import DAGs in example_kubernetes_executor_config.py: No module named 'kubernetes'
[2022-07-19 06:56:26,885] {logging_mixin.py:109} INFO - [2022-07-19 06:56:26,885] {example_kubernetes_executor_config.py:172} WARNING - Install kubernetes dependencies with: pip install apache-airflow['cncf.kubernetes']
[2022-07-19 06:56:26,892] {processor.py:634} WARNING - No viable dags retrieved from /usr/local/lib/python3.8/site-packages/airflow/example_dags/example_kubernetes_executor_config.py
[2022-07-19 06:56:26,893] {processor.py:171} INFO - Processing /usr/local/lib/python3.8/site-packages/airflow/example_dags/example_kubernetes_executor_config.py took 0.015 seconds
[2022-07-19 06:56:57,739] {processor.py:163} INFO - Started process (PID=7733) to work on /usr/local/lib/python3.8/site-packages/airflow/example_dags/example_kubernetes_executor_config.py
[2022-07-19 06:56:57,740] {processor.py:620} INFO - Processing file /usr/local/lib/python3.8/site-packages/airflow/example_dags/example_kubernetes_executor_config.py for tasks to queue
[2022-07-19 06:56:57,741] {logging_mixin.py:109} INFO - [2022-07-19 06:56:57,741] {dagbag.py:500} INFO - Filling up the DagBag from /usr/local/lib/python3.8/site-packages/airflow/example_dags/example_kubernetes_executor_config.py
[2022-07-19 06:56:57,748] {logging_mixin.py:109} INFO - [2022-07-19 06:56:57,748] {example_kubernetes_executor_config.py:171} WARNING - Could not import DAGs in example_kubernetes_executor_config.py: No module named 'kubernetes'
[2022-07-19 06:56:57,748] {logging_mixin.py:109} INFO - [2022-07-19 06:56:57,748] {example_kubernetes_executor_config.py:172} WARNING - Install kubernetes dependencies with: pip install apache-airflow['cncf.kubernetes']
[2022-07-19 06:56:57,760] {processor.py:634} WARNING - No viable dags retrieved from /usr/local/lib/python3.8/site-packages/airflow/example_dags/example_kubernetes_executor_config.py
[2022-07-19 06:56:57,762] {processor.py:171} INFO - Processing /usr/local/lib/python3.8/site-packages/airflow/example_dags/example_kubernetes_executor_config.py took 0.028 seconds
[2022-07-19 06:57:29,148] {processor.py:163} INFO - Started process (PID=8121) to work on /usr/local/lib/python3.8/site-packages/airflow/example_dags/example_kubernetes_executor_config.py
[2022-07-19 06:57:29,149] {processor.py:620} INFO - Processing file /usr/local/lib/python3.8/site-packages/airflow/example_dags/example_kubernetes_executor_config.py for tasks to queue
[2022-07-19 06:57:29,149] {logging_mixin.py:109} INFO - [2022-07-19 06:57:29,149] {dagbag.py:500} INFO - Filling up the DagBag from /usr/local/lib/python3.8/site-packages/airflow/example_dags/example_kubernetes_executor_config.py
[2022-07-19 06:57:29,152] {logging_mixin.py:109} INFO - [2022-07-19 06:57:29,152] {example_kubernetes_executor_config.py:171} WARNING - Could not import DAGs in example_kubernetes_executor_config.py: No module named 'kubernetes'
[2022-07-19 06:57:29,152] {logging_mixin.py:109} INFO - [2022-07-19 06:57:29,152] {example_kubernetes_executor_config.py:172} WARNING - Install kubernetes dependencies with: pip install apache-airflow['cncf.kubernetes']
[2022-07-19 06:57:29,157] {processor.py:634} WARNING - No viable dags retrieved from /usr/local/lib/python3.8/site-packages/airflow/example_dags/example_kubernetes_executor_config.py
[2022-07-19 06:57:29,158] {processor.py:171} INFO - Processing /usr/local/lib/python3.8/site-packages/airflow/example_dags/example_kubernetes_executor_config.py took 0.011 seconds
[2022-07-19 06:58:01,311] {processor.py:163} INFO - Started process (PID=8468) to work on /usr/local/lib/python3.8/site-packages/airflow/example_dags/example_kubernetes_executor_config.py
[2022-07-19 06:58:01,312] {processor.py:620} INFO - Processing file /usr/local/lib/python3.8/site-packages/airflow/example_dags/example_kubernetes_executor_config.py for tasks to queue
[2022-07-19 06:58:01,313] {logging_mixin.py:109} INFO - [2022-07-19 06:58:01,313] {dagbag.py:500} INFO - Filling up the DagBag from /usr/local/lib/python3.8/site-packages/airflow/example_dags/example_kubernetes_executor_config.py
[2022-07-19 06:58:01,319] {logging_mixin.py:109} INFO - [2022-07-19 06:58:01,319] {example_kubernetes_executor_config.py:171} WARNING - Could not import DAGs in example_kubernetes_executor_config.py: No module named 'kubernetes'
[2022-07-19 06:58:01,319] {logging_mixin.py:109} INFO - [2022-07-19 06:58:01,319] {example_kubernetes_executor_config.py:172} WARNING - Install kubernetes dependencies with: pip install apache-airflow['cncf.kubernetes']
[2022-07-19 06:58:01,325] {processor.py:634} WARNING - No viable dags retrieved from /usr/local/lib/python3.8/site-packages/airflow/example_dags/example_kubernetes_executor_config.py
[2022-07-19 06:58:01,327] {processor.py:171} INFO - Processing /usr/local/lib/python3.8/site-packages/airflow/example_dags/example_kubernetes_executor_config.py took 0.020 seconds
[2022-07-19 06:58:32,305] {processor.py:163} INFO - Started process (PID=8816) to work on /usr/local/lib/python3.8/site-packages/airflow/example_dags/example_kubernetes_executor_config.py
[2022-07-19 06:58:32,306] {processor.py:620} INFO - Processing file /usr/local/lib/python3.8/site-packages/airflow/example_dags/example_kubernetes_executor_config.py for tasks to queue
[2022-07-19 06:58:32,306] {logging_mixin.py:109} INFO - [2022-07-19 06:58:32,306] {dagbag.py:500} INFO - Filling up the DagBag from /usr/local/lib/python3.8/site-packages/airflow/example_dags/example_kubernetes_executor_config.py
[2022-07-19 06:58:32,312] {logging_mixin.py:109} INFO - [2022-07-19 06:58:32,312] {example_kubernetes_executor_config.py:171} WARNING - Could not import DAGs in example_kubernetes_executor_config.py: No module named 'kubernetes'
[2022-07-19 06:58:32,312] {logging_mixin.py:109} INFO - [2022-07-19 06:58:32,312] {example_kubernetes_executor_config.py:172} WARNING - Install kubernetes dependencies with: pip install apache-airflow['cncf.kubernetes']
[2022-07-19 06:58:32,320] {processor.py:634} WARNING - No viable dags retrieved from /usr/local/lib/python3.8/site-packages/airflow/example_dags/example_kubernetes_executor_config.py
[2022-07-19 06:58:32,321] {processor.py:171} INFO - Processing /usr/local/lib/python3.8/site-packages/airflow/example_dags/example_kubernetes_executor_config.py took 0.020 seconds
[2022-07-19 06:59:04,572] {processor.py:163} INFO - Started process (PID=9659) to work on /usr/local/lib/python3.8/site-packages/airflow/example_dags/example_kubernetes_executor_config.py
[2022-07-19 06:59:04,574] {processor.py:620} INFO - Processing file /usr/local/lib/python3.8/site-packages/airflow/example_dags/example_kubernetes_executor_config.py for tasks to queue
[2022-07-19 06:59:04,574] {logging_mixin.py:109} INFO - [2022-07-19 06:59:04,574] {dagbag.py:500} INFO - Filling up the DagBag from /usr/local/lib/python3.8/site-packages/airflow/example_dags/example_kubernetes_executor_config.py
[2022-07-19 06:59:04,581] {logging_mixin.py:109} INFO - [2022-07-19 06:59:04,581] {example_kubernetes_executor_config.py:171} WARNING - Could not import DAGs in example_kubernetes_executor_config.py: No module named 'kubernetes'
[2022-07-19 06:59:04,582] {logging_mixin.py:109} INFO - [2022-07-19 06:59:04,582] {example_kubernetes_executor_config.py:172} WARNING - Install kubernetes dependencies with: pip install apache-airflow['cncf.kubernetes']
[2022-07-19 06:59:04,593] {processor.py:634} WARNING - No viable dags retrieved from /usr/local/lib/python3.8/site-packages/airflow/example_dags/example_kubernetes_executor_config.py
[2022-07-19 06:59:04,595] {processor.py:171} INFO - Processing /usr/local/lib/python3.8/site-packages/airflow/example_dags/example_kubernetes_executor_config.py took 0.027 seconds
[2022-07-19 06:59:36,090] {processor.py:163} INFO - Started process (PID=10911) to work on /usr/local/lib/python3.8/site-packages/airflow/example_dags/example_kubernetes_executor_config.py
[2022-07-19 06:59:36,090] {processor.py:620} INFO - Processing file /usr/local/lib/python3.8/site-packages/airflow/example_dags/example_kubernetes_executor_config.py for tasks to queue
[2022-07-19 06:59:36,091] {logging_mixin.py:109} INFO - [2022-07-19 06:59:36,091] {dagbag.py:500} INFO - Filling up the DagBag from /usr/local/lib/python3.8/site-packages/airflow/example_dags/example_kubernetes_executor_config.py
[2022-07-19 06:59:36,097] {logging_mixin.py:109} INFO - [2022-07-19 06:59:36,097] {example_kubernetes_executor_config.py:171} WARNING - Could not import DAGs in example_kubernetes_executor_config.py: No module named 'kubernetes'
[2022-07-19 06:59:36,097] {logging_mixin.py:109} INFO - [2022-07-19 06:59:36,097] {example_kubernetes_executor_config.py:172} WARNING - Install kubernetes dependencies with: pip install apache-airflow['cncf.kubernetes']
[2022-07-19 06:59:36,108] {processor.py:634} WARNING - No viable dags retrieved from /usr/local/lib/python3.8/site-packages/airflow/example_dags/example_kubernetes_executor_config.py
[2022-07-19 06:59:36,110] {processor.py:171} INFO - Processing /usr/local/lib/python3.8/site-packages/airflow/example_dags/example_kubernetes_executor_config.py took 0.024 seconds
