[2022-07-19 06:29:52,173] {processor.py:163} INFO - Started process (PID=81036) to work on /usr/local/lib/python3.8/site-packages/airflow/example_dags/plugins/workday.py
[2022-07-19 06:29:52,174] {processor.py:620} INFO - Processing file /usr/local/lib/python3.8/site-packages/airflow/example_dags/plugins/workday.py for tasks to queue
[2022-07-19 06:29:52,174] {logging_mixin.py:109} INFO - [2022-07-19 06:29:52,174] {dagbag.py:500} INFO - Filling up the DagBag from /usr/local/lib/python3.8/site-packages/airflow/example_dags/plugins/workday.py
[2022-07-19 06:29:52,182] {processor.py:634} WARNING - No viable dags retrieved from /usr/local/lib/python3.8/site-packages/airflow/example_dags/plugins/workday.py
[2022-07-19 06:29:52,183] {processor.py:171} INFO - Processing /usr/local/lib/python3.8/site-packages/airflow/example_dags/plugins/workday.py took 0.013 seconds
[2022-07-19 06:30:24,532] {processor.py:163} INFO - Started process (PID=81433) to work on /usr/local/lib/python3.8/site-packages/airflow/example_dags/plugins/workday.py
[2022-07-19 06:30:24,534] {processor.py:620} INFO - Processing file /usr/local/lib/python3.8/site-packages/airflow/example_dags/plugins/workday.py for tasks to queue
[2022-07-19 06:30:24,534] {logging_mixin.py:109} INFO - [2022-07-19 06:30:24,534] {dagbag.py:500} INFO - Filling up the DagBag from /usr/local/lib/python3.8/site-packages/airflow/example_dags/plugins/workday.py
[2022-07-19 06:30:24,548] {processor.py:634} WARNING - No viable dags retrieved from /usr/local/lib/python3.8/site-packages/airflow/example_dags/plugins/workday.py
[2022-07-19 06:30:24,551] {processor.py:171} INFO - Processing /usr/local/lib/python3.8/site-packages/airflow/example_dags/plugins/workday.py took 0.024 seconds
[2022-07-19 06:30:57,728] {processor.py:163} INFO - Started process (PID=81870) to work on /usr/local/lib/python3.8/site-packages/airflow/example_dags/plugins/workday.py
[2022-07-19 06:30:57,733] {processor.py:620} INFO - Processing file /usr/local/lib/python3.8/site-packages/airflow/example_dags/plugins/workday.py for tasks to queue
[2022-07-19 06:30:57,737] {logging_mixin.py:109} INFO - [2022-07-19 06:30:57,735] {dagbag.py:500} INFO - Filling up the DagBag from /usr/local/lib/python3.8/site-packages/airflow/example_dags/plugins/workday.py
[2022-07-19 06:30:57,759] {processor.py:634} WARNING - No viable dags retrieved from /usr/local/lib/python3.8/site-packages/airflow/example_dags/plugins/workday.py
[2022-07-19 06:30:57,761] {processor.py:171} INFO - Processing /usr/local/lib/python3.8/site-packages/airflow/example_dags/plugins/workday.py took 0.037 seconds
[2022-07-19 06:31:31,003] {processor.py:163} INFO - Started process (PID=82573) to work on /usr/local/lib/python3.8/site-packages/airflow/example_dags/plugins/workday.py
[2022-07-19 06:31:31,005] {processor.py:620} INFO - Processing file /usr/local/lib/python3.8/site-packages/airflow/example_dags/plugins/workday.py for tasks to queue
[2022-07-19 06:31:31,005] {logging_mixin.py:109} INFO - [2022-07-19 06:31:31,005] {dagbag.py:500} INFO - Filling up the DagBag from /usr/local/lib/python3.8/site-packages/airflow/example_dags/plugins/workday.py
[2022-07-19 06:31:31,021] {processor.py:634} WARNING - No viable dags retrieved from /usr/local/lib/python3.8/site-packages/airflow/example_dags/plugins/workday.py
[2022-07-19 06:31:31,023] {processor.py:171} INFO - Processing /usr/local/lib/python3.8/site-packages/airflow/example_dags/plugins/workday.py took 0.026 seconds
[2022-07-19 06:32:03,626] {processor.py:163} INFO - Started process (PID=82945) to work on /usr/local/lib/python3.8/site-packages/airflow/example_dags/plugins/workday.py
[2022-07-19 06:32:03,627] {processor.py:620} INFO - Processing file /usr/local/lib/python3.8/site-packages/airflow/example_dags/plugins/workday.py for tasks to queue
[2022-07-19 06:32:03,628] {logging_mixin.py:109} INFO - [2022-07-19 06:32:03,628] {dagbag.py:500} INFO - Filling up the DagBag from /usr/local/lib/python3.8/site-packages/airflow/example_dags/plugins/workday.py
[2022-07-19 06:32:03,639] {processor.py:634} WARNING - No viable dags retrieved from /usr/local/lib/python3.8/site-packages/airflow/example_dags/plugins/workday.py
[2022-07-19 06:32:03,640] {processor.py:171} INFO - Processing /usr/local/lib/python3.8/site-packages/airflow/example_dags/plugins/workday.py took 0.017 seconds
[2022-07-19 06:32:37,324] {processor.py:163} INFO - Started process (PID=83737) to work on /usr/local/lib/python3.8/site-packages/airflow/example_dags/plugins/workday.py
[2022-07-19 06:32:37,325] {processor.py:620} INFO - Processing file /usr/local/lib/python3.8/site-packages/airflow/example_dags/plugins/workday.py for tasks to queue
[2022-07-19 06:32:37,326] {logging_mixin.py:109} INFO - [2022-07-19 06:32:37,326] {dagbag.py:500} INFO - Filling up the DagBag from /usr/local/lib/python3.8/site-packages/airflow/example_dags/plugins/workday.py
[2022-07-19 06:32:37,338] {processor.py:634} WARNING - No viable dags retrieved from /usr/local/lib/python3.8/site-packages/airflow/example_dags/plugins/workday.py
[2022-07-19 06:32:37,340] {processor.py:171} INFO - Processing /usr/local/lib/python3.8/site-packages/airflow/example_dags/plugins/workday.py took 0.019 seconds
[2022-07-19 06:33:09,479] {processor.py:163} INFO - Started process (PID=84478) to work on /usr/local/lib/python3.8/site-packages/airflow/example_dags/plugins/workday.py
[2022-07-19 06:33:09,480] {processor.py:620} INFO - Processing file /usr/local/lib/python3.8/site-packages/airflow/example_dags/plugins/workday.py for tasks to queue
[2022-07-19 06:33:09,481] {logging_mixin.py:109} INFO - [2022-07-19 06:33:09,481] {dagbag.py:500} INFO - Filling up the DagBag from /usr/local/lib/python3.8/site-packages/airflow/example_dags/plugins/workday.py
[2022-07-19 06:33:09,496] {processor.py:634} WARNING - No viable dags retrieved from /usr/local/lib/python3.8/site-packages/airflow/example_dags/plugins/workday.py
[2022-07-19 06:33:09,499] {processor.py:171} INFO - Processing /usr/local/lib/python3.8/site-packages/airflow/example_dags/plugins/workday.py took 0.025 seconds
[2022-07-19 06:33:43,672] {processor.py:163} INFO - Started process (PID=84853) to work on /usr/local/lib/python3.8/site-packages/airflow/example_dags/plugins/workday.py
[2022-07-19 06:33:43,673] {processor.py:620} INFO - Processing file /usr/local/lib/python3.8/site-packages/airflow/example_dags/plugins/workday.py for tasks to queue
[2022-07-19 06:33:43,673] {logging_mixin.py:109} INFO - [2022-07-19 06:33:43,673] {dagbag.py:500} INFO - Filling up the DagBag from /usr/local/lib/python3.8/site-packages/airflow/example_dags/plugins/workday.py
[2022-07-19 06:33:43,688] {processor.py:634} WARNING - No viable dags retrieved from /usr/local/lib/python3.8/site-packages/airflow/example_dags/plugins/workday.py
[2022-07-19 06:33:43,690] {processor.py:171} INFO - Processing /usr/local/lib/python3.8/site-packages/airflow/example_dags/plugins/workday.py took 0.023 seconds
[2022-07-19 06:34:15,914] {processor.py:163} INFO - Started process (PID=85210) to work on /usr/local/lib/python3.8/site-packages/airflow/example_dags/plugins/workday.py
[2022-07-19 06:34:15,915] {processor.py:620} INFO - Processing file /usr/local/lib/python3.8/site-packages/airflow/example_dags/plugins/workday.py for tasks to queue
[2022-07-19 06:34:15,916] {logging_mixin.py:109} INFO - [2022-07-19 06:34:15,916] {dagbag.py:500} INFO - Filling up the DagBag from /usr/local/lib/python3.8/site-packages/airflow/example_dags/plugins/workday.py
[2022-07-19 06:34:15,941] {processor.py:634} WARNING - No viable dags retrieved from /usr/local/lib/python3.8/site-packages/airflow/example_dags/plugins/workday.py
[2022-07-19 06:34:15,943] {processor.py:171} INFO - Processing /usr/local/lib/python3.8/site-packages/airflow/example_dags/plugins/workday.py took 0.034 seconds
[2022-07-19 06:34:47,443] {processor.py:163} INFO - Started process (PID=85557) to work on /usr/local/lib/python3.8/site-packages/airflow/example_dags/plugins/workday.py
[2022-07-19 06:34:47,443] {processor.py:620} INFO - Processing file /usr/local/lib/python3.8/site-packages/airflow/example_dags/plugins/workday.py for tasks to queue
[2022-07-19 06:34:47,443] {logging_mixin.py:109} INFO - [2022-07-19 06:34:47,443] {dagbag.py:500} INFO - Filling up the DagBag from /usr/local/lib/python3.8/site-packages/airflow/example_dags/plugins/workday.py
[2022-07-19 06:34:47,449] {processor.py:634} WARNING - No viable dags retrieved from /usr/local/lib/python3.8/site-packages/airflow/example_dags/plugins/workday.py
[2022-07-19 06:34:47,450] {processor.py:171} INFO - Processing /usr/local/lib/python3.8/site-packages/airflow/example_dags/plugins/workday.py took 0.009 seconds
[2022-07-19 06:35:18,322] {processor.py:163} INFO - Started process (PID=85932) to work on /usr/local/lib/python3.8/site-packages/airflow/example_dags/plugins/workday.py
[2022-07-19 06:35:18,323] {processor.py:620} INFO - Processing file /usr/local/lib/python3.8/site-packages/airflow/example_dags/plugins/workday.py for tasks to queue
[2022-07-19 06:35:18,324] {logging_mixin.py:109} INFO - [2022-07-19 06:35:18,324] {dagbag.py:500} INFO - Filling up the DagBag from /usr/local/lib/python3.8/site-packages/airflow/example_dags/plugins/workday.py
[2022-07-19 06:35:18,333] {processor.py:634} WARNING - No viable dags retrieved from /usr/local/lib/python3.8/site-packages/airflow/example_dags/plugins/workday.py
[2022-07-19 06:35:18,335] {processor.py:171} INFO - Processing /usr/local/lib/python3.8/site-packages/airflow/example_dags/plugins/workday.py took 0.016 seconds
[2022-07-19 06:35:51,470] {processor.py:163} INFO - Started process (PID=86286) to work on /usr/local/lib/python3.8/site-packages/airflow/example_dags/plugins/workday.py
[2022-07-19 06:35:51,471] {processor.py:620} INFO - Processing file /usr/local/lib/python3.8/site-packages/airflow/example_dags/plugins/workday.py for tasks to queue
[2022-07-19 06:35:51,472] {logging_mixin.py:109} INFO - [2022-07-19 06:35:51,472] {dagbag.py:500} INFO - Filling up the DagBag from /usr/local/lib/python3.8/site-packages/airflow/example_dags/plugins/workday.py
[2022-07-19 06:35:51,487] {processor.py:634} WARNING - No viable dags retrieved from /usr/local/lib/python3.8/site-packages/airflow/example_dags/plugins/workday.py
[2022-07-19 06:35:51,489] {processor.py:171} INFO - Processing /usr/local/lib/python3.8/site-packages/airflow/example_dags/plugins/workday.py took 0.024 seconds
[2022-07-19 06:36:24,287] {processor.py:163} INFO - Started process (PID=86655) to work on /usr/local/lib/python3.8/site-packages/airflow/example_dags/plugins/workday.py
[2022-07-19 06:36:24,288] {processor.py:620} INFO - Processing file /usr/local/lib/python3.8/site-packages/airflow/example_dags/plugins/workday.py for tasks to queue
[2022-07-19 06:36:24,289] {logging_mixin.py:109} INFO - [2022-07-19 06:36:24,289] {dagbag.py:500} INFO - Filling up the DagBag from /usr/local/lib/python3.8/site-packages/airflow/example_dags/plugins/workday.py
[2022-07-19 06:36:24,303] {processor.py:634} WARNING - No viable dags retrieved from /usr/local/lib/python3.8/site-packages/airflow/example_dags/plugins/workday.py
[2022-07-19 06:36:24,305] {processor.py:171} INFO - Processing /usr/local/lib/python3.8/site-packages/airflow/example_dags/plugins/workday.py took 0.024 seconds
[2022-07-19 06:36:55,684] {processor.py:163} INFO - Started process (PID=87363) to work on /usr/local/lib/python3.8/site-packages/airflow/example_dags/plugins/workday.py
[2022-07-19 06:36:55,685] {processor.py:620} INFO - Processing file /usr/local/lib/python3.8/site-packages/airflow/example_dags/plugins/workday.py for tasks to queue
[2022-07-19 06:36:55,685] {logging_mixin.py:109} INFO - [2022-07-19 06:36:55,685] {dagbag.py:500} INFO - Filling up the DagBag from /usr/local/lib/python3.8/site-packages/airflow/example_dags/plugins/workday.py
[2022-07-19 06:36:55,700] {processor.py:634} WARNING - No viable dags retrieved from /usr/local/lib/python3.8/site-packages/airflow/example_dags/plugins/workday.py
[2022-07-19 06:36:55,702] {processor.py:171} INFO - Processing /usr/local/lib/python3.8/site-packages/airflow/example_dags/plugins/workday.py took 0.023 seconds
[2022-07-19 06:37:27,185] {processor.py:163} INFO - Started process (PID=88751) to work on /usr/local/lib/python3.8/site-packages/airflow/example_dags/plugins/workday.py
[2022-07-19 06:37:27,187] {processor.py:620} INFO - Processing file /usr/local/lib/python3.8/site-packages/airflow/example_dags/plugins/workday.py for tasks to queue
[2022-07-19 06:37:27,188] {logging_mixin.py:109} INFO - [2022-07-19 06:37:27,187] {dagbag.py:500} INFO - Filling up the DagBag from /usr/local/lib/python3.8/site-packages/airflow/example_dags/plugins/workday.py
[2022-07-19 06:37:27,207] {processor.py:634} WARNING - No viable dags retrieved from /usr/local/lib/python3.8/site-packages/airflow/example_dags/plugins/workday.py
[2022-07-19 06:37:27,210] {processor.py:171} INFO - Processing /usr/local/lib/python3.8/site-packages/airflow/example_dags/plugins/workday.py took 0.028 seconds
[2022-07-19 06:38:00,340] {processor.py:163} INFO - Started process (PID=89526) to work on /usr/local/lib/python3.8/site-packages/airflow/example_dags/plugins/workday.py
[2022-07-19 06:38:00,343] {processor.py:620} INFO - Processing file /usr/local/lib/python3.8/site-packages/airflow/example_dags/plugins/workday.py for tasks to queue
[2022-07-19 06:38:00,343] {logging_mixin.py:109} INFO - [2022-07-19 06:38:00,343] {dagbag.py:500} INFO - Filling up the DagBag from /usr/local/lib/python3.8/site-packages/airflow/example_dags/plugins/workday.py
[2022-07-19 06:38:00,358] {processor.py:634} WARNING - No viable dags retrieved from /usr/local/lib/python3.8/site-packages/airflow/example_dags/plugins/workday.py
[2022-07-19 06:38:00,360] {processor.py:171} INFO - Processing /usr/local/lib/python3.8/site-packages/airflow/example_dags/plugins/workday.py took 0.029 seconds
[2022-07-19 06:38:32,541] {processor.py:163} INFO - Started process (PID=89870) to work on /usr/local/lib/python3.8/site-packages/airflow/example_dags/plugins/workday.py
[2022-07-19 06:38:32,543] {processor.py:620} INFO - Processing file /usr/local/lib/python3.8/site-packages/airflow/example_dags/plugins/workday.py for tasks to queue
[2022-07-19 06:38:32,543] {logging_mixin.py:109} INFO - [2022-07-19 06:38:32,543] {dagbag.py:500} INFO - Filling up the DagBag from /usr/local/lib/python3.8/site-packages/airflow/example_dags/plugins/workday.py
[2022-07-19 06:38:32,558] {processor.py:634} WARNING - No viable dags retrieved from /usr/local/lib/python3.8/site-packages/airflow/example_dags/plugins/workday.py
[2022-07-19 06:38:32,560] {processor.py:171} INFO - Processing /usr/local/lib/python3.8/site-packages/airflow/example_dags/plugins/workday.py took 0.023 seconds
[2022-07-19 06:39:04,703] {processor.py:163} INFO - Started process (PID=90241) to work on /usr/local/lib/python3.8/site-packages/airflow/example_dags/plugins/workday.py
[2022-07-19 06:39:04,703] {processor.py:620} INFO - Processing file /usr/local/lib/python3.8/site-packages/airflow/example_dags/plugins/workday.py for tasks to queue
[2022-07-19 06:39:04,703] {logging_mixin.py:109} INFO - [2022-07-19 06:39:04,703] {dagbag.py:500} INFO - Filling up the DagBag from /usr/local/lib/python3.8/site-packages/airflow/example_dags/plugins/workday.py
[2022-07-19 06:39:04,710] {processor.py:634} WARNING - No viable dags retrieved from /usr/local/lib/python3.8/site-packages/airflow/example_dags/plugins/workday.py
[2022-07-19 06:39:04,711] {processor.py:171} INFO - Processing /usr/local/lib/python3.8/site-packages/airflow/example_dags/plugins/workday.py took 0.011 seconds
[2022-07-19 06:39:37,376] {processor.py:163} INFO - Started process (PID=90587) to work on /usr/local/lib/python3.8/site-packages/airflow/example_dags/plugins/workday.py
[2022-07-19 06:39:37,378] {processor.py:620} INFO - Processing file /usr/local/lib/python3.8/site-packages/airflow/example_dags/plugins/workday.py for tasks to queue
[2022-07-19 06:39:37,378] {logging_mixin.py:109} INFO - [2022-07-19 06:39:37,378] {dagbag.py:500} INFO - Filling up the DagBag from /usr/local/lib/python3.8/site-packages/airflow/example_dags/plugins/workday.py
[2022-07-19 06:39:37,394] {processor.py:634} WARNING - No viable dags retrieved from /usr/local/lib/python3.8/site-packages/airflow/example_dags/plugins/workday.py
[2022-07-19 06:39:37,397] {processor.py:171} INFO - Processing /usr/local/lib/python3.8/site-packages/airflow/example_dags/plugins/workday.py took 0.026 seconds
[2022-07-19 06:40:08,322] {processor.py:163} INFO - Started process (PID=90964) to work on /usr/local/lib/python3.8/site-packages/airflow/example_dags/plugins/workday.py
[2022-07-19 06:40:08,323] {processor.py:620} INFO - Processing file /usr/local/lib/python3.8/site-packages/airflow/example_dags/plugins/workday.py for tasks to queue
[2022-07-19 06:40:08,324] {logging_mixin.py:109} INFO - [2022-07-19 06:40:08,324] {dagbag.py:500} INFO - Filling up the DagBag from /usr/local/lib/python3.8/site-packages/airflow/example_dags/plugins/workday.py
[2022-07-19 06:40:08,338] {processor.py:634} WARNING - No viable dags retrieved from /usr/local/lib/python3.8/site-packages/airflow/example_dags/plugins/workday.py
[2022-07-19 06:40:08,340] {processor.py:171} INFO - Processing /usr/local/lib/python3.8/site-packages/airflow/example_dags/plugins/workday.py took 0.024 seconds
[2022-07-19 06:40:40,586] {processor.py:163} INFO - Started process (PID=91316) to work on /usr/local/lib/python3.8/site-packages/airflow/example_dags/plugins/workday.py
[2022-07-19 06:40:40,587] {processor.py:620} INFO - Processing file /usr/local/lib/python3.8/site-packages/airflow/example_dags/plugins/workday.py for tasks to queue
[2022-07-19 06:40:40,587] {logging_mixin.py:109} INFO - [2022-07-19 06:40:40,587] {dagbag.py:500} INFO - Filling up the DagBag from /usr/local/lib/python3.8/site-packages/airflow/example_dags/plugins/workday.py
[2022-07-19 06:40:40,602] {processor.py:634} WARNING - No viable dags retrieved from /usr/local/lib/python3.8/site-packages/airflow/example_dags/plugins/workday.py
[2022-07-19 06:40:40,604] {processor.py:171} INFO - Processing /usr/local/lib/python3.8/site-packages/airflow/example_dags/plugins/workday.py took 0.023 seconds
[2022-07-19 06:41:14,165] {processor.py:163} INFO - Started process (PID=91695) to work on /usr/local/lib/python3.8/site-packages/airflow/example_dags/plugins/workday.py
[2022-07-19 06:41:14,166] {processor.py:620} INFO - Processing file /usr/local/lib/python3.8/site-packages/airflow/example_dags/plugins/workday.py for tasks to queue
[2022-07-19 06:41:14,167] {logging_mixin.py:109} INFO - [2022-07-19 06:41:14,167] {dagbag.py:500} INFO - Filling up the DagBag from /usr/local/lib/python3.8/site-packages/airflow/example_dags/plugins/workday.py
[2022-07-19 06:41:14,181] {processor.py:634} WARNING - No viable dags retrieved from /usr/local/lib/python3.8/site-packages/airflow/example_dags/plugins/workday.py
[2022-07-19 06:41:14,183] {processor.py:171} INFO - Processing /usr/local/lib/python3.8/site-packages/airflow/example_dags/plugins/workday.py took 0.023 seconds
[2022-07-19 06:41:45,153] {processor.py:163} INFO - Started process (PID=92028) to work on /usr/local/lib/python3.8/site-packages/airflow/example_dags/plugins/workday.py
[2022-07-19 06:41:45,154] {processor.py:620} INFO - Processing file /usr/local/lib/python3.8/site-packages/airflow/example_dags/plugins/workday.py for tasks to queue
[2022-07-19 06:41:45,155] {logging_mixin.py:109} INFO - [2022-07-19 06:41:45,155] {dagbag.py:500} INFO - Filling up the DagBag from /usr/local/lib/python3.8/site-packages/airflow/example_dags/plugins/workday.py
[2022-07-19 06:41:45,179] {processor.py:634} WARNING - No viable dags retrieved from /usr/local/lib/python3.8/site-packages/airflow/example_dags/plugins/workday.py
[2022-07-19 06:41:45,182] {processor.py:171} INFO - Processing /usr/local/lib/python3.8/site-packages/airflow/example_dags/plugins/workday.py took 0.039 seconds
[2022-07-19 06:42:17,259] {processor.py:163} INFO - Started process (PID=92391) to work on /usr/local/lib/python3.8/site-packages/airflow/example_dags/plugins/workday.py
[2022-07-19 06:42:17,260] {processor.py:620} INFO - Processing file /usr/local/lib/python3.8/site-packages/airflow/example_dags/plugins/workday.py for tasks to queue
[2022-07-19 06:42:17,261] {logging_mixin.py:109} INFO - [2022-07-19 06:42:17,261] {dagbag.py:500} INFO - Filling up the DagBag from /usr/local/lib/python3.8/site-packages/airflow/example_dags/plugins/workday.py
[2022-07-19 06:42:17,276] {processor.py:634} WARNING - No viable dags retrieved from /usr/local/lib/python3.8/site-packages/airflow/example_dags/plugins/workday.py
[2022-07-19 06:42:17,278] {processor.py:171} INFO - Processing /usr/local/lib/python3.8/site-packages/airflow/example_dags/plugins/workday.py took 0.025 seconds
[2022-07-19 06:42:50,533] {processor.py:163} INFO - Started process (PID=92752) to work on /usr/local/lib/python3.8/site-packages/airflow/example_dags/plugins/workday.py
[2022-07-19 06:42:50,533] {processor.py:620} INFO - Processing file /usr/local/lib/python3.8/site-packages/airflow/example_dags/plugins/workday.py for tasks to queue
[2022-07-19 06:42:50,534] {logging_mixin.py:109} INFO - [2022-07-19 06:42:50,534] {dagbag.py:500} INFO - Filling up the DagBag from /usr/local/lib/python3.8/site-packages/airflow/example_dags/plugins/workday.py
[2022-07-19 06:42:50,550] {processor.py:634} WARNING - No viable dags retrieved from /usr/local/lib/python3.8/site-packages/airflow/example_dags/plugins/workday.py
[2022-07-19 06:42:50,552] {processor.py:171} INFO - Processing /usr/local/lib/python3.8/site-packages/airflow/example_dags/plugins/workday.py took 0.025 seconds
[2022-07-19 06:43:22,776] {processor.py:163} INFO - Started process (PID=93189) to work on /usr/local/lib/python3.8/site-packages/airflow/example_dags/plugins/workday.py
[2022-07-19 06:43:22,777] {processor.py:620} INFO - Processing file /usr/local/lib/python3.8/site-packages/airflow/example_dags/plugins/workday.py for tasks to queue
[2022-07-19 06:43:22,778] {logging_mixin.py:109} INFO - [2022-07-19 06:43:22,778] {dagbag.py:500} INFO - Filling up the DagBag from /usr/local/lib/python3.8/site-packages/airflow/example_dags/plugins/workday.py
[2022-07-19 06:43:22,792] {processor.py:634} WARNING - No viable dags retrieved from /usr/local/lib/python3.8/site-packages/airflow/example_dags/plugins/workday.py
[2022-07-19 06:43:22,795] {processor.py:171} INFO - Processing /usr/local/lib/python3.8/site-packages/airflow/example_dags/plugins/workday.py took 0.025 seconds
[2022-07-19 06:43:54,208] {processor.py:163} INFO - Started process (PID=93614) to work on /usr/local/lib/python3.8/site-packages/airflow/example_dags/plugins/workday.py
[2022-07-19 06:43:54,209] {processor.py:620} INFO - Processing file /usr/local/lib/python3.8/site-packages/airflow/example_dags/plugins/workday.py for tasks to queue
[2022-07-19 06:43:54,209] {logging_mixin.py:109} INFO - [2022-07-19 06:43:54,209] {dagbag.py:500} INFO - Filling up the DagBag from /usr/local/lib/python3.8/site-packages/airflow/example_dags/plugins/workday.py
[2022-07-19 06:43:54,221] {processor.py:634} WARNING - No viable dags retrieved from /usr/local/lib/python3.8/site-packages/airflow/example_dags/plugins/workday.py
[2022-07-19 06:43:54,223] {processor.py:171} INFO - Processing /usr/local/lib/python3.8/site-packages/airflow/example_dags/plugins/workday.py took 0.019 seconds
[2022-07-19 06:44:25,307] {processor.py:163} INFO - Started process (PID=93993) to work on /usr/local/lib/python3.8/site-packages/airflow/example_dags/plugins/workday.py
[2022-07-19 06:44:25,308] {processor.py:620} INFO - Processing file /usr/local/lib/python3.8/site-packages/airflow/example_dags/plugins/workday.py for tasks to queue
[2022-07-19 06:44:25,308] {logging_mixin.py:109} INFO - [2022-07-19 06:44:25,308] {dagbag.py:500} INFO - Filling up the DagBag from /usr/local/lib/python3.8/site-packages/airflow/example_dags/plugins/workday.py
[2022-07-19 06:44:25,319] {processor.py:634} WARNING - No viable dags retrieved from /usr/local/lib/python3.8/site-packages/airflow/example_dags/plugins/workday.py
[2022-07-19 06:44:25,321] {processor.py:171} INFO - Processing /usr/local/lib/python3.8/site-packages/airflow/example_dags/plugins/workday.py took 0.018 seconds
[2022-07-19 06:44:56,363] {processor.py:163} INFO - Started process (PID=94431) to work on /usr/local/lib/python3.8/site-packages/airflow/example_dags/plugins/workday.py
[2022-07-19 06:44:56,364] {processor.py:620} INFO - Processing file /usr/local/lib/python3.8/site-packages/airflow/example_dags/plugins/workday.py for tasks to queue
[2022-07-19 06:44:56,364] {logging_mixin.py:109} INFO - [2022-07-19 06:44:56,364] {dagbag.py:500} INFO - Filling up the DagBag from /usr/local/lib/python3.8/site-packages/airflow/example_dags/plugins/workday.py
[2022-07-19 06:44:56,372] {processor.py:634} WARNING - No viable dags retrieved from /usr/local/lib/python3.8/site-packages/airflow/example_dags/plugins/workday.py
[2022-07-19 06:44:56,374] {processor.py:171} INFO - Processing /usr/local/lib/python3.8/site-packages/airflow/example_dags/plugins/workday.py took 0.014 seconds
[2022-07-19 06:45:28,838] {processor.py:163} INFO - Started process (PID=94988) to work on /usr/local/lib/python3.8/site-packages/airflow/example_dags/plugins/workday.py
[2022-07-19 06:45:28,840] {processor.py:620} INFO - Processing file /usr/local/lib/python3.8/site-packages/airflow/example_dags/plugins/workday.py for tasks to queue
[2022-07-19 06:45:28,841] {logging_mixin.py:109} INFO - [2022-07-19 06:45:28,841] {dagbag.py:500} INFO - Filling up the DagBag from /usr/local/lib/python3.8/site-packages/airflow/example_dags/plugins/workday.py
[2022-07-19 06:45:28,861] {processor.py:634} WARNING - No viable dags retrieved from /usr/local/lib/python3.8/site-packages/airflow/example_dags/plugins/workday.py
[2022-07-19 06:45:28,864] {processor.py:171} INFO - Processing /usr/local/lib/python3.8/site-packages/airflow/example_dags/plugins/workday.py took 0.034 seconds
[2022-07-19 06:45:59,366] {processor.py:163} INFO - Started process (PID=95522) to work on /usr/local/lib/python3.8/site-packages/airflow/example_dags/plugins/workday.py
[2022-07-19 06:45:59,366] {processor.py:620} INFO - Processing file /usr/local/lib/python3.8/site-packages/airflow/example_dags/plugins/workday.py for tasks to queue
[2022-07-19 06:45:59,366] {logging_mixin.py:109} INFO - [2022-07-19 06:45:59,366] {dagbag.py:500} INFO - Filling up the DagBag from /usr/local/lib/python3.8/site-packages/airflow/example_dags/plugins/workday.py
[2022-07-19 06:45:59,372] {processor.py:634} WARNING - No viable dags retrieved from /usr/local/lib/python3.8/site-packages/airflow/example_dags/plugins/workday.py
[2022-07-19 06:45:59,373] {processor.py:171} INFO - Processing /usr/local/lib/python3.8/site-packages/airflow/example_dags/plugins/workday.py took 0.009 seconds
[2022-07-19 06:46:31,367] {processor.py:163} INFO - Started process (PID=95890) to work on /usr/local/lib/python3.8/site-packages/airflow/example_dags/plugins/workday.py
[2022-07-19 06:46:31,367] {processor.py:620} INFO - Processing file /usr/local/lib/python3.8/site-packages/airflow/example_dags/plugins/workday.py for tasks to queue
[2022-07-19 06:46:31,367] {logging_mixin.py:109} INFO - [2022-07-19 06:46:31,367] {dagbag.py:500} INFO - Filling up the DagBag from /usr/local/lib/python3.8/site-packages/airflow/example_dags/plugins/workday.py
[2022-07-19 06:46:31,373] {processor.py:634} WARNING - No viable dags retrieved from /usr/local/lib/python3.8/site-packages/airflow/example_dags/plugins/workday.py
[2022-07-19 06:46:31,374] {processor.py:171} INFO - Processing /usr/local/lib/python3.8/site-packages/airflow/example_dags/plugins/workday.py took 0.009 seconds
[2022-07-19 06:47:03,424] {processor.py:163} INFO - Started process (PID=96409) to work on /usr/local/lib/python3.8/site-packages/airflow/example_dags/plugins/workday.py
[2022-07-19 06:47:03,425] {processor.py:620} INFO - Processing file /usr/local/lib/python3.8/site-packages/airflow/example_dags/plugins/workday.py for tasks to queue
[2022-07-19 06:47:03,425] {logging_mixin.py:109} INFO - [2022-07-19 06:47:03,425] {dagbag.py:500} INFO - Filling up the DagBag from /usr/local/lib/python3.8/site-packages/airflow/example_dags/plugins/workday.py
[2022-07-19 06:47:03,439] {processor.py:634} WARNING - No viable dags retrieved from /usr/local/lib/python3.8/site-packages/airflow/example_dags/plugins/workday.py
[2022-07-19 06:47:03,441] {processor.py:171} INFO - Processing /usr/local/lib/python3.8/site-packages/airflow/example_dags/plugins/workday.py took 0.023 seconds
[2022-07-19 06:47:27,913] {processor.py:163} INFO - Started process (PID=96751) to work on /usr/local/lib/python3.8/site-packages/airflow/example_dags/plugins/workday.py
[2022-07-19 06:47:27,914] {processor.py:620} INFO - Processing file /usr/local/lib/python3.8/site-packages/airflow/example_dags/plugins/workday.py for tasks to queue
[2022-07-19 06:47:27,914] {logging_mixin.py:109} INFO - [2022-07-19 06:47:27,914] {dagbag.py:500} INFO - Filling up the DagBag from /usr/local/lib/python3.8/site-packages/airflow/example_dags/plugins/workday.py
[2022-07-19 06:47:27,928] {processor.py:634} WARNING - No viable dags retrieved from /usr/local/lib/python3.8/site-packages/airflow/example_dags/plugins/workday.py
[2022-07-19 06:47:27,930] {processor.py:171} INFO - Processing /usr/local/lib/python3.8/site-packages/airflow/example_dags/plugins/workday.py took 0.022 seconds
[2022-07-19 06:47:58,728] {processor.py:163} INFO - Started process (PID=97292) to work on /usr/local/lib/python3.8/site-packages/airflow/example_dags/plugins/workday.py
[2022-07-19 06:47:58,729] {processor.py:620} INFO - Processing file /usr/local/lib/python3.8/site-packages/airflow/example_dags/plugins/workday.py for tasks to queue
[2022-07-19 06:47:58,729] {logging_mixin.py:109} INFO - [2022-07-19 06:47:58,729] {dagbag.py:500} INFO - Filling up the DagBag from /usr/local/lib/python3.8/site-packages/airflow/example_dags/plugins/workday.py
[2022-07-19 06:47:58,735] {processor.py:634} WARNING - No viable dags retrieved from /usr/local/lib/python3.8/site-packages/airflow/example_dags/plugins/workday.py
[2022-07-19 06:47:58,736] {processor.py:171} INFO - Processing /usr/local/lib/python3.8/site-packages/airflow/example_dags/plugins/workday.py took 0.009 seconds
[2022-07-19 06:48:29,861] {processor.py:163} INFO - Started process (PID=98442) to work on /usr/local/lib/python3.8/site-packages/airflow/example_dags/plugins/workday.py
[2022-07-19 06:48:29,862] {processor.py:620} INFO - Processing file /usr/local/lib/python3.8/site-packages/airflow/example_dags/plugins/workday.py for tasks to queue
[2022-07-19 06:48:29,863] {logging_mixin.py:109} INFO - [2022-07-19 06:48:29,863] {dagbag.py:500} INFO - Filling up the DagBag from /usr/local/lib/python3.8/site-packages/airflow/example_dags/plugins/workday.py
[2022-07-19 06:48:29,877] {processor.py:634} WARNING - No viable dags retrieved from /usr/local/lib/python3.8/site-packages/airflow/example_dags/plugins/workday.py
[2022-07-19 06:48:29,879] {processor.py:171} INFO - Processing /usr/local/lib/python3.8/site-packages/airflow/example_dags/plugins/workday.py took 0.022 seconds
[2022-07-19 06:49:16,130] {processor.py:163} INFO - Started process (PID=398) to work on /usr/local/lib/python3.8/site-packages/airflow/example_dags/plugins/workday.py
[2022-07-19 06:49:16,130] {processor.py:620} INFO - Processing file /usr/local/lib/python3.8/site-packages/airflow/example_dags/plugins/workday.py for tasks to queue
[2022-07-19 06:49:16,131] {logging_mixin.py:109} INFO - [2022-07-19 06:49:16,131] {dagbag.py:500} INFO - Filling up the DagBag from /usr/local/lib/python3.8/site-packages/airflow/example_dags/plugins/workday.py
[2022-07-19 06:49:16,137] {processor.py:634} WARNING - No viable dags retrieved from /usr/local/lib/python3.8/site-packages/airflow/example_dags/plugins/workday.py
[2022-07-19 06:49:16,138] {processor.py:171} INFO - Processing /usr/local/lib/python3.8/site-packages/airflow/example_dags/plugins/workday.py took 0.011 seconds
[2022-07-19 06:49:47,122] {processor.py:163} INFO - Started process (PID=1626) to work on /usr/local/lib/python3.8/site-packages/airflow/example_dags/plugins/workday.py
[2022-07-19 06:49:47,123] {processor.py:620} INFO - Processing file /usr/local/lib/python3.8/site-packages/airflow/example_dags/plugins/workday.py for tasks to queue
[2022-07-19 06:49:47,124] {logging_mixin.py:109} INFO - [2022-07-19 06:49:47,123] {dagbag.py:500} INFO - Filling up the DagBag from /usr/local/lib/python3.8/site-packages/airflow/example_dags/plugins/workday.py
[2022-07-19 06:49:47,138] {processor.py:634} WARNING - No viable dags retrieved from /usr/local/lib/python3.8/site-packages/airflow/example_dags/plugins/workday.py
[2022-07-19 06:49:47,140] {processor.py:171} INFO - Processing /usr/local/lib/python3.8/site-packages/airflow/example_dags/plugins/workday.py took 0.023 seconds
[2022-07-19 06:50:18,129] {processor.py:163} INFO - Started process (PID=2028) to work on /usr/local/lib/python3.8/site-packages/airflow/example_dags/plugins/workday.py
[2022-07-19 06:50:18,130] {processor.py:620} INFO - Processing file /usr/local/lib/python3.8/site-packages/airflow/example_dags/plugins/workday.py for tasks to queue
[2022-07-19 06:50:18,130] {logging_mixin.py:109} INFO - [2022-07-19 06:50:18,130] {dagbag.py:500} INFO - Filling up the DagBag from /usr/local/lib/python3.8/site-packages/airflow/example_dags/plugins/workday.py
[2022-07-19 06:50:18,136] {processor.py:634} WARNING - No viable dags retrieved from /usr/local/lib/python3.8/site-packages/airflow/example_dags/plugins/workday.py
[2022-07-19 06:50:18,137] {processor.py:171} INFO - Processing /usr/local/lib/python3.8/site-packages/airflow/example_dags/plugins/workday.py took 0.010 seconds
[2022-07-19 06:50:50,277] {processor.py:163} INFO - Started process (PID=2386) to work on /usr/local/lib/python3.8/site-packages/airflow/example_dags/plugins/workday.py
[2022-07-19 06:50:50,278] {processor.py:620} INFO - Processing file /usr/local/lib/python3.8/site-packages/airflow/example_dags/plugins/workday.py for tasks to queue
[2022-07-19 06:50:50,279] {logging_mixin.py:109} INFO - [2022-07-19 06:50:50,279] {dagbag.py:500} INFO - Filling up the DagBag from /usr/local/lib/python3.8/site-packages/airflow/example_dags/plugins/workday.py
[2022-07-19 06:50:50,292] {processor.py:634} WARNING - No viable dags retrieved from /usr/local/lib/python3.8/site-packages/airflow/example_dags/plugins/workday.py
[2022-07-19 06:50:50,294] {processor.py:171} INFO - Processing /usr/local/lib/python3.8/site-packages/airflow/example_dags/plugins/workday.py took 0.022 seconds
[2022-07-19 06:51:21,126] {processor.py:163} INFO - Started process (PID=3425) to work on /usr/local/lib/python3.8/site-packages/airflow/example_dags/plugins/workday.py
[2022-07-19 06:51:21,127] {processor.py:620} INFO - Processing file /usr/local/lib/python3.8/site-packages/airflow/example_dags/plugins/workday.py for tasks to queue
[2022-07-19 06:51:21,127] {logging_mixin.py:109} INFO - [2022-07-19 06:51:21,127] {dagbag.py:500} INFO - Filling up the DagBag from /usr/local/lib/python3.8/site-packages/airflow/example_dags/plugins/workday.py
[2022-07-19 06:51:21,137] {processor.py:634} WARNING - No viable dags retrieved from /usr/local/lib/python3.8/site-packages/airflow/example_dags/plugins/workday.py
[2022-07-19 06:51:21,138] {processor.py:171} INFO - Processing /usr/local/lib/python3.8/site-packages/airflow/example_dags/plugins/workday.py took 0.015 seconds
[2022-07-19 06:51:53,202] {processor.py:163} INFO - Started process (PID=3798) to work on /usr/local/lib/python3.8/site-packages/airflow/example_dags/plugins/workday.py
[2022-07-19 06:51:53,203] {processor.py:620} INFO - Processing file /usr/local/lib/python3.8/site-packages/airflow/example_dags/plugins/workday.py for tasks to queue
[2022-07-19 06:51:53,204] {logging_mixin.py:109} INFO - [2022-07-19 06:51:53,203] {dagbag.py:500} INFO - Filling up the DagBag from /usr/local/lib/python3.8/site-packages/airflow/example_dags/plugins/workday.py
[2022-07-19 06:51:53,218] {processor.py:634} WARNING - No viable dags retrieved from /usr/local/lib/python3.8/site-packages/airflow/example_dags/plugins/workday.py
[2022-07-19 06:51:53,220] {processor.py:171} INFO - Processing /usr/local/lib/python3.8/site-packages/airflow/example_dags/plugins/workday.py took 0.023 seconds
[2022-07-19 06:52:24,082] {processor.py:163} INFO - Started process (PID=4153) to work on /usr/local/lib/python3.8/site-packages/airflow/example_dags/plugins/workday.py
[2022-07-19 06:52:24,082] {processor.py:620} INFO - Processing file /usr/local/lib/python3.8/site-packages/airflow/example_dags/plugins/workday.py for tasks to queue
[2022-07-19 06:52:24,082] {logging_mixin.py:109} INFO - [2022-07-19 06:52:24,082] {dagbag.py:500} INFO - Filling up the DagBag from /usr/local/lib/python3.8/site-packages/airflow/example_dags/plugins/workday.py
[2022-07-19 06:52:24,089] {processor.py:634} WARNING - No viable dags retrieved from /usr/local/lib/python3.8/site-packages/airflow/example_dags/plugins/workday.py
[2022-07-19 06:52:24,090] {processor.py:171} INFO - Processing /usr/local/lib/python3.8/site-packages/airflow/example_dags/plugins/workday.py took 0.010 seconds
[2022-07-19 06:52:56,089] {processor.py:163} INFO - Started process (PID=4729) to work on /usr/local/lib/python3.8/site-packages/airflow/example_dags/plugins/workday.py
[2022-07-19 06:52:56,090] {processor.py:620} INFO - Processing file /usr/local/lib/python3.8/site-packages/airflow/example_dags/plugins/workday.py for tasks to queue
[2022-07-19 06:52:56,091] {logging_mixin.py:109} INFO - [2022-07-19 06:52:56,091] {dagbag.py:500} INFO - Filling up the DagBag from /usr/local/lib/python3.8/site-packages/airflow/example_dags/plugins/workday.py
[2022-07-19 06:52:56,102] {processor.py:634} WARNING - No viable dags retrieved from /usr/local/lib/python3.8/site-packages/airflow/example_dags/plugins/workday.py
[2022-07-19 06:52:56,104] {processor.py:171} INFO - Processing /usr/local/lib/python3.8/site-packages/airflow/example_dags/plugins/workday.py took 0.018 seconds
[2022-07-19 06:53:27,011] {processor.py:163} INFO - Started process (PID=5076) to work on /usr/local/lib/python3.8/site-packages/airflow/example_dags/plugins/workday.py
[2022-07-19 06:53:27,012] {processor.py:620} INFO - Processing file /usr/local/lib/python3.8/site-packages/airflow/example_dags/plugins/workday.py for tasks to queue
[2022-07-19 06:53:27,012] {logging_mixin.py:109} INFO - [2022-07-19 06:53:27,012] {dagbag.py:500} INFO - Filling up the DagBag from /usr/local/lib/python3.8/site-packages/airflow/example_dags/plugins/workday.py
[2022-07-19 06:53:27,022] {processor.py:634} WARNING - No viable dags retrieved from /usr/local/lib/python3.8/site-packages/airflow/example_dags/plugins/workday.py
[2022-07-19 06:53:27,024] {processor.py:171} INFO - Processing /usr/local/lib/python3.8/site-packages/airflow/example_dags/plugins/workday.py took 0.020 seconds
[2022-07-19 06:53:58,149] {processor.py:163} INFO - Started process (PID=5440) to work on /usr/local/lib/python3.8/site-packages/airflow/example_dags/plugins/workday.py
[2022-07-19 06:53:58,150] {processor.py:620} INFO - Processing file /usr/local/lib/python3.8/site-packages/airflow/example_dags/plugins/workday.py for tasks to queue
[2022-07-19 06:53:58,150] {logging_mixin.py:109} INFO - [2022-07-19 06:53:58,150] {dagbag.py:500} INFO - Filling up the DagBag from /usr/local/lib/python3.8/site-packages/airflow/example_dags/plugins/workday.py
[2022-07-19 06:53:58,163] {processor.py:634} WARNING - No viable dags retrieved from /usr/local/lib/python3.8/site-packages/airflow/example_dags/plugins/workday.py
[2022-07-19 06:53:58,165] {processor.py:171} INFO - Processing /usr/local/lib/python3.8/site-packages/airflow/example_dags/plugins/workday.py took 0.021 seconds
[2022-07-19 06:54:29,122] {processor.py:163} INFO - Started process (PID=5800) to work on /usr/local/lib/python3.8/site-packages/airflow/example_dags/plugins/workday.py
[2022-07-19 06:54:29,122] {processor.py:620} INFO - Processing file /usr/local/lib/python3.8/site-packages/airflow/example_dags/plugins/workday.py for tasks to queue
[2022-07-19 06:54:29,123] {logging_mixin.py:109} INFO - [2022-07-19 06:54:29,123] {dagbag.py:500} INFO - Filling up the DagBag from /usr/local/lib/python3.8/site-packages/airflow/example_dags/plugins/workday.py
[2022-07-19 06:54:29,133] {processor.py:634} WARNING - No viable dags retrieved from /usr/local/lib/python3.8/site-packages/airflow/example_dags/plugins/workday.py
[2022-07-19 06:54:29,135] {processor.py:171} INFO - Processing /usr/local/lib/python3.8/site-packages/airflow/example_dags/plugins/workday.py took 0.017 seconds
[2022-07-19 06:55:00,177] {processor.py:163} INFO - Started process (PID=6210) to work on /usr/local/lib/python3.8/site-packages/airflow/example_dags/plugins/workday.py
[2022-07-19 06:55:00,178] {processor.py:620} INFO - Processing file /usr/local/lib/python3.8/site-packages/airflow/example_dags/plugins/workday.py for tasks to queue
[2022-07-19 06:55:00,178] {logging_mixin.py:109} INFO - [2022-07-19 06:55:00,178] {dagbag.py:500} INFO - Filling up the DagBag from /usr/local/lib/python3.8/site-packages/airflow/example_dags/plugins/workday.py
[2022-07-19 06:55:00,189] {processor.py:634} WARNING - No viable dags retrieved from /usr/local/lib/python3.8/site-packages/airflow/example_dags/plugins/workday.py
[2022-07-19 06:55:00,190] {processor.py:171} INFO - Processing /usr/local/lib/python3.8/site-packages/airflow/example_dags/plugins/workday.py took 0.017 seconds
[2022-07-19 06:55:31,289] {processor.py:163} INFO - Started process (PID=6596) to work on /usr/local/lib/python3.8/site-packages/airflow/example_dags/plugins/workday.py
[2022-07-19 06:55:31,290] {processor.py:620} INFO - Processing file /usr/local/lib/python3.8/site-packages/airflow/example_dags/plugins/workday.py for tasks to queue
[2022-07-19 06:55:31,291] {logging_mixin.py:109} INFO - [2022-07-19 06:55:31,290] {dagbag.py:500} INFO - Filling up the DagBag from /usr/local/lib/python3.8/site-packages/airflow/example_dags/plugins/workday.py
[2022-07-19 06:55:31,305] {processor.py:634} WARNING - No viable dags retrieved from /usr/local/lib/python3.8/site-packages/airflow/example_dags/plugins/workday.py
[2022-07-19 06:55:31,308] {processor.py:171} INFO - Processing /usr/local/lib/python3.8/site-packages/airflow/example_dags/plugins/workday.py took 0.024 seconds
[2022-07-19 06:56:02,311] {processor.py:163} INFO - Started process (PID=7013) to work on /usr/local/lib/python3.8/site-packages/airflow/example_dags/plugins/workday.py
[2022-07-19 06:56:02,312] {processor.py:620} INFO - Processing file /usr/local/lib/python3.8/site-packages/airflow/example_dags/plugins/workday.py for tasks to queue
[2022-07-19 06:56:02,313] {logging_mixin.py:109} INFO - [2022-07-19 06:56:02,313] {dagbag.py:500} INFO - Filling up the DagBag from /usr/local/lib/python3.8/site-packages/airflow/example_dags/plugins/workday.py
[2022-07-19 06:56:02,324] {processor.py:634} WARNING - No viable dags retrieved from /usr/local/lib/python3.8/site-packages/airflow/example_dags/plugins/workday.py
[2022-07-19 06:56:02,326] {processor.py:171} INFO - Processing /usr/local/lib/python3.8/site-packages/airflow/example_dags/plugins/workday.py took 0.019 seconds
[2022-07-19 06:56:33,268] {processor.py:163} INFO - Started process (PID=7431) to work on /usr/local/lib/python3.8/site-packages/airflow/example_dags/plugins/workday.py
[2022-07-19 06:56:33,269] {processor.py:620} INFO - Processing file /usr/local/lib/python3.8/site-packages/airflow/example_dags/plugins/workday.py for tasks to queue
[2022-07-19 06:56:33,269] {logging_mixin.py:109} INFO - [2022-07-19 06:56:33,269] {dagbag.py:500} INFO - Filling up the DagBag from /usr/local/lib/python3.8/site-packages/airflow/example_dags/plugins/workday.py
[2022-07-19 06:56:33,277] {processor.py:634} WARNING - No viable dags retrieved from /usr/local/lib/python3.8/site-packages/airflow/example_dags/plugins/workday.py
[2022-07-19 06:56:33,278] {processor.py:171} INFO - Processing /usr/local/lib/python3.8/site-packages/airflow/example_dags/plugins/workday.py took 0.012 seconds
[2022-07-19 06:57:04,123] {processor.py:163} INFO - Started process (PID=7809) to work on /usr/local/lib/python3.8/site-packages/airflow/example_dags/plugins/workday.py
[2022-07-19 06:57:04,123] {processor.py:620} INFO - Processing file /usr/local/lib/python3.8/site-packages/airflow/example_dags/plugins/workday.py for tasks to queue
[2022-07-19 06:57:04,124] {logging_mixin.py:109} INFO - [2022-07-19 06:57:04,124] {dagbag.py:500} INFO - Filling up the DagBag from /usr/local/lib/python3.8/site-packages/airflow/example_dags/plugins/workday.py
[2022-07-19 06:57:04,131] {processor.py:634} WARNING - No viable dags retrieved from /usr/local/lib/python3.8/site-packages/airflow/example_dags/plugins/workday.py
[2022-07-19 06:57:04,132] {processor.py:171} INFO - Processing /usr/local/lib/python3.8/site-packages/airflow/example_dags/plugins/workday.py took 0.012 seconds
[2022-07-19 06:57:35,450] {processor.py:163} INFO - Started process (PID=8187) to work on /usr/local/lib/python3.8/site-packages/airflow/example_dags/plugins/workday.py
[2022-07-19 06:57:35,450] {processor.py:620} INFO - Processing file /usr/local/lib/python3.8/site-packages/airflow/example_dags/plugins/workday.py for tasks to queue
[2022-07-19 06:57:35,450] {logging_mixin.py:109} INFO - [2022-07-19 06:57:35,450] {dagbag.py:500} INFO - Filling up the DagBag from /usr/local/lib/python3.8/site-packages/airflow/example_dags/plugins/workday.py
[2022-07-19 06:57:35,457] {processor.py:634} WARNING - No viable dags retrieved from /usr/local/lib/python3.8/site-packages/airflow/example_dags/plugins/workday.py
[2022-07-19 06:57:35,458] {processor.py:171} INFO - Processing /usr/local/lib/python3.8/site-packages/airflow/example_dags/plugins/workday.py took 0.010 seconds
[2022-07-19 06:58:06,264] {processor.py:163} INFO - Started process (PID=8520) to work on /usr/local/lib/python3.8/site-packages/airflow/example_dags/plugins/workday.py
[2022-07-19 06:58:06,265] {processor.py:620} INFO - Processing file /usr/local/lib/python3.8/site-packages/airflow/example_dags/plugins/workday.py for tasks to queue
[2022-07-19 06:58:06,265] {logging_mixin.py:109} INFO - [2022-07-19 06:58:06,265] {dagbag.py:500} INFO - Filling up the DagBag from /usr/local/lib/python3.8/site-packages/airflow/example_dags/plugins/workday.py
[2022-07-19 06:58:06,276] {processor.py:634} WARNING - No viable dags retrieved from /usr/local/lib/python3.8/site-packages/airflow/example_dags/plugins/workday.py
[2022-07-19 06:58:06,278] {processor.py:171} INFO - Processing /usr/local/lib/python3.8/site-packages/airflow/example_dags/plugins/workday.py took 0.019 seconds
[2022-07-19 06:58:37,469] {processor.py:163} INFO - Started process (PID=8877) to work on /usr/local/lib/python3.8/site-packages/airflow/example_dags/plugins/workday.py
[2022-07-19 06:58:37,470] {processor.py:620} INFO - Processing file /usr/local/lib/python3.8/site-packages/airflow/example_dags/plugins/workday.py for tasks to queue
[2022-07-19 06:58:37,470] {logging_mixin.py:109} INFO - [2022-07-19 06:58:37,470] {dagbag.py:500} INFO - Filling up the DagBag from /usr/local/lib/python3.8/site-packages/airflow/example_dags/plugins/workday.py
[2022-07-19 06:58:37,485] {processor.py:634} WARNING - No viable dags retrieved from /usr/local/lib/python3.8/site-packages/airflow/example_dags/plugins/workday.py
[2022-07-19 06:58:37,487] {processor.py:171} INFO - Processing /usr/local/lib/python3.8/site-packages/airflow/example_dags/plugins/workday.py took 0.024 seconds
[2022-07-19 06:59:08,564] {processor.py:163} INFO - Started process (PID=9936) to work on /usr/local/lib/python3.8/site-packages/airflow/example_dags/plugins/workday.py
[2022-07-19 06:59:08,565] {processor.py:620} INFO - Processing file /usr/local/lib/python3.8/site-packages/airflow/example_dags/plugins/workday.py for tasks to queue
[2022-07-19 06:59:08,566] {logging_mixin.py:109} INFO - [2022-07-19 06:59:08,566] {dagbag.py:500} INFO - Filling up the DagBag from /usr/local/lib/python3.8/site-packages/airflow/example_dags/plugins/workday.py
[2022-07-19 06:59:08,580] {processor.py:634} WARNING - No viable dags retrieved from /usr/local/lib/python3.8/site-packages/airflow/example_dags/plugins/workday.py
[2022-07-19 06:59:08,582] {processor.py:171} INFO - Processing /usr/local/lib/python3.8/site-packages/airflow/example_dags/plugins/workday.py took 0.022 seconds
