[2022-09-27 06:09:04,610] {processor.py:163} INFO - Started process (PID=47) to work on /usr/local/lib/python3.8/site-packages/airflow/example_dags/plugins/workday.py
[2022-09-27 06:09:04,612] {processor.py:620} INFO - Processing file /usr/local/lib/python3.8/site-packages/airflow/example_dags/plugins/workday.py for tasks to queue
[2022-09-27 06:09:04,614] {logging_mixin.py:109} INFO - [2022-09-27 06:09:04,614] {dagbag.py:500} INFO - Filling up the DagBag from /usr/local/lib/python3.8/site-packages/airflow/example_dags/plugins/workday.py
[2022-09-27 06:09:04,634] {processor.py:634} WARNING - No viable dags retrieved from /usr/local/lib/python3.8/site-packages/airflow/example_dags/plugins/workday.py
[2022-09-27 06:09:04,637] {processor.py:171} INFO - Processing /usr/local/lib/python3.8/site-packages/airflow/example_dags/plugins/workday.py took 0.031 seconds
[2022-09-27 06:09:43,984] {processor.py:163} INFO - Started process (PID=81) to work on /usr/local/lib/python3.8/site-packages/airflow/example_dags/plugins/workday.py
[2022-09-27 06:09:43,986] {processor.py:620} INFO - Processing file /usr/local/lib/python3.8/site-packages/airflow/example_dags/plugins/workday.py for tasks to queue
[2022-09-27 06:09:43,987] {logging_mixin.py:109} INFO - [2022-09-27 06:09:43,987] {dagbag.py:500} INFO - Filling up the DagBag from /usr/local/lib/python3.8/site-packages/airflow/example_dags/plugins/workday.py
[2022-09-27 06:09:44,015] {processor.py:634} WARNING - No viable dags retrieved from /usr/local/lib/python3.8/site-packages/airflow/example_dags/plugins/workday.py
[2022-09-27 06:09:44,019] {processor.py:171} INFO - Processing /usr/local/lib/python3.8/site-packages/airflow/example_dags/plugins/workday.py took 0.039 seconds
[2022-09-27 06:10:24,880] {processor.py:163} INFO - Started process (PID=137) to work on /usr/local/lib/python3.8/site-packages/airflow/example_dags/plugins/workday.py
[2022-09-27 06:10:24,882] {processor.py:620} INFO - Processing file /usr/local/lib/python3.8/site-packages/airflow/example_dags/plugins/workday.py for tasks to queue
[2022-09-27 06:10:24,884] {logging_mixin.py:109} INFO - [2022-09-27 06:10:24,884] {dagbag.py:500} INFO - Filling up the DagBag from /usr/local/lib/python3.8/site-packages/airflow/example_dags/plugins/workday.py
[2022-09-27 06:10:24,902] {processor.py:634} WARNING - No viable dags retrieved from /usr/local/lib/python3.8/site-packages/airflow/example_dags/plugins/workday.py
[2022-09-27 06:10:24,904] {processor.py:171} INFO - Processing /usr/local/lib/python3.8/site-packages/airflow/example_dags/plugins/workday.py took 0.029 seconds
[2022-09-27 06:11:06,393] {processor.py:163} INFO - Started process (PID=171) to work on /usr/local/lib/python3.8/site-packages/airflow/example_dags/plugins/workday.py
[2022-09-27 06:11:06,395] {processor.py:620} INFO - Processing file /usr/local/lib/python3.8/site-packages/airflow/example_dags/plugins/workday.py for tasks to queue
[2022-09-27 06:11:06,396] {logging_mixin.py:109} INFO - [2022-09-27 06:11:06,396] {dagbag.py:500} INFO - Filling up the DagBag from /usr/local/lib/python3.8/site-packages/airflow/example_dags/plugins/workday.py
[2022-09-27 06:11:06,415] {processor.py:634} WARNING - No viable dags retrieved from /usr/local/lib/python3.8/site-packages/airflow/example_dags/plugins/workday.py
[2022-09-27 06:11:06,418] {processor.py:171} INFO - Processing /usr/local/lib/python3.8/site-packages/airflow/example_dags/plugins/workday.py took 0.028 seconds
[2022-09-27 06:11:40,814] {processor.py:163} INFO - Started process (PID=200) to work on /usr/local/lib/python3.8/site-packages/airflow/example_dags/plugins/workday.py
[2022-09-27 06:11:40,817] {processor.py:620} INFO - Processing file /usr/local/lib/python3.8/site-packages/airflow/example_dags/plugins/workday.py for tasks to queue
[2022-09-27 06:11:40,819] {logging_mixin.py:109} INFO - [2022-09-27 06:11:40,819] {dagbag.py:500} INFO - Filling up the DagBag from /usr/local/lib/python3.8/site-packages/airflow/example_dags/plugins/workday.py
[2022-09-27 06:11:40,841] {processor.py:634} WARNING - No viable dags retrieved from /usr/local/lib/python3.8/site-packages/airflow/example_dags/plugins/workday.py
[2022-09-27 06:11:40,845] {processor.py:171} INFO - Processing /usr/local/lib/python3.8/site-packages/airflow/example_dags/plugins/workday.py took 0.036 seconds
[2022-09-27 06:12:21,417] {processor.py:163} INFO - Started process (PID=235) to work on /usr/local/lib/python3.8/site-packages/airflow/example_dags/plugins/workday.py
[2022-09-27 06:12:21,420] {processor.py:620} INFO - Processing file /usr/local/lib/python3.8/site-packages/airflow/example_dags/plugins/workday.py for tasks to queue
[2022-09-27 06:12:21,422] {logging_mixin.py:109} INFO - [2022-09-27 06:12:21,422] {dagbag.py:500} INFO - Filling up the DagBag from /usr/local/lib/python3.8/site-packages/airflow/example_dags/plugins/workday.py
[2022-09-27 06:12:21,446] {processor.py:634} WARNING - No viable dags retrieved from /usr/local/lib/python3.8/site-packages/airflow/example_dags/plugins/workday.py
[2022-09-27 06:12:21,451] {processor.py:171} INFO - Processing /usr/local/lib/python3.8/site-packages/airflow/example_dags/plugins/workday.py took 0.039 seconds
