[2022-09-27 06:09:05,807] {processor.py:163} INFO - Started process (PID=48) to work on /usr/local/lib/python3.8/site-packages/airflow/example_dags/subdags/subdag.py
[2022-09-27 06:09:05,809] {processor.py:620} INFO - Processing file /usr/local/lib/python3.8/site-packages/airflow/example_dags/subdags/subdag.py for tasks to queue
[2022-09-27 06:09:05,810] {logging_mixin.py:109} INFO - [2022-09-27 06:09:05,810] {dagbag.py:500} INFO - Filling up the DagBag from /usr/local/lib/python3.8/site-packages/airflow/example_dags/subdags/subdag.py
[2022-09-27 06:09:05,825] {processor.py:634} WARNING - No viable dags retrieved from /usr/local/lib/python3.8/site-packages/airflow/example_dags/subdags/subdag.py
[2022-09-27 06:09:05,827] {processor.py:171} INFO - Processing /usr/local/lib/python3.8/site-packages/airflow/example_dags/subdags/subdag.py took 0.022 seconds
[2022-09-27 06:09:45,156] {processor.py:163} INFO - Started process (PID=82) to work on /usr/local/lib/python3.8/site-packages/airflow/example_dags/subdags/subdag.py
[2022-09-27 06:09:45,159] {processor.py:620} INFO - Processing file /usr/local/lib/python3.8/site-packages/airflow/example_dags/subdags/subdag.py for tasks to queue
[2022-09-27 06:09:45,161] {logging_mixin.py:109} INFO - [2022-09-27 06:09:45,161] {dagbag.py:500} INFO - Filling up the DagBag from /usr/local/lib/python3.8/site-packages/airflow/example_dags/subdags/subdag.py
[2022-09-27 06:09:45,186] {processor.py:634} WARNING - No viable dags retrieved from /usr/local/lib/python3.8/site-packages/airflow/example_dags/subdags/subdag.py
[2022-09-27 06:09:45,189] {processor.py:171} INFO - Processing /usr/local/lib/python3.8/site-packages/airflow/example_dags/subdags/subdag.py took 0.037 seconds
[2022-09-27 06:10:26,091] {processor.py:163} INFO - Started process (PID=138) to work on /usr/local/lib/python3.8/site-packages/airflow/example_dags/subdags/subdag.py
[2022-09-27 06:10:26,093] {processor.py:620} INFO - Processing file /usr/local/lib/python3.8/site-packages/airflow/example_dags/subdags/subdag.py for tasks to queue
[2022-09-27 06:10:26,095] {logging_mixin.py:109} INFO - [2022-09-27 06:10:26,095] {dagbag.py:500} INFO - Filling up the DagBag from /usr/local/lib/python3.8/site-packages/airflow/example_dags/subdags/subdag.py
[2022-09-27 06:10:26,121] {processor.py:634} WARNING - No viable dags retrieved from /usr/local/lib/python3.8/site-packages/airflow/example_dags/subdags/subdag.py
[2022-09-27 06:10:26,125] {processor.py:171} INFO - Processing /usr/local/lib/python3.8/site-packages/airflow/example_dags/subdags/subdag.py took 0.039 seconds
[2022-09-27 06:11:07,608] {processor.py:163} INFO - Started process (PID=172) to work on /usr/local/lib/python3.8/site-packages/airflow/example_dags/subdags/subdag.py
[2022-09-27 06:11:07,608] {processor.py:620} INFO - Processing file /usr/local/lib/python3.8/site-packages/airflow/example_dags/subdags/subdag.py for tasks to queue
[2022-09-27 06:11:07,609] {logging_mixin.py:109} INFO - [2022-09-27 06:11:07,609] {dagbag.py:500} INFO - Filling up the DagBag from /usr/local/lib/python3.8/site-packages/airflow/example_dags/subdags/subdag.py
[2022-09-27 06:11:07,626] {processor.py:634} WARNING - No viable dags retrieved from /usr/local/lib/python3.8/site-packages/airflow/example_dags/subdags/subdag.py
[2022-09-27 06:11:07,630] {processor.py:171} INFO - Processing /usr/local/lib/python3.8/site-packages/airflow/example_dags/subdags/subdag.py took 0.024 seconds
[2022-09-27 06:11:48,655] {processor.py:163} INFO - Started process (PID=207) to work on /usr/local/lib/python3.8/site-packages/airflow/example_dags/subdags/subdag.py
[2022-09-27 06:11:48,658] {processor.py:620} INFO - Processing file /usr/local/lib/python3.8/site-packages/airflow/example_dags/subdags/subdag.py for tasks to queue
[2022-09-27 06:11:48,660] {logging_mixin.py:109} INFO - [2022-09-27 06:11:48,660] {dagbag.py:500} INFO - Filling up the DagBag from /usr/local/lib/python3.8/site-packages/airflow/example_dags/subdags/subdag.py
[2022-09-27 06:11:48,685] {processor.py:634} WARNING - No viable dags retrieved from /usr/local/lib/python3.8/site-packages/airflow/example_dags/subdags/subdag.py
[2022-09-27 06:11:48,689] {processor.py:171} INFO - Processing /usr/local/lib/python3.8/site-packages/airflow/example_dags/subdags/subdag.py took 0.038 seconds
[2022-09-27 06:12:22,574] {processor.py:163} INFO - Started process (PID=236) to work on /usr/local/lib/python3.8/site-packages/airflow/example_dags/subdags/subdag.py
[2022-09-27 06:12:22,576] {processor.py:620} INFO - Processing file /usr/local/lib/python3.8/site-packages/airflow/example_dags/subdags/subdag.py for tasks to queue
[2022-09-27 06:12:22,577] {logging_mixin.py:109} INFO - [2022-09-27 06:12:22,577] {dagbag.py:500} INFO - Filling up the DagBag from /usr/local/lib/python3.8/site-packages/airflow/example_dags/subdags/subdag.py
[2022-09-27 06:12:22,593] {processor.py:634} WARNING - No viable dags retrieved from /usr/local/lib/python3.8/site-packages/airflow/example_dags/subdags/subdag.py
[2022-09-27 06:12:22,596] {processor.py:171} INFO - Processing /usr/local/lib/python3.8/site-packages/airflow/example_dags/subdags/subdag.py took 0.030 seconds
