[2022-09-27 06:08:55,721] {processor.py:163} INFO - Started process (PID=39) to work on /root/airflow/dags/recruitment_pipeline.py
[2022-09-27 06:08:55,722] {processor.py:620} INFO - Processing file /root/airflow/dags/recruitment_pipeline.py for tasks to queue
[2022-09-27 06:08:55,723] {logging_mixin.py:109} INFO - [2022-09-27 06:08:55,723] {dagbag.py:500} INFO - Filling up the DagBag from /root/airflow/dags/recruitment_pipeline.py
[2022-09-27 06:08:55,741] {processor.py:632} INFO - DAG(s) dict_keys(['recruitment-airflow']) retrieved from /root/airflow/dags/recruitment_pipeline.py
[2022-09-27 06:08:55,745] {logging_mixin.py:109} WARNING - /usr/local/lib/python3.8/site-packages/airflow/models/serialized_dag.py:120 SAWarning: TypeDecorator UtcDateTime(timezone=True) will not produce a cache key because the ``cache_ok`` attribute is not set to True.  This can have significant performance implications including some performance degradations in comparison to prior SQLAlchemy versions.  Set this attribute to True if this type object's state is safe to use in a cache key, or False to disable this warning. (Background on this error at: https://sqlalche.me/e/14/cprf)
[2022-09-27 06:08:56,037] {logging_mixin.py:109} INFO - [2022-09-27 06:08:56,036] {manager.py:496} INFO - Created Permission View: can edit on DAG:recruitment-airflow
[2022-09-27 06:08:56,070] {logging_mixin.py:109} INFO - [2022-09-27 06:08:56,070] {manager.py:496} INFO - Created Permission View: can read on DAG:recruitment-airflow
[2022-09-27 06:08:56,071] {logging_mixin.py:109} INFO - [2022-09-27 06:08:56,071] {dag.py:2389} INFO - Sync 1 DAGs
[2022-09-27 06:08:56,087] {logging_mixin.py:109} INFO - [2022-09-27 06:08:56,087] {dag.py:2408} INFO - Creating ORM DAG for recruitment-airflow
[2022-09-27 06:08:56,089] {logging_mixin.py:109} WARNING - /usr/local/lib/python3.8/site-packages/airflow/models/dag.py:2426 SAWarning: TypeDecorator UtcDateTime(timezone=True) will not produce a cache key because the ``cache_ok`` attribute is not set to True.  This can have significant performance implications including some performance degradations in comparison to prior SQLAlchemy versions.  Set this attribute to True if this type object's state is safe to use in a cache key, or False to disable this warning. (Background on this error at: https://sqlalche.me/e/14/cprf)
[2022-09-27 06:08:56,097] {logging_mixin.py:109} INFO - [2022-09-27 06:08:56,097] {dag.py:2921} INFO - Setting next_dagrun for recruitment-airflow to 2022-09-26 00:00:00+00:00
[2022-09-27 06:08:56,165] {processor.py:171} INFO - Processing /root/airflow/dags/recruitment_pipeline.py took 0.445 seconds
[2022-09-27 06:09:36,082] {processor.py:163} INFO - Started process (PID=74) to work on /root/airflow/dags/recruitment_pipeline.py
[2022-09-27 06:09:36,084] {processor.py:620} INFO - Processing file /root/airflow/dags/recruitment_pipeline.py for tasks to queue
[2022-09-27 06:09:36,086] {logging_mixin.py:109} INFO - [2022-09-27 06:09:36,085] {dagbag.py:500} INFO - Filling up the DagBag from /root/airflow/dags/recruitment_pipeline.py
[2022-09-27 06:09:36,119] {processor.py:632} INFO - DAG(s) dict_keys(['recruitment-airflow']) retrieved from /root/airflow/dags/recruitment_pipeline.py
[2022-09-27 06:09:36,124] {logging_mixin.py:109} WARNING - /usr/local/lib/python3.8/site-packages/airflow/models/serialized_dag.py:120 SAWarning: TypeDecorator UtcDateTime(timezone=True) will not produce a cache key because the ``cache_ok`` attribute is not set to True.  This can have significant performance implications including some performance degradations in comparison to prior SQLAlchemy versions.  Set this attribute to True if this type object's state is safe to use in a cache key, or False to disable this warning. (Background on this error at: https://sqlalche.me/e/14/cprf)
[2022-09-27 06:09:36,134] {logging_mixin.py:109} INFO - [2022-09-27 06:09:36,134] {dag.py:2389} INFO - Sync 1 DAGs
[2022-09-27 06:09:36,142] {logging_mixin.py:109} WARNING - /usr/local/lib/python3.8/site-packages/airflow/models/dag.py:2426 SAWarning: TypeDecorator UtcDateTime(timezone=True) will not produce a cache key because the ``cache_ok`` attribute is not set to True.  This can have significant performance implications including some performance degradations in comparison to prior SQLAlchemy versions.  Set this attribute to True if this type object's state is safe to use in a cache key, or False to disable this warning. (Background on this error at: https://sqlalche.me/e/14/cprf)
[2022-09-27 06:09:36,151] {logging_mixin.py:109} INFO - [2022-09-27 06:09:36,151] {dag.py:2921} INFO - Setting next_dagrun for recruitment-airflow to 2022-09-26 00:00:00+00:00
[2022-09-27 06:09:36,184] {processor.py:171} INFO - Processing /root/airflow/dags/recruitment_pipeline.py took 0.106 seconds
[2022-09-27 06:10:07,303] {processor.py:163} INFO - Started process (PID=113) to work on /root/airflow/dags/recruitment_pipeline.py
[2022-09-27 06:10:07,304] {processor.py:620} INFO - Processing file /root/airflow/dags/recruitment_pipeline.py for tasks to queue
[2022-09-27 06:10:07,305] {logging_mixin.py:109} INFO - [2022-09-27 06:10:07,305] {dagbag.py:500} INFO - Filling up the DagBag from /root/airflow/dags/recruitment_pipeline.py
[2022-09-27 06:10:07,329] {processor.py:632} INFO - DAG(s) dict_keys(['recruitment-airflow']) retrieved from /root/airflow/dags/recruitment_pipeline.py
[2022-09-27 06:10:07,334] {logging_mixin.py:109} WARNING - /usr/local/lib/python3.8/site-packages/airflow/models/serialized_dag.py:120 SAWarning: TypeDecorator UtcDateTime(timezone=True) will not produce a cache key because the ``cache_ok`` attribute is not set to True.  This can have significant performance implications including some performance degradations in comparison to prior SQLAlchemy versions.  Set this attribute to True if this type object's state is safe to use in a cache key, or False to disable this warning. (Background on this error at: https://sqlalche.me/e/14/cprf)
[2022-09-27 06:10:07,346] {logging_mixin.py:109} INFO - [2022-09-27 06:10:07,346] {dag.py:2389} INFO - Sync 1 DAGs
[2022-09-27 06:10:07,354] {logging_mixin.py:109} WARNING - /usr/local/lib/python3.8/site-packages/airflow/models/dag.py:2426 SAWarning: TypeDecorator UtcDateTime(timezone=True) will not produce a cache key because the ``cache_ok`` attribute is not set to True.  This can have significant performance implications including some performance degradations in comparison to prior SQLAlchemy versions.  Set this attribute to True if this type object's state is safe to use in a cache key, or False to disable this warning. (Background on this error at: https://sqlalche.me/e/14/cprf)
[2022-09-27 06:10:07,363] {logging_mixin.py:109} INFO - [2022-09-27 06:10:07,363] {dag.py:2921} INFO - Setting next_dagrun for recruitment-airflow to 2022-09-26 00:00:00+00:00
[2022-09-27 06:10:07,401] {processor.py:171} INFO - Processing /root/airflow/dags/recruitment_pipeline.py took 0.100 seconds
[2022-09-27 06:10:40,447] {processor.py:163} INFO - Started process (PID=150) to work on /root/airflow/dags/recruitment_pipeline.py
[2022-09-27 06:10:40,448] {processor.py:620} INFO - Processing file /root/airflow/dags/recruitment_pipeline.py for tasks to queue
[2022-09-27 06:10:40,450] {logging_mixin.py:109} INFO - [2022-09-27 06:10:40,450] {dagbag.py:500} INFO - Filling up the DagBag from /root/airflow/dags/recruitment_pipeline.py
[2022-09-27 06:10:40,470] {processor.py:632} INFO - DAG(s) dict_keys(['recruitment-airflow']) retrieved from /root/airflow/dags/recruitment_pipeline.py
[2022-09-27 06:10:40,473] {logging_mixin.py:109} WARNING - /usr/local/lib/python3.8/site-packages/airflow/models/serialized_dag.py:120 SAWarning: TypeDecorator UtcDateTime(timezone=True) will not produce a cache key because the ``cache_ok`` attribute is not set to True.  This can have significant performance implications including some performance degradations in comparison to prior SQLAlchemy versions.  Set this attribute to True if this type object's state is safe to use in a cache key, or False to disable this warning. (Background on this error at: https://sqlalche.me/e/14/cprf)
[2022-09-27 06:10:40,482] {logging_mixin.py:109} INFO - [2022-09-27 06:10:40,482] {dag.py:2389} INFO - Sync 1 DAGs
[2022-09-27 06:10:40,489] {logging_mixin.py:109} WARNING - /usr/local/lib/python3.8/site-packages/airflow/models/dag.py:2426 SAWarning: TypeDecorator UtcDateTime(timezone=True) will not produce a cache key because the ``cache_ok`` attribute is not set to True.  This can have significant performance implications including some performance degradations in comparison to prior SQLAlchemy versions.  Set this attribute to True if this type object's state is safe to use in a cache key, or False to disable this warning. (Background on this error at: https://sqlalche.me/e/14/cprf)
[2022-09-27 06:10:40,497] {logging_mixin.py:109} INFO - [2022-09-27 06:10:40,496] {dag.py:2921} INFO - Setting next_dagrun for recruitment-airflow to 2022-09-26 00:00:00+00:00
[2022-09-27 06:10:40,541] {processor.py:171} INFO - Processing /root/airflow/dags/recruitment_pipeline.py took 0.097 seconds
[2022-09-27 06:11:15,218] {processor.py:163} INFO - Started process (PID=179) to work on /root/airflow/dags/recruitment_pipeline.py
[2022-09-27 06:11:15,219] {processor.py:620} INFO - Processing file /root/airflow/dags/recruitment_pipeline.py for tasks to queue
[2022-09-27 06:11:15,221] {logging_mixin.py:109} INFO - [2022-09-27 06:11:15,221] {dagbag.py:500} INFO - Filling up the DagBag from /root/airflow/dags/recruitment_pipeline.py
[2022-09-27 06:11:15,244] {processor.py:632} INFO - DAG(s) dict_keys(['recruitment-airflow']) retrieved from /root/airflow/dags/recruitment_pipeline.py
[2022-09-27 06:11:15,248] {logging_mixin.py:109} WARNING - /usr/local/lib/python3.8/site-packages/airflow/models/serialized_dag.py:120 SAWarning: TypeDecorator UtcDateTime(timezone=True) will not produce a cache key because the ``cache_ok`` attribute is not set to True.  This can have significant performance implications including some performance degradations in comparison to prior SQLAlchemy versions.  Set this attribute to True if this type object's state is safe to use in a cache key, or False to disable this warning. (Background on this error at: https://sqlalche.me/e/14/cprf)
[2022-09-27 06:11:15,258] {logging_mixin.py:109} INFO - [2022-09-27 06:11:15,257] {dag.py:2389} INFO - Sync 1 DAGs
[2022-09-27 06:11:15,266] {logging_mixin.py:109} WARNING - /usr/local/lib/python3.8/site-packages/airflow/models/dag.py:2426 SAWarning: TypeDecorator UtcDateTime(timezone=True) will not produce a cache key because the ``cache_ok`` attribute is not set to True.  This can have significant performance implications including some performance degradations in comparison to prior SQLAlchemy versions.  Set this attribute to True if this type object's state is safe to use in a cache key, or False to disable this warning. (Background on this error at: https://sqlalche.me/e/14/cprf)
[2022-09-27 06:11:15,276] {logging_mixin.py:109} INFO - [2022-09-27 06:11:15,276] {dag.py:2921} INFO - Setting next_dagrun for recruitment-airflow to 2022-09-26 00:00:00+00:00
[2022-09-27 06:11:15,311] {processor.py:171} INFO - Processing /root/airflow/dags/recruitment_pipeline.py took 0.094 seconds
[2022-09-27 06:11:47,379] {processor.py:163} INFO - Started process (PID=206) to work on /root/airflow/dags/recruitment_pipeline.py
[2022-09-27 06:11:47,381] {processor.py:620} INFO - Processing file /root/airflow/dags/recruitment_pipeline.py for tasks to queue
[2022-09-27 06:11:47,382] {logging_mixin.py:109} INFO - [2022-09-27 06:11:47,382] {dagbag.py:500} INFO - Filling up the DagBag from /root/airflow/dags/recruitment_pipeline.py
[2022-09-27 06:11:47,413] {processor.py:632} INFO - DAG(s) dict_keys(['recruitment-airflow']) retrieved from /root/airflow/dags/recruitment_pipeline.py
[2022-09-27 06:11:47,417] {logging_mixin.py:109} WARNING - /usr/local/lib/python3.8/site-packages/airflow/models/serialized_dag.py:120 SAWarning: TypeDecorator UtcDateTime(timezone=True) will not produce a cache key because the ``cache_ok`` attribute is not set to True.  This can have significant performance implications including some performance degradations in comparison to prior SQLAlchemy versions.  Set this attribute to True if this type object's state is safe to use in a cache key, or False to disable this warning. (Background on this error at: https://sqlalche.me/e/14/cprf)
[2022-09-27 06:11:47,427] {logging_mixin.py:109} INFO - [2022-09-27 06:11:47,427] {dag.py:2389} INFO - Sync 1 DAGs
[2022-09-27 06:11:47,434] {logging_mixin.py:109} WARNING - /usr/local/lib/python3.8/site-packages/airflow/models/dag.py:2426 SAWarning: TypeDecorator UtcDateTime(timezone=True) will not produce a cache key because the ``cache_ok`` attribute is not set to True.  This can have significant performance implications including some performance degradations in comparison to prior SQLAlchemy versions.  Set this attribute to True if this type object's state is safe to use in a cache key, or False to disable this warning. (Background on this error at: https://sqlalche.me/e/14/cprf)
[2022-09-27 06:11:47,441] {logging_mixin.py:109} INFO - [2022-09-27 06:11:47,441] {dag.py:2921} INFO - Setting next_dagrun for recruitment-airflow to 2022-09-26 00:00:00+00:00
[2022-09-27 06:11:47,486] {processor.py:171} INFO - Processing /root/airflow/dags/recruitment_pipeline.py took 0.112 seconds
[2022-09-27 06:12:18,843] {processor.py:163} INFO - Started process (PID=233) to work on /root/airflow/dags/recruitment_pipeline.py
[2022-09-27 06:12:18,845] {processor.py:620} INFO - Processing file /root/airflow/dags/recruitment_pipeline.py for tasks to queue
[2022-09-27 06:12:18,847] {logging_mixin.py:109} INFO - [2022-09-27 06:12:18,847] {dagbag.py:500} INFO - Filling up the DagBag from /root/airflow/dags/recruitment_pipeline.py
[2022-09-27 06:12:18,877] {processor.py:632} INFO - DAG(s) dict_keys(['recruitment-airflow']) retrieved from /root/airflow/dags/recruitment_pipeline.py
[2022-09-27 06:12:18,882] {logging_mixin.py:109} WARNING - /usr/local/lib/python3.8/site-packages/airflow/models/serialized_dag.py:120 SAWarning: TypeDecorator UtcDateTime(timezone=True) will not produce a cache key because the ``cache_ok`` attribute is not set to True.  This can have significant performance implications including some performance degradations in comparison to prior SQLAlchemy versions.  Set this attribute to True if this type object's state is safe to use in a cache key, or False to disable this warning. (Background on this error at: https://sqlalche.me/e/14/cprf)
[2022-09-27 06:12:18,893] {logging_mixin.py:109} INFO - [2022-09-27 06:12:18,893] {dag.py:2389} INFO - Sync 1 DAGs
[2022-09-27 06:12:18,901] {logging_mixin.py:109} WARNING - /usr/local/lib/python3.8/site-packages/airflow/models/dag.py:2426 SAWarning: TypeDecorator UtcDateTime(timezone=True) will not produce a cache key because the ``cache_ok`` attribute is not set to True.  This can have significant performance implications including some performance degradations in comparison to prior SQLAlchemy versions.  Set this attribute to True if this type object's state is safe to use in a cache key, or False to disable this warning. (Background on this error at: https://sqlalche.me/e/14/cprf)
[2022-09-27 06:12:18,909] {logging_mixin.py:109} INFO - [2022-09-27 06:12:18,909] {dag.py:2921} INFO - Setting next_dagrun for recruitment-airflow to 2022-09-26 00:00:00+00:00
[2022-09-27 06:12:18,938] {processor.py:171} INFO - Processing /root/airflow/dags/recruitment_pipeline.py took 0.100 seconds
[2022-09-27 06:12:41,716] {processor.py:163} INFO - Started process (PID=251) to work on /root/airflow/dags/recruitment_pipeline.py
[2022-09-27 06:12:41,717] {processor.py:620} INFO - Processing file /root/airflow/dags/recruitment_pipeline.py for tasks to queue
[2022-09-27 06:12:41,718] {logging_mixin.py:109} INFO - [2022-09-27 06:12:41,718] {dagbag.py:500} INFO - Filling up the DagBag from /root/airflow/dags/recruitment_pipeline.py
[2022-09-27 06:12:41,736] {processor.py:632} INFO - DAG(s) dict_keys(['recruitment-airflow']) retrieved from /root/airflow/dags/recruitment_pipeline.py
[2022-09-27 06:12:41,740] {logging_mixin.py:109} WARNING - /usr/local/lib/python3.8/site-packages/airflow/models/serialized_dag.py:120 SAWarning: TypeDecorator UtcDateTime(timezone=True) will not produce a cache key because the ``cache_ok`` attribute is not set to True.  This can have significant performance implications including some performance degradations in comparison to prior SQLAlchemy versions.  Set this attribute to True if this type object's state is safe to use in a cache key, or False to disable this warning. (Background on this error at: https://sqlalche.me/e/14/cprf)
[2022-09-27 06:12:41,749] {logging_mixin.py:109} INFO - [2022-09-27 06:12:41,749] {dag.py:2389} INFO - Sync 1 DAGs
[2022-09-27 06:12:41,757] {logging_mixin.py:109} WARNING - /usr/local/lib/python3.8/site-packages/airflow/models/dag.py:2426 SAWarning: TypeDecorator UtcDateTime(timezone=True) will not produce a cache key because the ``cache_ok`` attribute is not set to True.  This can have significant performance implications including some performance degradations in comparison to prior SQLAlchemy versions.  Set this attribute to True if this type object's state is safe to use in a cache key, or False to disable this warning. (Background on this error at: https://sqlalche.me/e/14/cprf)
[2022-09-27 06:12:41,767] {logging_mixin.py:109} INFO - [2022-09-27 06:12:41,766] {dag.py:2921} INFO - Setting next_dagrun for recruitment-airflow to 2022-09-26 00:00:00+00:00
[2022-09-27 06:12:41,797] {processor.py:171} INFO - Processing /root/airflow/dags/recruitment_pipeline.py took 0.083 seconds
[2022-09-27 06:13:12,153] {processor.py:163} INFO - Started process (PID=265) to work on /root/airflow/dags/recruitment_pipeline.py
[2022-09-27 06:13:12,155] {processor.py:620} INFO - Processing file /root/airflow/dags/recruitment_pipeline.py for tasks to queue
[2022-09-27 06:13:12,158] {logging_mixin.py:109} INFO - [2022-09-27 06:13:12,158] {dagbag.py:500} INFO - Filling up the DagBag from /root/airflow/dags/recruitment_pipeline.py
[2022-09-27 06:13:12,190] {processor.py:632} INFO - DAG(s) dict_keys(['recruitment-airflow']) retrieved from /root/airflow/dags/recruitment_pipeline.py
[2022-09-27 06:13:12,194] {logging_mixin.py:109} WARNING - /usr/local/lib/python3.8/site-packages/airflow/models/serialized_dag.py:120 SAWarning: TypeDecorator UtcDateTime(timezone=True) will not produce a cache key because the ``cache_ok`` attribute is not set to True.  This can have significant performance implications including some performance degradations in comparison to prior SQLAlchemy versions.  Set this attribute to True if this type object's state is safe to use in a cache key, or False to disable this warning. (Background on this error at: https://sqlalche.me/e/14/cprf)
[2022-09-27 06:13:12,202] {logging_mixin.py:109} INFO - [2022-09-27 06:13:12,201] {dag.py:2389} INFO - Sync 1 DAGs
[2022-09-27 06:13:12,208] {logging_mixin.py:109} WARNING - /usr/local/lib/python3.8/site-packages/airflow/models/dag.py:2426 SAWarning: TypeDecorator UtcDateTime(timezone=True) will not produce a cache key because the ``cache_ok`` attribute is not set to True.  This can have significant performance implications including some performance degradations in comparison to prior SQLAlchemy versions.  Set this attribute to True if this type object's state is safe to use in a cache key, or False to disable this warning. (Background on this error at: https://sqlalche.me/e/14/cprf)
[2022-09-27 06:13:12,215] {logging_mixin.py:109} INFO - [2022-09-27 06:13:12,215] {dag.py:2921} INFO - Setting next_dagrun for recruitment-airflow to 2022-09-26 00:00:00+00:00
[2022-09-27 06:13:12,238] {processor.py:171} INFO - Processing /root/airflow/dags/recruitment_pipeline.py took 0.090 seconds
