[2022-09-27 06:44:52,300] {taskinstance.py:1035} INFO - Dependencies all met for <TaskInstance: recruitment-airflow.KafkaToS3 manual__2022-09-27T06:41:35.514363+00:00 [queued]>
[2022-09-27 06:44:52,321] {taskinstance.py:1035} INFO - Dependencies all met for <TaskInstance: recruitment-airflow.KafkaToS3 manual__2022-09-27T06:41:35.514363+00:00 [queued]>
[2022-09-27 06:44:52,322] {taskinstance.py:1241} INFO - 
--------------------------------------------------------------------------------
[2022-09-27 06:44:52,323] {taskinstance.py:1242} INFO - Starting attempt 1 of 1
[2022-09-27 06:44:52,324] {taskinstance.py:1243} INFO - 
--------------------------------------------------------------------------------
[2022-09-27 06:44:52,386] {taskinstance.py:1262} INFO - Executing <Task(BashOperator): KafkaToS3> on 2022-09-27 06:41:35.514363+00:00
[2022-09-27 06:44:52,389] {standard_task_runner.py:52} INFO - Started process 3610 to run task
[2022-09-27 06:44:52,392] {standard_task_runner.py:76} INFO - Running: ['airflow', 'tasks', 'run', 'recruitment-airflow', 'KafkaToS3', 'manual__2022-09-27T06:41:35.514363+00:00', '--job-id', '16', '--raw', '--subdir', 'DAGS_FOLDER/recruitment_pipeline.py', '--cfg-path', '/tmp/tmpar4ak9x_', '--error-file', '/tmp/tmpueymh_71']
[2022-09-27 06:44:52,394] {standard_task_runner.py:77} INFO - Job 16: Subtask KafkaToS3
[2022-09-27 06:44:52,482] {logging_mixin.py:109} INFO - Running <TaskInstance: recruitment-airflow.KafkaToS3 manual__2022-09-27T06:41:35.514363+00:00 [running]> on host pipeline
[2022-09-27 06:44:52,535] {logging_mixin.py:109} WARNING - /usr/local/lib/python3.8/site-packages/airflow/models/xcom.py:323 SAWarning: TypeDecorator UtcDateTime(timezone=True) will not produce a cache key because the ``cache_ok`` attribute is not set to True.  This can have significant performance implications including some performance degradations in comparison to prior SQLAlchemy versions.  Set this attribute to True if this type object's state is safe to use in a cache key, or False to disable this warning. (Background on this error at: https://sqlalche.me/e/14/cprf)
[2022-09-27 06:44:52,555] {logging_mixin.py:109} WARNING - /usr/local/lib/python3.8/site-packages/airflow/models/renderedtifields.py:126 SAWarning: TypeDecorator UtcDateTime(timezone=True) will not produce a cache key because the ``cache_ok`` attribute is not set to True.  This can have significant performance implications including some performance degradations in comparison to prior SQLAlchemy versions.  Set this attribute to True if this type object's state is safe to use in a cache key, or False to disable this warning. (Background on this error at: https://sqlalche.me/e/14/cprf)
[2022-09-27 06:44:52,605] {logging_mixin.py:109} WARNING - /usr/local/lib/python3.8/site-packages/airflow/models/renderedtifields.py:162 SAWarning: Coercing Subquery object into a select() for use in IN(); please pass a select() construct explicitly
[2022-09-27 06:44:52,610] {logging_mixin.py:109} WARNING - /usr/local/lib/python3.8/site-packages/airflow/models/renderedtifields.py:159 SAWarning: TypeDecorator UtcDateTime(timezone=True) will not produce a cache key because the ``cache_ok`` attribute is not set to True.  This can have significant performance implications including some performance degradations in comparison to prior SQLAlchemy versions.  Set this attribute to True if this type object's state is safe to use in a cache key, or False to disable this warning. (Background on this error at: https://sqlalche.me/e/14/cprf)
[2022-09-27 06:44:52,624] {taskinstance.py:1427} INFO - Exporting the following env vars:
AIRFLOW_CTX_DAG_OWNER=airflow
AIRFLOW_CTX_DAG_ID=recruitment-airflow
AIRFLOW_CTX_TASK_ID=KafkaToS3
AIRFLOW_CTX_EXECUTION_DATE=2022-09-27T06:41:35.514363+00:00
AIRFLOW_CTX_DAG_RUN_ID=manual__2022-09-27T06:41:35.514363+00:00
[2022-09-27 06:44:52,626] {subprocess.py:62} INFO - Tmp dir root location: 
 /tmp
[2022-09-27 06:44:52,627] {subprocess.py:74} INFO - Running command: ['bash', '-c', 'python /opt/pipeline/script/KafkaToS3.py']
[2022-09-27 06:44:52,633] {subprocess.py:85} INFO - Output:
[2022-09-27 06:45:30,276] {subprocess.py:89} INFO - 1번 째 연결 실패
[2022-09-27 06:45:30,277] {subprocess.py:89} INFO - 2번 째 연결 성공
[2022-09-27 06:45:30,278] {subprocess.py:89} INFO - <class 'kafka.consumer.group.KafkaConsumer'>
[2022-09-27 06:45:30,314] {subprocess.py:93} INFO - Command exited with return code 0
[2022-09-27 06:45:30,320] {logging_mixin.py:109} WARNING - /usr/local/lib/python3.8/site-packages/airflow/models/xcom.py:103 SAWarning: TypeDecorator UtcDateTime(timezone=True) will not produce a cache key because the ``cache_ok`` attribute is not set to True.  This can have significant performance implications including some performance degradations in comparison to prior SQLAlchemy versions.  Set this attribute to True if this type object's state is safe to use in a cache key, or False to disable this warning. (Background on this error at: https://sqlalche.me/e/14/cprf)
[2022-09-27 06:45:30,379] {taskinstance.py:1270} INFO - Marking task as SUCCESS. dag_id=recruitment-airflow, task_id=KafkaToS3, execution_date=20220927T064135, start_date=20220927T064452, end_date=20220927T064530
[2022-09-27 06:45:30,476] {local_task_job.py:154} INFO - Task exited with return code 0
[2022-09-27 06:45:30,547] {local_task_job.py:264} INFO - 2 downstream tasks scheduled from follow-on schedule check
[2022-09-27 06:45:30,550] {logging_mixin.py:109} WARNING - /usr/local/lib/python3.8/site-packages/airflow/models/dag.py:1069 SADeprecationWarning: Query.value() is deprecated and will be removed in a future release.  Please use Query.with_entities() in combination with Query.scalar() (deprecated since: 1.4)
[2022-09-27 06:45:30,551] {logging_mixin.py:109} WARNING - /usr/local/lib/python3.8/site-packages/airflow/models/dag.py:1069 SADeprecationWarning: Query.values() is deprecated and will be removed in a future release.  Please use Query.with_entities() (deprecated since: 1.4)
