[2022-09-27 07:25:51,606] {taskinstance.py:1035} INFO - Dependencies all met for <TaskInstance: recruitment-airflow.S3ToMySQL manual__2022-09-27T07:21:52.889163+00:00 [queued]>
[2022-09-27 07:25:51,627] {taskinstance.py:1035} INFO - Dependencies all met for <TaskInstance: recruitment-airflow.S3ToMySQL manual__2022-09-27T07:21:52.889163+00:00 [queued]>
[2022-09-27 07:25:51,628] {taskinstance.py:1241} INFO - 
--------------------------------------------------------------------------------
[2022-09-27 07:25:51,629] {taskinstance.py:1242} INFO - Starting attempt 1 of 1
[2022-09-27 07:25:51,630] {taskinstance.py:1243} INFO - 
--------------------------------------------------------------------------------
[2022-09-27 07:25:51,687] {taskinstance.py:1262} INFO - Executing <Task(BashOperator): S3ToMySQL> on 2022-09-27 07:21:52.889163+00:00
[2022-09-27 07:25:51,690] {standard_task_runner.py:52} INFO - Started process 4767 to run task
[2022-09-27 07:25:51,692] {standard_task_runner.py:76} INFO - Running: ['airflow', 'tasks', 'run', 'recruitment-airflow', 'S3ToMySQL', 'manual__2022-09-27T07:21:52.889163+00:00', '--job-id', '24', '--raw', '--subdir', 'DAGS_FOLDER/recruitment_pipeline.py', '--cfg-path', '/tmp/tmp_mo_o0np', '--error-file', '/tmp/tmpvkdb3blq']
[2022-09-27 07:25:51,693] {standard_task_runner.py:77} INFO - Job 24: Subtask S3ToMySQL
[2022-09-27 07:25:51,771] {logging_mixin.py:109} INFO - Running <TaskInstance: recruitment-airflow.S3ToMySQL manual__2022-09-27T07:21:52.889163+00:00 [running]> on host pipeline
[2022-09-27 07:25:51,817] {logging_mixin.py:109} WARNING - /usr/local/lib/python3.8/site-packages/airflow/models/xcom.py:323 SAWarning: TypeDecorator UtcDateTime(timezone=True) will not produce a cache key because the ``cache_ok`` attribute is not set to True.  This can have significant performance implications including some performance degradations in comparison to prior SQLAlchemy versions.  Set this attribute to True if this type object's state is safe to use in a cache key, or False to disable this warning. (Background on this error at: https://sqlalche.me/e/14/cprf)
[2022-09-27 07:25:51,837] {logging_mixin.py:109} WARNING - /usr/local/lib/python3.8/site-packages/airflow/models/renderedtifields.py:126 SAWarning: TypeDecorator UtcDateTime(timezone=True) will not produce a cache key because the ``cache_ok`` attribute is not set to True.  This can have significant performance implications including some performance degradations in comparison to prior SQLAlchemy versions.  Set this attribute to True if this type object's state is safe to use in a cache key, or False to disable this warning. (Background on this error at: https://sqlalche.me/e/14/cprf)
[2022-09-27 07:25:51,872] {logging_mixin.py:109} WARNING - /usr/local/lib/python3.8/site-packages/airflow/models/renderedtifields.py:162 SAWarning: Coercing Subquery object into a select() for use in IN(); please pass a select() construct explicitly
[2022-09-27 07:25:51,877] {logging_mixin.py:109} WARNING - /usr/local/lib/python3.8/site-packages/airflow/models/renderedtifields.py:159 SAWarning: TypeDecorator UtcDateTime(timezone=True) will not produce a cache key because the ``cache_ok`` attribute is not set to True.  This can have significant performance implications including some performance degradations in comparison to prior SQLAlchemy versions.  Set this attribute to True if this type object's state is safe to use in a cache key, or False to disable this warning. (Background on this error at: https://sqlalche.me/e/14/cprf)
[2022-09-27 07:25:51,890] {taskinstance.py:1427} INFO - Exporting the following env vars:
AIRFLOW_CTX_DAG_OWNER=airflow
AIRFLOW_CTX_DAG_ID=recruitment-airflow
AIRFLOW_CTX_TASK_ID=S3ToMySQL
AIRFLOW_CTX_EXECUTION_DATE=2022-09-27T07:21:52.889163+00:00
AIRFLOW_CTX_DAG_RUN_ID=manual__2022-09-27T07:21:52.889163+00:00
[2022-09-27 07:25:51,891] {subprocess.py:62} INFO - Tmp dir root location: 
 /tmp
[2022-09-27 07:25:51,892] {subprocess.py:74} INFO - Running command: ['bash', '-c', 'python /opt/pipeline/script/S3ToMySQL.py']
[2022-09-27 07:25:51,897] {subprocess.py:85} INFO - Output:
[2022-09-27 07:25:58,642] {subprocess.py:93} INFO - Command exited with return code 0
[2022-09-27 07:25:58,649] {logging_mixin.py:109} WARNING - /usr/local/lib/python3.8/site-packages/airflow/models/xcom.py:103 SAWarning: TypeDecorator UtcDateTime(timezone=True) will not produce a cache key because the ``cache_ok`` attribute is not set to True.  This can have significant performance implications including some performance degradations in comparison to prior SQLAlchemy versions.  Set this attribute to True if this type object's state is safe to use in a cache key, or False to disable this warning. (Background on this error at: https://sqlalche.me/e/14/cprf)
[2022-09-27 07:25:58,705] {taskinstance.py:1270} INFO - Marking task as SUCCESS. dag_id=recruitment-airflow, task_id=S3ToMySQL, execution_date=20220927T072152, start_date=20220927T072551, end_date=20220927T072558
[2022-09-27 07:25:58,789] {local_task_job.py:154} INFO - Task exited with return code 0
[2022-09-27 07:25:58,819] {local_task_job.py:264} INFO - 0 downstream tasks scheduled from follow-on schedule check
[2022-09-27 07:25:58,821] {logging_mixin.py:109} WARNING - /usr/local/lib/python3.8/site-packages/airflow/models/dag.py:1069 SADeprecationWarning: Query.value() is deprecated and will be removed in a future release.  Please use Query.with_entities() in combination with Query.scalar() (deprecated since: 1.4)
[2022-09-27 07:25:58,823] {logging_mixin.py:109} WARNING - /usr/local/lib/python3.8/site-packages/airflow/models/dag.py:1069 SADeprecationWarning: Query.values() is deprecated and will be removed in a future release.  Please use Query.with_entities() (deprecated since: 1.4)
