[2022-09-27 06:08:55,615] {manager.py:504} INFO - Processing files using up to 1 processes at a time 
[2022-09-27 06:08:55,616] {manager.py:505} INFO - Process each file at most once every 30 seconds
[2022-09-27 06:08:55,618] {manager.py:506} INFO - Checking for new files in /root/airflow/dags every 300 seconds
[2022-09-27 06:08:55,619] {manager.py:653} INFO - Searching for files in /root/airflow/dags
[2022-09-27 06:08:55,636] {manager.py:656} INFO - There are 34 files in /root/airflow/dags
[2022-09-27 06:08:55,680] {manager.py:1051} INFO - Finding 'running' jobs without a recent heartbeat
[2022-09-27 06:08:55,681] {manager.py:1055} INFO - Failing jobs without heartbeat after 2022-09-27 06:03:55.681164+00:00
[2022-09-27 06:08:56,199] {manager.py:774} INFO - 
================================================================================
DAG File Processing Stats

File Path                                                                                               PID    Runtime      # DAGs    # Errors  Last Runtime    Last Run
------------------------------------------------------------------------------------------------------  -----  ---------  --------  ----------  --------------  -------------------
/usr/local/lib/python3.8/site-packages/airflow/example_dags/example_trigger_controller_dag.py                                    0           0
/usr/local/lib/python3.8/site-packages/airflow/example_dags/example_latest_only_with_trigger.py                                  0           0
/usr/local/lib/python3.8/site-packages/airflow/example_dags/example_trigger_target_dag.py                                        0           0
/usr/local/lib/python3.8/site-packages/airflow/example_dags/example_nested_branch_dag.py                                         0           0
/usr/local/lib/python3.8/site-packages/airflow/example_dags/example_xcomargs.py                                                  0           0
/usr/local/lib/python3.8/site-packages/airflow/example_dags/tutorial_taskflow_api_etl.py                                         0           0
/usr/local/lib/python3.8/site-packages/airflow/example_dags/example_branch_datetime_operator.py                                  0           0
/usr/local/lib/python3.8/site-packages/airflow/example_dags/example_short_circuit_operator.py                                    0           0
/usr/local/lib/python3.8/site-packages/airflow/example_dags/example_time_delta_sensor_async.py                                   0           0
/usr/local/lib/python3.8/site-packages/airflow/example_dags/example_kubernetes_executor.py                                       0           0
/usr/local/lib/python3.8/site-packages/airflow/example_dags/example_branch_python_dop_operator_3.py                              0           0
/usr/local/lib/python3.8/site-packages/airflow/example_dags/example_kubernetes_executor_config.py                                0           0
/usr/local/lib/python3.8/site-packages/airflow/example_dags/tutorial_taskflow_api_etl_virtualenv.py                              0           0
/usr/local/lib/python3.8/site-packages/airflow/example_dags/example_branch_operator.py                                           0           0
/usr/local/lib/python3.8/site-packages/airflow/example_dags/test_utils.py                                                        0           0
/usr/local/lib/python3.8/site-packages/airflow/example_dags/tutorial.py                                                          0           0
/usr/local/lib/python3.8/site-packages/airflow/example_dags/example_bash_operator.py                                             0           0
/usr/local/lib/python3.8/site-packages/airflow/example_dags/example_dag_decorator.py                                             0           0
/usr/local/lib/python3.8/site-packages/airflow/example_dags/example_skip_dag.py                                                  0           0
/usr/local/lib/python3.8/site-packages/airflow/example_dags/example_task_group_decorator.py                                      0           0
/usr/local/lib/python3.8/site-packages/airflow/example_dags/example_passing_params_via_test_command.py                           0           0
/usr/local/lib/python3.8/site-packages/airflow/example_dags/example_branch_day_of_week_operator.py                               0           0
/usr/local/lib/python3.8/site-packages/airflow/example_dags/example_python_operator.py                                           0           0
/usr/local/lib/python3.8/site-packages/airflow/example_dags/tutorial_etl_dag.py                                                  0           0
/usr/local/lib/python3.8/site-packages/airflow/example_dags/example_external_task_marker_dag.py                                  0           0
/usr/local/lib/python3.8/site-packages/airflow/example_dags/example_task_group.py                                                0           0
/usr/local/lib/python3.8/site-packages/airflow/example_dags/example_latest_only.py                                               0           0
/usr/local/lib/python3.8/site-packages/airflow/example_dags/example_branch_labels.py                                             0           0
/usr/local/lib/python3.8/site-packages/airflow/example_dags/example_subdag_operator.py                                           0           0
/usr/local/lib/python3.8/site-packages/airflow/example_dags/example_complex.py                                                   0           0
/usr/local/lib/python3.8/site-packages/airflow/example_dags/example_xcom.py                                                      0           0
/usr/local/lib/python3.8/site-packages/airflow/example_dags/plugins/workday.py                                                   0           0
/usr/local/lib/python3.8/site-packages/airflow/example_dags/subdags/subdag.py                                                    0           0
/root/airflow/dags/recruitment_pipeline.py                                                                                       1           0  0.50s           2022-09-27T06:08:56
================================================================================
[2022-09-27 06:09:05,737] {manager.py:1051} INFO - Finding 'running' jobs without a recent heartbeat
[2022-09-27 06:09:05,748] {manager.py:1055} INFO - Failing jobs without heartbeat after 2022-09-27 06:04:05.748886+00:00
[2022-09-27 06:09:16,466] {manager.py:1051} INFO - Finding 'running' jobs without a recent heartbeat
[2022-09-27 06:09:16,478] {manager.py:1055} INFO - Failing jobs without heartbeat after 2022-09-27 06:04:16.478521+00:00
[2022-09-27 06:09:27,023] {manager.py:1051} INFO - Finding 'running' jobs without a recent heartbeat
[2022-09-27 06:09:27,040] {manager.py:1055} INFO - Failing jobs without heartbeat after 2022-09-27 06:04:27.040195+00:00
[2022-09-27 06:09:27,174] {manager.py:774} INFO - 
================================================================================
DAG File Processing Stats

File Path                                                                                               PID    Runtime      # DAGs    # Errors  Last Runtime    Last Run
------------------------------------------------------------------------------------------------------  -----  ---------  --------  ----------  --------------  -------------------
/usr/local/lib/python3.8/site-packages/airflow/example_dags/example_kubernetes_executor_config.py                                0           0  0.13s           2022-09-27T06:09:25
/usr/local/lib/python3.8/site-packages/airflow/example_dags/tutorial_taskflow_api_etl_virtualenv.py                              0           1  0.11s           2022-09-27T06:09:00
/usr/local/lib/python3.8/site-packages/airflow/example_dags/example_dag_decorator.py                                             0           0
/usr/local/lib/python3.8/site-packages/airflow/example_dags/example_branch_day_of_week_operator.py                               0           0
/usr/local/lib/python3.8/site-packages/airflow/example_dags/example_python_operator.py                                           0           1  0.11s           2022-09-27T06:09:16
/usr/local/lib/python3.8/site-packages/airflow/example_dags/example_external_task_marker_dag.py                                  0           0
/usr/local/lib/python3.8/site-packages/airflow/example_dags/example_latest_only.py                                               0           0
/usr/local/lib/python3.8/site-packages/airflow/example_dags/example_branch_labels.py                                             0           0
/usr/local/lib/python3.8/site-packages/airflow/example_dags/example_complex.py                                                   0           0
/usr/local/lib/python3.8/site-packages/airflow/example_dags/plugins/workday.py                                                   0           0  0.12s           2022-09-27T06:09:04
/usr/local/lib/python3.8/site-packages/airflow/example_dags/subdags/subdag.py                                                    0           0  0.11s           2022-09-27T06:09:05
/root/airflow/dags/recruitment_pipeline.py                                                                                       1           0  0.50s           2022-09-27T06:08:56
/usr/local/lib/python3.8/site-packages/airflow/example_dags/example_trigger_controller_dag.py                                    1           0  0.10s           2022-09-27T06:09:06
/usr/local/lib/python3.8/site-packages/airflow/example_dags/example_latest_only_with_trigger.py                                  1           0  0.22s           2022-09-27T06:09:07
/usr/local/lib/python3.8/site-packages/airflow/example_dags/example_trigger_target_dag.py                                        1           0  0.22s           2022-09-27T06:09:08
/usr/local/lib/python3.8/site-packages/airflow/example_dags/example_nested_branch_dag.py                                         1           0  0.22s           2022-09-27T06:09:09
/usr/local/lib/python3.8/site-packages/airflow/example_dags/tutorial_taskflow_api_etl.py                                         1           0  0.32s           2022-09-27T06:08:58
/usr/local/lib/python3.8/site-packages/airflow/example_dags/example_branch_datetime_operator.py                                  1           0  0.22s           2022-09-27T06:09:21
/usr/local/lib/python3.8/site-packages/airflow/example_dags/example_short_circuit_operator.py                                    1           0  0.22s           2022-09-27T06:09:10
/usr/local/lib/python3.8/site-packages/airflow/example_dags/example_time_delta_sensor_async.py                                   1           0  0.22s           2022-09-27T06:09:11
/usr/local/lib/python3.8/site-packages/airflow/example_dags/example_kubernetes_executor.py                                       1           0  0.22s           2022-09-27T06:09:23
/usr/local/lib/python3.8/site-packages/airflow/example_dags/example_branch_python_dop_operator_3.py                              1           0  0.22s           2022-09-27T06:09:24
/usr/local/lib/python3.8/site-packages/airflow/example_dags/example_branch_operator.py                                           1           0  0.21s           2022-09-27T06:09:26
/usr/local/lib/python3.8/site-packages/airflow/example_dags/test_utils.py                                                        1           0  0.32s           2022-09-27T06:09:00
/usr/local/lib/python3.8/site-packages/airflow/example_dags/tutorial.py                                                          1           0  0.22s           2022-09-27T06:09:02
/usr/local/lib/python3.8/site-packages/airflow/example_dags/example_bash_operator.py                                             1           0  0.11s           2022-09-27T06:09:27
/usr/local/lib/python3.8/site-packages/airflow/example_dags/example_skip_dag.py                                                  1           0  0.22s           2022-09-27T06:09:12
/usr/local/lib/python3.8/site-packages/airflow/example_dags/example_task_group_decorator.py                                      1           0  0.33s           2022-09-27T06:09:14
/usr/local/lib/python3.8/site-packages/airflow/example_dags/example_passing_params_via_test_command.py                           1           0  0.22s           2022-09-27T06:09:15
/usr/local/lib/python3.8/site-packages/airflow/example_dags/tutorial_etl_dag.py                                                  1           0  0.22s           2022-09-27T06:09:03
/usr/local/lib/python3.8/site-packages/airflow/example_dags/example_task_group.py                                                1           0  0.22s           2022-09-27T06:09:17
/usr/local/lib/python3.8/site-packages/airflow/example_dags/example_xcom.py                                                      1           0  0.32s           2022-09-27T06:09:20
/usr/local/lib/python3.8/site-packages/airflow/example_dags/example_xcomargs.py                                                  2           0  0.32s           2022-09-27T06:08:57
/usr/local/lib/python3.8/site-packages/airflow/example_dags/example_subdag_operator.py                                           3           0  0.32s           2022-09-27T06:09:19
================================================================================
[2022-09-27 06:09:37,325] {manager.py:1051} INFO - Finding 'running' jobs without a recent heartbeat
[2022-09-27 06:09:37,339] {manager.py:1055} INFO - Failing jobs without heartbeat after 2022-09-27 06:04:37.338934+00:00
[2022-09-27 06:09:47,565] {manager.py:1051} INFO - Finding 'running' jobs without a recent heartbeat
[2022-09-27 06:09:47,590] {manager.py:1055} INFO - Failing jobs without heartbeat after 2022-09-27 06:04:47.590718+00:00
[2022-09-27 06:09:57,659] {manager.py:1051} INFO - Finding 'running' jobs without a recent heartbeat
[2022-09-27 06:09:57,677] {manager.py:1055} INFO - Failing jobs without heartbeat after 2022-09-27 06:04:57.677768+00:00
[2022-09-27 06:09:57,812] {manager.py:774} INFO - 
================================================================================
DAG File Processing Stats

File Path                                                                                               PID    Runtime      # DAGs    # Errors  Last Runtime    Last Run
------------------------------------------------------------------------------------------------------  -----  ---------  --------  ----------  --------------  -------------------
/usr/local/lib/python3.8/site-packages/airflow/example_dags/example_kubernetes_executor_config.py                                0           0  0.13s           2022-09-27T06:09:25
/usr/local/lib/python3.8/site-packages/airflow/example_dags/tutorial_taskflow_api_etl_virtualenv.py                              0           1  0.11s           2022-09-27T06:09:40
/usr/local/lib/python3.8/site-packages/airflow/example_dags/example_python_operator.py                                           0           1  0.12s           2022-09-27T06:09:56
/usr/local/lib/python3.8/site-packages/airflow/example_dags/plugins/workday.py                                                   0           0  0.12s           2022-09-27T06:09:44
/usr/local/lib/python3.8/site-packages/airflow/example_dags/subdags/subdag.py                                                    0           0  0.12s           2022-09-27T06:09:45
/root/airflow/dags/recruitment_pipeline.py                                                                                       1           0  0.22s           2022-09-27T06:09:36
/usr/local/lib/python3.8/site-packages/airflow/example_dags/example_trigger_controller_dag.py                                    1           0  0.22s           2022-09-27T06:09:46
/usr/local/lib/python3.8/site-packages/airflow/example_dags/example_latest_only_with_trigger.py                                  1           0  0.21s           2022-09-27T06:09:47
/usr/local/lib/python3.8/site-packages/airflow/example_dags/example_trigger_target_dag.py                                        1           0  0.10s           2022-09-27T06:09:48
/usr/local/lib/python3.8/site-packages/airflow/example_dags/example_nested_branch_dag.py                                         1           0  0.22s           2022-09-27T06:09:49
/usr/local/lib/python3.8/site-packages/airflow/example_dags/tutorial_taskflow_api_etl.py                                         1           0  0.32s           2022-09-27T06:09:39
/usr/local/lib/python3.8/site-packages/airflow/example_dags/example_branch_datetime_operator.py                                  1           0  0.22s           2022-09-27T06:09:21
/usr/local/lib/python3.8/site-packages/airflow/example_dags/example_short_circuit_operator.py                                    1           0  0.23s           2022-09-27T06:09:50
/usr/local/lib/python3.8/site-packages/airflow/example_dags/example_time_delta_sensor_async.py                                   1           0  0.22s           2022-09-27T06:09:51
/usr/local/lib/python3.8/site-packages/airflow/example_dags/example_kubernetes_executor.py                                       1           0  0.22s           2022-09-27T06:09:23
/usr/local/lib/python3.8/site-packages/airflow/example_dags/example_branch_python_dop_operator_3.py                              1           0  0.22s           2022-09-27T06:09:24
/usr/local/lib/python3.8/site-packages/airflow/example_dags/example_branch_operator.py                                           1           0  0.21s           2022-09-27T06:09:26
/usr/local/lib/python3.8/site-packages/airflow/example_dags/test_utils.py                                                        1           0  0.22s           2022-09-27T06:09:41
/usr/local/lib/python3.8/site-packages/airflow/example_dags/tutorial.py                                                          1           0  0.22s           2022-09-27T06:09:42
/usr/local/lib/python3.8/site-packages/airflow/example_dags/example_bash_operator.py                                             1           0  0.11s           2022-09-27T06:09:27
/usr/local/lib/python3.8/site-packages/airflow/example_dags/example_dag_decorator.py                                             1           0  0.31s           2022-09-27T06:09:28
/usr/local/lib/python3.8/site-packages/airflow/example_dags/example_skip_dag.py                                                  1           0  0.22s           2022-09-27T06:09:53
/usr/local/lib/python3.8/site-packages/airflow/example_dags/example_task_group_decorator.py                                      1           0  0.33s           2022-09-27T06:09:54
/usr/local/lib/python3.8/site-packages/airflow/example_dags/example_passing_params_via_test_command.py                           1           0  0.22s           2022-09-27T06:09:55
/usr/local/lib/python3.8/site-packages/airflow/example_dags/example_branch_day_of_week_operator.py                               1           0  0.22s           2022-09-27T06:09:29
/usr/local/lib/python3.8/site-packages/airflow/example_dags/tutorial_etl_dag.py                                                  1           0  0.10s           2022-09-27T06:09:42
/usr/local/lib/python3.8/site-packages/airflow/example_dags/example_task_group.py                                                1           0  0.11s           2022-09-27T06:09:57
/usr/local/lib/python3.8/site-packages/airflow/example_dags/example_latest_only.py                                               1           0  0.22s           2022-09-27T06:09:32
/usr/local/lib/python3.8/site-packages/airflow/example_dags/example_branch_labels.py                                             1           0  0.22s           2022-09-27T06:09:33
/usr/local/lib/python3.8/site-packages/airflow/example_dags/example_complex.py                                                   1           0  0.22s           2022-09-27T06:09:34
/usr/local/lib/python3.8/site-packages/airflow/example_dags/example_xcom.py                                                      1           0  0.32s           2022-09-27T06:09:20
/usr/local/lib/python3.8/site-packages/airflow/example_dags/example_xcomargs.py                                                  2           0  0.31s           2022-09-27T06:09:37
/usr/local/lib/python3.8/site-packages/airflow/example_dags/example_external_task_marker_dag.py                                  2           0  0.22s           2022-09-27T06:09:31
/usr/local/lib/python3.8/site-packages/airflow/example_dags/example_subdag_operator.py                                           3           0  0.32s           2022-09-27T06:09:19
================================================================================
[2022-09-27 06:10:08,553] {manager.py:1051} INFO - Finding 'running' jobs without a recent heartbeat
[2022-09-27 06:10:08,555] {manager.py:1055} INFO - Failing jobs without heartbeat after 2022-09-27 06:05:08.555239+00:00
[2022-09-27 06:10:19,766] {manager.py:1051} INFO - Finding 'running' jobs without a recent heartbeat
[2022-09-27 06:10:19,778] {manager.py:1055} INFO - Failing jobs without heartbeat after 2022-09-27 06:05:19.778750+00:00
[2022-09-27 06:10:28,539] {manager.py:774} INFO - 
================================================================================
DAG File Processing Stats

File Path                                                                                               PID    Runtime      # DAGs    # Errors  Last Runtime    Last Run
------------------------------------------------------------------------------------------------------  -----  ---------  --------  ----------  --------------  -------------------
/usr/local/lib/python3.8/site-packages/airflow/example_dags/example_kubernetes_executor_config.py                                0           0  0.12s           2022-09-27T06:10:04
/usr/local/lib/python3.8/site-packages/airflow/example_dags/tutorial_taskflow_api_etl_virtualenv.py                              0           1  0.11s           2022-09-27T06:10:19
/usr/local/lib/python3.8/site-packages/airflow/example_dags/example_python_operator.py                                           0           1  0.12s           2022-09-27T06:09:56
/usr/local/lib/python3.8/site-packages/airflow/example_dags/plugins/workday.py                                                   0           0  0.12s           2022-09-27T06:10:24
/usr/local/lib/python3.8/site-packages/airflow/example_dags/subdags/subdag.py                                                    0           0  0.12s           2022-09-27T06:10:26
/root/airflow/dags/recruitment_pipeline.py                                                                                       1           0  0.20s           2022-09-27T06:10:07
/usr/local/lib/python3.8/site-packages/airflow/example_dags/example_trigger_controller_dag.py                                    1           0  0.21s           2022-09-27T06:10:27
/usr/local/lib/python3.8/site-packages/airflow/example_dags/example_latest_only_with_trigger.py                                  1           0  0.22s           2022-09-27T06:10:28
/usr/local/lib/python3.8/site-packages/airflow/example_dags/example_trigger_target_dag.py                                        1           0  0.10s           2022-09-27T06:09:48
/usr/local/lib/python3.8/site-packages/airflow/example_dags/example_nested_branch_dag.py                                         1           0  0.22s           2022-09-27T06:09:49
/usr/local/lib/python3.8/site-packages/airflow/example_dags/tutorial_taskflow_api_etl.py                                         1           0  0.32s           2022-09-27T06:10:18
/usr/local/lib/python3.8/site-packages/airflow/example_dags/example_branch_datetime_operator.py                                  1           0  0.22s           2022-09-27T06:10:01
/usr/local/lib/python3.8/site-packages/airflow/example_dags/example_short_circuit_operator.py                                    1           0  0.23s           2022-09-27T06:09:50
/usr/local/lib/python3.8/site-packages/airflow/example_dags/example_time_delta_sensor_async.py                                   1           0  0.22s           2022-09-27T06:09:51
/usr/local/lib/python3.8/site-packages/airflow/example_dags/example_kubernetes_executor.py                                       1           0  0.22s           2022-09-27T06:10:02
/usr/local/lib/python3.8/site-packages/airflow/example_dags/example_branch_python_dop_operator_3.py                              1           0  0.22s           2022-09-27T06:10:03
/usr/local/lib/python3.8/site-packages/airflow/example_dags/example_branch_operator.py                                           1           0  0.20s           2022-09-27T06:10:06
/usr/local/lib/python3.8/site-packages/airflow/example_dags/test_utils.py                                                        1           0  0.22s           2022-09-27T06:10:21
/usr/local/lib/python3.8/site-packages/airflow/example_dags/tutorial.py                                                          1           0  0.22s           2022-09-27T06:10:22
/usr/local/lib/python3.8/site-packages/airflow/example_dags/example_bash_operator.py                                             1           0  0.20s           2022-09-27T06:10:08
/usr/local/lib/python3.8/site-packages/airflow/example_dags/example_dag_decorator.py                                             1           0  0.61s           2022-09-27T06:10:09
/usr/local/lib/python3.8/site-packages/airflow/example_dags/example_skip_dag.py                                                  1           0  0.22s           2022-09-27T06:09:53
/usr/local/lib/python3.8/site-packages/airflow/example_dags/example_task_group_decorator.py                                      1           0  0.33s           2022-09-27T06:09:54
/usr/local/lib/python3.8/site-packages/airflow/example_dags/example_passing_params_via_test_command.py                           1           0  0.22s           2022-09-27T06:09:55
/usr/local/lib/python3.8/site-packages/airflow/example_dags/example_branch_day_of_week_operator.py                               1           0  0.31s           2022-09-27T06:10:10
/usr/local/lib/python3.8/site-packages/airflow/example_dags/tutorial_etl_dag.py                                                  1           0  0.22s           2022-09-27T06:10:23
/usr/local/lib/python3.8/site-packages/airflow/example_dags/example_task_group.py                                                1           0  0.11s           2022-09-27T06:09:57
/usr/local/lib/python3.8/site-packages/airflow/example_dags/example_latest_only.py                                               1           0  0.31s           2022-09-27T06:10:13
/usr/local/lib/python3.8/site-packages/airflow/example_dags/example_branch_labels.py                                             1           0  0.21s           2022-09-27T06:10:14
/usr/local/lib/python3.8/site-packages/airflow/example_dags/example_complex.py                                                   1           0  0.22s           2022-09-27T06:10:15
/usr/local/lib/python3.8/site-packages/airflow/example_dags/example_xcom.py                                                      1           0  0.31s           2022-09-27T06:09:59
/usr/local/lib/python3.8/site-packages/airflow/example_dags/example_xcomargs.py                                                  2           0  0.32s           2022-09-27T06:10:17
/usr/local/lib/python3.8/site-packages/airflow/example_dags/example_external_task_marker_dag.py                                  2           0  0.30s           2022-09-27T06:10:11
/usr/local/lib/python3.8/site-packages/airflow/example_dags/example_subdag_operator.py                                           3           0  0.22s           2022-09-27T06:09:58
================================================================================
[2022-09-27 06:10:30,059] {manager.py:1051} INFO - Finding 'running' jobs without a recent heartbeat
[2022-09-27 06:10:30,069] {manager.py:1055} INFO - Failing jobs without heartbeat after 2022-09-27 06:05:30.069263+00:00
[2022-09-27 06:10:40,364] {manager.py:1051} INFO - Finding 'running' jobs without a recent heartbeat
[2022-09-27 06:10:40,379] {manager.py:1055} INFO - Failing jobs without heartbeat after 2022-09-27 06:05:40.379859+00:00
[2022-09-27 06:10:50,771] {manager.py:1051} INFO - Finding 'running' jobs without a recent heartbeat
[2022-09-27 06:10:50,783] {manager.py:1055} INFO - Failing jobs without heartbeat after 2022-09-27 06:05:50.783289+00:00
[2022-09-27 06:10:58,975] {manager.py:774} INFO - 
================================================================================
DAG File Processing Stats

File Path                                                                                               PID    Runtime      # DAGs    # Errors  Last Runtime    Last Run
------------------------------------------------------------------------------------------------------  -----  ---------  --------  ----------  --------------  -------------------
/usr/local/lib/python3.8/site-packages/airflow/example_dags/example_kubernetes_executor_config.py                                0           0  0.12s           2022-09-27T06:10:47
/usr/local/lib/python3.8/site-packages/airflow/example_dags/tutorial_taskflow_api_etl_virtualenv.py                              0           1  0.12s           2022-09-27T06:10:55
/usr/local/lib/python3.8/site-packages/airflow/example_dags/example_python_operator.py                                           0           1  0.11s           2022-09-27T06:10:38
/usr/local/lib/python3.8/site-packages/airflow/example_dags/plugins/workday.py                                                   0           0  0.12s           2022-09-27T06:10:24
/usr/local/lib/python3.8/site-packages/airflow/example_dags/subdags/subdag.py                                                    0           0  0.12s           2022-09-27T06:10:26
/root/airflow/dags/recruitment_pipeline.py                                                                                       1           0  0.21s           2022-09-27T06:10:40
/usr/local/lib/python3.8/site-packages/airflow/example_dags/example_trigger_controller_dag.py                                    1           0  0.21s           2022-09-27T06:10:27
/usr/local/lib/python3.8/site-packages/airflow/example_dags/example_latest_only_with_trigger.py                                  1           0  0.22s           2022-09-27T06:10:28
/usr/local/lib/python3.8/site-packages/airflow/example_dags/example_trigger_target_dag.py                                        1           0  0.22s           2022-09-27T06:10:29
/usr/local/lib/python3.8/site-packages/airflow/example_dags/example_nested_branch_dag.py                                         1           0  0.21s           2022-09-27T06:10:30
/usr/local/lib/python3.8/site-packages/airflow/example_dags/tutorial_taskflow_api_etl.py                                         1           0  0.32s           2022-09-27T06:10:53
/usr/local/lib/python3.8/site-packages/airflow/example_dags/example_branch_datetime_operator.py                                  1           0  0.22s           2022-09-27T06:10:43
/usr/local/lib/python3.8/site-packages/airflow/example_dags/example_short_circuit_operator.py                                    1           0  0.22s           2022-09-27T06:10:31
/usr/local/lib/python3.8/site-packages/airflow/example_dags/example_time_delta_sensor_async.py                                   1           0  0.22s           2022-09-27T06:10:32
/usr/local/lib/python3.8/site-packages/airflow/example_dags/example_kubernetes_executor.py                                       1           0  0.22s           2022-09-27T06:10:45
/usr/local/lib/python3.8/site-packages/airflow/example_dags/example_branch_python_dop_operator_3.py                              1           0  0.22s           2022-09-27T06:10:45
/usr/local/lib/python3.8/site-packages/airflow/example_dags/example_branch_operator.py                                           1           0  0.22s           2022-09-27T06:10:48
/usr/local/lib/python3.8/site-packages/airflow/example_dags/test_utils.py                                                        1           0  0.22s           2022-09-27T06:10:56
/usr/local/lib/python3.8/site-packages/airflow/example_dags/tutorial.py                                                          1           0  0.22s           2022-09-27T06:10:22
/usr/local/lib/python3.8/site-packages/airflow/example_dags/example_bash_operator.py                                             1           0  0.22s           2022-09-27T06:10:49
/usr/local/lib/python3.8/site-packages/airflow/example_dags/example_dag_decorator.py                                             1           0  0.31s           2022-09-27T06:10:51
/usr/local/lib/python3.8/site-packages/airflow/example_dags/example_skip_dag.py                                                  1           0  0.22s           2022-09-27T06:10:34
/usr/local/lib/python3.8/site-packages/airflow/example_dags/example_task_group_decorator.py                                      1           0  0.31s           2022-09-27T06:10:35
/usr/local/lib/python3.8/site-packages/airflow/example_dags/example_passing_params_via_test_command.py                           1           0  0.21s           2022-09-27T06:10:36
/usr/local/lib/python3.8/site-packages/airflow/example_dags/example_branch_day_of_week_operator.py                               1           0  0.21s           2022-09-27T06:10:57
/usr/local/lib/python3.8/site-packages/airflow/example_dags/tutorial_etl_dag.py                                                  1           0  0.22s           2022-09-27T06:10:23
/usr/local/lib/python3.8/site-packages/airflow/example_dags/example_task_group.py                                                1           0  0.22s           2022-09-27T06:10:39
/usr/local/lib/python3.8/site-packages/airflow/example_dags/example_latest_only.py                                               1           0  0.31s           2022-09-27T06:10:13
/usr/local/lib/python3.8/site-packages/airflow/example_dags/example_branch_labels.py                                             1           0  0.21s           2022-09-27T06:10:14
/usr/local/lib/python3.8/site-packages/airflow/example_dags/example_complex.py                                                   1           0  0.22s           2022-09-27T06:10:15
/usr/local/lib/python3.8/site-packages/airflow/example_dags/example_xcom.py                                                      1           0  0.32s           2022-09-27T06:10:42
/usr/local/lib/python3.8/site-packages/airflow/example_dags/example_xcomargs.py                                                  2           0  0.32s           2022-09-27T06:10:52
/usr/local/lib/python3.8/site-packages/airflow/example_dags/example_external_task_marker_dag.py                                  2           0  0.21s           2022-09-27T06:10:58
/usr/local/lib/python3.8/site-packages/airflow/example_dags/example_subdag_operator.py                                           3           0  0.22s           2022-09-27T06:10:41
================================================================================
[2022-09-27 06:11:01,310] {manager.py:1051} INFO - Finding 'running' jobs without a recent heartbeat
[2022-09-27 06:11:01,319] {manager.py:1055} INFO - Failing jobs without heartbeat after 2022-09-27 06:06:01.319718+00:00
[2022-09-27 06:11:11,583] {manager.py:1051} INFO - Finding 'running' jobs without a recent heartbeat
[2022-09-27 06:11:11,585] {manager.py:1055} INFO - Failing jobs without heartbeat after 2022-09-27 06:06:11.585495+00:00
[2022-09-27 06:11:22,062] {manager.py:1051} INFO - Finding 'running' jobs without a recent heartbeat
[2022-09-27 06:11:22,075] {manager.py:1055} INFO - Failing jobs without heartbeat after 2022-09-27 06:06:22.075371+00:00
[2022-09-27 06:11:29,521] {manager.py:774} INFO - 
================================================================================
DAG File Processing Stats

File Path                                                                                               PID    Runtime      # DAGs    # Errors  Last Runtime    Last Run
------------------------------------------------------------------------------------------------------  -----  ---------  --------  ----------  --------------  -------------------
/usr/local/lib/python3.8/site-packages/airflow/example_dags/example_kubernetes_executor_config.py                                0           0  0.12s           2022-09-27T06:10:47
/usr/local/lib/python3.8/site-packages/airflow/example_dags/tutorial_taskflow_api_etl_virtualenv.py                              0           1  0.21s           2022-09-27T06:11:28
/usr/local/lib/python3.8/site-packages/airflow/example_dags/example_python_operator.py                                           0           1  0.22s           2022-09-27T06:11:19
/usr/local/lib/python3.8/site-packages/airflow/example_dags/plugins/workday.py                                                   0           0  0.11s           2022-09-27T06:11:06
/usr/local/lib/python3.8/site-packages/airflow/example_dags/subdags/subdag.py                                                    0           0  0.11s           2022-09-27T06:11:07
/root/airflow/dags/recruitment_pipeline.py                                                                                       1           0  0.21s           2022-09-27T06:11:15
/usr/local/lib/python3.8/site-packages/airflow/example_dags/example_trigger_controller_dag.py                                    1           0  0.21s           2022-09-27T06:11:08
/usr/local/lib/python3.8/site-packages/airflow/example_dags/example_latest_only_with_trigger.py                                  1           0  0.22s           2022-09-27T06:11:10
/usr/local/lib/python3.8/site-packages/airflow/example_dags/example_trigger_target_dag.py                                        1           0  0.22s           2022-09-27T06:11:11
/usr/local/lib/python3.8/site-packages/airflow/example_dags/example_nested_branch_dag.py                                         1           0  0.11s           2022-09-27T06:11:11
/usr/local/lib/python3.8/site-packages/airflow/example_dags/tutorial_taskflow_api_etl.py                                         1           0  0.41s           2022-09-27T06:11:27
/usr/local/lib/python3.8/site-packages/airflow/example_dags/example_branch_datetime_operator.py                                  1           0  0.22s           2022-09-27T06:11:24
/usr/local/lib/python3.8/site-packages/airflow/example_dags/example_short_circuit_operator.py                                    1           0  0.21s           2022-09-27T06:11:12
/usr/local/lib/python3.8/site-packages/airflow/example_dags/example_time_delta_sensor_async.py                                   1           0  0.11s           2022-09-27T06:11:14
/usr/local/lib/python3.8/site-packages/airflow/example_dags/example_kubernetes_executor.py                                       1           0  0.21s           2022-09-27T06:11:29
/usr/local/lib/python3.8/site-packages/airflow/example_dags/example_branch_python_dop_operator_3.py                              1           0  0.22s           2022-09-27T06:10:45
/usr/local/lib/python3.8/site-packages/airflow/example_dags/example_branch_operator.py                                           1           0  0.22s           2022-09-27T06:10:48
/usr/local/lib/python3.8/site-packages/airflow/example_dags/test_utils.py                                                        1           0  0.22s           2022-09-27T06:10:56
/usr/local/lib/python3.8/site-packages/airflow/example_dags/tutorial.py                                                          1           0  0.22s           2022-09-27T06:11:04
/usr/local/lib/python3.8/site-packages/airflow/example_dags/example_bash_operator.py                                             1           0  0.22s           2022-09-27T06:10:49
/usr/local/lib/python3.8/site-packages/airflow/example_dags/example_dag_decorator.py                                             1           0  0.31s           2022-09-27T06:10:51
/usr/local/lib/python3.8/site-packages/airflow/example_dags/example_skip_dag.py                                                  1           0  0.22s           2022-09-27T06:11:16
/usr/local/lib/python3.8/site-packages/airflow/example_dags/example_task_group_decorator.py                                      1           0  0.31s           2022-09-27T06:11:17
/usr/local/lib/python3.8/site-packages/airflow/example_dags/example_passing_params_via_test_command.py                           1           0  0.23s           2022-09-27T06:11:18
/usr/local/lib/python3.8/site-packages/airflow/example_dags/example_branch_day_of_week_operator.py                               1           0  0.21s           2022-09-27T06:10:57
/usr/local/lib/python3.8/site-packages/airflow/example_dags/tutorial_etl_dag.py                                                  1           0  0.22s           2022-09-27T06:11:05
/usr/local/lib/python3.8/site-packages/airflow/example_dags/example_task_group.py                                                1           0  0.22s           2022-09-27T06:11:21
/usr/local/lib/python3.8/site-packages/airflow/example_dags/example_latest_only.py                                               1           0  0.23s           2022-09-27T06:11:00
/usr/local/lib/python3.8/site-packages/airflow/example_dags/example_branch_labels.py                                             1           0  0.11s           2022-09-27T06:11:01
/usr/local/lib/python3.8/site-packages/airflow/example_dags/example_complex.py                                                   1           0  0.22s           2022-09-27T06:11:02
/usr/local/lib/python3.8/site-packages/airflow/example_dags/example_xcom.py                                                      1           0  0.31s           2022-09-27T06:11:23
/usr/local/lib/python3.8/site-packages/airflow/example_dags/example_xcomargs.py                                                  2           0  0.32s           2022-09-27T06:11:26
/usr/local/lib/python3.8/site-packages/airflow/example_dags/example_external_task_marker_dag.py                                  2           0  0.21s           2022-09-27T06:10:58
/usr/local/lib/python3.8/site-packages/airflow/example_dags/example_subdag_operator.py                                           3           0  0.21s           2022-09-27T06:11:22
================================================================================
[2022-09-27 06:11:32,909] {manager.py:1051} INFO - Finding 'running' jobs without a recent heartbeat
[2022-09-27 06:11:32,915] {manager.py:1055} INFO - Failing jobs without heartbeat after 2022-09-27 06:06:32.915332+00:00
[2022-09-27 06:11:43,217] {manager.py:1051} INFO - Finding 'running' jobs without a recent heartbeat
[2022-09-27 06:11:43,224] {manager.py:1055} INFO - Failing jobs without heartbeat after 2022-09-27 06:06:43.224070+00:00
[2022-09-27 06:11:53,790] {manager.py:1051} INFO - Finding 'running' jobs without a recent heartbeat
[2022-09-27 06:11:53,795] {manager.py:1055} INFO - Failing jobs without heartbeat after 2022-09-27 06:06:53.795313+00:00
[2022-09-27 06:12:00,650] {manager.py:774} INFO - 
================================================================================
DAG File Processing Stats

File Path                                                                                               PID    Runtime      # DAGs    # Errors  Last Runtime    Last Run
------------------------------------------------------------------------------------------------------  -----  ---------  --------  ----------  --------------  -------------------
/usr/local/lib/python3.8/site-packages/airflow/example_dags/example_kubernetes_executor_config.py                                0           0  0.11s           2022-09-27T06:11:31
/usr/local/lib/python3.8/site-packages/airflow/example_dags/tutorial_taskflow_api_etl_virtualenv.py                              0           1  0.12s           2022-09-27T06:12:00
/usr/local/lib/python3.8/site-packages/airflow/example_dags/example_python_operator.py                                           0           1  0.22s           2022-09-27T06:11:19
/usr/local/lib/python3.8/site-packages/airflow/example_dags/plugins/workday.py                                                   0           0  0.12s           2022-09-27T06:11:40
/usr/local/lib/python3.8/site-packages/airflow/example_dags/subdags/subdag.py                                                    0           0  0.12s           2022-09-27T06:11:48
/root/airflow/dags/recruitment_pipeline.py                                                                                       1           0  0.22s           2022-09-27T06:11:47
/usr/local/lib/python3.8/site-packages/airflow/example_dags/example_trigger_controller_dag.py                                    1           0  0.10s           2022-09-27T06:11:48
/usr/local/lib/python3.8/site-packages/airflow/example_dags/example_latest_only_with_trigger.py                                  1           0  0.21s           2022-09-27T06:11:50
/usr/local/lib/python3.8/site-packages/airflow/example_dags/example_trigger_target_dag.py                                        1           0  0.22s           2022-09-27T06:11:51
/usr/local/lib/python3.8/site-packages/airflow/example_dags/example_nested_branch_dag.py                                         1           0  0.21s           2022-09-27T06:11:52
/usr/local/lib/python3.8/site-packages/airflow/example_dags/tutorial_taskflow_api_etl.py                                         1           0  0.32s           2022-09-27T06:11:59
/usr/local/lib/python3.8/site-packages/airflow/example_dags/example_branch_datetime_operator.py                                  1           0  0.22s           2022-09-27T06:11:24
/usr/local/lib/python3.8/site-packages/airflow/example_dags/example_short_circuit_operator.py                                    1           0  0.20s           2022-09-27T06:11:54
/usr/local/lib/python3.8/site-packages/airflow/example_dags/example_time_delta_sensor_async.py                                   1           0  0.22s           2022-09-27T06:11:55
/usr/local/lib/python3.8/site-packages/airflow/example_dags/example_kubernetes_executor.py                                       1           0  0.21s           2022-09-27T06:11:29
/usr/local/lib/python3.8/site-packages/airflow/example_dags/example_branch_python_dop_operator_3.py                              1           0  0.21s           2022-09-27T06:11:30
/usr/local/lib/python3.8/site-packages/airflow/example_dags/example_branch_operator.py                                           1           0  0.20s           2022-09-27T06:11:33
/usr/local/lib/python3.8/site-packages/airflow/example_dags/test_utils.py                                                        1           0  0.21s           2022-09-27T06:11:37
/usr/local/lib/python3.8/site-packages/airflow/example_dags/tutorial.py                                                          1           0  0.23s           2022-09-27T06:11:38
/usr/local/lib/python3.8/site-packages/airflow/example_dags/example_bash_operator.py                                             1           0  0.21s           2022-09-27T06:11:34
/usr/local/lib/python3.8/site-packages/airflow/example_dags/example_dag_decorator.py                                             1           0  0.31s           2022-09-27T06:11:35
/usr/local/lib/python3.8/site-packages/airflow/example_dags/example_skip_dag.py                                                  1           0  0.22s           2022-09-27T06:11:56
/usr/local/lib/python3.8/site-packages/airflow/example_dags/example_task_group_decorator.py                                      1           0  0.31s           2022-09-27T06:11:57
/usr/local/lib/python3.8/site-packages/airflow/example_dags/example_passing_params_via_test_command.py                           1           0  0.23s           2022-09-27T06:11:18
/usr/local/lib/python3.8/site-packages/airflow/example_dags/example_branch_day_of_week_operator.py                               1           0  0.22s           2022-09-27T06:11:42
/usr/local/lib/python3.8/site-packages/airflow/example_dags/tutorial_etl_dag.py                                                  1           0  0.21s           2022-09-27T06:11:39
/usr/local/lib/python3.8/site-packages/airflow/example_dags/example_task_group.py                                                1           0  0.22s           2022-09-27T06:11:21
/usr/local/lib/python3.8/site-packages/airflow/example_dags/example_latest_only.py                                               1           0  0.20s           2022-09-27T06:11:43
/usr/local/lib/python3.8/site-packages/airflow/example_dags/example_branch_labels.py                                             1           0  0.22s           2022-09-27T06:11:45
/usr/local/lib/python3.8/site-packages/airflow/example_dags/example_complex.py                                                   1           0  0.21s           2022-09-27T06:11:46
/usr/local/lib/python3.8/site-packages/airflow/example_dags/example_xcom.py                                                      1           0  0.31s           2022-09-27T06:11:23
/usr/local/lib/python3.8/site-packages/airflow/example_dags/example_xcomargs.py                                                  2           0  0.32s           2022-09-27T06:11:58
/usr/local/lib/python3.8/site-packages/airflow/example_dags/example_external_task_marker_dag.py                                  2           0  0.10s           2022-09-27T06:11:43
/usr/local/lib/python3.8/site-packages/airflow/example_dags/example_subdag_operator.py                                           3           0  0.21s           2022-09-27T06:11:22
================================================================================
[2022-09-27 06:12:04,159] {manager.py:1051} INFO - Finding 'running' jobs without a recent heartbeat
[2022-09-27 06:12:04,168] {manager.py:1055} INFO - Failing jobs without heartbeat after 2022-09-27 06:07:04.168591+00:00
[2022-09-27 06:12:14,809] {manager.py:1051} INFO - Finding 'running' jobs without a recent heartbeat
[2022-09-27 06:12:14,819] {manager.py:1055} INFO - Failing jobs without heartbeat after 2022-09-27 06:07:14.819891+00:00
[2022-09-27 06:12:24,988] {manager.py:1051} INFO - Finding 'running' jobs without a recent heartbeat
[2022-09-27 06:12:24,999] {manager.py:1055} INFO - Failing jobs without heartbeat after 2022-09-27 06:07:24.998983+00:00
[2022-09-27 06:12:29,681] {manager.py:485} INFO - Exiting gracefully upon receiving signal 15
[2022-09-27 06:12:41,421] {manager.py:504} INFO - Processing files using up to 1 processes at a time 
[2022-09-27 06:12:41,422] {manager.py:505} INFO - Process each file at most once every 30 seconds
[2022-09-27 06:12:41,423] {manager.py:506} INFO - Checking for new files in /root/airflow/dags every 300 seconds
[2022-09-27 06:12:41,425] {manager.py:653} INFO - Searching for files in /root/airflow/dags
[2022-09-27 06:12:41,436] {manager.py:656} INFO - There are 1 files in /root/airflow/dags
[2022-09-27 06:12:41,691] {manager.py:1051} INFO - Finding 'running' jobs without a recent heartbeat
[2022-09-27 06:12:41,692] {manager.py:1055} INFO - Failing jobs without heartbeat after 2022-09-27 06:07:41.692232+00:00
[2022-09-27 06:12:41,812] {manager.py:774} INFO - 
================================================================================
DAG File Processing Stats

File Path                                   PID    Runtime      # DAGs    # Errors  Last Runtime    Last Run
------------------------------------------  -----  ---------  --------  ----------  --------------  -------------------
/root/airflow/dags/recruitment_pipeline.py                           1           0  0.10s           2022-09-27T06:12:41
================================================================================
[2022-09-27 06:12:52,673] {manager.py:1051} INFO - Finding 'running' jobs without a recent heartbeat
[2022-09-27 06:12:52,675] {manager.py:1055} INFO - Failing jobs without heartbeat after 2022-09-27 06:07:52.675151+00:00
[2022-09-27 06:13:02,946] {manager.py:1051} INFO - Finding 'running' jobs without a recent heartbeat
[2022-09-27 06:13:02,955] {manager.py:1055} INFO - Failing jobs without heartbeat after 2022-09-27 06:08:02.955849+00:00
[2022-09-27 06:13:12,332] {manager.py:774} INFO - 
================================================================================
DAG File Processing Stats

File Path                                   PID    Runtime      # DAGs    # Errors  Last Runtime    Last Run
------------------------------------------  -----  ---------  --------  ----------  --------------  -------------------
/root/airflow/dags/recruitment_pipeline.py                           1           0  0.22s           2022-09-27T06:13:12
================================================================================
[2022-09-27 06:13:13,431] {manager.py:1051} INFO - Finding 'running' jobs without a recent heartbeat
[2022-09-27 06:13:13,449] {manager.py:1055} INFO - Failing jobs without heartbeat after 2022-09-27 06:08:13.449369+00:00
[2022-09-27 06:13:23,652] {manager.py:1051} INFO - Finding 'running' jobs without a recent heartbeat
[2022-09-27 06:13:23,674] {manager.py:1055} INFO - Failing jobs without heartbeat after 2022-09-27 06:08:23.674835+00:00
[2022-09-27 06:13:24,982] {manager.py:485} INFO - Exiting gracefully upon receiving signal 15
