[2022-09-27 08:43:19,357] {taskinstance.py:1035} INFO - Dependencies all met for <TaskInstance: recruitment-airflow.S3ToElasticsearch manual__2022-09-27T08:39:16.956839+00:00 [queued]>
[2022-09-27 08:43:19,380] {taskinstance.py:1035} INFO - Dependencies all met for <TaskInstance: recruitment-airflow.S3ToElasticsearch manual__2022-09-27T08:39:16.956839+00:00 [queued]>
[2022-09-27 08:43:19,381] {taskinstance.py:1241} INFO - 
--------------------------------------------------------------------------------
[2022-09-27 08:43:19,381] {taskinstance.py:1242} INFO - Starting attempt 1 of 1
[2022-09-27 08:43:19,382] {taskinstance.py:1243} INFO - 
--------------------------------------------------------------------------------
[2022-09-27 08:43:19,460] {taskinstance.py:1262} INFO - Executing <Task(BashOperator): S3ToElasticsearch> on 2022-09-27 08:39:16.956839+00:00
[2022-09-27 08:43:19,463] {standard_task_runner.py:52} INFO - Started process 51139 to run task
[2022-09-27 08:43:19,466] {standard_task_runner.py:76} INFO - Running: ['airflow', 'tasks', 'run', 'recruitment-airflow', 'S3ToElasticsearch', 'manual__2022-09-27T08:39:16.956839+00:00', '--job-id', '39', '--raw', '--subdir', 'DAGS_FOLDER/recruitment_pipeline.py', '--cfg-path', '/tmp/tmpa14m2q3y', '--error-file', '/tmp/tmpt8t5atmf']
[2022-09-27 08:43:19,467] {standard_task_runner.py:77} INFO - Job 39: Subtask S3ToElasticsearch
[2022-09-27 08:43:19,559] {logging_mixin.py:109} INFO - Running <TaskInstance: recruitment-airflow.S3ToElasticsearch manual__2022-09-27T08:39:16.956839+00:00 [running]> on host pipeline
[2022-09-27 08:43:19,605] {logging_mixin.py:109} WARNING - /usr/local/lib/python3.8/site-packages/airflow/models/xcom.py:323 SAWarning: TypeDecorator UtcDateTime(timezone=True) will not produce a cache key because the ``cache_ok`` attribute is not set to True.  This can have significant performance implications including some performance degradations in comparison to prior SQLAlchemy versions.  Set this attribute to True if this type object's state is safe to use in a cache key, or False to disable this warning. (Background on this error at: https://sqlalche.me/e/14/cprf)
[2022-09-27 08:43:19,626] {logging_mixin.py:109} WARNING - /usr/local/lib/python3.8/site-packages/airflow/models/renderedtifields.py:126 SAWarning: TypeDecorator UtcDateTime(timezone=True) will not produce a cache key because the ``cache_ok`` attribute is not set to True.  This can have significant performance implications including some performance degradations in comparison to prior SQLAlchemy versions.  Set this attribute to True if this type object's state is safe to use in a cache key, or False to disable this warning. (Background on this error at: https://sqlalche.me/e/14/cprf)
[2022-09-27 08:43:19,663] {logging_mixin.py:109} WARNING - /usr/local/lib/python3.8/site-packages/airflow/models/renderedtifields.py:162 SAWarning: Coercing Subquery object into a select() for use in IN(); please pass a select() construct explicitly
[2022-09-27 08:43:19,667] {logging_mixin.py:109} WARNING - /usr/local/lib/python3.8/site-packages/airflow/models/renderedtifields.py:159 SAWarning: TypeDecorator UtcDateTime(timezone=True) will not produce a cache key because the ``cache_ok`` attribute is not set to True.  This can have significant performance implications including some performance degradations in comparison to prior SQLAlchemy versions.  Set this attribute to True if this type object's state is safe to use in a cache key, or False to disable this warning. (Background on this error at: https://sqlalche.me/e/14/cprf)
[2022-09-27 08:43:19,682] {taskinstance.py:1427} INFO - Exporting the following env vars:
AIRFLOW_CTX_DAG_OWNER=airflow
AIRFLOW_CTX_DAG_ID=recruitment-airflow
AIRFLOW_CTX_TASK_ID=S3ToElasticsearch
AIRFLOW_CTX_EXECUTION_DATE=2022-09-27T08:39:16.956839+00:00
AIRFLOW_CTX_DAG_RUN_ID=manual__2022-09-27T08:39:16.956839+00:00
[2022-09-27 08:43:19,683] {subprocess.py:62} INFO - Tmp dir root location: 
 /tmp
[2022-09-27 08:43:19,684] {subprocess.py:74} INFO - Running command: ['bash', '-c', 'python /opt/pipeline/script/S3ToElasticsearch.py']
[2022-09-27 08:43:19,690] {subprocess.py:85} INFO - Output:
[2022-09-27 08:43:21,706] {subprocess.py:89} INFO - /opt/pipeline/script/S3ToElasticsearch.py:97: ElasticsearchWarning: Elasticsearch built-in security features are not enabled. Without authentication, your cluster could be accessible to anyone. See https://www.elastic.co/guide/en/elasticsearch/reference/7.16/security-minimal-setup.html to enable security.
[2022-09-27 08:43:21,708] {subprocess.py:89} INFO -   es.update(index=ES_INDEX, id=doc_id, doc=dict_data, doc_as_upsert=True)
[2022-09-27 08:43:21,709] {subprocess.py:89} INFO - programmers/
[2022-09-27 08:43:21,711] {subprocess.py:89} INFO - programmers/111퍼센트데이터 엔지니어.json
[2022-09-27 08:43:21,712] {subprocess.py:89} INFO - programmers/AB180Data Scientist (데이터 사이언티스트)(병역특례 가능).json
[2022-09-27 08:43:21,714] {subprocess.py:89} INFO - programmers/Gauss LabsAI Engineer.json
[2022-09-27 08:43:21,715] {subprocess.py:89} INFO - programmers/XinicsDevOps 엔지니어.json
[2022-09-27 08:43:21,716] {subprocess.py:89} INFO - programmers/네오사피엔스데이터 엔지니어.json
[2022-09-27 08:43:21,717] {subprocess.py:89} INFO - programmers/릴리커버백엔드 경력 개발자 모집.json
[2022-09-27 08:43:21,718] {subprocess.py:89} INFO - programmers/메쉬코리아데이터 엔지니어.json
[2022-09-27 08:43:21,719] {subprocess.py:89} INFO - programmers/바로고Data Engineer (Data ETL Engineer).json
[2022-09-27 08:43:21,720] {subprocess.py:89} INFO - programmers/바로고Public Cloud Engineer.json
[2022-09-27 08:43:21,721] {subprocess.py:89} INFO - programmers/버킷플레이스(오늘의집)Software Engineer, Data.json
[2022-09-27 08:43:21,722] {subprocess.py:89} INFO - programmers/버킷플레이스(오늘의집)[전문연구요원] Software Engineer, Data.json
[2022-09-27 08:43:21,723] {subprocess.py:89} INFO - programmers/빅픽처팀NLP _ TTS 연구원 , 데이터 엔지니어, 데이터 사이언스.json
[2022-09-27 08:43:21,724] {subprocess.py:89} INFO - programmers/스트리미데이터 엔지니어.json
[2022-09-27 08:43:21,725] {subprocess.py:89} INFO - programmers/싱크테크노웹풀스택 (데이터융합 웹서비스 플랫폼 개발).json
[2022-09-27 08:43:21,726] {subprocess.py:89} INFO - programmers/쏘마Back-end Engineer (백엔드 엔지니어).json
[2022-09-27 08:43:21,727] {subprocess.py:89} INFO - programmers/쏘마Data Engineer (데이터 엔지니어).json
[2022-09-27 08:43:21,728] {subprocess.py:89} INFO - programmers/쏘마Detection Engineer.json
[2022-09-27 08:43:21,728] {subprocess.py:89} INFO - programmers/아비커스(R&D) 플랫폼 개발 MLOps.json
[2022-09-27 08:43:21,729] {subprocess.py:89} INFO - programmers/아비커스Machine Learning Engineer.json
[2022-09-27 08:43:21,730] {subprocess.py:89} INFO - programmers/아비커스Perception Engineer.json
[2022-09-27 08:43:21,731] {subprocess.py:89} INFO - programmers/아이트AI PM(팀장 이상 급) 및 개발자(AI, 빅데이터 분야).json
[2022-09-27 08:43:21,732] {subprocess.py:89} INFO - programmers/아티언스서버 개발자.json
[2022-09-27 08:43:21,733] {subprocess.py:89} INFO - programmers/어뮤즈랩AI 미디어 개발자.json
[2022-09-27 08:43:21,734] {subprocess.py:89} INFO - programmers/올거나이즈코리아[AI Startup] AI Researcher _ Engineer.json
[2022-09-27 08:43:21,735] {subprocess.py:89} INFO - programmers/이노팸Visual  Geo-localization  Researcher.json
[2022-09-27 08:43:21,736] {subprocess.py:89} INFO - programmers/인포보스[인포보스]인공지능개발팀(산업기능요원, 전문연구요원 가능).json
[2022-09-27 08:43:21,737] {subprocess.py:89} INFO - programmers/인플루엔셜[윌라] 데이터 엔지니어.json
[2022-09-27 08:43:21,738] {subprocess.py:89} INFO - programmers/제네시스랩Data Scientist.json
[2022-09-27 08:43:21,739] {subprocess.py:89} INFO - programmers/쿤텍AI_DATA Engineer.json
[2022-09-27 08:43:21,740] {subprocess.py:89} INFO - programmers/쿤텍데이터 개발자.json
[2022-09-27 08:43:21,741] {subprocess.py:89} INFO - programmers/쿤텍클라우드 데이터 엔지니어(Data Engineer).json
[2022-09-27 08:43:21,742] {subprocess.py:89} INFO - programmers/클로봇[기업부설연구소] Visual_LiDAR SLAM 개발.json
[2022-09-27 08:43:21,744] {subprocess.py:89} INFO - programmers/페이타랩[패스오더] 데이터 엔지니어(그로스해커).json
[2022-09-27 08:43:21,744] {subprocess.py:89} INFO - programmers/페이타랩[패스오더] 백엔드(Spring, Python, MSA)개발자 (병역특례 산업기능요원 보충역_전직가능).json
[2022-09-27 08:43:21,745] {subprocess.py:89} INFO - programmers/해줌[에너지 IT기업 해줌] 백엔드 개발자.json
[2022-09-27 08:43:21,764] {subprocess.py:93} INFO - Command exited with return code 0
[2022-09-27 08:43:21,770] {logging_mixin.py:109} WARNING - /usr/local/lib/python3.8/site-packages/airflow/models/xcom.py:103 SAWarning: TypeDecorator UtcDateTime(timezone=True) will not produce a cache key because the ``cache_ok`` attribute is not set to True.  This can have significant performance implications including some performance degradations in comparison to prior SQLAlchemy versions.  Set this attribute to True if this type object's state is safe to use in a cache key, or False to disable this warning. (Background on this error at: https://sqlalche.me/e/14/cprf)
[2022-09-27 08:43:21,824] {taskinstance.py:1270} INFO - Marking task as SUCCESS. dag_id=recruitment-airflow, task_id=S3ToElasticsearch, execution_date=20220927T083916, start_date=20220927T084319, end_date=20220927T084321
[2022-09-27 08:43:21,919] {local_task_job.py:154} INFO - Task exited with return code 0
[2022-09-27 08:43:21,955] {local_task_job.py:264} INFO - 0 downstream tasks scheduled from follow-on schedule check
[2022-09-27 08:43:21,957] {logging_mixin.py:109} WARNING - /usr/local/lib/python3.8/site-packages/airflow/models/dag.py:1069 SADeprecationWarning: Query.value() is deprecated and will be removed in a future release.  Please use Query.with_entities() in combination with Query.scalar() (deprecated since: 1.4)
[2022-09-27 08:43:21,958] {logging_mixin.py:109} WARNING - /usr/local/lib/python3.8/site-packages/airflow/models/dag.py:1069 SADeprecationWarning: Query.values() is deprecated and will be removed in a future release.  Please use Query.with_entities() (deprecated since: 1.4)
