[2022-09-27 06:36:43,918] {taskinstance.py:1035} INFO - Dependencies all met for <TaskInstance: recruitment-airflow.crawling manual__2022-09-27T06:36:41.367992+00:00 [queued]>
[2022-09-27 06:36:43,940] {taskinstance.py:1035} INFO - Dependencies all met for <TaskInstance: recruitment-airflow.crawling manual__2022-09-27T06:36:41.367992+00:00 [queued]>
[2022-09-27 06:36:43,941] {taskinstance.py:1241} INFO - 
--------------------------------------------------------------------------------
[2022-09-27 06:36:43,942] {taskinstance.py:1242} INFO - Starting attempt 1 of 1
[2022-09-27 06:36:43,943] {taskinstance.py:1243} INFO - 
--------------------------------------------------------------------------------
[2022-09-27 06:36:44,012] {taskinstance.py:1262} INFO - Executing <Task(BashOperator): crawling> on 2022-09-27 06:36:41.367992+00:00
[2022-09-27 06:36:44,017] {standard_task_runner.py:52} INFO - Started process 333 to run task
[2022-09-27 06:36:44,019] {standard_task_runner.py:76} INFO - Running: ['airflow', 'tasks', 'run', 'recruitment-airflow', 'crawling', 'manual__2022-09-27T06:36:41.367992+00:00', '--job-id', '11', '--raw', '--subdir', 'DAGS_FOLDER/recruitment_pipeline.py', '--cfg-path', '/tmp/tmpejqpk3h_', '--error-file', '/tmp/tmpv2kdovjq']
[2022-09-27 06:36:44,022] {standard_task_runner.py:77} INFO - Job 11: Subtask crawling
[2022-09-27 06:36:44,105] {logging_mixin.py:109} INFO - Running <TaskInstance: recruitment-airflow.crawling manual__2022-09-27T06:36:41.367992+00:00 [running]> on host pipeline
[2022-09-27 06:36:44,156] {logging_mixin.py:109} WARNING - /usr/local/lib/python3.8/site-packages/airflow/models/xcom.py:323 SAWarning: TypeDecorator UtcDateTime(timezone=True) will not produce a cache key because the ``cache_ok`` attribute is not set to True.  This can have significant performance implications including some performance degradations in comparison to prior SQLAlchemy versions.  Set this attribute to True if this type object's state is safe to use in a cache key, or False to disable this warning. (Background on this error at: https://sqlalche.me/e/14/cprf)
[2022-09-27 06:36:44,175] {logging_mixin.py:109} WARNING - /usr/local/lib/python3.8/site-packages/airflow/models/renderedtifields.py:126 SAWarning: TypeDecorator UtcDateTime(timezone=True) will not produce a cache key because the ``cache_ok`` attribute is not set to True.  This can have significant performance implications including some performance degradations in comparison to prior SQLAlchemy versions.  Set this attribute to True if this type object's state is safe to use in a cache key, or False to disable this warning. (Background on this error at: https://sqlalche.me/e/14/cprf)
[2022-09-27 06:36:44,216] {logging_mixin.py:109} WARNING - /usr/local/lib/python3.8/site-packages/airflow/models/renderedtifields.py:162 SAWarning: Coercing Subquery object into a select() for use in IN(); please pass a select() construct explicitly
[2022-09-27 06:36:44,221] {logging_mixin.py:109} WARNING - /usr/local/lib/python3.8/site-packages/airflow/models/renderedtifields.py:159 SAWarning: TypeDecorator UtcDateTime(timezone=True) will not produce a cache key because the ``cache_ok`` attribute is not set to True.  This can have significant performance implications including some performance degradations in comparison to prior SQLAlchemy versions.  Set this attribute to True if this type object's state is safe to use in a cache key, or False to disable this warning. (Background on this error at: https://sqlalche.me/e/14/cprf)
[2022-09-27 06:36:44,241] {taskinstance.py:1427} INFO - Exporting the following env vars:
AIRFLOW_CTX_DAG_OWNER=airflow
AIRFLOW_CTX_DAG_ID=recruitment-airflow
AIRFLOW_CTX_TASK_ID=crawling
AIRFLOW_CTX_EXECUTION_DATE=2022-09-27T06:36:41.367992+00:00
AIRFLOW_CTX_DAG_RUN_ID=manual__2022-09-27T06:36:41.367992+00:00
[2022-09-27 06:36:44,245] {subprocess.py:62} INFO - Tmp dir root location: 
 /tmp
[2022-09-27 06:36:44,246] {subprocess.py:74} INFO - Running command: ['bash', '-c', 'python /opt/pipeline/script/crawlingToMongo.py']
[2022-09-27 06:36:44,251] {subprocess.py:85} INFO - Output:
[2022-09-27 06:36:49,061] {local_task_job.py:211} WARNING - State of this instance has been externally set to success. Terminating instance.
[2022-09-27 06:36:49,063] {process_utils.py:100} INFO - Sending Signals.SIGTERM to GPID 333
[2022-09-27 06:36:49,064] {taskinstance.py:1411} ERROR - Received SIGTERM. Terminating subprocesses.
[2022-09-27 06:36:49,065] {subprocess.py:99} INFO - Sending SIGTERM signal to process group
[2022-09-27 06:36:50,211] {process_utils.py:66} INFO - Process psutil.Process(pid=333, status='terminated', exitcode=0, started='06:36:43') (333) terminated with exit code 0
[2022-09-27 06:37:49,084] {process_utils.py:113} WARNING - process psutil.Process(pid=382, name='chromium', status='zombie', started='06:36:44') did not respond to SIGTERM. Trying SIGKILL
[2022-09-27 06:37:49,088] {process_utils.py:113} WARNING - process psutil.Process(pid=415, name='chromium', status='zombie', started='06:36:44') did not respond to SIGTERM. Trying SIGKILL
[2022-09-27 06:37:49,091] {process_utils.py:113} WARNING - process psutil.Process(pid=334, name='python', status='zombie', started='06:36:43') did not respond to SIGTERM. Trying SIGKILL
[2022-09-27 06:37:49,094] {process_utils.py:113} WARNING - process psutil.Process(pid=364, name='chromium', status='zombie', started='06:36:44') did not respond to SIGTERM. Trying SIGKILL
[2022-09-27 06:37:49,097] {process_utils.py:113} WARNING - process psutil.Process(pid=350, name='chromium', status='zombie', started='06:36:44') did not respond to SIGTERM. Trying SIGKILL
[2022-09-27 06:37:49,101] {process_utils.py:113} WARNING - process psutil.Process(pid=343, name='chromedriver', status='zombie', started='06:36:44') did not respond to SIGTERM. Trying SIGKILL
[2022-09-27 06:37:49,103] {process_utils.py:113} WARNING - process psutil.Process(pid=363, name='chromium', status='zombie', started='06:36:44') did not respond to SIGTERM. Trying SIGKILL
[2022-09-27 06:37:49,105] {process_utils.py:113} WARNING - process psutil.Process(pid=391, name='chromium', status='zombie', started='06:36:44') did not respond to SIGTERM. Trying SIGKILL
[2022-09-27 06:38:49,118] {process_utils.py:124} ERROR - Process psutil.Process(pid=382, name='chromium', status='zombie', started='06:36:44') (382) could not be killed. Giving up.
[2022-09-27 06:38:49,120] {process_utils.py:124} ERROR - Process psutil.Process(pid=415, name='chromium', status='zombie', started='06:36:44') (415) could not be killed. Giving up.
[2022-09-27 06:38:49,122] {process_utils.py:124} ERROR - Process psutil.Process(pid=334, name='python', status='zombie', started='06:36:43') (334) could not be killed. Giving up.
[2022-09-27 06:38:49,125] {process_utils.py:124} ERROR - Process psutil.Process(pid=391, name='chromium', status='zombie', started='06:36:44') (391) could not be killed. Giving up.
[2022-09-27 06:38:49,127] {process_utils.py:124} ERROR - Process psutil.Process(pid=350, name='chromium', status='zombie', started='06:36:44') (350) could not be killed. Giving up.
[2022-09-27 06:38:49,130] {process_utils.py:124} ERROR - Process psutil.Process(pid=343, name='chromedriver', status='zombie', started='06:36:44') (343) could not be killed. Giving up.
[2022-09-27 06:38:49,131] {process_utils.py:124} ERROR - Process psutil.Process(pid=363, name='chromium', status='zombie', started='06:36:44') (363) could not be killed. Giving up.
[2022-09-27 06:38:49,134] {process_utils.py:124} ERROR - Process psutil.Process(pid=364, name='chromium', status='zombie', started='06:36:44') (364) could not be killed. Giving up.
