[2022-10-07 03:04:21,903] {taskinstance.py:1035} INFO - Dependencies all met for <TaskInstance: recruitment-airflow.crawling manual__2022-10-07T03:03:45.080881+00:00 [queued]>
[2022-10-07 03:04:21,929] {taskinstance.py:1035} INFO - Dependencies all met for <TaskInstance: recruitment-airflow.crawling manual__2022-10-07T03:03:45.080881+00:00 [queued]>
[2022-10-07 03:04:21,931] {taskinstance.py:1241} INFO - 
--------------------------------------------------------------------------------
[2022-10-07 03:04:21,933] {taskinstance.py:1242} INFO - Starting attempt 1 of 1
[2022-10-07 03:04:21,934] {taskinstance.py:1243} INFO - 
--------------------------------------------------------------------------------
[2022-10-07 03:04:22,017] {taskinstance.py:1262} INFO - Executing <Task(BashOperator): crawling> on 2022-10-07 03:03:45.080881+00:00
[2022-10-07 03:04:22,020] {standard_task_runner.py:52} INFO - Started process 1052 to run task
[2022-10-07 03:04:22,022] {standard_task_runner.py:76} INFO - Running: ['airflow', 'tasks', 'run', 'recruitment-airflow', 'crawling', 'manual__2022-10-07T03:03:45.080881+00:00', '--job-id', '57', '--raw', '--subdir', 'DAGS_FOLDER/recruitment_pipeline.py', '--cfg-path', '/tmp/tmp0u9ccwgg', '--error-file', '/tmp/tmphvytsgxs']
[2022-10-07 03:04:22,024] {standard_task_runner.py:77} INFO - Job 57: Subtask crawling
[2022-10-07 03:04:22,120] {logging_mixin.py:109} INFO - Running <TaskInstance: recruitment-airflow.crawling manual__2022-10-07T03:03:45.080881+00:00 [running]> on host pipeline
[2022-10-07 03:04:22,173] {logging_mixin.py:109} WARNING - /usr/local/lib/python3.8/site-packages/airflow/models/xcom.py:323 SAWarning: TypeDecorator UtcDateTime(timezone=True) will not produce a cache key because the ``cache_ok`` attribute is not set to True.  This can have significant performance implications including some performance degradations in comparison to prior SQLAlchemy versions.  Set this attribute to True if this type object's state is safe to use in a cache key, or False to disable this warning. (Background on this error at: https://sqlalche.me/e/14/cprf)
[2022-10-07 03:04:22,200] {logging_mixin.py:109} WARNING - /usr/local/lib/python3.8/site-packages/airflow/models/renderedtifields.py:126 SAWarning: TypeDecorator UtcDateTime(timezone=True) will not produce a cache key because the ``cache_ok`` attribute is not set to True.  This can have significant performance implications including some performance degradations in comparison to prior SQLAlchemy versions.  Set this attribute to True if this type object's state is safe to use in a cache key, or False to disable this warning. (Background on this error at: https://sqlalche.me/e/14/cprf)
[2022-10-07 03:04:22,242] {logging_mixin.py:109} WARNING - /usr/local/lib/python3.8/site-packages/airflow/models/renderedtifields.py:162 SAWarning: Coercing Subquery object into a select() for use in IN(); please pass a select() construct explicitly
[2022-10-07 03:04:22,247] {logging_mixin.py:109} WARNING - /usr/local/lib/python3.8/site-packages/airflow/models/renderedtifields.py:159 SAWarning: TypeDecorator UtcDateTime(timezone=True) will not produce a cache key because the ``cache_ok`` attribute is not set to True.  This can have significant performance implications including some performance degradations in comparison to prior SQLAlchemy versions.  Set this attribute to True if this type object's state is safe to use in a cache key, or False to disable this warning. (Background on this error at: https://sqlalche.me/e/14/cprf)
[2022-10-07 03:04:22,267] {taskinstance.py:1427} INFO - Exporting the following env vars:
AIRFLOW_CTX_DAG_OWNER=airflow
AIRFLOW_CTX_DAG_ID=recruitment-airflow
AIRFLOW_CTX_TASK_ID=crawling
AIRFLOW_CTX_EXECUTION_DATE=2022-10-07T03:03:45.080881+00:00
AIRFLOW_CTX_DAG_RUN_ID=manual__2022-10-07T03:03:45.080881+00:00
[2022-10-07 03:04:22,269] {subprocess.py:62} INFO - Tmp dir root location: 
 /tmp
[2022-10-07 03:04:22,270] {subprocess.py:74} INFO - Running command: ['bash', '-c', 'python /opt/pipeline/script/crawlingToMongo.py']
[2022-10-07 03:04:22,275] {subprocess.py:85} INFO - Output:
[2022-10-07 03:05:48,818] {local_task_job.py:211} WARNING - State of this instance has been externally set to failed. Terminating instance.
[2022-10-07 03:05:48,821] {process_utils.py:100} INFO - Sending Signals.SIGTERM to GPID 1052
[2022-10-07 03:05:48,822] {taskinstance.py:1411} ERROR - Received SIGTERM. Terminating subprocesses.
[2022-10-07 03:05:48,823] {subprocess.py:99} INFO - Sending SIGTERM signal to process group
[2022-10-07 03:05:49,626] {process_utils.py:66} INFO - Process psutil.Process(pid=1052, status='terminated', exitcode=0, started='03:04:21') (1052) terminated with exit code 0
[2022-10-07 03:06:19,486] {standard_task_runner.py:133} ERROR - Job 57 was killed before it finished (likely due to running out of memory)
