[2022-09-27 07:25:07,459] {taskinstance.py:1035} INFO - Dependencies all met for <TaskInstance: recruitment-airflow.KafkaToS3 manual__2022-09-27T07:21:52.889163+00:00 [queued]>
[2022-09-27 07:25:07,481] {taskinstance.py:1035} INFO - Dependencies all met for <TaskInstance: recruitment-airflow.KafkaToS3 manual__2022-09-27T07:21:52.889163+00:00 [queued]>
[2022-09-27 07:25:07,482] {taskinstance.py:1241} INFO - 
--------------------------------------------------------------------------------
[2022-09-27 07:25:07,483] {taskinstance.py:1242} INFO - Starting attempt 1 of 1
[2022-09-27 07:25:07,484] {taskinstance.py:1243} INFO - 
--------------------------------------------------------------------------------
[2022-09-27 07:25:07,550] {taskinstance.py:1262} INFO - Executing <Task(BashOperator): KafkaToS3> on 2022-09-27 07:21:52.889163+00:00
[2022-09-27 07:25:07,553] {standard_task_runner.py:52} INFO - Started process 4755 to run task
[2022-09-27 07:25:07,556] {standard_task_runner.py:76} INFO - Running: ['airflow', 'tasks', 'run', 'recruitment-airflow', 'KafkaToS3', 'manual__2022-09-27T07:21:52.889163+00:00', '--job-id', '22', '--raw', '--subdir', 'DAGS_FOLDER/recruitment_pipeline.py', '--cfg-path', '/tmp/tmptsgvosus', '--error-file', '/tmp/tmpe_t_0fe4']
[2022-09-27 07:25:07,557] {standard_task_runner.py:77} INFO - Job 22: Subtask KafkaToS3
[2022-09-27 07:25:07,636] {logging_mixin.py:109} INFO - Running <TaskInstance: recruitment-airflow.KafkaToS3 manual__2022-09-27T07:21:52.889163+00:00 [running]> on host pipeline
[2022-09-27 07:25:07,681] {logging_mixin.py:109} WARNING - /usr/local/lib/python3.8/site-packages/airflow/models/xcom.py:323 SAWarning: TypeDecorator UtcDateTime(timezone=True) will not produce a cache key because the ``cache_ok`` attribute is not set to True.  This can have significant performance implications including some performance degradations in comparison to prior SQLAlchemy versions.  Set this attribute to True if this type object's state is safe to use in a cache key, or False to disable this warning. (Background on this error at: https://sqlalche.me/e/14/cprf)
[2022-09-27 07:25:07,701] {logging_mixin.py:109} WARNING - /usr/local/lib/python3.8/site-packages/airflow/models/renderedtifields.py:126 SAWarning: TypeDecorator UtcDateTime(timezone=True) will not produce a cache key because the ``cache_ok`` attribute is not set to True.  This can have significant performance implications including some performance degradations in comparison to prior SQLAlchemy versions.  Set this attribute to True if this type object's state is safe to use in a cache key, or False to disable this warning. (Background on this error at: https://sqlalche.me/e/14/cprf)
[2022-09-27 07:25:07,738] {logging_mixin.py:109} WARNING - /usr/local/lib/python3.8/site-packages/airflow/models/renderedtifields.py:162 SAWarning: Coercing Subquery object into a select() for use in IN(); please pass a select() construct explicitly
[2022-09-27 07:25:07,743] {logging_mixin.py:109} WARNING - /usr/local/lib/python3.8/site-packages/airflow/models/renderedtifields.py:159 SAWarning: TypeDecorator UtcDateTime(timezone=True) will not produce a cache key because the ``cache_ok`` attribute is not set to True.  This can have significant performance implications including some performance degradations in comparison to prior SQLAlchemy versions.  Set this attribute to True if this type object's state is safe to use in a cache key, or False to disable this warning. (Background on this error at: https://sqlalche.me/e/14/cprf)
[2022-09-27 07:25:07,756] {taskinstance.py:1427} INFO - Exporting the following env vars:
AIRFLOW_CTX_DAG_OWNER=airflow
AIRFLOW_CTX_DAG_ID=recruitment-airflow
AIRFLOW_CTX_TASK_ID=KafkaToS3
AIRFLOW_CTX_EXECUTION_DATE=2022-09-27T07:21:52.889163+00:00
AIRFLOW_CTX_DAG_RUN_ID=manual__2022-09-27T07:21:52.889163+00:00
[2022-09-27 07:25:07,758] {subprocess.py:62} INFO - Tmp dir root location: 
 /tmp
[2022-09-27 07:25:07,759] {subprocess.py:74} INFO - Running command: ['bash', '-c', 'python /opt/pipeline/script/KafkaToS3.py']
[2022-09-27 07:25:07,764] {subprocess.py:85} INFO - Output:
[2022-09-27 07:25:46,572] {subprocess.py:89} INFO - 1번 째 연결 실패
[2022-09-27 07:25:46,574] {subprocess.py:89} INFO - 2번 째 연결 성공
[2022-09-27 07:25:46,575] {subprocess.py:89} INFO - <class 'kafka.consumer.group.KafkaConsumer'>
[2022-09-27 07:25:46,576] {subprocess.py:89} INFO - programmers/111퍼센트데이터 엔지니어.json is stored in S3
[2022-09-27 07:25:46,578] {subprocess.py:89} INFO - programmers/페이타랩[패스오더] 백엔드(Spring, Python, MSA)개발자 (병역특례 산업기능요원 보충역_전직가능).json is stored in S3
[2022-09-27 07:25:46,579] {subprocess.py:89} INFO - programmers/페이타랩[패스오더] 데이터 엔지니어(그로스해커).json is stored in S3
[2022-09-27 07:25:46,581] {subprocess.py:89} INFO - programmers/쏘마Detection Engineer.json is stored in S3
[2022-09-27 07:25:46,581] {subprocess.py:89} INFO - programmers/쏘마Data Engineer (데이터 엔지니어).json is stored in S3
[2022-09-27 07:25:46,583] {subprocess.py:89} INFO - programmers/쏘마Back-end Engineer (백엔드 엔지니어).json is stored in S3
[2022-09-27 07:25:46,584] {subprocess.py:89} INFO - programmers/어뮤즈랩AI 미디어 개발자.json is stored in S3
[2022-09-27 07:25:46,586] {subprocess.py:89} INFO - programmers/네오사피엔스데이터 엔지니어.json is stored in S3
[2022-09-27 07:25:46,587] {subprocess.py:89} INFO - programmers/버킷플레이스(오늘의집)Software Engineer, Data.json is stored in S3
[2022-09-27 07:25:46,589] {subprocess.py:89} INFO - programmers/버킷플레이스(오늘의집)[전문연구요원] Software Engineer, Data.json is stored in S3
[2022-09-27 07:25:46,590] {subprocess.py:89} INFO - programmers/싱크테크노웹풀스택 (데이터융합 웹서비스 플랫폼 개발).json is stored in S3
[2022-09-27 07:25:46,592] {subprocess.py:89} INFO - programmers/쿤텍데이터 개발자.json is stored in S3
[2022-09-27 07:25:46,593] {subprocess.py:89} INFO - programmers/쿤텍클라우드 데이터 엔지니어(Data Engineer).json is stored in S3
[2022-09-27 07:25:46,594] {subprocess.py:89} INFO - programmers/쿤텍AI_DATA Engineer.json is stored in S3
[2022-09-27 07:25:46,595] {subprocess.py:89} INFO - programmers/Gauss LabsAI Engineer.json is stored in S3
[2022-09-27 07:25:46,596] {subprocess.py:89} INFO - programmers/바로고Data Engineer (Data ETL Engineer).json is stored in S3
[2022-09-27 07:25:46,597] {subprocess.py:89} INFO - programmers/스트리미데이터 엔지니어.json is stored in S3
[2022-09-27 07:25:46,599] {subprocess.py:89} INFO - programmers/클로봇[기업부설연구소] Visual_LiDAR SLAM 개발.json is stored in S3
[2022-09-27 07:25:46,600] {subprocess.py:89} INFO - programmers/이노팸Visual  Geo-localization  Researcher.json is stored in S3
[2022-09-27 07:25:46,601] {subprocess.py:89} INFO - programmers/인포보스[인포보스]인공지능개발팀(산업기능요원, 전문연구요원 가능).json is stored in S3
[2022-09-27 07:25:46,601] {subprocess.py:89} INFO - programmers/AB180Data Scientist (데이터 사이언티스트)(병역특례 가능).json is stored in S3
[2022-09-27 07:25:46,603] {subprocess.py:89} INFO - programmers/메쉬코리아데이터 엔지니어.json is stored in S3
[2022-09-27 07:25:46,604] {subprocess.py:89} INFO - programmers/해줌[에너지 IT기업 해줌] 백엔드 개발자.json is stored in S3
[2022-09-27 07:25:46,605] {subprocess.py:89} INFO - programmers/바로고Public Cloud Engineer.json is stored in S3
[2022-09-27 07:25:46,606] {subprocess.py:89} INFO - programmers/아이트AI PM(팀장 이상 급) 및 개발자(AI, 빅데이터 분야).json is stored in S3
[2022-09-27 07:25:46,606] {subprocess.py:89} INFO - programmers/제네시스랩Data Scientist.json is stored in S3
[2022-09-27 07:25:46,607] {subprocess.py:89} INFO - programmers/올거나이즈코리아[AI Startup] AI Researcher _ Engineer.json is stored in S3
[2022-09-27 07:25:46,608] {subprocess.py:89} INFO - programmers/릴리커버백엔드 경력 개발자 모집.json is stored in S3
[2022-09-27 07:25:46,610] {subprocess.py:89} INFO - programmers/인플루엔셜[윌라] 데이터 엔지니어.json is stored in S3
[2022-09-27 07:25:46,611] {subprocess.py:89} INFO - programmers/아티언스서버 개발자.json is stored in S3
[2022-09-27 07:25:46,612] {subprocess.py:89} INFO - programmers/아비커스(R&D) 플랫폼 개발 MLOps.json is stored in S3
[2022-09-27 07:25:46,613] {subprocess.py:89} INFO - programmers/아비커스Machine Learning Engineer.json is stored in S3
[2022-09-27 07:25:46,614] {subprocess.py:89} INFO - programmers/XinicsDevOps 엔지니어.json is stored in S3
[2022-09-27 07:25:46,615] {subprocess.py:89} INFO - programmers/아비커스Perception Engineer.json is stored in S3
[2022-09-27 07:25:46,616] {subprocess.py:89} INFO - programmers/빅픽처팀NLP _ TTS 연구원 , 데이터 엔지니어, 데이터 사이언스.json is stored in S3
[2022-09-27 07:25:46,628] {subprocess.py:93} INFO - Command exited with return code 0
[2022-09-27 07:25:46,635] {logging_mixin.py:109} WARNING - /usr/local/lib/python3.8/site-packages/airflow/models/xcom.py:103 SAWarning: TypeDecorator UtcDateTime(timezone=True) will not produce a cache key because the ``cache_ok`` attribute is not set to True.  This can have significant performance implications including some performance degradations in comparison to prior SQLAlchemy versions.  Set this attribute to True if this type object's state is safe to use in a cache key, or False to disable this warning. (Background on this error at: https://sqlalche.me/e/14/cprf)
[2022-09-27 07:25:46,694] {taskinstance.py:1270} INFO - Marking task as SUCCESS. dag_id=recruitment-airflow, task_id=KafkaToS3, execution_date=20220927T072152, start_date=20220927T072507, end_date=20220927T072546
[2022-09-27 07:25:46,797] {local_task_job.py:154} INFO - Task exited with return code 0
[2022-09-27 07:25:46,873] {local_task_job.py:264} INFO - 2 downstream tasks scheduled from follow-on schedule check
[2022-09-27 07:25:46,875] {logging_mixin.py:109} WARNING - /usr/local/lib/python3.8/site-packages/airflow/models/dag.py:1069 SADeprecationWarning: Query.value() is deprecated and will be removed in a future release.  Please use Query.with_entities() in combination with Query.scalar() (deprecated since: 1.4)
[2022-09-27 07:25:46,876] {logging_mixin.py:109} WARNING - /usr/local/lib/python3.8/site-packages/airflow/models/dag.py:1069 SADeprecationWarning: Query.values() is deprecated and will be removed in a future release.  Please use Query.with_entities() (deprecated since: 1.4)
